#
# There is insufficient memory for the Java Runtime Environment to continue.
# Native memory allocation (malloc) failed to allocate 151296 bytes. Error detail: Chunk::new
# Possible reasons:
#   The system is out of physical RAM or swap space
#   This process is running with CompressedOops enabled, and the Java Heap may be blocking the growth of the native heap
# Possible solutions:
#   Reduce memory load on the system
#   Increase physical memory or swap space
#   Check if swap backing store is full
#   Decrease Java heap size (-Xmx/-Xms)
#   Decrease number of Java threads
#   Decrease Java thread stack sizes (-Xss)
#   Set larger code cache with -XX:ReservedCodeCacheSize=
#   JVM is running with Unscaled Compressed Oops mode in which the Java heap is
#     placed in the first 4GB address space. The Java Heap base address is the
#     maximum limit for the native heap growth. Please use -XX:HeapBaseMinAddress
#     to set the Java Heap base and to place the Java Heap above 4GB virtual address.
# This output file may be truncated or incomplete.
#
#  Out of Memory Error (arena.cpp:168), pid=12264, tid=6152
#
# JRE version: OpenJDK Runtime Environment Temurin-21.0.7+6 (21.0.7+6) (build 21.0.7+6-LTS)
# Java VM: OpenJDK 64-Bit Server VM Temurin-21.0.7+6 (21.0.7+6-LTS, mixed mode, sharing, tiered, compressed oops, compressed class ptrs, parallel gc, windows-amd64)
# No core dump will be written. Minidumps are not enabled by default on client versions of Windows
#

---------------  S U M M A R Y ------------

Command Line: --add-modules=ALL-SYSTEM --add-opens=java.base/java.util=ALL-UNNAMED --add-opens=java.base/java.lang=ALL-UNNAMED --add-opens=java.base/sun.nio.fs=ALL-UNNAMED -Declipse.application=org.eclipse.jdt.ls.core.id1 -Dosgi.bundles.defaultStartLevel=4 -Declipse.product=org.eclipse.jdt.ls.core.product -Djava.import.generatesMetadataFilesAtProjectRoot=false -DDetectVMInstallationsJob.disabled=true -Dfile.encoding=utf8 -XX:+UseParallelGC -XX:GCTimeRatio=4 -XX:AdaptiveSizePolicyWeight=90 -Dsun.zip.disableMemoryMapping=true -Xmx2G -Xms100m -Xlog:disable -javaagent:c:\Users\Ikramul islam\.cursor\extensions\redhat.java-1.43.1-win32-x64\lombok\lombok-1.18.39-4050.jar c:\Users\Ikramul islam\.cursor\extensions\redhat.java-1.43.1-win32-x64\server\plugins\org.eclipse.equinox.launcher_1.7.0.v20250519-0528.jar -configuration c:\Users\Ikramul islam\AppData\Roaming\Cursor\User\globalStorage\redhat.java\1.43.1\config_ss_win -data c:\Users\Ikramul islam\AppData\Roaming\Cursor\User\workspaceStorage\e8c5bc8f7c09db83f77b1c14f636a2d3\redhat.java\ss_ws --pipe=\\.\pipe\lsp-aabfe4bf0efe822c5ee3e5aa10cbfa5a-sock

Host: Intel(R) Core(TM) i7-8650U CPU @ 1.90GHz, 8 cores, 15G,  Windows 10 , 64 bit Build 19041 (10.0.19041.5915)
Time: Wed Jul 16 14:54:11 2025 Bangladesh Standard Time elapsed time: 15.274014 seconds (0d 0h 0m 15s)

---------------  T H R E A D  ---------------

Current thread (0x0000019fa70c3b90):  JavaThread "C2 CompilerThread0" daemon [_thread_in_native, id=6152, stack(0x0000001738b00000,0x0000001738c00000) (1024K)]


Current CompileTask:
C2:15274 2484       4       org.lombokweb.asm.ClassReader::readClass (7 bytes)

Stack: [0x0000001738b00000,0x0000001738c00000]
Native frames: (J=compiled Java code, j=interpreted, Vv=VM code, C=native code)
V  [jvm.dll+0x6ce119]
V  [jvm.dll+0x8a84a1]
V  [jvm.dll+0x8aa9ce]
V  [jvm.dll+0x8ab0b3]
V  [jvm.dll+0x27f8a6]
V  [jvm.dll+0xc507d]
V  [jvm.dll+0xc55b3]
V  [jvm.dll+0x2f2c6d]
V  [jvm.dll+0x5f6bca]
V  [jvm.dll+0x250cb2]
V  [jvm.dll+0x25106f]
V  [jvm.dll+0x249934]
V  [jvm.dll+0x246fc4]
V  [jvm.dll+0x1c760e]
V  [jvm.dll+0x25695a]
V  [jvm.dll+0x254efa]
V  [jvm.dll+0x3f03f6]
V  [jvm.dll+0x851f6b]
V  [jvm.dll+0x6cc7dd]
C  [ucrtbase.dll+0x21bb2]
C  [KERNEL32.DLL+0x17374]
C  [ntdll.dll+0x4cc91]


---------------  P R O C E S S  ---------------

Threads class SMR info:
_java_thread_list=0x0000019f85b50320, length=21, elements={
0x0000019fa7155920, 0x0000019fa70bb0b0, 0x0000019fa70bc9c0, 0x0000019fa70bd8d0,
0x0000019fa70c05f0, 0x0000019fa70c1300, 0x0000019fa70c2d60, 0x0000019fa70c3b90,
0x0000019f8047ad90, 0x0000019f804cbcb0, 0x0000019f80848510, 0x0000019f858e6350,
0x0000019fa70f3c10, 0x0000019f85d68010, 0x0000019f85274850, 0x0000019f85550830,
0x0000019f850cb640, 0x0000019f853f8e40, 0x0000019f85a08820, 0x0000019f85767c40,
0x0000019f85dbd6d0
}

Java Threads: ( => current thread )
  0x0000019fa7155920 JavaThread "main"                              [_thread_blocked, id=14916, stack(0x0000001738100000,0x0000001738200000) (1024K)]
  0x0000019fa70bb0b0 JavaThread "Reference Handler"          daemon [_thread_blocked, id=3584, stack(0x0000001738500000,0x0000001738600000) (1024K)]
  0x0000019fa70bc9c0 JavaThread "Finalizer"                  daemon [_thread_blocked, id=9444, stack(0x0000001738600000,0x0000001738700000) (1024K)]
  0x0000019fa70bd8d0 JavaThread "Signal Dispatcher"          daemon [_thread_blocked, id=12716, stack(0x0000001738700000,0x0000001738800000) (1024K)]
  0x0000019fa70c05f0 JavaThread "Attach Listener"            daemon [_thread_blocked, id=18492, stack(0x0000001738800000,0x0000001738900000) (1024K)]
  0x0000019fa70c1300 JavaThread "Service Thread"             daemon [_thread_blocked, id=11072, stack(0x0000001738900000,0x0000001738a00000) (1024K)]
  0x0000019fa70c2d60 JavaThread "Monitor Deflation Thread"   daemon [_thread_blocked, id=24300, stack(0x0000001738a00000,0x0000001738b00000) (1024K)]
=>0x0000019fa70c3b90 JavaThread "C2 CompilerThread0"         daemon [_thread_in_native, id=6152, stack(0x0000001738b00000,0x0000001738c00000) (1024K)]
  0x0000019f8047ad90 JavaThread "C1 CompilerThread0"         daemon [_thread_blocked, id=23432, stack(0x0000001738c00000,0x0000001738d00000) (1024K)]
  0x0000019f804cbcb0 JavaThread "Common-Cleaner"             daemon [_thread_blocked, id=20812, stack(0x0000001738d00000,0x0000001738e00000) (1024K)]
  0x0000019f80848510 JavaThread "Notification Thread"        daemon [_thread_blocked, id=2376, stack(0x0000001738f00000,0x0000001739000000) (1024K)]
  0x0000019f858e6350 JavaThread "Active Thread: Equinox Container: a780bf78-df96-4610-bcdd-d75ed3807b0b"        [_thread_blocked, id=21964, stack(0x0000001739600000,0x0000001739700000) (1024K)]
  0x0000019fa70f3c10 JavaThread "Framework Event Dispatcher: Equinox Container: a780bf78-df96-4610-bcdd-d75ed3807b0b" daemon [_thread_blocked, id=5872, stack(0x0000001738e00000,0x0000001738f00000) (1024K)]
  0x0000019f85d68010 JavaThread "Start Level: Equinox Container: a780bf78-df96-4610-bcdd-d75ed3807b0b" daemon [_thread_in_vm, id=23076, stack(0x0000001739700000,0x0000001739800000) (1024K)]
  0x0000019f85274850 JavaThread "SCR Component Actor"        daemon [_thread_blocked, id=18396, stack(0x0000001739900000,0x0000001739a00000) (1024K)]
  0x0000019f85550830 JavaThread "SCR Component Registry"     daemon [_thread_blocked, id=10576, stack(0x0000001739a00000,0x0000001739b00000) (1024K)]
  0x0000019f850cb640 JavaThread "Worker-JM"                         [_thread_blocked, id=27020, stack(0x0000001739b00000,0x0000001739c00000) (1024K)]
  0x0000019f853f8e40 JavaThread "C2 CompilerThread1"         daemon [_thread_blocked, id=20452, stack(0x0000001739c00000,0x0000001739d00000) (1024K)]
  0x0000019f85a08820 JavaThread "Worker-0"                          [_thread_blocked, id=4860, stack(0x0000001739d00000,0x0000001739e00000) (1024K)]
  0x0000019f85767c40 JavaThread "Worker-1"                          [_thread_blocked, id=22716, stack(0x0000001739e00000,0x0000001739f00000) (1024K)]
  0x0000019f85dbd6d0 JavaThread "C2 CompilerThread2"         daemon [_thread_blocked, id=3412, stack(0x0000001739f00000,0x000000173a000000) (1024K)]
Total: 21

Other Threads:
  0x0000019fa70b25d0 VMThread "VM Thread"                           [id=16872, stack(0x0000001738400000,0x0000001738500000) (1024K)]
  0x0000019fa71be8f0 WatcherThread "VM Periodic Task Thread"        [id=26484, stack(0x0000001738300000,0x0000001738400000) (1024K)]
  0x0000019fa7172920 WorkerThread "GC Thread#0"                     [id=1336, stack(0x0000001738200000,0x0000001738300000) (1024K)]
  0x0000019f852d47b0 WorkerThread "GC Thread#1"                     [id=9908, stack(0x0000001739000000,0x0000001739100000) (1024K)]
  0x0000019f850d3310 WorkerThread "GC Thread#2"                     [id=19016, stack(0x0000001739100000,0x0000001739200000) (1024K)]
  0x0000019f850d36b0 WorkerThread "GC Thread#3"                     [id=22920, stack(0x0000001739200000,0x0000001739300000) (1024K)]
  0x0000019f8560cff0 WorkerThread "GC Thread#4"                     [id=6932, stack(0x0000001739300000,0x0000001739400000) (1024K)]
  0x0000019f8560d390 WorkerThread "GC Thread#5"                     [id=2928, stack(0x0000001739400000,0x0000001739500000) (1024K)]
  0x0000019f8560d730 WorkerThread "GC Thread#6"                     [id=24564, stack(0x0000001739500000,0x0000001739600000) (1024K)]
  0x0000019f855cea10 WorkerThread "GC Thread#7"                     [id=26664, stack(0x0000001739800000,0x0000001739900000) (1024K)]
Total: 10

Threads with active compile tasks:
C2 CompilerThread0  15322 2484       4       org.lombokweb.asm.ClassReader::readClass (7 bytes)
Total: 1

VM state: not at safepoint (normal execution)

VM Mutex/Monitor currently owned by a thread:  ([mutex/lock_event])
[0x00007fffe685e208] CodeCache_lock - owner thread: 0x0000019f85d68010
[0x00007fffe685e388] Compile_lock - owner thread: 0x0000019f85d68010

Heap address: 0x0000000080000000, size: 2048 MB, Compressed Oops mode: 32-bit

CDS archive(s) mapped at: [0x0000019fbe000000-0x0000019fbeba0000-0x0000019fbeba0000), size 12189696, SharedBaseAddress: 0x0000019fbe000000, ArchiveRelocationMode: 1.
Compressed class space mapped at: 0x0000019fbf000000-0x0000019fff000000, reserved size: 1073741824
Narrow klass base: 0x0000019fbe000000, Narrow klass shift: 0, Narrow klass range: 0x100000000

GC Precious Log:
 CardTable entry size: 512
 CPUs: 8 total, 8 available
 Memory: 16227M
 Large Page Support: Disabled
 NUMA Support: Disabled
 Compressed Oops: Enabled (32-bit)
 Alignments: Space 512K, Generation 512K, Heap 2M
 Heap Min Capacity: 100M
 Heap Initial Capacity: 100M
 Heap Max Capacity: 2G
 Pre-touch: Disabled
 Parallel Workers: 8

Heap:
 PSYoungGen      total 29696K, used 7495K [0x00000000d5580000, 0x00000000d7680000, 0x0000000100000000)
  eden space 25600K, 13% used [0x00000000d5580000,0x00000000d58d6fc0,0x00000000d6e80000)
  from space 4096K, 99% used [0x00000000d7280000,0x00000000d767afa0,0x00000000d7680000)
  to   space 4096K, 0% used [0x00000000d6e80000,0x00000000d6e80000,0x00000000d7280000)
 ParOldGen       total 68608K, used 5565K [0x0000000080000000, 0x0000000084300000, 0x00000000d5580000)
  object space 68608K, 8% used [0x0000000080000000,0x000000008056f5d0,0x0000000084300000)
 Metaspace       used 15740K, committed 16320K, reserved 1114112K
  class space    used 1595K, committed 1856K, reserved 1048576K

Card table byte_map: [0x0000019fa6b00000,0x0000019fa6f10000] _byte_map_base: 0x0000019fa6700000

Marking Bits: (ParMarkBitMap*) 0x00007fffe68631f0
 Begin Bits: [0x0000019fb9600000, 0x0000019fbb600000)
 End Bits:   [0x0000019fbb600000, 0x0000019fbd600000)

Polling page: 0x0000019fa4ef0000

Metaspace:

Usage:
  Non-class:     13.83 MB used.
      Class:      1.56 MB used.
       Both:     15.38 MB used.

Virtual space:
  Non-class space:       64.00 MB reserved,      14.12 MB ( 22%) committed,  1 nodes.
      Class space:        1.00 GB reserved,       1.81 MB ( <1%) committed,  1 nodes.
             Both:        1.06 GB reserved,      15.94 MB (  1%) committed. 

Chunk freelists:
   Non-Class:  1008.00 KB
       Class:  14.20 MB
        Both:  15.19 MB

MaxMetaspaceSize: unlimited
CompressedClassSpaceSize: 1.00 GB
Initial GC threshold: 21.00 MB
Current GC threshold: 21.00 MB
CDS: on
 - commit_granule_bytes: 65536.
 - commit_granule_words: 8192.
 - virtual_space_node_default_size: 8388608.
 - enlarge_chunks_in_place: 1.
 - use_allocation_guard: 0.


Internal statistics:

num_allocs_failed_limit: 0.
num_arena_births: 472.
num_arena_deaths: 0.
num_vsnodes_births: 2.
num_vsnodes_deaths: 0.
num_space_committed: 256.
num_space_uncommitted: 0.
num_chunks_returned_to_freelist: 0.
num_chunks_taken_from_freelist: 1034.
num_chunk_merges: 0.
num_chunk_splits: 665.
num_chunks_enlarged: 431.
num_inconsistent_stats: 0.

CodeHeap 'non-profiled nmethods': size=120000Kb used=1116Kb max_used=1116Kb free=118883Kb
 bounds [0x0000019fb1e20000, 0x0000019fb2090000, 0x0000019fb9350000]
CodeHeap 'profiled nmethods': size=120000Kb used=4916Kb max_used=4916Kb free=115083Kb
 bounds [0x0000019faa350000, 0x0000019faa820000, 0x0000019fb1880000]
CodeHeap 'non-nmethods': size=5760Kb used=1262Kb max_used=1281Kb free=4497Kb
 bounds [0x0000019fb1880000, 0x0000019fb1af0000, 0x0000019fb1e20000]
 total_blobs=3064 nmethods=2528 adapters=442
 compilation: enabled
              stopped_count=0, restarted_count=0
 full_count=0

Compilation events (20 events):
Event: 15.264 Thread 0x0000019f8047ad90 nmethod 2489 0x0000019faa808c10 code [0x0000019faa808de0, 0x0000019faa8090c8]
Event: 15.264 Thread 0x0000019f8047ad90 2488       3       org.lombokweb.asm.FieldWriter::computeFieldInfoSize (86 bytes)
Event: 15.264 Thread 0x0000019f8047ad90 nmethod 2488 0x0000019faa809210 code [0x0000019faa809400, 0x0000019faa8096e0]
Event: 15.264 Thread 0x0000019f8047ad90 2490       3       org.lombokweb.asm.AnnotationWriter::computeAnnotationsSize (66 bytes)
Event: 15.265 Thread 0x0000019f8047ad90 nmethod 2490 0x0000019faa809810 code [0x0000019faa809a00, 0x0000019faa809d00]
Event: 15.265 Thread 0x0000019f8047ad90 2492       3       org.lombokweb.asm.AnnotationWriter::putAnnotations (67 bytes)
Event: 15.265 Thread 0x0000019f8047ad90 nmethod 2492 0x0000019faa809e90 code [0x0000019faa80a0c0, 0x0000019faa80a498]
Event: 15.265 Thread 0x0000019f8047ad90 2491       3       org.lombokweb.asm.Attribute::putAttributes (78 bytes)
Event: 15.266 Thread 0x0000019f8047ad90 nmethod 2491 0x0000019faa80a710 code [0x0000019faa80a980, 0x0000019faa80aea8]
Event: 15.266 Thread 0x0000019f8047ad90 2493       3       org.lombokweb.asm.FieldWriter::putFieldInfo (269 bytes)
Event: 15.267 Thread 0x0000019f8047ad90 nmethod 2493 0x0000019faa80b190 code [0x0000019faa80b440, 0x0000019faa80bd70]
Event: 15.268 Thread 0x0000019f8047ad90 2494       3       org.lombokweb.asm.SymbolTable::addConstantDynamicOrInvokeDynamicReference (34 bytes)
Event: 15.268 Thread 0x0000019f8047ad90 nmethod 2494 0x0000019faa80c110 code [0x0000019faa80c2e0, 0x0000019faa80c570]
Event: 15.268 Thread 0x0000019f8047ad90 2495       3       org.lombokweb.asm.SymbolTable::hash (19 bytes)
Event: 15.268 Thread 0x0000019f8047ad90 nmethod 2495 0x0000019faa80c690 code [0x0000019faa80c840, 0x0000019faa80c9d0]
Event: 15.268 Thread 0x0000019f8047ad90 2497       3       org.lombokweb.asm.SymbolTable$Entry::<init> (17 bytes)
Event: 15.269 Thread 0x0000019f8047ad90 nmethod 2497 0x0000019faa80cb10 code [0x0000019faa80ccc0, 0x0000019faa80ce40]
Event: 15.269 Thread 0x0000019f8047ad90 2498       3       org.lombokweb.asm.Handle::hashCode (43 bytes)
Event: 15.269 Thread 0x0000019f8047ad90 nmethod 2498 0x0000019faa80cf10 code [0x0000019faa80d0e0, 0x0000019faa80d310]
Event: 15.269 Thread 0x0000019f8047ad90 2499       3       org.lombokweb.asm.ClassReader::readField (675 bytes)

GC Heap History (6 events):
Event: 2.824 GC heap before
{Heap before GC invocations=1 (full 0):
 PSYoungGen      total 29696K, used 25600K [0x00000000d5580000, 0x00000000d7680000, 0x0000000100000000)
  eden space 25600K, 100% used [0x00000000d5580000,0x00000000d6e80000,0x00000000d6e80000)
  from space 4096K, 0% used [0x00000000d7280000,0x00000000d7280000,0x00000000d7680000)
  to   space 4096K, 0% used [0x00000000d6e80000,0x00000000d6e80000,0x00000000d7280000)
 ParOldGen       total 68608K, used 0K [0x0000000080000000, 0x0000000084300000, 0x00000000d5580000)
  object space 68608K, 0% used [0x0000000080000000,0x0000000080000000,0x0000000084300000)
 Metaspace       used 4288K, committed 4544K, reserved 1114112K
  class space    used 456K, committed 576K, reserved 1048576K
}
Event: 2.837 GC heap after
{Heap after GC invocations=1 (full 0):
 PSYoungGen      total 29696K, used 3303K [0x00000000d5580000, 0x00000000d7680000, 0x0000000100000000)
  eden space 25600K, 0% used [0x00000000d5580000,0x00000000d5580000,0x00000000d6e80000)
  from space 4096K, 80% used [0x00000000d6e80000,0x00000000d71b9c68,0x00000000d7280000)
  to   space 4096K, 0% used [0x00000000d7280000,0x00000000d7280000,0x00000000d7680000)
 ParOldGen       total 68608K, used 16K [0x0000000080000000, 0x0000000084300000, 0x00000000d5580000)
  object space 68608K, 0% used [0x0000000080000000,0x0000000080004000,0x0000000084300000)
 Metaspace       used 4288K, committed 4544K, reserved 1114112K
  class space    used 456K, committed 576K, reserved 1048576K
}
Event: 13.820 GC heap before
{Heap before GC invocations=2 (full 0):
 PSYoungGen      total 29696K, used 28903K [0x00000000d5580000, 0x00000000d7680000, 0x0000000100000000)
  eden space 25600K, 100% used [0x00000000d5580000,0x00000000d6e80000,0x00000000d6e80000)
  from space 4096K, 80% used [0x00000000d6e80000,0x00000000d71b9c68,0x00000000d7280000)
  to   space 4096K, 0% used [0x00000000d7280000,0x00000000d7280000,0x00000000d7680000)
 ParOldGen       total 68608K, used 16K [0x0000000080000000, 0x0000000084300000, 0x00000000d5580000)
  object space 68608K, 0% used [0x0000000080000000,0x0000000080004000,0x0000000084300000)
 Metaspace       used 8104K, committed 8384K, reserved 1114112K
  class space    used 839K, committed 960K, reserved 1048576K
}
Event: 13.827 GC heap after
{Heap after GC invocations=2 (full 0):
 PSYoungGen      total 29696K, used 4085K [0x00000000d5580000, 0x00000000d7680000, 0x0000000100000000)
  eden space 25600K, 0% used [0x00000000d5580000,0x00000000d5580000,0x00000000d6e80000)
  from space 4096K, 99% used [0x00000000d7280000,0x00000000d767d5e0,0x00000000d7680000)
  to   space 4096K, 0% used [0x00000000d6e80000,0x00000000d6e80000,0x00000000d7280000)
 ParOldGen       total 68608K, used 887K [0x0000000080000000, 0x0000000084300000, 0x00000000d5580000)
  object space 68608K, 1% used [0x0000000080000000,0x00000000800ddea8,0x0000000084300000)
 Metaspace       used 8104K, committed 8384K, reserved 1114112K
  class space    used 839K, committed 960K, reserved 1048576K
}
Event: 14.766 GC heap before
{Heap before GC invocations=3 (full 0):
 PSYoungGen      total 29696K, used 29664K [0x00000000d5580000, 0x00000000d7680000, 0x0000000100000000)
  eden space 25600K, 99% used [0x00000000d5580000,0x00000000d6e7abb8,0x00000000d6e80000)
  from space 4096K, 99% used [0x00000000d7280000,0x00000000d767d5e0,0x00000000d7680000)
  to   space 4096K, 0% used [0x00000000d6e80000,0x00000000d6e80000,0x00000000d7280000)
 ParOldGen       total 68608K, used 887K [0x0000000080000000, 0x0000000084300000, 0x00000000d5580000)
  object space 68608K, 1% used [0x0000000080000000,0x00000000800ddea8,0x0000000084300000)
 Metaspace       used 12787K, committed 13248K, reserved 1114112K
  class space    used 1317K, committed 1536K, reserved 1048576K
}
Event: 14.772 GC heap after
{Heap after GC invocations=3 (full 0):
 PSYoungGen      total 29696K, used 4085K [0x00000000d5580000, 0x00000000d7680000, 0x0000000100000000)
  eden space 25600K, 0% used [0x00000000d5580000,0x00000000d5580000,0x00000000d6e80000)
  from space 4096K, 99% used [0x00000000d6e80000,0x00000000d727d730,0x00000000d7280000)
  to   space 4096K, 0% used [0x00000000d7280000,0x00000000d7280000,0x00000000d7680000)
 ParOldGen       total 68608K, used 2894K [0x0000000080000000, 0x0000000084300000, 0x00000000d5580000)
  object space 68608K, 4% used [0x0000000080000000,0x00000000802d39d0,0x0000000084300000)
 Metaspace       used 12787K, committed 13248K, reserved 1114112K
  class space    used 1317K, committed 1536K, reserved 1048576K
}

Dll operation events (9 events):
Event: 0.216 Loaded shared library c:\Users\Ikramul islam\.cursor\extensions\redhat.java-1.43.1-win32-x64\jre\21.0.7-win32-x86_64\bin\java.dll
Event: 0.682 Loaded shared library c:\Users\Ikramul islam\.cursor\extensions\redhat.java-1.43.1-win32-x64\jre\21.0.7-win32-x86_64\bin\zip.dll
Event: 0.769 Loaded shared library C:\Users\Ikramul islam\.cursor\extensions\redhat.java-1.43.1-win32-x64\jre\21.0.7-win32-x86_64\bin\instrument.dll
Event: 0.799 Loaded shared library C:\Users\Ikramul islam\.cursor\extensions\redhat.java-1.43.1-win32-x64\jre\21.0.7-win32-x86_64\bin\net.dll
Event: 0.804 Loaded shared library C:\Users\Ikramul islam\.cursor\extensions\redhat.java-1.43.1-win32-x64\jre\21.0.7-win32-x86_64\bin\nio.dll
Event: 0.811 Loaded shared library C:\Users\Ikramul islam\.cursor\extensions\redhat.java-1.43.1-win32-x64\jre\21.0.7-win32-x86_64\bin\zip.dll
Event: 0.888 Loaded shared library C:\Users\Ikramul islam\.cursor\extensions\redhat.java-1.43.1-win32-x64\jre\21.0.7-win32-x86_64\bin\jimage.dll
Event: 1.169 Loaded shared library c:\Users\Ikramul islam\.cursor\extensions\redhat.java-1.43.1-win32-x64\jre\21.0.7-win32-x86_64\bin\verify.dll
Event: 13.804 Loaded shared library C:\Users\Ikramul islam\AppData\Roaming\Cursor\User\globalStorage\redhat.java\1.43.1\config_ss_win\org.eclipse.equinox.launcher\org.eclipse.equinox.launcher.win32.win32.x86_64_1.2.1300.v20250331-1702\eclipse_11911.dll

Deoptimization events (20 events):
Event: 15.180 Thread 0x0000019f85d68010 Uncommon trap: trap_request=0xffffffde fr.pc=0x0000019fb1f1b84c relative=0x00000000000003ec
Event: 15.180 Thread 0x0000019f85d68010 Uncommon trap: reason=class_check action=maybe_recompile pc=0x0000019fb1f1b84c method=java.util.regex.Pattern$BmpCharPropertyGreedy.match(Ljava/util/regex/Matcher;ILjava/lang/CharSequence;)Z @ 70 c2
Event: 15.180 Thread 0x0000019f85d68010 DEOPT PACKING pc=0x0000019fb1f1b84c sp=0x00000017397ef840
Event: 15.180 Thread 0x0000019f85d68010 DEOPT UNPACKING pc=0x0000019fb18d3aa2 sp=0x00000017397ef7e8 mode 2
Event: 15.180 Thread 0x0000019f85d68010 Uncommon trap: trap_request=0xffffffde fr.pc=0x0000019fb1f1b84c relative=0x00000000000003ec
Event: 15.180 Thread 0x0000019f85d68010 Uncommon trap: reason=class_check action=maybe_recompile pc=0x0000019fb1f1b84c method=java.util.regex.Pattern$BmpCharPropertyGreedy.match(Ljava/util/regex/Matcher;ILjava/lang/CharSequence;)Z @ 70 c2
Event: 15.180 Thread 0x0000019f85d68010 DEOPT PACKING pc=0x0000019fb1f1b84c sp=0x00000017397ef690
Event: 15.180 Thread 0x0000019f85d68010 DEOPT UNPACKING pc=0x0000019fb18d3aa2 sp=0x00000017397ef638 mode 2
Event: 15.222 Thread 0x0000019f85d68010 Uncommon trap: trap_request=0xffffffde fr.pc=0x0000019fb1f19c70 relative=0x00000000000003b0
Event: 15.222 Thread 0x0000019f85d68010 Uncommon trap: reason=class_check action=maybe_recompile pc=0x0000019fb1f19c70 method=java.lang.String.<init>(Ljava/lang/AbstractStringBuilder;Ljava/lang/Void;)V @ 10 c2
Event: 15.222 Thread 0x0000019f85d68010 DEOPT PACKING pc=0x0000019fb1f19c70 sp=0x00000017397f8650
Event: 15.222 Thread 0x0000019f85d68010 DEOPT UNPACKING pc=0x0000019fb18d3aa2 sp=0x00000017397f8618 mode 2
Event: 15.222 Thread 0x0000019f85d68010 Uncommon trap: trap_request=0xffffffde fr.pc=0x0000019fb1f19c70 relative=0x00000000000003b0
Event: 15.222 Thread 0x0000019f85d68010 Uncommon trap: reason=class_check action=maybe_recompile pc=0x0000019fb1f19c70 method=java.lang.String.<init>(Ljava/lang/AbstractStringBuilder;Ljava/lang/Void;)V @ 10 c2
Event: 15.222 Thread 0x0000019f85d68010 DEOPT PACKING pc=0x0000019fb1f19c70 sp=0x00000017397f87f0
Event: 15.222 Thread 0x0000019f85d68010 DEOPT UNPACKING pc=0x0000019fb18d3aa2 sp=0x00000017397f87b8 mode 2
Event: 15.247 Thread 0x0000019f85d68010 Uncommon trap: trap_request=0xffffff45 fr.pc=0x0000019fb1f2fe94 relative=0x0000000000000814
Event: 15.247 Thread 0x0000019f85d68010 Uncommon trap: reason=unstable_if action=reinterpret pc=0x0000019fb1f2fe94 method=org.lombokweb.asm.ClassReader.readUTF8(I[C)Ljava/lang/String; @ 11 c2
Event: 15.247 Thread 0x0000019f85d68010 DEOPT PACKING pc=0x0000019fb1f2fe94 sp=0x00000017397ef7d0
Event: 15.247 Thread 0x0000019f85d68010 DEOPT UNPACKING pc=0x0000019fb18d3aa2 sp=0x00000017397ef7b8 mode 2

Classes loaded (20 events):
Event: 15.161 Loading class java/util/Collections$UnmodifiableSortedSet
Event: 15.161 Loading class java/util/Collections$UnmodifiableSortedSet done
Event: 15.168 Loading class java/util/zip/GZIPOutputStream
Event: 15.168 Loading class java/util/zip/GZIPOutputStream done
Event: 15.197 Loading class java/io/StringReader
Event: 15.197 Loading class java/io/StringReader done
Event: 15.200 Loading class java/util/zip/GZIPInputStream
Event: 15.200 Loading class java/util/zip/GZIPInputStream done
Event: 15.206 Loading class java/net/SocketTimeoutException
Event: 15.206 Loading class java/io/InterruptedIOException
Event: 15.206 Loading class java/io/InterruptedIOException done
Event: 15.206 Loading class java/net/SocketTimeoutException done
Event: 15.206 Loading class java/net/SocketException
Event: 15.206 Loading class java/net/SocketException done
Event: 15.206 Loading class java/net/UnknownHostException
Event: 15.206 Loading class java/net/UnknownHostException done
Event: 15.206 Loading class java/net/ProtocolException
Event: 15.206 Loading class java/net/ProtocolException done
Event: 15.228 Loading class java/lang/ThreadLocal$SuppliedThreadLocal
Event: 15.228 Loading class java/lang/ThreadLocal$SuppliedThreadLocal done

Classes unloaded (0 events):
No events

Classes redefined (0 events):
No events

Internal exceptions (20 events):
Event: 14.801 Thread 0x0000019f85d68010 Exception <a 'java/lang/NoSuchMethodError'{0x00000000d56f8590}: 'void java.lang.invoke.Invokers$Holder.invokeExact_MT(java.lang.Object, java.lang.Object, java.lang.Object, java.lang.Object)'> (0x00000000d56f8590) 
thrown [s\src\hotspot\share\interpreter\linkResolver.cpp, line 773]
Event: 14.883 Thread 0x0000019f85d68010 Exception <a 'java/io/FileNotFoundException'{0x00000000d5865b58}> (0x00000000d5865b58) 
thrown [s\src\hotspot\share\prims\jni.cpp, line 520]
Event: 14.884 Thread 0x0000019f85d68010 Exception <a 'java/io/FileNotFoundException'{0x00000000d586d358}> (0x00000000d586d358) 
thrown [s\src\hotspot\share\prims\jni.cpp, line 520]
Event: 15.056 Thread 0x0000019f85d68010 Exception <a 'java/lang/NoSuchMethodError'{0x00000000d5de54b8}: 'java.lang.Object java.lang.invoke.DirectMethodHandle$Holder.newInvokeSpecial(java.lang.Object, java.lang.Object, java.lang.Object, java.lang.Object, java.lang.Object)'> (0x00000000d5de54b8) 
thrown [s\src\hotspot\share\interpreter\linkResolver.cpp, line 773]
Event: 15.083 Thread 0x0000019f85d68010 Exception <a 'java/lang/NoSuchMethodError'{0x00000000d5ec3c48}: 'java.lang.Object java.lang.invoke.DirectMethodHandle$Holder.invokeSpecial(java.lang.Object, java.lang.Object, java.lang.Object, long, java.lang.Object)'> (0x00000000d5ec3c48) 
thrown [s\src\hotspot\share\interpreter\linkResolver.cpp, line 773]
Event: 15.083 Thread 0x0000019f85d68010 Exception <a 'java/lang/NoSuchMethodError'{0x00000000d5ecb490}: 'java.lang.Object java.lang.invoke.DirectMethodHandle$Holder.newInvokeSpecial(java.lang.Object, java.lang.Object, java.lang.Object, long)'> (0x00000000d5ecb490) 
thrown [s\src\hotspot\share\interpreter\linkResolver.cpp, line 773]
Event: 15.084 Thread 0x0000019f85d68010 Exception <a 'java/lang/NoSuchMethodError'{0x00000000d5ecf880}: 'java.lang.Object java.lang.invoke.DirectMethodHandle$Holder.invokeSpecial(java.lang.Object, java.lang.Object, java.lang.Object, java.lang.Object, long)'> (0x00000000d5ecf880) 
thrown [s\src\hotspot\share\interpreter\linkResolver.cpp, line 773]
Event: 15.084 Thread 0x0000019f85d68010 Exception <a 'java/lang/NoSuchMethodError'{0x00000000d5ed34a0}: 'java.lang.Object java.lang.invoke.Invokers$Holder.linkToTargetMethod(java.lang.Object, java.lang.Object, long, java.lang.Object)'> (0x00000000d5ed34a0) 
thrown [s\src\hotspot\share\interpreter\linkResolver.cpp, line 773]
Event: 15.094 Thread 0x0000019f85d68010 Exception <a 'java/lang/NoSuchMethodError'{0x00000000d5f453d8}: 'int java.lang.invoke.DirectMethodHandle$Holder.invokeStaticInit(java.lang.Object, java.lang.Object, java.lang.Object)'> (0x00000000d5f453d8) 
thrown [s\src\hotspot\share\interpreter\linkResolver.cpp, line 773]
Event: 15.110 Thread 0x0000019f85d68010 Exception <a 'java/lang/IncompatibleClassChangeError'{0x00000000d5fd4ca0}: Found class java.lang.Object, but interface was expected> (0x00000000d5fd4ca0) 
thrown [s\src\hotspot\share\interpreter\linkResolver.cpp, line 840]
Event: 15.111 Thread 0x0000019f85d68010 Exception <a 'java/lang/NoSuchMethodError'{0x00000000d5fe6ae0}: 'java.lang.Object java.lang.invoke.DirectMethodHandle$Holder.invokeSpecial(java.lang.Object, java.lang.Object, java.lang.Object, int, java.lang.Object, java.lang.Object)'> (0x00000000d5fe6ae0) 
thrown [s\src\hotspot\share\interpreter\linkResolver.cpp, line 773]
Event: 15.112 Thread 0x0000019f85d68010 Exception <a 'java/lang/NoSuchMethodError'{0x00000000d5fee5b8}: 'java.lang.Object java.lang.invoke.DirectMethodHandle$Holder.newInvokeSpecial(java.lang.Object, java.lang.Object, java.lang.Object, int, java.lang.Object)'> (0x00000000d5fee5b8) 
thrown [s\src\hotspot\share\interpreter\linkResolver.cpp, line 773]
Event: 15.113 Thread 0x0000019f85d68010 Exception <a 'java/lang/NoSuchMethodError'{0x00000000d5ff2578}: 'java.lang.Object java.lang.invoke.DirectMethodHandle$Holder.invokeSpecial(java.lang.Object, java.lang.Object, java.lang.Object, java.lang.Object, int, java.lang.Object)'> (0x00000000d5ff2578) 
thrown [s\src\hotspot\share\interpreter\linkResolver.cpp, line 773]
Event: 15.113 Thread 0x0000019f85d68010 Exception <a 'java/lang/NoSuchMethodError'{0x00000000d5ff60b8}: 'java.lang.Object java.lang.invoke.Invokers$Holder.linkToTargetMethod(java.lang.Object, java.lang.Object, int, java.lang.Object, java.lang.Object)'> (0x00000000d5ff60b8) 
thrown [s\src\hotspot\share\interpreter\linkResolver.cpp, line 773]
Event: 15.114 Thread 0x0000019f85a08820 Exception <a 'java/lang/NoSuchMethodError'{0x00000000d5f0f420}: 'java.lang.Object java.lang.invoke.DirectMethodHandle$Holder.invokeSpecial(java.lang.Object, java.lang.Object, int, java.lang.Object, java.lang.Object)'> (0x00000000d5f0f420) 
thrown [s\src\hotspot\share\interpreter\linkResolver.cpp, line 773]
Event: 15.114 Thread 0x0000019f85a08820 Exception <a 'java/lang/NoSuchMethodError'{0x00000000d5f16158}: 'java.lang.Object java.lang.invoke.DirectMethodHandle$Holder.newInvokeSpecial(java.lang.Object, java.lang.Object, int, java.lang.Object)'> (0x00000000d5f16158) 
thrown [s\src\hotspot\share\interpreter\linkResolver.cpp, line 773]
Event: 15.115 Thread 0x0000019f85a08820 Exception <a 'java/lang/NoSuchMethodError'{0x00000000d5f19a78}: 'java.lang.Object java.lang.invoke.DirectMethodHandle$Holder.invokeSpecial(java.lang.Object, java.lang.Object, java.lang.Object, int, java.lang.Object)'> (0x00000000d5f19a78) 
thrown [s\src\hotspot\share\interpreter\linkResolver.cpp, line 773]
Event: 15.138 Thread 0x0000019f85d68010 Exception <a 'java/lang/NoSuchMethodError'{0x00000000d6132878}: 'void java.lang.invoke.DirectMethodHandle$Holder.invokeSpecial(java.lang.Object, java.lang.Object, java.lang.Object, java.lang.Object, java.lang.Object)'> (0x00000000d6132878) 
thrown [s\src\hotspot\share\interpreter\linkResolver.cpp, line 773]
Event: 15.157 Thread 0x0000019f85d68010 Exception <a 'java/lang/NoSuchMethodError'{0x00000000d620b5b8}: 'double java.lang.invoke.DirectMethodHandle$Holder.invokeStatic(java.lang.Object, java.lang.Object)'> (0x00000000d620b5b8) 
thrown [s\src\hotspot\share\interpreter\linkResolver.cpp, line 773]
Event: 15.158 Thread 0x0000019f85d68010 Exception <a 'java/lang/NoSuchMethodError'{0x00000000d620ec78}: 'double java.lang.invoke.DirectMethodHandle$Holder.invokeStaticInit(java.lang.Object, java.lang.Object)'> (0x00000000d620ec78) 
thrown [s\src\hotspot\share\interpreter\linkResolver.cpp, line 773]

ZGC Phase Switch (0 events):
No events

VM Operations (20 events):
Event: 3.916 Executing VM operation: HandshakeAllThreads (Deoptimize)
Event: 3.917 Executing VM operation: HandshakeAllThreads (Deoptimize) done
Event: 3.950 Executing VM operation: HandshakeAllThreads (Deoptimize)
Event: 3.950 Executing VM operation: HandshakeAllThreads (Deoptimize) done
Event: 4.950 Executing VM operation: Cleanup
Event: 4.950 Executing VM operation: Cleanup done
Event: 13.820 Executing VM operation: ParallelGCFailedAllocation (Allocation Failure)
Event: 13.827 Executing VM operation: ParallelGCFailedAllocation (Allocation Failure) done
Event: 13.998 Executing VM operation: HandshakeAllThreads (Deoptimize)
Event: 13.998 Executing VM operation: HandshakeAllThreads (Deoptimize) done
Event: 14.590 Executing VM operation: HandshakeAllThreads (Deoptimize)
Event: 14.590 Executing VM operation: HandshakeAllThreads (Deoptimize) done
Event: 14.766 Executing VM operation: ParallelGCFailedAllocation (Allocation Failure)
Event: 14.773 Executing VM operation: ParallelGCFailedAllocation (Allocation Failure) done
Event: 14.908 Executing VM operation: HandshakeAllThreads (Deoptimize)
Event: 14.908 Executing VM operation: HandshakeAllThreads (Deoptimize) done
Event: 14.917 Executing VM operation: HandshakeAllThreads (Deoptimize)
Event: 14.917 Executing VM operation: HandshakeAllThreads (Deoptimize) done
Event: 14.942 Executing VM operation: HandshakeAllThreads (Deoptimize)
Event: 14.942 Executing VM operation: HandshakeAllThreads (Deoptimize) done

Memory protections (0 events):
No events

Nmethod flushes (0 events):
No events

Events (20 events):
Event: 2.492 Thread 0x0000019f80689d00 Thread exited: 0x0000019f80689d00
Event: 2.581 Thread 0x0000019f8047ad90 Thread added: 0x0000019f85472900
Event: 2.896 Thread 0x0000019f85472900 Thread exited: 0x0000019f85472900
Event: 3.295 Thread 0x0000019f8047ad90 Thread added: 0x0000019f85816440
Event: 3.297 Thread 0x0000019f8047ad90 Thread added: 0x0000019f85655860
Event: 3.760 Thread 0x0000019f85655860 Thread exited: 0x0000019f85655860
Event: 3.805 Thread 0x0000019fa7155920 Thread added: 0x0000019f858e6350
Event: 4.189 Thread 0x0000019f85816440 Thread exited: 0x0000019f85816440
Event: 13.791 Thread 0x0000019fa7155920 Thread added: 0x0000019fa70f3c10
Event: 13.796 Thread 0x0000019fa7155920 Thread added: 0x0000019f85d68010
Event: 13.843 Thread 0x0000019f85d68010 Thread added: 0x0000019f85274850
Event: 13.985 Thread 0x0000019f85d68010 Thread added: 0x0000019f85550830
Event: 14.174 Thread 0x0000019f8047ad90 Thread added: 0x0000019f85378a20
Event: 14.174 Thread 0x0000019f8047ad90 Thread added: 0x0000019f8591f7c0
Event: 14.382 Thread 0x0000019f8591f7c0 Thread exited: 0x0000019f8591f7c0
Event: 14.438 Thread 0x0000019f85378a20 Thread exited: 0x0000019f85378a20
Event: 14.646 Thread 0x0000019f85d68010 Thread added: 0x0000019f850cb640
Event: 14.773 Thread 0x0000019f8047ad90 Thread added: 0x0000019f853f8e40
Event: 15.088 Thread 0x0000019f85d68010 Thread added: 0x0000019f85a08820
Event: 15.114 Thread 0x0000019f85d68010 Thread added: 0x0000019f85767c40


Dynamic libraries:
0x00007ff73ece0000 - 0x00007ff73ecee000 	c:\Users\Ikramul islam\.cursor\extensions\redhat.java-1.43.1-win32-x64\jre\21.0.7-win32-x86_64\bin\java.exe
0x00007ff864570000 - 0x00007ff864768000 	C:\WINDOWS\SYSTEM32\ntdll.dll
0x00007ff863320000 - 0x00007ff8633e2000 	C:\WINDOWS\System32\KERNEL32.DLL
0x00007ff862190000 - 0x00007ff862486000 	C:\WINDOWS\System32\KERNELBASE.dll
0x00007ff861d50000 - 0x00007ff861e50000 	C:\WINDOWS\System32\ucrtbase.dll
0x00007ff85e6a0000 - 0x00007ff85e6b8000 	c:\Users\Ikramul islam\.cursor\extensions\redhat.java-1.43.1-win32-x64\jre\21.0.7-win32-x86_64\bin\jli.dll
0x00007ff863900000 - 0x00007ff863a9d000 	C:\WINDOWS\System32\USER32.dll
0x00007ff862490000 - 0x00007ff8624b2000 	C:\WINDOWS\System32\win32u.dll
0x00007ff8638b0000 - 0x00007ff8638db000 	C:\WINDOWS\System32\GDI32.dll
0x00007ff861c00000 - 0x00007ff861d19000 	C:\WINDOWS\System32\gdi32full.dll
0x00007ff861fb0000 - 0x00007ff86204d000 	C:\WINDOWS\System32\msvcp_win.dll
0x00007ff85dec0000 - 0x00007ff85dede000 	c:\Users\Ikramul islam\.cursor\extensions\redhat.java-1.43.1-win32-x64\jre\21.0.7-win32-x86_64\bin\VCRUNTIME140.dll
0x00007ff84c140000 - 0x00007ff84c3da000 	C:\WINDOWS\WinSxS\amd64_microsoft.windows.common-controls_6595b64144ccf1df_6.0.19041.5915_none_60b4b9d171f9c7c7\COMCTL32.dll
0x00007ff862d80000 - 0x00007ff862e1e000 	C:\WINDOWS\System32\msvcrt.dll
0x00007ff8636f0000 - 0x00007ff86371f000 	C:\WINDOWS\System32\IMM32.DLL
0x00007ff85ebe0000 - 0x00007ff85ebec000 	c:\Users\Ikramul islam\.cursor\extensions\redhat.java-1.43.1-win32-x64\jre\21.0.7-win32-x86_64\bin\vcruntime140_1.dll
0x00007ff8303d0000 - 0x00007ff83045d000 	c:\Users\Ikramul islam\.cursor\extensions\redhat.java-1.43.1-win32-x64\jre\21.0.7-win32-x86_64\bin\msvcp140.dll
0x00007fffe5bb0000 - 0x00007fffe6940000 	c:\Users\Ikramul islam\.cursor\extensions\redhat.java-1.43.1-win32-x64\jre\21.0.7-win32-x86_64\bin\server\jvm.dll
0x00007ff863260000 - 0x00007ff863311000 	C:\WINDOWS\System32\ADVAPI32.dll
0x00007ff8633f0000 - 0x00007ff86348f000 	C:\WINDOWS\System32\sechost.dll
0x00007ff863ff0000 - 0x00007ff864113000 	C:\WINDOWS\System32\RPCRT4.dll
0x00007ff861d20000 - 0x00007ff861d47000 	C:\WINDOWS\System32\bcrypt.dll
0x00007ff863aa0000 - 0x00007ff863b0b000 	C:\WINDOWS\System32\WS2_32.dll
0x00007ff861680000 - 0x00007ff8616cb000 	C:\WINDOWS\SYSTEM32\POWRPROF.dll
0x00007ff84bec0000 - 0x00007ff84bee7000 	C:\WINDOWS\SYSTEM32\WINMM.dll
0x00007ff856a70000 - 0x00007ff856a7a000 	C:\WINDOWS\SYSTEM32\VERSION.dll
0x00007ff861660000 - 0x00007ff861672000 	C:\WINDOWS\SYSTEM32\UMPDC.dll
0x00007ff860450000 - 0x00007ff860462000 	C:\WINDOWS\SYSTEM32\kernel.appcore.dll
0x00007ff85e640000 - 0x00007ff85e64a000 	c:\Users\Ikramul islam\.cursor\extensions\redhat.java-1.43.1-win32-x64\jre\21.0.7-win32-x86_64\bin\jimage.dll
0x00007ff85f650000 - 0x00007ff85f851000 	C:\WINDOWS\SYSTEM32\DBGHELP.DLL
0x00007ff8489c0000 - 0x00007ff8489f4000 	C:\WINDOWS\SYSTEM32\dbgcore.DLL
0x00007ff862050000 - 0x00007ff8620d2000 	C:\WINDOWS\System32\bcryptPrimitives.dll
0x00007ff85e620000 - 0x00007ff85e62f000 	c:\Users\Ikramul islam\.cursor\extensions\redhat.java-1.43.1-win32-x64\jre\21.0.7-win32-x86_64\bin\instrument.dll
0x00007ff857d10000 - 0x00007ff857d2f000 	c:\Users\Ikramul islam\.cursor\extensions\redhat.java-1.43.1-win32-x64\jre\21.0.7-win32-x86_64\bin\java.dll
0x00007ff862590000 - 0x00007ff862cfe000 	C:\WINDOWS\System32\SHELL32.dll
0x00007ff85fc60000 - 0x00007ff860404000 	C:\WINDOWS\SYSTEM32\windows.storage.dll
0x00007ff862e20000 - 0x00007ff863173000 	C:\WINDOWS\System32\combase.dll
0x00007ff8615c0000 - 0x00007ff8615eb000 	C:\WINDOWS\SYSTEM32\Wldp.dll
0x00007ff8643b0000 - 0x00007ff86447d000 	C:\WINDOWS\System32\OLEAUT32.dll
0x00007ff863490000 - 0x00007ff86353d000 	C:\WINDOWS\System32\SHCORE.dll
0x00007ff863720000 - 0x00007ff86377b000 	C:\WINDOWS\System32\shlwapi.dll
0x00007ff861b30000 - 0x00007ff861b54000 	C:\WINDOWS\SYSTEM32\profapi.dll
0x00007ff857ca0000 - 0x00007ff857cb8000 	c:\Users\Ikramul islam\.cursor\extensions\redhat.java-1.43.1-win32-x64\jre\21.0.7-win32-x86_64\bin\zip.dll
0x00007ff85e600000 - 0x00007ff85e610000 	C:\Users\Ikramul islam\.cursor\extensions\redhat.java-1.43.1-win32-x64\jre\21.0.7-win32-x86_64\bin\net.dll
0x00007ff856830000 - 0x00007ff85693a000 	C:\WINDOWS\SYSTEM32\WINHTTP.dll
0x00007ff861320000 - 0x00007ff86138a000 	C:\WINDOWS\system32\mswsock.dll
0x00007ff857c80000 - 0x00007ff857c96000 	C:\Users\Ikramul islam\.cursor\extensions\redhat.java-1.43.1-win32-x64\jre\21.0.7-win32-x86_64\bin\nio.dll
0x00007ff85deb0000 - 0x00007ff85dec0000 	c:\Users\Ikramul islam\.cursor\extensions\redhat.java-1.43.1-win32-x64\jre\21.0.7-win32-x86_64\bin\verify.dll
0x00007ff857bb0000 - 0x00007ff857bf5000 	C:\Users\Ikramul islam\AppData\Roaming\Cursor\User\globalStorage\redhat.java\1.43.1\config_ss_win\org.eclipse.equinox.launcher\org.eclipse.equinox.launcher.win32.win32.x86_64_1.2.1300.v20250331-1702\eclipse_11911.dll
0x00007ff863780000 - 0x00007ff8638ab000 	C:\WINDOWS\System32\ole32.dll

dbghelp: loaded successfully - version: 4.0.5 - missing functions: none
symbol engine: initialized successfully - sym options: 0x614 - pdb path: .;c:\Users\Ikramul islam\.cursor\extensions\redhat.java-1.43.1-win32-x64\jre\21.0.7-win32-x86_64\bin;C:\WINDOWS\SYSTEM32;C:\WINDOWS\WinSxS\amd64_microsoft.windows.common-controls_6595b64144ccf1df_6.0.19041.5915_none_60b4b9d171f9c7c7;c:\Users\Ikramul islam\.cursor\extensions\redhat.java-1.43.1-win32-x64\jre\21.0.7-win32-x86_64\bin\server;C:\Users\Ikramul islam\AppData\Roaming\Cursor\User\globalStorage\redhat.java\1.43.1\config_ss_win\org.eclipse.equinox.launcher\org.eclipse.equinox.launcher.win32.win32.x86_64_1.2.1300.v20250331-1702

VM Arguments:
jvm_args: --add-modules=ALL-SYSTEM --add-opens=java.base/java.util=ALL-UNNAMED --add-opens=java.base/java.lang=ALL-UNNAMED --add-opens=java.base/sun.nio.fs=ALL-UNNAMED -Declipse.application=org.eclipse.jdt.ls.core.id1 -Dosgi.bundles.defaultStartLevel=4 -Declipse.product=org.eclipse.jdt.ls.core.product -Djava.import.generatesMetadataFilesAtProjectRoot=false -DDetectVMInstallationsJob.disabled=true -Dfile.encoding=utf8 -XX:+UseParallelGC -XX:GCTimeRatio=4 -XX:AdaptiveSizePolicyWeight=90 -Dsun.zip.disableMemoryMapping=true -Xmx2G -Xms100m -Xlog:disable -javaagent:c:\Users\Ikramul islam\.cursor\extensions\redhat.java-1.43.1-win32-x64\lombok\lombok-1.18.39-4050.jar 
java_command: c:\Users\Ikramul islam\.cursor\extensions\redhat.java-1.43.1-win32-x64\server\plugins\org.eclipse.equinox.launcher_1.7.0.v20250519-0528.jar -configuration c:\Users\Ikramul islam\AppData\Roaming\Cursor\User\globalStorage\redhat.java\1.43.1\config_ss_win -data c:\Users\Ikramul islam\AppData\Roaming\Cursor\User\workspaceStorage\e8c5bc8f7c09db83f77b1c14f636a2d3\redhat.java\ss_ws --pipe=\\.\pipe\lsp-aabfe4bf0efe822c5ee3e5aa10cbfa5a-sock
java_class_path (initial): c:\Users\Ikramul islam\.cursor\extensions\redhat.java-1.43.1-win32-x64\server\plugins\org.eclipse.equinox.launcher_1.7.0.v20250519-0528.jar
Launcher Type: SUN_STANDARD

[Global flags]
    uintx AdaptiveSizePolicyWeight                 = 90                                        {product} {command line}
     intx CICompilerCount                          = 4                                         {product} {ergonomic}
    uintx GCTimeRatio                              = 4                                         {product} {command line}
   size_t InitialHeapSize                          = 104857600                                 {product} {command line}
   size_t MaxHeapSize                              = 2147483648                                {product} {command line}
   size_t MaxNewSize                               = 715653120                                 {product} {ergonomic}
   size_t MinHeapDeltaBytes                        = 524288                                    {product} {ergonomic}
   size_t MinHeapSize                              = 104857600                                 {product} {command line}
   size_t NewSize                                  = 34603008                                  {product} {ergonomic}
    uintx NonNMethodCodeHeapSize                   = 5839372                                {pd product} {ergonomic}
    uintx NonProfiledCodeHeapSize                  = 122909434                              {pd product} {ergonomic}
   size_t OldSize                                  = 70254592                                  {product} {ergonomic}
    uintx ProfiledCodeHeapSize                     = 122909434                              {pd product} {ergonomic}
    uintx ReservedCodeCacheSize                    = 251658240                              {pd product} {ergonomic}
     bool SegmentedCodeCache                       = true                                      {product} {ergonomic}
   size_t SoftMaxHeapSize                          = 2147483648                             {manageable} {ergonomic}
     bool UseCompressedOops                        = true                           {product lp64_product} {ergonomic}
     bool UseLargePagesIndividualAllocation        = false                                  {pd product} {ergonomic}
     bool UseParallelGC                            = true                                      {product} {command line}

Logging:
Log output configuration:
 #0: stdout all=off uptime,level,tags foldmultilines=false
 #1: stderr all=off uptime,level,tags foldmultilines=false

Environment Variables:
JAVA_HOME=C:\Program Files\Java\jdk-17
PATH=C:\Program Files\ImageMagick-7.1.2-Q16-HDRI;C:\Program Files\Common Files\Oracle\Java\javapath;C:\Python313\Scripts\;C:\Python313\;C:\WINDOWS\system32;C:\WINDOWS;C:\WINDOWS\System32\Wbem;C:\WINDOWS\System32\WindowsPowerShell\v1.0\;C:\WINDOWS\System32\OpenSSH\;C:\Program Files\nodejs\;C:\ProgramData\chocolatey\bin;C:\Program Files\Git\cmd;C:\Users\Ikramul islam\AppData\Local\Android\Sdk\platform-tools;C:\Users\Ikramul islam\AppData\Local\Android\Sdk\emulator;C:\Users\Ikramul islam\AppData\Local\Android\Sdk\tools;C:\Users\Ikramul islam\AppData\Local\Android\Sdk\tools\bin;C:\Program Files\Java\jdk-17\bin;C:\poppler\bin;C:\Users\Ikramul islam\AppData\Local\Microsoft\WindowsApps;C:\Users\Ikramul islam\AppData\Roaming\npm;C:\Users\Ikramul islam\AppData\Local\Programs\cursor\resources\app\bin;C:\Users\Ikramul islam\AppData\Local\Programs\Microsoft VS Code\bin;C:\Program Files\Java\jdk-17\bin;C:\Users\Ikramul islam\AppData\Local\Android\Sdk\platform-tools;C:\Users\Ikramul islam\AppData\Local\Android\Sdk\emulator;C:\Users\Ikramul islam\AppData\Local\Android\Sdk\tools;C:\Users\Ikramul islam\AppData\Local\Android\Sdk\tools\bin;C:\Users\Ikramul islam\AppData\Local\GitHubDesktop\bin
USERNAME=Ikramulislam
OS=Windows_NT
PROCESSOR_IDENTIFIER=Intel64 Family 6 Model 142 Stepping 10, GenuineIntel
TMP=C:\Users\IKRAMU~1\AppData\Local\Temp
TEMP=C:\Users\IKRAMU~1\AppData\Local\Temp




Periodic native trim disabled

---------------  S Y S T E M  ---------------

OS:
 Windows 10 , 64 bit Build 19041 (10.0.19041.5915)
OS uptime: 0 days 16:56 hours

CPU: total 8 (initial active 8) (4 cores per cpu, 2 threads per core) family 6 model 142 stepping 10 microcode 0xf6, cx8, cmov, fxsr, ht, mmx, 3dnowpref, sse, sse2, sse3, ssse3, sse4.1, sse4.2, popcnt, lzcnt, tsc, tscinvbit, avx, avx2, aes, erms, clmul, bmi1, bmi2, rtm, adx, fma, vzeroupper, clflush, clflushopt, rdtscp, f16c
Processor Information for the first 8 processors :
  Max Mhz: 2112, Current Mhz: 1910, Mhz Limit: 1900

Memory: 4k page, system-wide physical 16227M (2045M free)
TotalPageFile size 33212M (AvailPageFile size 2M)
current process WorkingSet (physical memory assigned to process): 114M, peak: 114M
current process commit charge ("private bytes"): 255M, peak: 255M

vm_info: OpenJDK 64-Bit Server VM (21.0.7+6-LTS) for windows-amd64 JRE (21.0.7+6-LTS), built on 2025-04-15T00:00:00Z by "admin" with MS VC++ 17.7 (VS2022)

END.
