#
# There is insufficient memory for the Java Runtime Environment to continue.
# Native memory allocation (malloc) failed to allocate 301616 bytes for Chunk::new
# Possible reasons:
#   The system is out of physical RAM or swap space
#   The process is running with CompressedOops enabled, and the Java Heap may be blocking the growth of the native heap
# Possible solutions:
#   Reduce memory load on the system
#   Increase physical memory or swap space
#   Check if swap backing store is full
#   Decrease Java heap size (-Xmx/-Xms)
#   Decrease number of Java threads
#   Decrease Java thread stack sizes (-Xss)
#   Set larger code cache with -XX:ReservedCodeCacheSize=
#   JVM is running with Zero Based Compressed Oops mode in which the Java heap is
#     placed in the first 32GB address space. The Java Heap base address is the
#     maximum limit for the native heap growth. Please use -XX:HeapBaseMinAddress
#     to set the Java Heap base and to place the Java Heap above 32GB virtual address.
# This output file may be truncated or incomplete.
#
#  Out of Memory Error (arena.cpp:189), pid=416504, tid=417848
#
# JRE version: Java(TM) SE Runtime Environment (17.0.12+8) (build 17.0.12+8-LTS-286)
# Java VM: Java HotSpot(TM) 64-Bit Server VM (17.0.12+8-LTS-286, mixed mode, sharing, tiered, compressed oops, compressed class ptrs, g1 gc, windows-amd64)
# No core dump will be written. Minidumps are not enabled by default on client versions of Windows
#

---------------  S U M M A R Y ------------

Command Line: --add-opens=java.base/java.lang=ALL-UNNAMED --add-opens=java.base/java.lang.invoke=ALL-UNNAMED --add-opens=java.base/java.util=ALL-UNNAMED --add-opens=java.prefs/java.util.prefs=ALL-UNNAMED --add-exports=jdk.compiler/com.sun.tools.javac.api=ALL-UNNAMED --add-exports=jdk.compiler/com.sun.tools.javac.util=ALL-UNNAMED --add-opens=java.base/java.util=ALL-UNNAMED --add-opens=java.prefs/java.util.prefs=ALL-UNNAMED --add-opens=java.base/java.nio.charset=ALL-UNNAMED --add-opens=java.base/java.net=ALL-UNNAMED --add-opens=java.base/java.util.concurrent.atomic=ALL-UNNAMED --add-opens=java.xml/javax.xml.namespace=ALL-UNNAMED -XX:MaxMetaspaceSize=512m -XX:+HeapDumpOnOutOfMemoryError -XX:+UseG1GC -XX:MaxGCPauseMillis=200 -Xmx3072m -Dfile.encoding=UTF-8 -Duser.country=US -Duser.language=en -Duser.variant -javaagent:E:\GradleCache\wrapper\dists\gradle-8.14.1-bin\baw1sv0jfoi8rxs14qo3h49cs\gradle-8.14.1\lib\agents\gradle-instrumentation-agent-8.14.1.jar org.gradle.launcher.daemon.bootstrap.GradleDaemon 8.14.1

Host: Intel(R) Core(TM) i7-8650U CPU @ 1.90GHz, 8 cores, 15G,  Windows 10 , 64 bit Build 19041 (10.0.19041.5915)
Time: Sun Sep 14 18:00:42 2025 Bangladesh Standard Time elapsed time: 206.116968 seconds (0d 0h 3m 26s)

---------------  T H R E A D  ---------------

Current thread (0x00000188312baa50):  JavaThread "C2 CompilerThread0" daemon [_thread_in_native, id=417848, stack(0x00000061e1d00000,0x00000061e1e00000)]


Current CompileTask:
C2: 206118 13539   !   4       java.io.BufferedReader::readLine (327 bytes)

Stack: [0x00000061e1d00000,0x00000061e1e00000]
Native frames: (J=compiled Java code, j=interpreted, Vv=VM code, C=native code)
V  [jvm.dll+0x67a04a]
V  [jvm.dll+0x7da4ed]
V  [jvm.dll+0x7dbe33]
V  [jvm.dll+0x7dc4a3]
V  [jvm.dll+0x24508f]
V  [jvm.dll+0xab773]
V  [jvm.dll+0xabd3c]
V  [jvm.dll+0x2aa52f]
V  [jvm.dll+0x581eb9]
V  [jvm.dll+0x21f422]
V  [jvm.dll+0x21f81f]
V  [jvm.dll+0x218aa0]
V  [jvm.dll+0x215b65]
V  [jvm.dll+0x1a2960]
V  [jvm.dll+0x22610b]
V  [jvm.dll+0x2242ab]
V  [jvm.dll+0x79075c]
V  [jvm.dll+0x78abea]
V  [jvm.dll+0x678f35]
C  [ucrtbase.dll+0x21bb2]
C  [KERNEL32.DLL+0x17374]
C  [ntdll.dll+0x4cc91]


---------------  P R O C E S S  ---------------

Threads class SMR info:
_java_thread_list=0x000001885b57fb70, length=73, elements={
0x000001880eaf9aa0, 0x000001883129f090, 0x000001883129fe20, 0x00000188312b40a0,
0x00000188312b7bf0, 0x00000188312b84c0, 0x00000188312b8d90, 0x00000188312baa50,
0x00000188312bb410, 0x00000188312be130, 0x00000188314c0c30, 0x000001883160d230,
0x0000018851444fc0, 0x00000188314ebf50, 0x0000018831a55b10, 0x000001883146f5b0,
0x0000018851fc90f0, 0x0000018851dd08f0, 0x0000018851dcf9c0, 0x0000018851dcfed0,
0x0000018851dd03e0, 0x0000018851dd0e00, 0x0000018851dd1310, 0x0000018851dd1820,
0x0000018851dd1d30, 0x0000018851dd2750, 0x0000018851dd2c60, 0x0000018851dd3170,
0x00000188511853f0, 0x0000018851181730, 0x0000018851180d10, 0x0000018851184ee0,
0x0000018851186830, 0x0000018851185900, 0x0000018851185e10, 0x0000018851186d40,
0x0000018851180800, 0x0000018851183aa0, 0x0000018851182150, 0x000001885117fde0,
0x0000018851183080, 0x0000018851186320, 0x0000018851181220, 0x0000018851182660,
0x0000018851187760, 0x0000018851183590, 0x0000018853b7c9b0, 0x0000018853b7b060,
0x0000018853b7ba80, 0x0000018853b7e810, 0x0000018853b7c4a0, 0x0000018853b7cec0,
0x0000018853b7d8e0, 0x0000018853b7e300, 0x0000018855e1c4d0, 0x0000018855e169b0,
0x0000018855e18300, 0x0000018855e16ec0, 0x0000018855e1b090, 0x0000018855e173d0,
0x0000018855e15f90, 0x0000018855e15060, 0x0000018855e1bab0, 0x0000018855e178e0,
0x0000018855e18810, 0x0000018855e1c9e0, 0x0000018855e15570, 0x0000018855e17df0,
0x0000018855e19c50, 0x0000018855e1ab80, 0x000001885397d130, 0x000001885397cc20,
0x00000188539808e0
}

Java Threads: ( => current thread )
  0x000001880eaf9aa0 JavaThread "main" [_thread_blocked, id=420992, stack(0x00000061e1000000,0x00000061e1100000)]
  0x000001883129f090 JavaThread "Reference Handler" daemon [_thread_blocked, id=411328, stack(0x00000061e1700000,0x00000061e1800000)]
  0x000001883129fe20 JavaThread "Finalizer" daemon [_thread_blocked, id=421956, stack(0x00000061e1800000,0x00000061e1900000)]
  0x00000188312b40a0 JavaThread "Signal Dispatcher" daemon [_thread_blocked, id=420204, stack(0x00000061e1900000,0x00000061e1a00000)]
  0x00000188312b7bf0 JavaThread "Attach Listener" daemon [_thread_blocked, id=416212, stack(0x00000061e1a00000,0x00000061e1b00000)]
  0x00000188312b84c0 JavaThread "Service Thread" daemon [_thread_blocked, id=421920, stack(0x00000061e1b00000,0x00000061e1c00000)]
  0x00000188312b8d90 JavaThread "Monitor Deflation Thread" daemon [_thread_blocked, id=414320, stack(0x00000061e1c00000,0x00000061e1d00000)]
=>0x00000188312baa50 JavaThread "C2 CompilerThread0" daemon [_thread_in_native, id=417848, stack(0x00000061e1d00000,0x00000061e1e00000)]
  0x00000188312bb410 JavaThread "C1 CompilerThread0" daemon [_thread_blocked, id=412524, stack(0x00000061e1e00000,0x00000061e1f00000)]
  0x00000188312be130 JavaThread "Sweeper thread" daemon [_thread_blocked, id=412744, stack(0x00000061e1f00000,0x00000061e2000000)]
  0x00000188314c0c30 JavaThread "Common-Cleaner" daemon [_thread_blocked, id=417232, stack(0x00000061e2000000,0x00000061e2100000)]
  0x000001883160d230 JavaThread "Notification Thread" daemon [_thread_blocked, id=422500, stack(0x00000061e2100000,0x00000061e2200000)]
  0x0000018851444fc0 JavaThread "Daemon health stats" [_thread_blocked, id=415852, stack(0x00000061e2300000,0x00000061e2400000)]
  0x00000188314ebf50 JavaThread "Incoming local TCP Connector on port 49987" [_thread_in_native, id=416552, stack(0x00000061e2900000,0x00000061e2a00000)]
  0x0000018831a55b10 JavaThread "Daemon periodic checks" [_thread_blocked, id=422800, stack(0x00000061e2a00000,0x00000061e2b00000)]
  0x000001883146f5b0 JavaThread "Daemon" [_thread_blocked, id=417360, stack(0x00000061e2b00000,0x00000061e2c00000)]
  0x0000018851fc90f0 JavaThread "Handler for socket connection from /127.0.0.1:49987 to /127.0.0.1:49988" [_thread_in_native, id=422716, stack(0x00000061e2c00000,0x00000061e2d00000)]
  0x0000018851dd08f0 JavaThread "Cancel handler" [_thread_blocked, id=421412, stack(0x00000061e2d00000,0x00000061e2e00000)]
  0x0000018851dcf9c0 JavaThread "Daemon worker" [_thread_in_vm, id=406404, stack(0x00000061e2e00000,0x00000061e2f00000)]
  0x0000018851dcfed0 JavaThread "Asynchronous log dispatcher for DefaultDaemonConnection: socket connection from /127.0.0.1:49987 to /127.0.0.1:49988" [_thread_blocked, id=405716, stack(0x00000061e2f00000,0x00000061e3000000)]
  0x0000018851dd03e0 JavaThread "Stdin handler" [_thread_blocked, id=417588, stack(0x00000061e3000000,0x00000061e3100000)]
  0x0000018851dd0e00 JavaThread "Daemon client event forwarder" [_thread_blocked, id=299060, stack(0x00000061e3100000,0x00000061e3200000)]
  0x0000018851dd1310 JavaThread "Cache worker for journal cache (E:\GradleCache\caches\journal-1)" [_thread_blocked, id=420804, stack(0x00000061e3200000,0x00000061e3300000)]
  0x0000018851dd1820 JavaThread "File lock request listener" [_thread_in_native, id=31800, stack(0x00000061e3300000,0x00000061e3400000)]
  0x0000018851dd1d30 JavaThread "Cache worker for file hash cache (E:\GradleCache\caches\8.14.1\fileHashes)" [_thread_blocked, id=57156, stack(0x00000061e3400000,0x00000061e3500000)]
  0x0000018851dd2750 JavaThread "Cache worker for file hash cache (E:\Connect\app\android\.gradle\8.14.1\fileHashes)" [_thread_blocked, id=421880, stack(0x00000061e3500000,0x00000061e3600000)]
  0x0000018851dd2c60 JavaThread "Cache worker for Build Output Cleanup Cache (E:\Connect\app\android\.gradle\buildOutputCleanup)" [_thread_blocked, id=422744, stack(0x00000061e3600000,0x00000061e3700000)]
  0x0000018851dd3170 JavaThread "File watcher server" daemon [_thread_in_native, id=422216, stack(0x00000061e3700000,0x00000061e3800000)]
  0x00000188511853f0 JavaThread "File watcher consumer" daemon [_thread_blocked, id=303880, stack(0x00000061e3b00000,0x00000061e3c00000)]
  0x0000018851181730 JavaThread "jar transforms" [_thread_blocked, id=267672, stack(0x00000061e4000000,0x00000061e4100000)]
  0x0000018851180d10 JavaThread "Cache worker for checksums cache (E:\Connect\app\android\.gradle\8.14.1\checksums)" [_thread_blocked, id=419552, stack(0x00000061e4100000,0x00000061e4200000)]
  0x0000018851184ee0 JavaThread "Cache worker for file content cache (E:\GradleCache\caches\8.14.1\fileContent)" [_thread_blocked, id=416616, stack(0x00000061e4200000,0x00000061e4300000)]
  0x0000018851186830 JavaThread "Cache worker for cache directory md-supplier (E:\GradleCache\caches\8.14.1\md-supplier)" [_thread_blocked, id=421388, stack(0x00000061e4300000,0x00000061e4400000)]
  0x0000018851185900 JavaThread "Cache worker for cache directory md-rule (E:\GradleCache\caches\8.14.1\md-rule)" [_thread_blocked, id=402116, stack(0x00000061e4400000,0x00000061e4500000)]
  0x0000018851185e10 JavaThread "Cache worker for Build Output Cleanup Cache (E:\Connect\app\node_modules\@react-native\gradle-plugin\.gradle\buildOutputCleanup)" [_thread_blocked, id=303260, stack(0x00000061e4500000,0x00000061e4600000)]
  0x0000018851186d40 JavaThread "Unconstrained build operations" [_thread_blocked, id=303988, stack(0x00000061e0e00000,0x00000061e0f00000)]
  0x0000018851180800 JavaThread "Unconstrained build operations Thread 2" [_thread_blocked, id=418280, stack(0x00000061e0f00000,0x00000061e1000000)]
  0x0000018851183aa0 JavaThread "Unconstrained build operations Thread 3" [_thread_blocked, id=422824, stack(0x00000061e4600000,0x00000061e4700000)]
  0x0000018851182150 JavaThread "Unconstrained build operations Thread 4" [_thread_blocked, id=403296, stack(0x00000061e4700000,0x00000061e4800000)]
  0x000001885117fde0 JavaThread "Unconstrained build operations Thread 5" [_thread_blocked, id=413604, stack(0x00000061e4800000,0x00000061e4900000)]
  0x0000018851183080 JavaThread "Unconstrained build operations Thread 6" [_thread_blocked, id=407208, stack(0x00000061e4900000,0x00000061e4a00000)]
  0x0000018851186320 JavaThread "build event listener" [_thread_blocked, id=421160, stack(0x00000061e4a00000,0x00000061e4b00000)]
  0x0000018851181220 JavaThread "Memory manager" [_thread_blocked, id=418240, stack(0x00000061e4b00000,0x00000061e4c00000)]
  0x0000018851182660 JavaThread "ForkJoinPool.commonPool-worker-1" daemon [_thread_blocked, id=406364, stack(0x00000061e3c00000,0x00000061e3d00000)]
  0x0000018851187760 JavaThread "ForkJoinPool.commonPool-worker-2" daemon [_thread_blocked, id=422932, stack(0x00000061e4c00000,0x00000061e4d00000)]
  0x0000018851183590 JavaThread "ForkJoinPool.commonPool-worker-3" daemon [_thread_blocked, id=422140, stack(0x00000061e4d00000,0x00000061e4e00000)]
  0x0000018853b7c9b0 JavaThread "ForkJoinPool.commonPool-worker-4" daemon [_thread_blocked, id=303980, stack(0x00000061e4e00000,0x00000061e4f00000)]
  0x0000018853b7b060 JavaThread "ForkJoinPool.commonPool-worker-5" daemon [_thread_blocked, id=418936, stack(0x00000061e4f00000,0x00000061e5000000)]
  0x0000018853b7ba80 JavaThread "Execution worker" [_thread_blocked, id=422440, stack(0x00000061e5200000,0x00000061e5300000)]
  0x0000018853b7e810 JavaThread "Cache worker for execution history cache (E:\Connect\app\node_modules\@react-native\gradle-plugin\.gradle\8.14.1\executionHistory)" [_thread_blocked, id=416740, stack(0x00000061e5300000,0x00000061e5400000)]
  0x0000018853b7c4a0 JavaThread "Unconstrained build operations Thread 7" [_thread_blocked, id=423040, stack(0x00000061e5400000,0x00000061e5500000)]
  0x0000018853b7cec0 JavaThread "Unconstrained build operations Thread 8" [_thread_blocked, id=423176, stack(0x00000061e5500000,0x00000061e5600000)]
  0x0000018853b7d8e0 JavaThread "Unconstrained build operations Thread 9" [_thread_blocked, id=423752, stack(0x00000061e5600000,0x00000061e5700000)]
  0x0000018853b7e300 JavaThread "Unconstrained build operations Thread 10" [_thread_blocked, id=423036, stack(0x00000061e5700000,0x00000061e5800000)]
  0x0000018855e1c4d0 JavaThread "Unconstrained build operations Thread 11" [_thread_blocked, id=423264, stack(0x00000061e5800000,0x00000061e5900000)]
  0x0000018855e169b0 JavaThread "Unconstrained build operations Thread 12" [_thread_blocked, id=421420, stack(0x00000061e5900000,0x00000061e5a00000)]
  0x0000018855e18300 JavaThread "Unconstrained build operations Thread 13" [_thread_blocked, id=422940, stack(0x00000061e5a00000,0x00000061e5b00000)]
  0x0000018855e16ec0 JavaThread "Unconstrained build operations Thread 14" [_thread_blocked, id=422256, stack(0x00000061e5b00000,0x00000061e5c00000)]
  0x0000018855e1b090 JavaThread "jar transforms Thread 2" [_thread_blocked, id=422176, stack(0x00000061e5c00000,0x00000061e5d00000)]
  0x0000018855e173d0 JavaThread "jar transforms Thread 3" [_thread_blocked, id=423312, stack(0x00000061e5d00000,0x00000061e5e00000)]
  0x0000018855e15f90 JavaThread "Unconstrained build operations Thread 15" [_thread_blocked, id=423876, stack(0x00000061e5e00000,0x00000061e5f00000)]
  0x0000018855e15060 JavaThread "Unconstrained build operations Thread 16" [_thread_blocked, id=423728, stack(0x00000061e5f00000,0x00000061e6000000)]
  0x0000018855e1bab0 JavaThread "Unconstrained build operations Thread 17" [_thread_blocked, id=423216, stack(0x00000061e6000000,0x00000061e6100000)]
  0x0000018855e178e0 JavaThread "Unconstrained build operations Thread 18" [_thread_blocked, id=423336, stack(0x00000061e6100000,0x00000061e6200000)]
  0x0000018855e18810 JavaThread "Unconstrained build operations Thread 19" [_thread_blocked, id=423056, stack(0x00000061e6200000,0x00000061e6300000)]
  0x0000018855e1c9e0 JavaThread "jar transforms Thread 4" [_thread_blocked, id=418344, stack(0x00000061e6300000,0x00000061e6400000)]
  0x0000018855e15570 JavaThread "jar transforms Thread 5" [_thread_blocked, id=423548, stack(0x00000061e6400000,0x00000061e6500000)]
  0x0000018855e17df0 JavaThread "jar transforms Thread 6" [_thread_blocked, id=423716, stack(0x00000061e6500000,0x00000061e6600000)]
  0x0000018855e19c50 JavaThread "Problems report writer" [_thread_blocked, id=415568, stack(0x00000061e6600000,0x00000061e6700000)]
  0x0000018855e1ab80 JavaThread "build event listener" [_thread_blocked, id=423452, stack(0x00000061e6700000,0x00000061e6800000)]
  0x000001885397d130 JavaThread "jar transforms Thread 7" [_thread_blocked, id=423832, stack(0x00000061e6800000,0x00000061e6900000)]
  0x000001885397cc20 JavaThread "jar transforms Thread 8" [_thread_blocked, id=423888, stack(0x00000061e6900000,0x00000061e6a00000)]
  0x00000188539808e0 JavaThread "ForkJoinPool.commonPool-worker-7" daemon [_thread_blocked, id=423028, stack(0x00000061e3d00000,0x00000061e3e00000)]

Other Threads:
  0x000001883129a9e0 VMThread "VM Thread" [stack: 0x00000061e1600000,0x00000061e1700000] [id=422620]
  0x000001883160db10 WatcherThread [stack: 0x00000061e2200000,0x00000061e2300000] [id=409640]
  0x000001880eb53d70 GCTaskThread "GC Thread#0" [stack: 0x00000061e1100000,0x00000061e1200000] [id=422056]
  0x0000018831692bf0 GCTaskThread "GC Thread#1" [stack: 0x00000061e2400000,0x00000061e2500000] [id=421212]
  0x00000188318cadd0 GCTaskThread "GC Thread#2" [stack: 0x00000061e2500000,0x00000061e2600000] [id=411780]
  0x00000188318cb090 GCTaskThread "GC Thread#3" [stack: 0x00000061e2600000,0x00000061e2700000] [id=417680]
  0x000001883194f130 GCTaskThread "GC Thread#4" [stack: 0x00000061e2700000,0x00000061e2800000] [id=419816]
  0x000001883194f3f0 GCTaskThread "GC Thread#5" [stack: 0x00000061e2800000,0x00000061e2900000] [id=422636]
  0x0000018853144da0 GCTaskThread "GC Thread#6" [stack: 0x00000061e3800000,0x00000061e3900000] [id=421244]
  0x00000188531455e0 GCTaskThread "GC Thread#7" [stack: 0x00000061e3900000,0x00000061e3a00000] [id=350928]
  0x000001880eb60c50 ConcurrentGCThread "G1 Main Marker" [stack: 0x00000061e1200000,0x00000061e1300000] [id=422404]
  0x000001880eb61570 ConcurrentGCThread "G1 Conc#0" [stack: 0x00000061e1300000,0x00000061e1400000] [id=421860]
  0x0000018853146660 ConcurrentGCThread "G1 Conc#1" [stack: 0x00000061e3a00000,0x00000061e3b00000] [id=422872]
  0x000001880ebce550 ConcurrentGCThread "G1 Refine#0" [stack: 0x00000061e1400000,0x00000061e1500000] [id=418440]
  0x0000018852c9e020 ConcurrentGCThread "G1 Refine#1" [stack: 0x00000061e3e00000,0x00000061e3f00000] [id=415848]
  0x0000018852c9e310 ConcurrentGCThread "G1 Refine#2" [stack: 0x00000061e3f00000,0x00000061e4000000] [id=413080]
  0x00000188311580f0 ConcurrentGCThread "G1 Service" [stack: 0x00000061e1500000,0x00000061e1600000] [id=417576]

Threads with active compile tasks:
C2 CompilerThread0   206249 13539   !   4       java.io.BufferedReader::readLine (327 bytes)

VM state: not at safepoint (normal execution)

VM Mutex/Monitor currently owned by a thread:  ([mutex/lock_event])
[0x000001880eaf4e50] Metaspace_lock - owner thread: 0x0000018851dcf9c0

Heap address: 0x0000000740000000, size: 3072 MB, Compressed Oops mode: Zero based, Oop shift amount: 3

CDS archive(s) mapped at: [0x0000018832000000-0x0000018832bd0000-0x0000018832bd0000), size 12386304, SharedBaseAddress: 0x0000018832000000, ArchiveRelocationMode: 1.
Compressed class space mapped at: 0x0000018833000000-0x000001884d000000, reserved size: 436207616
Narrow klass base: 0x0000018832000000, Narrow klass shift: 0, Narrow klass range: 0x100000000

GC Precious Log:
 CPUs: 8 total, 8 available
 Memory: 16227M
 Large Page Support: Disabled
 NUMA Support: Disabled
 Compressed Oops: Enabled (Zero based)
 Heap Region Size: 2M
 Heap Min Capacity: 8M
 Heap Initial Capacity: 254M
 Heap Max Capacity: 3G
 Pre-touch: Disabled
 Parallel Workers: 8
 Concurrent Workers: 2
 Concurrent Refinement Workers: 8
 Periodic GC: Disabled

Heap:
 garbage-first heap   total 182272K, used 138062K [0x0000000740000000, 0x0000000800000000)
  region size 2048K, 5 young (10240K), 2 survivors (4096K)
 Metaspace       used 106320K, committed 107328K, reserved 557056K
  class space    used 14670K, committed 15168K, reserved 425984K

Heap Regions: E=young(eden), S=young(survivor), O=old, HS=humongous(starts), HC=humongous(continues), CS=collection set, F=free, OA=open archive, CA=closed archive, TAMS=top-at-mark-start (previous, next)
|   0|0x0000000740000000, 0x0000000740200000, 0x0000000740200000|100%|HS|  |TAMS 0x0000000740200000, 0x0000000740000000| Complete 
|   1|0x0000000740200000, 0x0000000740400000, 0x0000000740400000|100%|HC|  |TAMS 0x0000000740400000, 0x0000000740200000| Complete 
|   2|0x0000000740400000, 0x0000000740600000, 0x0000000740600000|100%| O|  |TAMS 0x0000000740600000, 0x0000000740400000| Untracked 
|   3|0x0000000740600000, 0x0000000740800000, 0x0000000740800000|100%| O|  |TAMS 0x0000000740800000, 0x0000000740600000| Untracked 
|   4|0x0000000740800000, 0x0000000740a00000, 0x0000000740a00000|100%| O|  |TAMS 0x0000000740a00000, 0x0000000740800000| Untracked 
|   5|0x0000000740a00000, 0x0000000740c00000, 0x0000000740c00000|100%| O|  |TAMS 0x0000000740c00000, 0x0000000740a00000| Untracked 
|   6|0x0000000740c00000, 0x0000000740e00000, 0x0000000740e00000|100%| O|  |TAMS 0x0000000740e00000, 0x0000000740c00000| Untracked 
|   7|0x0000000740e00000, 0x0000000741000000, 0x0000000741000000|100%| O|  |TAMS 0x0000000741000000, 0x0000000740e00000| Untracked 
|   8|0x0000000741000000, 0x0000000741200000, 0x0000000741200000|100%| O|  |TAMS 0x0000000741200000, 0x0000000741000000| Untracked 
|   9|0x0000000741200000, 0x0000000741400000, 0x0000000741400000|100%| O|  |TAMS 0x0000000741400000, 0x0000000741200000| Untracked 
|  10|0x0000000741400000, 0x0000000741600000, 0x0000000741600000|100%| O|  |TAMS 0x0000000741600000, 0x0000000741400000| Untracked 
|  11|0x0000000741600000, 0x0000000741800000, 0x0000000741800000|100%| O|  |TAMS 0x0000000741800000, 0x0000000741600000| Untracked 
|  12|0x0000000741800000, 0x0000000741a00000, 0x0000000741a00000|100%| O|  |TAMS 0x0000000741a00000, 0x0000000741800000| Untracked 
|  13|0x0000000741a00000, 0x0000000741c00000, 0x0000000741c00000|100%| O|  |TAMS 0x0000000741c00000, 0x0000000741a00000| Untracked 
|  14|0x0000000741c00000, 0x0000000741e00000, 0x0000000741e00000|100%| O|  |TAMS 0x0000000741e00000, 0x0000000741c00000| Untracked 
|  15|0x0000000741e00000, 0x0000000742000000, 0x0000000742000000|100%| O|  |TAMS 0x0000000742000000, 0x0000000741e00000| Untracked 
|  16|0x0000000742000000, 0x0000000742200000, 0x0000000742200000|100%| O|  |TAMS 0x0000000742200000, 0x0000000742000000| Untracked 
|  17|0x0000000742200000, 0x0000000742400000, 0x0000000742400000|100%| O|  |TAMS 0x0000000742400000, 0x0000000742200000| Untracked 
|  18|0x0000000742400000, 0x0000000742600000, 0x0000000742600000|100%| O|  |TAMS 0x0000000742600000, 0x0000000742400000| Untracked 
|  19|0x0000000742600000, 0x0000000742800000, 0x0000000742800000|100%| O|  |TAMS 0x0000000742800000, 0x0000000742600000| Untracked 
|  20|0x0000000742800000, 0x0000000742a00000, 0x0000000742a00000|100%| O|  |TAMS 0x0000000742a00000, 0x0000000742800000| Untracked 
|  21|0x0000000742a00000, 0x0000000742c00000, 0x0000000742c00000|100%|HS|  |TAMS 0x0000000742c00000, 0x0000000742a00000| Complete 
|  22|0x0000000742c00000, 0x0000000742e00000, 0x0000000742e00000|100%|HC|  |TAMS 0x0000000742e00000, 0x0000000742c00000| Complete 
|  23|0x0000000742e00000, 0x0000000743000000, 0x0000000743000000|100%| O|  |TAMS 0x0000000742e00000, 0x0000000742e00000| Untracked 
|  24|0x0000000743000000, 0x0000000743200000, 0x0000000743200000|100%|HS|  |TAMS 0x0000000743200000, 0x0000000743000000| Complete 
|  25|0x0000000743200000, 0x0000000743400000, 0x0000000743400000|100%|HC|  |TAMS 0x0000000743400000, 0x0000000743200000| Complete 
|  26|0x0000000743400000, 0x0000000743600000, 0x0000000743600000|100%| O|  |TAMS 0x0000000743600000, 0x0000000743400000| Untracked 
|  27|0x0000000743600000, 0x0000000743800000, 0x0000000743800000|100%| O|  |TAMS 0x0000000743800000, 0x0000000743600000| Untracked 
|  28|0x0000000743800000, 0x0000000743a00000, 0x0000000743a00000|100%| O|  |TAMS 0x0000000743a00000, 0x0000000743800000| Untracked 
|  29|0x0000000743a00000, 0x0000000743c00000, 0x0000000743c00000|100%| O|  |TAMS 0x0000000743c00000, 0x0000000743a00000| Untracked 
|  30|0x0000000743c00000, 0x0000000743e00000, 0x0000000743e00000|100%| O|  |TAMS 0x0000000743c00000, 0x0000000743c00000| Untracked 
|  31|0x0000000743e00000, 0x0000000744000000, 0x0000000744000000|100%| O|  |TAMS 0x0000000744000000, 0x0000000743e00000| Untracked 
|  32|0x0000000744000000, 0x0000000744200000, 0x0000000744200000|100%| O|  |TAMS 0x0000000744200000, 0x0000000744000000| Untracked 
|  33|0x0000000744200000, 0x0000000744400000, 0x0000000744400000|100%| O|  |TAMS 0x0000000744400000, 0x0000000744200000| Untracked 
|  34|0x0000000744400000, 0x0000000744600000, 0x0000000744600000|100%| O|  |TAMS 0x0000000744600000, 0x0000000744400000| Untracked 
|  35|0x0000000744600000, 0x0000000744800000, 0x0000000744800000|100%| O|  |TAMS 0x0000000744800000, 0x0000000744600000| Untracked 
|  36|0x0000000744800000, 0x0000000744a00000, 0x0000000744a00000|100%| O|  |TAMS 0x0000000744800000, 0x0000000744800000| Untracked 
|  37|0x0000000744a00000, 0x0000000744c00000, 0x0000000744c00000|100%| O|  |TAMS 0x0000000744c00000, 0x0000000744a00000| Untracked 
|  38|0x0000000744c00000, 0x0000000744e00000, 0x0000000744e00000|100%| O|  |TAMS 0x0000000744e00000, 0x0000000744c00000| Untracked 
|  39|0x0000000744e00000, 0x0000000745000000, 0x0000000745000000|100%| O|  |TAMS 0x0000000745000000, 0x0000000744e00000| Untracked 
|  40|0x0000000745000000, 0x0000000745200000, 0x0000000745200000|100%| O|  |TAMS 0x000000074519fa00, 0x0000000745000000| Untracked 
|  41|0x0000000745200000, 0x0000000745400000, 0x0000000745400000|100%| O|  |TAMS 0x0000000745200000, 0x0000000745200000| Untracked 
|  42|0x0000000745400000, 0x0000000745600000, 0x0000000745600000|100%| O|  |TAMS 0x0000000745400000, 0x0000000745400000| Untracked 
|  43|0x0000000745600000, 0x0000000745800000, 0x0000000745800000|100%| O|  |TAMS 0x0000000745600000, 0x0000000745600000| Untracked 
|  44|0x0000000745800000, 0x0000000745a00000, 0x0000000745a00000|100%| O|  |TAMS 0x0000000745800000, 0x0000000745800000| Untracked 
|  45|0x0000000745a00000, 0x0000000745c00000, 0x0000000745c00000|100%| O|  |TAMS 0x0000000745a00000, 0x0000000745a00000| Untracked 
|  46|0x0000000745c00000, 0x0000000745e00000, 0x0000000745e00000|100%| O|  |TAMS 0x0000000745c00000, 0x0000000745c00000| Untracked 
|  47|0x0000000745e00000, 0x0000000746000000, 0x0000000746000000|100%| O|  |TAMS 0x0000000745e00000, 0x0000000745e00000| Untracked 
|  48|0x0000000746000000, 0x0000000746200000, 0x0000000746200000|100%| O|  |TAMS 0x0000000746000000, 0x0000000746000000| Untracked 
|  49|0x0000000746200000, 0x0000000746400000, 0x0000000746400000|100%| O|  |TAMS 0x0000000746200000, 0x0000000746200000| Untracked 
|  50|0x0000000746400000, 0x0000000746600000, 0x0000000746600000|100%| O|  |TAMS 0x0000000746400000, 0x0000000746400000| Untracked 
|  51|0x0000000746600000, 0x0000000746800000, 0x0000000746800000|100%| O|  |TAMS 0x0000000746600000, 0x0000000746600000| Untracked 
|  52|0x0000000746800000, 0x0000000746a00000, 0x0000000746a00000|100%|HS|  |TAMS 0x0000000746800000, 0x0000000746800000| Complete 
|  53|0x0000000746a00000, 0x0000000746c00000, 0x0000000746c00000|100%|HC|  |TAMS 0x0000000746a00000, 0x0000000746a00000| Complete 
|  54|0x0000000746c00000, 0x0000000746e00000, 0x0000000746e00000|100%| O|  |TAMS 0x0000000746c00000, 0x0000000746c00000| Untracked 
|  55|0x0000000746e00000, 0x0000000747000000, 0x0000000747000000|100%| O|  |TAMS 0x0000000746e00000, 0x0000000746e00000| Untracked 
|  56|0x0000000747000000, 0x0000000747200000, 0x0000000747200000|100%| O|  |TAMS 0x0000000747000000, 0x0000000747000000| Untracked 
|  57|0x0000000747200000, 0x0000000747400000, 0x0000000747400000|100%| O|  |TAMS 0x0000000747200000, 0x0000000747200000| Untracked 
|  58|0x0000000747400000, 0x0000000747600000, 0x0000000747600000|100%| O|  |TAMS 0x0000000747400000, 0x0000000747400000| Untracked 
|  59|0x0000000747600000, 0x0000000747800000, 0x0000000747800000|100%| O|  |TAMS 0x0000000747600000, 0x0000000747600000| Untracked 
|  60|0x0000000747800000, 0x0000000747a00000, 0x0000000747a00000|100%| O|  |TAMS 0x0000000747800000, 0x0000000747800000| Untracked 
|  61|0x0000000747a00000, 0x0000000747c00000, 0x0000000747c00000|100%| O|  |TAMS 0x0000000747a00000, 0x0000000747a00000| Untracked 
|  62|0x0000000747c00000, 0x0000000747e00000, 0x0000000747e00000|100%| O|  |TAMS 0x0000000747c00000, 0x0000000747c00000| Untracked 
|  63|0x0000000747e00000, 0x0000000748000000, 0x0000000748000000|100%| O|  |TAMS 0x0000000747e00000, 0x0000000747e00000| Untracked 
|  64|0x0000000748000000, 0x0000000748039000, 0x0000000748200000| 11%| O|  |TAMS 0x0000000748000000, 0x0000000748000000| Untracked 
|  65|0x0000000748200000, 0x0000000748200000, 0x0000000748400000|  0%| F|  |TAMS 0x0000000748200000, 0x0000000748200000| Untracked 
|  66|0x0000000748400000, 0x0000000748400000, 0x0000000748600000|  0%| F|  |TAMS 0x0000000748400000, 0x0000000748400000| Untracked 
|  67|0x0000000748600000, 0x0000000748600000, 0x0000000748800000|  0%| F|  |TAMS 0x0000000748600000, 0x0000000748600000| Untracked 
|  68|0x0000000748800000, 0x0000000748800000, 0x0000000748a00000|  0%| F|  |TAMS 0x0000000748800000, 0x0000000748800000| Untracked 
|  69|0x0000000748a00000, 0x0000000748a00000, 0x0000000748c00000|  0%| F|  |TAMS 0x0000000748a00000, 0x0000000748a00000| Untracked 
|  70|0x0000000748c00000, 0x0000000748c00000, 0x0000000748e00000|  0%| F|  |TAMS 0x0000000748c00000, 0x0000000748c00000| Untracked 
|  71|0x0000000748e00000, 0x0000000748e00000, 0x0000000749000000|  0%| F|  |TAMS 0x0000000748e00000, 0x0000000748e00000| Untracked 
|  72|0x0000000749000000, 0x0000000749000000, 0x0000000749200000|  0%| F|  |TAMS 0x0000000749000000, 0x0000000749000000| Untracked 
|  73|0x0000000749200000, 0x0000000749200000, 0x0000000749400000|  0%| F|  |TAMS 0x0000000749200000, 0x0000000749200000| Untracked 
|  74|0x0000000749400000, 0x0000000749400000, 0x0000000749600000|  0%| F|  |TAMS 0x0000000749400000, 0x0000000749400000| Untracked 
|  75|0x0000000749600000, 0x0000000749600000, 0x0000000749800000|  0%| F|  |TAMS 0x0000000749600000, 0x0000000749600000| Untracked 
|  76|0x0000000749800000, 0x000000074989ab60, 0x0000000749a00000| 30%| S|CS|TAMS 0x0000000749800000, 0x0000000749800000| Complete 
|  77|0x0000000749a00000, 0x0000000749c00000, 0x0000000749c00000|100%| S|CS|TAMS 0x0000000749a00000, 0x0000000749a00000| Complete 
|  78|0x0000000749c00000, 0x0000000749c00000, 0x0000000749e00000|  0%| F|  |TAMS 0x0000000749c00000, 0x0000000749c00000| Untracked 
|  79|0x0000000749e00000, 0x0000000749e00000, 0x000000074a000000|  0%| F|  |TAMS 0x0000000749e00000, 0x0000000749e00000| Untracked 
|  80|0x000000074a000000, 0x000000074a000000, 0x000000074a200000|  0%| F|  |TAMS 0x000000074a000000, 0x000000074a000000| Untracked 
|  81|0x000000074a200000, 0x000000074a200000, 0x000000074a400000|  0%| F|  |TAMS 0x000000074a200000, 0x000000074a200000| Untracked 
|  82|0x000000074a400000, 0x000000074a400000, 0x000000074a600000|  0%| F|  |TAMS 0x000000074a400000, 0x000000074a400000| Untracked 
|  83|0x000000074a600000, 0x000000074a600000, 0x000000074a800000|  0%| F|  |TAMS 0x000000074a600000, 0x000000074a600000| Untracked 
|  84|0x000000074a800000, 0x000000074a800000, 0x000000074aa00000|  0%| F|  |TAMS 0x000000074a800000, 0x000000074a800000| Untracked 
|  85|0x000000074aa00000, 0x000000074aa00000, 0x000000074ac00000|  0%| F|  |TAMS 0x000000074aa00000, 0x000000074aa00000| Untracked 
|  86|0x000000074ac00000, 0x000000074add4258, 0x000000074ae00000| 91%| E|  |TAMS 0x000000074ac00000, 0x000000074ac00000| Complete 
|  87|0x000000074ae00000, 0x000000074b000000, 0x000000074b000000|100%| E|CS|TAMS 0x000000074ae00000, 0x000000074ae00000| Complete 
| 126|0x000000074fc00000, 0x000000074fe00000, 0x000000074fe00000|100%| E|CS|TAMS 0x000000074fc00000, 0x000000074fc00000| Complete 

Card table byte_map: [0x0000018827bf0000,0x00000188281f0000] _byte_map_base: 0x00000188241f0000

Marking Bits (Prev, Next): (CMBitMap*) 0x000001880eb542a0, (CMBitMap*) 0x000001880eb542e0
 Prev Bits: [0x00000188287f0000, 0x000001882b7f0000)
 Next Bits: [0x000001882b7f0000, 0x000001882e7f0000)

Polling page: 0x000001880e980000

Metaspace:

Usage:
  Non-class:     89.50 MB used.
      Class:     14.33 MB used.
       Both:    103.83 MB used.

Virtual space:
  Non-class space:      128.00 MB reserved,      90.00 MB ( 70%) committed,  2 nodes.
      Class space:      416.00 MB reserved,      14.81 MB (  4%) committed,  1 nodes.
             Both:      544.00 MB reserved,     104.81 MB ( 19%) committed. 

Chunk freelists:
   Non-Class:  5.98 MB
       Class:  1.12 MB
        Both:  7.11 MB

MaxMetaspaceSize: 512.00 MB
CompressedClassSpaceSize: 416.00 MB
Initial GC threshold: 21.00 MB
Current GC threshold: 121.56 MB
CDS: on
MetaspaceReclaimPolicy: balanced
 - commit_granule_bytes: 65536.
 - commit_granule_words: 8192.
 - virtual_space_node_default_size: 8388608.
 - enlarge_chunks_in_place: 1.
 - new_chunks_are_fully_committed: 0.
 - uncommit_free_chunks: 1.
 - use_allocation_guard: 0.
 - handle_deallocations: 1.


Internal statistics:

num_allocs_failed_limit: 6.
num_arena_births: 1388.
num_arena_deaths: 0.
num_vsnodes_births: 3.
num_vsnodes_deaths: 0.
num_space_committed: 1677.
num_space_uncommitted: 0.
num_chunks_returned_to_freelist: 6.
num_chunks_taken_from_freelist: 6048.
num_chunk_merges: 6.
num_chunk_splits: 3917.
num_chunks_enlarged: 2532.
num_inconsistent_stats: 0.

CodeHeap 'non-profiled nmethods': size=120000Kb used=8404Kb max_used=8404Kb free=111595Kb
 bounds [0x000001881f660000, 0x000001881fea0000, 0x0000018826b90000]
CodeHeap 'profiled nmethods': size=120000Kb used=23561Kb max_used=23561Kb free=96438Kb
 bounds [0x0000018817b90000, 0x00000188192a0000, 0x000001881f0c0000]
CodeHeap 'non-nmethods': size=5760Kb used=2442Kb max_used=2495Kb free=3317Kb
 bounds [0x000001881f0c0000, 0x000001881f340000, 0x000001881f660000]
 total_blobs=12923 nmethods=11933 adapters=902
 compilation: enabled
              stopped_count=0, restarted_count=0
 full_count=0

Compilation events (20 events):
Event: 205.812 Thread 0x00000188312bb410 nmethod 13532 0x0000018819287f90 code [0x0000018819288120, 0x0000018819288268]
Event: 205.812 Thread 0x00000188312bb410 13534       3       java.lang.String::<init> (74 bytes)
Event: 205.813 Thread 0x00000188312bb410 nmethod 13534 0x0000018819288310 code [0x00000188192884e0, 0x00000188192888f8]
Event: 205.813 Thread 0x00000188312bb410 13535       3       java.lang.String::<init> (14 bytes)
Event: 205.813 Thread 0x00000188312bb410 nmethod 13535 0x0000018819288a10 code [0x0000018819288bc0, 0x0000018819288dd8]
Event: 205.816 Thread 0x00000188312bb410 13537       3       java.lang.StringUTF16::compress (50 bytes)
Event: 205.816 Thread 0x00000188312bb410 nmethod 13537 0x0000018819288f10 code [0x00000188192890c0, 0x0000018819289318]
Event: 205.819 Thread 0x00000188312baa50 13538       4       sun.nio.cs.UTF_8$Decoder::decodeArrayLoop (688 bytes)
Event: 205.906 Thread 0x00000188312bb410 13543       3       sun.nio.cs.UTF_8$Decoder::isMalformed3 (45 bytes)
Event: 205.907 Thread 0x00000188312bb410 nmethod 13543 0x0000018819289490 code [0x0000018819289620, 0x0000018819289838]
Event: 205.915 Thread 0x00000188312baa50 nmethod 13538 0x000001881fe92410 code [0x000001881fe926c0, 0x000001881fe93f18]
Event: 205.915 Thread 0x00000188312baa50 13539   !   4       java.io.BufferedReader::readLine (327 bytes)
Event: 205.915 Thread 0x00000188312bb410 13544       3       java.lang.StringUTF16::toBytes (34 bytes)
Event: 205.915 Thread 0x00000188312bb410 nmethod 13544 0x0000018819289910 code [0x0000018819289ac0, 0x0000018819289ce8]
Event: 205.944 Thread 0x00000188312bb410 13548       3       java.lang.String::indexOf (64 bytes)
Event: 205.944 Thread 0x00000188312bb410 nmethod 13548 0x0000018819289e90 code [0x000001881928a0a0, 0x000001881928a588]
Event: 205.948 Thread 0x00000188312bb410 13549       3       sun.nio.cs.UTF_8$Decoder::isNotContinuation (17 bytes)
Event: 205.948 Thread 0x00000188312bb410 nmethod 13549 0x000001881928a710 code [0x000001881928a8a0, 0x000001881928a9f8]
Event: 205.948 Thread 0x00000188312bb410 13550       3       java.lang.StringUTF16::newBytesFor (61 bytes)
Event: 205.950 Thread 0x00000188312bb410 nmethod 13550 0x000001881928aa90 code [0x000001881928ad00, 0x000001881928b5e8]

GC Heap History (20 events):
Event: 194.838 GC heap before
{Heap before GC invocations=84 (full 0):
 garbage-first heap   total 151552K, used 128168K [0x0000000740000000, 0x0000000800000000)
  region size 2048K, 4 young (8192K), 1 survivors (2048K)
 Metaspace       used 100472K, committed 101440K, reserved 557056K
  class space    used 13948K, committed 14464K, reserved 425984K
}
Event: 194.847 GC heap after
{Heap after GC invocations=85 (full 0):
 garbage-first heap   total 151552K, used 124332K [0x0000000740000000, 0x0000000800000000)
  region size 2048K, 1 young (2048K), 1 survivors (2048K)
 Metaspace       used 100472K, committed 101440K, reserved 557056K
  class space    used 13948K, committed 14464K, reserved 425984K
}
Event: 195.600 GC heap before
{Heap before GC invocations=85 (full 0):
 garbage-first heap   total 151552K, used 130476K [0x0000000740000000, 0x0000000800000000)
  region size 2048K, 4 young (8192K), 1 survivors (2048K)
 Metaspace       used 100847K, committed 101824K, reserved 557056K
  class space    used 14000K, committed 14528K, reserved 425984K
}
Event: 195.604 GC heap after
{Heap after GC invocations=86 (full 0):
 garbage-first heap   total 151552K, used 124648K [0x0000000740000000, 0x0000000800000000)
  region size 2048K, 1 young (2048K), 1 survivors (2048K)
 Metaspace       used 100847K, committed 101824K, reserved 557056K
  class space    used 14000K, committed 14528K, reserved 425984K
}
Event: 196.338 GC heap before
{Heap before GC invocations=86 (full 0):
 garbage-first heap   total 151552K, used 130792K [0x0000000740000000, 0x0000000800000000)
  region size 2048K, 4 young (8192K), 1 survivors (2048K)
 Metaspace       used 101150K, committed 102144K, reserved 557056K
  class space    used 14045K, committed 14528K, reserved 425984K
}
Event: 196.342 GC heap after
{Heap after GC invocations=87 (full 0):
 garbage-first heap   total 151552K, used 124933K [0x0000000740000000, 0x0000000800000000)
  region size 2048K, 1 young (2048K), 1 survivors (2048K)
 Metaspace       used 101150K, committed 102144K, reserved 557056K
  class space    used 14045K, committed 14528K, reserved 425984K
}
Event: 197.886 GC heap before
{Heap before GC invocations=87 (full 0):
 garbage-first heap   total 151552K, used 131077K [0x0000000740000000, 0x0000000800000000)
  region size 2048K, 4 young (8192K), 1 survivors (2048K)
 Metaspace       used 101502K, committed 102528K, reserved 557056K
  class space    used 14087K, committed 14592K, reserved 425984K
}
Event: 197.894 GC heap after
{Heap after GC invocations=88 (full 0):
 garbage-first heap   total 151552K, used 125632K [0x0000000740000000, 0x0000000800000000)
  region size 2048K, 1 young (2048K), 1 survivors (2048K)
 Metaspace       used 101502K, committed 102528K, reserved 557056K
  class space    used 14087K, committed 14592K, reserved 425984K
}
Event: 198.235 GC heap before
{Heap before GC invocations=88 (full 0):
 garbage-first heap   total 151552K, used 131776K [0x0000000740000000, 0x0000000800000000)
  region size 2048K, 4 young (8192K), 1 survivors (2048K)
 Metaspace       used 101652K, committed 102656K, reserved 557056K
  class space    used 14114K, committed 14592K, reserved 425984K
}
Event: 198.241 GC heap after
{Heap after GC invocations=89 (full 0):
 garbage-first heap   total 151552K, used 126330K [0x0000000740000000, 0x0000000800000000)
  region size 2048K, 1 young (2048K), 1 survivors (2048K)
 Metaspace       used 101652K, committed 102656K, reserved 557056K
  class space    used 14114K, committed 14592K, reserved 425984K
}
Event: 198.642 GC heap before
{Heap before GC invocations=89 (full 0):
 garbage-first heap   total 151552K, used 130426K [0x0000000740000000, 0x0000000800000000)
  region size 2048K, 3 young (6144K), 1 survivors (2048K)
 Metaspace       used 101704K, committed 102720K, reserved 557056K
  class space    used 14123K, committed 14656K, reserved 425984K
}
Event: 198.648 GC heap after
{Heap after GC invocations=90 (full 0):
 garbage-first heap   total 151552K, used 126735K [0x0000000740000000, 0x0000000800000000)
  region size 2048K, 1 young (2048K), 1 survivors (2048K)
 Metaspace       used 101704K, committed 102720K, reserved 557056K
  class space    used 14123K, committed 14656K, reserved 425984K
}
Event: 198.903 GC heap before
{Heap before GC invocations=90 (full 0):
 garbage-first heap   total 151552K, used 130831K [0x0000000740000000, 0x0000000800000000)
  region size 2048K, 3 young (6144K), 1 survivors (2048K)
 Metaspace       used 101772K, committed 102784K, reserved 557056K
  class space    used 14132K, committed 14656K, reserved 425984K
}
Event: 198.909 GC heap after
{Heap after GC invocations=91 (full 0):
 garbage-first heap   total 182272K, used 127371K [0x0000000740000000, 0x0000000800000000)
  region size 2048K, 1 young (2048K), 1 survivors (2048K)
 Metaspace       used 101772K, committed 102784K, reserved 557056K
  class space    used 14132K, committed 14656K, reserved 425984K
}
Event: 200.737 GC heap before
{Heap before GC invocations=91 (full 0):
 garbage-first heap   total 182272K, used 151947K [0x0000000740000000, 0x0000000800000000)
  region size 2048K, 13 young (26624K), 1 survivors (2048K)
 Metaspace       used 102572K, committed 103552K, reserved 557056K
  class space    used 14228K, committed 14720K, reserved 425984K
}
Event: 200.745 GC heap after
{Heap after GC invocations=92 (full 0):
 garbage-first heap   total 182272K, used 129202K [0x0000000740000000, 0x0000000800000000)
  region size 2048K, 2 young (4096K), 2 survivors (4096K)
 Metaspace       used 102572K, committed 103552K, reserved 557056K
  class space    used 14228K, committed 14720K, reserved 425984K
}
Event: 202.805 GC heap before
{Heap before GC invocations=92 (full 0):
 garbage-first heap   total 182272K, used 153778K [0x0000000740000000, 0x0000000800000000)
  region size 2048K, 14 young (28672K), 2 survivors (4096K)
 Metaspace       used 103729K, committed 104768K, reserved 557056K
  class space    used 14367K, committed 14848K, reserved 425984K
}
Event: 202.814 GC heap after
{Heap after GC invocations=93 (full 0):
 garbage-first heap   total 182272K, used 131347K [0x0000000740000000, 0x0000000800000000)
  region size 2048K, 2 young (4096K), 2 survivors (4096K)
 Metaspace       used 103729K, committed 104768K, reserved 557056K
  class space    used 14367K, committed 14848K, reserved 425984K
}
Event: 205.245 GC heap before
{Heap before GC invocations=93 (full 0):
 garbage-first heap   total 182272K, used 153875K [0x0000000740000000, 0x0000000800000000)
  region size 2048K, 13 young (26624K), 2 survivors (4096K)
 Metaspace       used 105064K, committed 106112K, reserved 557056K
  class space    used 14523K, committed 15040K, reserved 425984K
}
Event: 205.259 GC heap after
{Heap after GC invocations=94 (full 0):
 garbage-first heap   total 182272K, used 133966K [0x0000000740000000, 0x0000000800000000)
  region size 2048K, 2 young (4096K), 2 survivors (4096K)
 Metaspace       used 105064K, committed 106112K, reserved 557056K
  class space    used 14523K, committed 15040K, reserved 425984K
}

Deoptimization events (20 events):
Event: 205.954 Thread 0x0000018851dcf9c0 DEOPT PACKING pc=0x000001881928927e sp=0x00000061e2ef7dd0
Event: 205.955 Thread 0x0000018851dcf9c0 DEOPT UNPACKING pc=0x000001881f112b43 sp=0x00000061e2ef7240 mode 0
Event: 205.957 Thread 0x0000018851dcf9c0 DEOPT PACKING pc=0x000001881928927e sp=0x00000061e2ef7dd0
Event: 205.957 Thread 0x0000018851dcf9c0 DEOPT UNPACKING pc=0x000001881f112b43 sp=0x00000061e2ef7240 mode 0
Event: 205.958 Thread 0x0000018851dcf9c0 DEOPT PACKING pc=0x000001881928927e sp=0x00000061e2ef7dd0
Event: 205.958 Thread 0x0000018851dcf9c0 DEOPT UNPACKING pc=0x000001881f112b43 sp=0x00000061e2ef7240 mode 0
Event: 205.960 Thread 0x0000018851dcf9c0 DEOPT PACKING pc=0x000001881928927e sp=0x00000061e2ef7dd0
Event: 205.960 Thread 0x0000018851dcf9c0 DEOPT UNPACKING pc=0x000001881f112b43 sp=0x00000061e2ef7240 mode 0
Event: 205.962 Thread 0x0000018851dcf9c0 DEOPT PACKING pc=0x000001881928927e sp=0x00000061e2ef7dd0
Event: 205.962 Thread 0x0000018851dcf9c0 DEOPT UNPACKING pc=0x000001881f112b43 sp=0x00000061e2ef7240 mode 0
Event: 205.968 Thread 0x0000018851dcf9c0 DEOPT PACKING pc=0x000001881928927e sp=0x00000061e2ef7dd0
Event: 205.968 Thread 0x0000018851dcf9c0 DEOPT UNPACKING pc=0x000001881f112b43 sp=0x00000061e2ef7240 mode 0
Event: 205.970 Thread 0x0000018851dcf9c0 DEOPT PACKING pc=0x000001881928927e sp=0x00000061e2ef7dd0
Event: 205.971 Thread 0x0000018851dcf9c0 DEOPT UNPACKING pc=0x000001881f112b43 sp=0x00000061e2ef7240 mode 0
Event: 205.973 Thread 0x0000018851dcf9c0 DEOPT PACKING pc=0x000001881928927e sp=0x00000061e2ef7dd0
Event: 205.974 Thread 0x0000018851dcf9c0 DEOPT UNPACKING pc=0x000001881f112b43 sp=0x00000061e2ef7240 mode 0
Event: 205.983 Thread 0x0000018851dcf9c0 Uncommon trap: trap_request=0xffffff45 fr.pc=0x000001881fbf82ac relative=0x000000000000174c
Event: 205.983 Thread 0x0000018851dcf9c0 Uncommon trap: reason=unstable_if action=reinterpret pc=0x000001881fbf82ac method=java.util.concurrent.ConcurrentHashMap.putVal(Ljava/lang/Object;Ljava/lang/Object;Z)Ljava/lang/Object; @ 401 c2
Event: 205.983 Thread 0x0000018851dcf9c0 DEOPT PACKING pc=0x000001881fbf82ac sp=0x00000061e2ef7f60
Event: 205.983 Thread 0x0000018851dcf9c0 DEOPT UNPACKING pc=0x000001881f1123a3 sp=0x00000061e2ef7f00 mode 2

Classes unloaded (0 events):
No events

Classes redefined (0 events):
No events

Internal exceptions (20 events):
Event: 203.483 Thread 0x0000018851dcf9c0 Exception <a 'java/lang/ClassNotFoundException'{0x000000074abe49e0}: org/jetbrains/kotlin/gradle/tasks/KotlinCompile_DecoratedCustomizer> (0x000000074abe49e0) 
thrown [s\open\src\hotspot\share\classfile\systemDictionary.cpp, line 256]
Event: 203.630 Thread 0x0000018851dcf9c0 Exception <a 'java/lang/ClassNotFoundException'{0x000000074a8df0f8}: org/jetbrains/kotlin/gradle/tasks/internal/KotlinJvmOptionsCompatBeanInfo> (0x000000074a8df0f8) 
thrown [s\open\src\hotspot\share\classfile\systemDictionary.cpp, line 256]
Event: 203.631 Thread 0x0000018851dcf9c0 Exception <a 'java/lang/ClassNotFoundException'{0x000000074a8f2290}: org/jetbrains/kotlin/gradle/tasks/internal/KotlinJvmOptionsCompatCustomizer> (0x000000074a8f2290) 
thrown [s\open\src\hotspot\share\classfile\systemDictionary.cpp, line 256]
Event: 203.649 Thread 0x0000018851dcf9c0 Exception <a 'java/lang/ClassNotFoundException'{0x000000074a6bf568}: com/google/common/collect/SingletonImmutableListBeanInfo> (0x000000074a6bf568) 
thrown [s\open\src\hotspot\share\classfile\systemDictionary.cpp, line 256]
Event: 203.650 Thread 0x0000018851dcf9c0 Exception <a 'java/lang/ClassNotFoundException'{0x000000074a6d2870}: com/google/common/collect/ImmutableListBeanInfo> (0x000000074a6d2870) 
thrown [s\open\src\hotspot\share\classfile\systemDictionary.cpp, line 256]
Event: 203.721 Thread 0x0000018851dcf9c0 Exception <a 'java/lang/ClassNotFoundException'{0x000000074a6e2c68}: com/google/common/collect/ImmutableCollectionBeanInfo> (0x000000074a6e2c68) 
thrown [s\open\src\hotspot\share\classfile\systemDictionary.cpp, line 256]
Event: 203.729 Thread 0x0000018851dcf9c0 Exception <a 'java/lang/ClassNotFoundException'{0x000000074a6f24a0}: com/google/common/collect/ImmutableCollectionCustomizer> (0x000000074a6f24a0) 
thrown [s\open\src\hotspot\share\classfile\systemDictionary.cpp, line 256]
Event: 203.784 Thread 0x0000018851dcf9c0 Exception <a 'java/lang/ClassNotFoundException'{0x000000074a7140c8}: com/google/common/collect/ImmutableListCustomizer> (0x000000074a7140c8) 
thrown [s\open\src\hotspot\share\classfile\systemDictionary.cpp, line 256]
Event: 203.794 Thread 0x0000018851dcf9c0 Exception <a 'java/lang/ClassNotFoundException'{0x000000074a75b6d0}: com/google/common/collect/SingletonImmutableListCustomizer> (0x000000074a75b6d0) 
thrown [s\open\src\hotspot\share\classfile\systemDictionary.cpp, line 256]
Event: 203.862 Thread 0x0000018851dcf9c0 Exception <a 'java/lang/ClassNotFoundException'{0x000000074a5894a0}: com/google/common/collect/RegularImmutableListBeanInfo> (0x000000074a5894a0) 
thrown [s\open\src\hotspot\share\classfile\systemDictionary.cpp, line 256]
Event: 203.872 Thread 0x0000018851dcf9c0 Exception <a 'java/lang/ClassNotFoundException'{0x000000074a59c910}: com/google/common/collect/RegularImmutableListCustomizer> (0x000000074a59c910) 
thrown [s\open\src\hotspot\share\classfile\systemDictionary.cpp, line 256]
Event: 203.925 Thread 0x0000018851dcf9c0 Exception <a 'java/lang/ClassNotFoundException'{0x000000074a25a598}: org/gradle/invocation/DefaultGradle_DecoratedBeanInfo> (0x000000074a25a598) 
thrown [s\open\src\hotspot\share\classfile\systemDictionary.cpp, line 256]
Event: 203.927 Thread 0x0000018851dcf9c0 Exception <a 'java/lang/ClassNotFoundException'{0x000000074a26ddf0}: org/gradle/invocation/DefaultGradleBeanInfo> (0x000000074a26ddf0) 
thrown [s\open\src\hotspot\share\classfile\systemDictionary.cpp, line 256]
Event: 203.964 Thread 0x0000018851dcf9c0 Exception <a 'java/lang/ClassNotFoundException'{0x000000074a2844c8}: org/gradle/invocation/DefaultGradleCustomizer> (0x000000074a2844c8) 
thrown [s\open\src\hotspot\share\classfile\systemDictionary.cpp, line 256]
Event: 203.969 Thread 0x0000018851dcf9c0 Exception <a 'java/lang/ClassNotFoundException'{0x000000074a2c8b60}: org/gradle/invocation/DefaultGradle_DecoratedCustomizer> (0x000000074a2c8b60) 
thrown [s\open\src\hotspot\share\classfile\systemDictionary.cpp, line 256]
Event: 204.224 Thread 0x0000018851dcf9c0 Exception <a 'java/lang/ClassNotFoundException'{0x000000074a0286a0}: build_5k34qw5qvo49jl2cy0ddtykmjBeanInfo> (0x000000074a0286a0) 
thrown [s\open\src\hotspot\share\classfile\systemDictionary.cpp, line 256]
Event: 204.225 Thread 0x0000018851dcf9c0 Exception <a 'java/lang/ClassNotFoundException'{0x000000074a02fbd0}: build_5k34qw5qvo49jl2cy0ddtykmjCustomizer> (0x000000074a02fbd0) 
thrown [s\open\src\hotspot\share\classfile\systemDictionary.cpp, line 256]
Event: 204.320 Thread 0x0000018851dcf9c0 Exception <a 'java/lang/ClassNotFoundException'{0x000000074a08f378}: org/gradle/plugin/use/internal/PluginRequestCollector$PluginDependencySpecImplBeanInfo> (0x000000074a08f378) 
thrown [s\open\src\hotspot\share\classfile\systemDictionary.cpp, line 256]
Event: 204.324 Thread 0x0000018851dcf9c0 Exception <a 'java/lang/ClassNotFoundException'{0x000000074a0a22d8}: org/gradle/plugin/use/internal/PluginRequestCollector$PluginDependencySpecImplCustomizer> (0x000000074a0a22d8) 
thrown [s\open\src\hotspot\share\classfile\systemDictionary.cpp, line 256]
Event: 204.662 Thread 0x0000018851dcf9c0 Exception <a 'sun/nio/fs/WindowsException'{0x0000000749ee36f0}> (0x0000000749ee36f0) 
thrown [s\open\src\hotspot\share\prims\jni.cpp, line 516]

VM Operations (20 events):
Event: 200.477 Executing VM operation: HandshakeAllThreads
Event: 200.477 Executing VM operation: HandshakeAllThreads done
Event: 200.737 Executing VM operation: G1CollectForAllocation
Event: 200.746 Executing VM operation: G1CollectForAllocation done
Event: 201.259 Executing VM operation: HandshakeAllThreads
Event: 201.259 Executing VM operation: HandshakeAllThreads done
Event: 202.260 Executing VM operation: Cleanup
Event: 202.261 Executing VM operation: Cleanup done
Event: 202.805 Executing VM operation: G1CollectForAllocation
Event: 202.814 Executing VM operation: G1CollectForAllocation done
Event: 204.671 Executing VM operation: HandshakeAllThreads
Event: 204.671 Executing VM operation: HandshakeAllThreads done
Event: 204.671 Executing VM operation: Cleanup
Event: 204.672 Executing VM operation: Cleanup done
Event: 204.695 Executing VM operation: HandshakeAllThreads
Event: 204.696 Executing VM operation: HandshakeAllThreads done
Event: 204.700 Executing VM operation: HandshakeAllThreads
Event: 204.700 Executing VM operation: HandshakeAllThreads done
Event: 205.244 Executing VM operation: G1CollectForAllocation
Event: 205.260 Executing VM operation: G1CollectForAllocation done

Events (20 events):
Event: 205.728 loading class sun/security/ssl/SessionId done
Event: 205.729 loading class javax/net/ssl/SSLParameters
Event: 205.730 loading class javax/net/ssl/SSLParameters done
Event: 205.730 loading class sun/security/ssl/SSLConfiguration$1
Event: 205.731 loading class sun/security/ssl/SSLConfiguration$1 done
Event: 205.739 loading class javax/net/ssl/SSLHandshakeException
Event: 205.739 loading class javax/net/ssl/SSLHandshakeException done
Event: 205.790 loading class java/net/ProxySelector
Event: 205.791 loading class java/net/ProxySelector done
Event: 205.791 loading class sun/net/spi/DefaultProxySelector
Event: 205.794 loading class sun/net/spi/DefaultProxySelector done
Event: 205.794 loading class java/net/Proxy
Event: 205.794 loading class java/net/Proxy done
Event: 205.794 loading class java/net/Proxy$Type
Event: 205.794 loading class java/net/Proxy$Type done
Event: 205.795 loading class sun/net/spi/DefaultProxySelector$1
Event: 205.795 loading class sun/net/spi/DefaultProxySelector$1 done
Event: 205.983 loading class java/util/concurrent/ConcurrentHashMap$TreeNode
Event: 206.005 loading class java/util/concurrent/ConcurrentHashMap$TreeNode done
Event: 206.006 loading class java/util/concurrent/ConcurrentHashMap$TreeBin


Dynamic libraries:
0x00007ff6d2c50000 - 0x00007ff6d2c60000 	C:\Program Files\Java\jdk-17\bin\java.exe
0x00007ffd635b0000 - 0x00007ffd637a8000 	C:\WINDOWS\SYSTEM32\ntdll.dll
0x00007ffd61ec0000 - 0x00007ffd61f82000 	C:\WINDOWS\System32\KERNEL32.DLL
0x00007ffd60dc0000 - 0x00007ffd610b6000 	C:\WINDOWS\System32\KERNELBASE.dll
0x00007ffd61230000 - 0x00007ffd61330000 	C:\WINDOWS\System32\ucrtbase.dll
0x00007ffd56990000 - 0x00007ffd569a9000 	C:\Program Files\Java\jdk-17\bin\jli.dll
0x00007ffd62170000 - 0x00007ffd62221000 	C:\WINDOWS\System32\ADVAPI32.dll
0x00007ffd62530000 - 0x00007ffd625ce000 	C:\WINDOWS\System32\msvcrt.dll
0x00007ffd625d0000 - 0x00007ffd6266f000 	C:\WINDOWS\System32\sechost.dll
0x00007ffd623a0000 - 0x00007ffd624c0000 	C:\WINDOWS\System32\RPCRT4.dll
0x00007ffd61330000 - 0x00007ffd61357000 	C:\WINDOWS\System32\bcrypt.dll
0x00007ffd615e0000 - 0x00007ffd6177d000 	C:\WINDOWS\System32\USER32.dll
0x00007ffd60d00000 - 0x00007ffd60d22000 	C:\WINDOWS\System32\win32u.dll
0x00007ffd62310000 - 0x00007ffd6233b000 	C:\WINDOWS\System32\GDI32.dll
0x00007ffd614c0000 - 0x00007ffd615d9000 	C:\WINDOWS\System32\gdi32full.dll
0x00007ffd61190000 - 0x00007ffd6122d000 	C:\WINDOWS\System32\msvcp_win.dll
0x00007ffd53060000 - 0x00007ffd5307b000 	C:\Program Files\Java\jdk-17\bin\VCRUNTIME140.dll
0x00007ffd48c40000 - 0x00007ffd48edb000 	C:\WINDOWS\WinSxS\amd64_microsoft.windows.common-controls_6595b64144ccf1df_6.0.19041.6280_none_60bc30a171f2f3f3\COMCTL32.dll
0x00007ffd54430000 - 0x00007ffd5443a000 	C:\WINDOWS\SYSTEM32\VERSION.dll
0x00007ffd63540000 - 0x00007ffd6356f000 	C:\WINDOWS\System32\IMM32.DLL
0x00007ffd53050000 - 0x00007ffd5305c000 	C:\Program Files\Java\jdk-17\bin\vcruntime140_1.dll
0x00007ffd440d0000 - 0x00007ffd4415e000 	C:\Program Files\Java\jdk-17\bin\msvcp140.dll
0x00007ffca7690000 - 0x00007ffca8270000 	C:\Program Files\Java\jdk-17\bin\server\jvm.dll
0x00007ffd627a0000 - 0x00007ffd627a8000 	C:\WINDOWS\System32\PSAPI.DLL
0x00007ffd1ee50000 - 0x00007ffd1ee59000 	C:\WINDOWS\SYSTEM32\WSOCK32.dll
0x00007ffd63410000 - 0x00007ffd6347b000 	C:\WINDOWS\System32\WS2_32.dll
0x00007ffd4a580000 - 0x00007ffd4a5a7000 	C:\WINDOWS\SYSTEM32\WINMM.dll
0x00007ffd5f4a0000 - 0x00007ffd5f4b2000 	C:\WINDOWS\SYSTEM32\kernel.appcore.dll
0x00007ffd53040000 - 0x00007ffd5304a000 	C:\Program Files\Java\jdk-17\bin\jimage.dll
0x00007ffd5e7f0000 - 0x00007ffd5e9f1000 	C:\WINDOWS\SYSTEM32\DBGHELP.DLL
0x00007ffd544d0000 - 0x00007ffd54504000 	C:\WINDOWS\SYSTEM32\dbgcore.DLL
0x00007ffd60d30000 - 0x00007ffd60db2000 	C:\WINDOWS\System32\bcryptPrimitives.dll
0x00007ffd42e60000 - 0x00007ffd42e6e000 	C:\Program Files\Java\jdk-17\bin\instrument.dll
0x00007ffd440a0000 - 0x00007ffd440c5000 	C:\Program Files\Java\jdk-17\bin\java.dll
0x00007ffd43f20000 - 0x00007ffd43ff7000 	C:\Program Files\Java\jdk-17\bin\jsvml.dll
0x00007ffd627b0000 - 0x00007ffd62f20000 	C:\WINDOWS\System32\SHELL32.dll
0x00007ffd5ea00000 - 0x00007ffd5f1a5000 	C:\WINDOWS\SYSTEM32\windows.storage.dll
0x00007ffd62f20000 - 0x00007ffd63273000 	C:\WINDOWS\System32\combase.dll
0x00007ffd60610000 - 0x00007ffd6063b000 	C:\WINDOWS\SYSTEM32\Wldp.dll
0x00007ffd62040000 - 0x00007ffd6210d000 	C:\WINDOWS\System32\OLEAUT32.dll
0x00007ffd626f0000 - 0x00007ffd6279d000 	C:\WINDOWS\System32\SHCORE.dll
0x00007ffd63280000 - 0x00007ffd632db000 	C:\WINDOWS\System32\shlwapi.dll
0x00007ffd60b80000 - 0x00007ffd60ba4000 	C:\WINDOWS\SYSTEM32\profapi.dll
0x00007ffd43410000 - 0x00007ffd43428000 	C:\Program Files\Java\jdk-17\bin\zip.dll
0x00007ffd46db0000 - 0x00007ffd46dc9000 	C:\Program Files\Java\jdk-17\bin\net.dll
0x00007ffd549a0000 - 0x00007ffd54aaa000 	C:\WINDOWS\SYSTEM32\WINHTTP.dll
0x00007ffd60370000 - 0x00007ffd603da000 	C:\WINDOWS\system32\mswsock.dll
0x00007ffd43880000 - 0x00007ffd43896000 	C:\Program Files\Java\jdk-17\bin\nio.dll
0x00007ffd53030000 - 0x00007ffd53040000 	C:\Program Files\Java\jdk-17\bin\verify.dll
0x00007ffd3cf90000 - 0x00007ffd3cfb7000 	E:\GradleCache\native\1def1411415f61bf3af743bc5b6707747c0891f09f0c88961ee8f79bc544acac\windows-amd64\native-platform.dll
0x00007ffd3bb80000 - 0x00007ffd3bbf8000 	E:\GradleCache\native\0.2.7\x86_64-windows-gnu\gradle-fileevents.dll
0x00007ffd44090000 - 0x00007ffd4409a000 	C:\Program Files\Java\jdk-17\bin\management.dll
0x00007ffd43f10000 - 0x00007ffd43f1b000 	C:\Program Files\Java\jdk-17\bin\management_ext.dll
0x00007ffd60050000 - 0x00007ffd6008b000 	C:\WINDOWS\SYSTEM32\IPHLPAPI.DLL
0x00007ffd634a0000 - 0x00007ffd634a8000 	C:\WINDOWS\System32\NSI.dll
0x00007ffd55850000 - 0x00007ffd55867000 	C:\WINDOWS\SYSTEM32\dhcpcsvc6.DLL
0x00007ffd556a0000 - 0x00007ffd556bd000 	C:\WINDOWS\SYSTEM32\dhcpcsvc.DLL
0x00007ffd60090000 - 0x00007ffd6015a000 	C:\WINDOWS\SYSTEM32\DNSAPI.dll
0x00007ffd60560000 - 0x00007ffd60578000 	C:\WINDOWS\SYSTEM32\CRYPTSP.dll
0x00007ffd5fc30000 - 0x00007ffd5fc68000 	C:\WINDOWS\system32\rsaenh.dll
0x00007ffd60b00000 - 0x00007ffd60b2e000 	C:\WINDOWS\SYSTEM32\USERENV.dll
0x00007ffd60580000 - 0x00007ffd6058c000 	C:\WINDOWS\SYSTEM32\CRYPTBASE.dll
0x00007ffd44010000 - 0x00007ffd4401e000 	C:\Program Files\Java\jdk-17\bin\sunmscapi.dll
0x00007ffd61360000 - 0x00007ffd614bd000 	C:\WINDOWS\System32\CRYPT32.dll
0x00007ffd606f0000 - 0x00007ffd60717000 	C:\WINDOWS\SYSTEM32\ncrypt.dll
0x00007ffd60660000 - 0x00007ffd6069b000 	C:\WINDOWS\SYSTEM32\NTASN1.dll
0x00007ffd53090000 - 0x00007ffd53097000 	C:\WINDOWS\system32\wshunix.dll

dbghelp: loaded successfully - version: 4.0.5 - missing functions: none
symbol engine: initialized successfully - sym options: 0x614 - pdb path: .;C:\Program Files\Java\jdk-17\bin;C:\WINDOWS\SYSTEM32;C:\WINDOWS\WinSxS\amd64_microsoft.windows.common-controls_6595b64144ccf1df_6.0.19041.6280_none_60bc30a171f2f3f3;C:\Program Files\Java\jdk-17\bin\server;E:\GradleCache\native\1def1411415f61bf3af743bc5b6707747c0891f09f0c88961ee8f79bc544acac\windows-amd64;E:\GradleCache\native\0.2.7\x86_64-windows-gnu

VM Arguments:
jvm_args: --add-opens=java.base/java.lang=ALL-UNNAMED --add-opens=java.base/java.lang.invoke=ALL-UNNAMED --add-opens=java.base/java.util=ALL-UNNAMED --add-opens=java.prefs/java.util.prefs=ALL-UNNAMED --add-exports=jdk.compiler/com.sun.tools.javac.api=ALL-UNNAMED --add-exports=jdk.compiler/com.sun.tools.javac.util=ALL-UNNAMED --add-opens=java.base/java.util=ALL-UNNAMED --add-opens=java.prefs/java.util.prefs=ALL-UNNAMED --add-opens=java.base/java.nio.charset=ALL-UNNAMED --add-opens=java.base/java.net=ALL-UNNAMED --add-opens=java.base/java.util.concurrent.atomic=ALL-UNNAMED --add-opens=java.xml/javax.xml.namespace=ALL-UNNAMED -XX:MaxMetaspaceSize=512m -XX:+HeapDumpOnOutOfMemoryError -XX:+UseG1GC -XX:MaxGCPauseMillis=200 -Xmx3072m -Dfile.encoding=UTF-8 -Duser.country=US -Duser.language=en -Duser.variant -javaagent:E:\GradleCache\wrapper\dists\gradle-8.14.1-bin\baw1sv0jfoi8rxs14qo3h49cs\gradle-8.14.1\lib\agents\gradle-instrumentation-agent-8.14.1.jar 
java_command: org.gradle.launcher.daemon.bootstrap.GradleDaemon 8.14.1
java_class_path (initial): E:\GradleCache\wrapper\dists\gradle-8.14.1-bin\baw1sv0jfoi8rxs14qo3h49cs\gradle-8.14.1\lib\gradle-daemon-main-8.14.1.jar
Launcher Type: SUN_STANDARD

[Global flags]
     intx CICompilerCount                          = 4                                         {product} {ergonomic}
   size_t CompressedClassSpaceSize                 = 436207616                                 {product} {ergonomic}
     uint ConcGCThreads                            = 2                                         {product} {ergonomic}
     uint G1ConcRefinementThreads                  = 8                                         {product} {ergonomic}
   size_t G1HeapRegionSize                         = 2097152                                   {product} {ergonomic}
    uintx GCDrainStackTargetSize                   = 64                                        {product} {ergonomic}
     bool HeapDumpOnOutOfMemoryError               = true                                   {manageable} {command line}
   size_t InitialHeapSize                          = 266338304                                 {product} {ergonomic}
   size_t MarkStackSize                            = 4194304                                   {product} {ergonomic}
    uintx MaxGCPauseMillis                         = 200                                       {product} {command line}
   size_t MaxHeapSize                              = 3221225472                                {product} {command line}
   size_t MaxMetaspaceSize                         = 536870912                                 {product} {command line}
   size_t MaxNewSize                               = 1931476992                                {product} {ergonomic}
   size_t MinHeapDeltaBytes                        = 2097152                                   {product} {ergonomic}
   size_t MinHeapSize                              = 8388608                                   {product} {ergonomic}
    uintx NonNMethodCodeHeapSize                   = 5839372                                {pd product} {ergonomic}
    uintx NonProfiledCodeHeapSize                  = 122909434                              {pd product} {ergonomic}
    uintx ProfiledCodeHeapSize                     = 122909434                              {pd product} {ergonomic}
    uintx ReservedCodeCacheSize                    = 251658240                              {pd product} {ergonomic}
     bool SegmentedCodeCache                       = true                                      {product} {ergonomic}
   size_t SoftMaxHeapSize                          = 3221225472                             {manageable} {ergonomic}
     bool UseCompressedClassPointers               = true                           {product lp64_product} {ergonomic}
     bool UseCompressedOops                        = true                           {product lp64_product} {ergonomic}
     bool UseG1GC                                  = true                                      {product} {command line}
     bool UseLargePagesIndividualAllocation        = false                                  {pd product} {ergonomic}

Logging:
Log output configuration:
 #0: stdout all=warning uptime,level,tags
 #1: stderr all=off uptime,level,tags

Environment Variables:
JAVA_HOME=C:\Program Files\Java\jdk-17
PATH=;C:\Program Files\Common Files\Oracle\Java\javapath;C:\Python313\Scripts\;C:\Python313\;C:\WINDOWS\system32;C:\WINDOWS;C:\WINDOWS\System32\Wbem;C:\WINDOWS\System32\WindowsPowerShell\v1.0\;C:\WINDOWS\System32\OpenSSH\;C:\Program Files\nodejs\;C:\ProgramData\chocolatey\bin;C:\Program Files\Git\cmd;C:\Users\Ikramul islam\AppData\Local\Android\Sdk\platform-tools;C:\Users\Ikramul islam\AppData\Local\Android\Sdk\emulator;C:\Users\Ikramul islam\AppData\Local\Android\Sdk\tools;C:\Users\Ikramul islam\AppData\Local\Android\Sdk\tools\bin;C:\Program Files\Java\jdk-17\bin;C:\poppler\bin;C:\Program Files\GraphicsMagick-1.3.42-Q8;C:\Program Files\gs\gs10.05.1\bin;C:\Program Files\PuTTY\;c:\Users\Ikramul islam\AppData\Local\Programs\cursor\resources\app\bin;C:\Users\Ikramul islam\AppData\Local\Programs\Python\Python310\Scripts\;C:\Users\Ikramul islam\AppData\Local\Programs\Python\Python310\;C:\Users\Ikramul islam\AppData\Local\Microsoft\WindowsApps;C:\Users\Ikramul islam\AppData\Roaming\npm;C:\Users\Ikramul islam\AppData\Local\Programs\Microsoft VS Code\bin;C:\Program Files\Java\jdk-17\bin;C:\Users\Ikramul islam\AppData\Local\Android\Sdk\platform-tools;C:\Users\Ikramul islam\AppData\Local\Android\Sdk\emulator;C:\Users\Ikramul islam\AppData\Local\Android\Sdk\tools;C:\Users\Ikramul islam\AppData\Local\Android\Sdk\tools\bin;C:\Program Files\GraphicsMagick-1.3.42-Q8;C:\Users\Ikramul islam\AppData\Local\Programs\cursor-editor\resources\app\bin
USERNAME=Ikramulislam
OS=Windows_NT
PROCESSOR_IDENTIFIER=Intel64 Family 6 Model 142 Stepping 10, GenuineIntel



---------------  S Y S T E M  ---------------

OS:
 Windows 10 , 64 bit Build 19041 (10.0.19041.5915)
OS uptime: 3 days 17:49 hours

CPU: total 8 (initial active 8) (4 cores per cpu, 2 threads per core) family 6 model 142 stepping 10 microcode 0xf6, cx8, cmov, fxsr, ht, mmx, 3dnowpref, sse, sse2, sse3, ssse3, sse4.1, sse4.2, popcnt, lzcnt, tsc, tscinvbit, avx, avx2, aes, erms, clmul, bmi1, bmi2, rtm, adx, fma, vzeroupper, clflush, clflushopt

Memory: 4k page, system-wide physical 16227M (401M free)
TotalPageFile size 34484M (AvailPageFile size 30M)
current process WorkingSet (physical memory assigned to process): 420M, peak: 447M
current process commit charge ("private bytes"): 487M, peak: 497M

vm_info: Java HotSpot(TM) 64-Bit Server VM (17.0.12+8-LTS-286) for windows-amd64 JRE (17.0.12+8-LTS-286), built on Jun  5 2024 06:46:59 by "mach5one" with MS VC++ 17.6 (VS2022)

END.
