#
# There is insufficient memory for the Java Runtime Environment to continue.
# Native memory allocation (malloc) failed to allocate 32744 bytes for ChunkPool::allocate
# Possible reasons:
#   The system is out of physical RAM or swap space
#   The process is running with CompressedOops enabled, and the Java Heap may be blocking the growth of the native heap
# Possible solutions:
#   Reduce memory load on the system
#   Increase physical memory or swap space
#   Check if swap backing store is full
#   Decrease Java heap size (-Xmx/-Xms)
#   Decrease number of Java threads
#   Decrease Java thread stack sizes (-Xss)
#   Set larger code cache with -XX:ReservedCodeCacheSize=
#   JVM is running with Unscaled Compressed Oops mode in which the Java heap is
#     placed in the first 4GB address space. The Java Heap base address is the
#     maximum limit for the native heap growth. Please use -XX:HeapBaseMinAddress
#     to set the Java Heap base and to place the Java Heap above 4GB virtual address.
# This output file may be truncated or incomplete.
#
#  Out of Memory Error (arena.cpp:78), pid=55752, tid=37256
#
# JRE version: Java(TM) SE Runtime Environment (17.0.12+8) (build 17.0.12+8-LTS-286)
# Java VM: Java HotSpot(TM) 64-Bit Server VM (17.0.12+8-LTS-286, mixed mode, sharing, tiered, compressed oops, compressed class ptrs, g1 gc, windows-amd64)
# No core dump will be written. Minidumps are not enabled by default on client versions of Windows
#

---------------  S U M M A R Y ------------

Command Line: -Xmx64m -Xms64m -Dorg.gradle.appname=gradlew E:\Connect\app\android\\gradle\wrapper\gradle-wrapper.jar app:installDebug -PreactNativeDevServerPort=8081

Host: Intel(R) Core(TM) i7-8650U CPU @ 1.90GHz, 8 cores, 15G,  Windows 10 , 64 bit Build 19041 (10.0.19041.5915)
Time: Fri Aug 29 03:55:02 2025 Bangladesh Standard Time elapsed time: 763.176536 seconds (0d 0h 12m 43s)

---------------  T H R E A D  ---------------

Current thread (0x000001aa30c06940):  JavaThread "C2 CompilerThread0" daemon [_thread_in_native, id=37256, stack(0x0000003321700000,0x0000003321800000)]


Current CompileTask:
C2: 763177 2028       4       java.util.concurrent.ScheduledThreadPoolExecutor$ScheduledFutureTask::run (57 bytes)

Stack: [0x0000003321700000,0x0000003321800000]
Native frames: (J=compiled Java code, j=interpreted, Vv=VM code, C=native code)
V  [jvm.dll+0x67a04a]
V  [jvm.dll+0x7da4ed]
V  [jvm.dll+0x7dbe33]
V  [jvm.dll+0x7dc4a3]
V  [jvm.dll+0x24508f]
V  [jvm.dll+0xab9a4]
V  [jvm.dll+0xabd3c]
V  [jvm.dll+0x1d8c46]
V  [jvm.dll+0x1d8b05]
V  [jvm.dll+0x1db320]
V  [jvm.dll+0x1dc22c]
V  [jvm.dll+0x1db6ae]
V  [jvm.dll+0x1cb2b0]
V  [jvm.dll+0x126b3b]
V  [jvm.dll+0x2a79dc]
V  [jvm.dll+0x2a96df]
V  [jvm.dll+0x6923b6]
V  [jvm.dll+0x68a3d5]
V  [jvm.dll+0x689a20]
V  [jvm.dll+0x687932]
V  [jvm.dll+0x1a5bac]
V  [jvm.dll+0x215818]
V  [jvm.dll+0x1a2960]
V  [jvm.dll+0x22610b]
V  [jvm.dll+0x2242ab]
V  [jvm.dll+0x79075c]
V  [jvm.dll+0x78abea]
V  [jvm.dll+0x678f35]
C  [ucrtbase.dll+0x21bb2]
C  [KERNEL32.DLL+0x17374]
C  [ntdll.dll+0x4cc91]


---------------  P R O C E S S  ---------------

Threads class SMR info:
_java_thread_list=0x000001aa7647ea80, length=13, elements={
0x000001aa155191f0, 0x000001aa30beda40, 0x000001aa30bee8c0, 0x000001aa30c009e0,
0x000001aa30c048d0, 0x000001aa30c05290, 0x000001aa30c05c50, 0x000001aa30c06940,
0x000001aa30c79ec0, 0x000001aa30c80180, 0x000001aa7603cfd0, 0x000001aa76046540,
0x000001aa7647f810
}

Java Threads: ( => current thread )
  0x000001aa155191f0 JavaThread "main" [_thread_in_native, id=54116, stack(0x0000003320a00000,0x0000003320b00000)]
  0x000001aa30beda40 JavaThread "Reference Handler" daemon [_thread_blocked, id=10880, stack(0x0000003321100000,0x0000003321200000)]
  0x000001aa30bee8c0 JavaThread "Finalizer" daemon [_thread_blocked, id=54240, stack(0x0000003321200000,0x0000003321300000)]
  0x000001aa30c009e0 JavaThread "Signal Dispatcher" daemon [_thread_blocked, id=31776, stack(0x0000003321300000,0x0000003321400000)]
  0x000001aa30c048d0 JavaThread "Attach Listener" daemon [_thread_blocked, id=27328, stack(0x0000003321400000,0x0000003321500000)]
  0x000001aa30c05290 JavaThread "Service Thread" daemon [_thread_blocked, id=37880, stack(0x0000003321500000,0x0000003321600000)]
  0x000001aa30c05c50 JavaThread "Monitor Deflation Thread" daemon [_thread_blocked, id=6980, stack(0x0000003321600000,0x0000003321700000)]
=>0x000001aa30c06940 JavaThread "C2 CompilerThread0" daemon [_thread_in_native, id=37256, stack(0x0000003321700000,0x0000003321800000)]
  0x000001aa30c79ec0 JavaThread "C1 CompilerThread0" daemon [_thread_blocked, id=24096, stack(0x0000003321800000,0x0000003321900000)]
  0x000001aa30c80180 JavaThread "Sweeper thread" daemon [_thread_blocked, id=55096, stack(0x0000003321900000,0x0000003321a00000)]
  0x000001aa7603cfd0 JavaThread "Notification Thread" daemon [_thread_blocked, id=48176, stack(0x0000003321a00000,0x0000003321b00000)]
  0x000001aa76046540 JavaThread "Common-Cleaner" daemon [_thread_blocked, id=55536, stack(0x0000003321c00000,0x0000003321d00000)]
  0x000001aa7647f810 JavaThread "pool-1-thread-1" [_thread_blocked, id=48708, stack(0x0000003321d00000,0x0000003321e00000)]

Other Threads:
  0x000001aa30be6dd0 VMThread "VM Thread" [stack: 0x0000003321000000,0x0000003321100000] [id=18868]
  0x000001aa7603f4c0 WatcherThread [stack: 0x0000003321b00000,0x0000003321c00000] [id=47696]
  0x000001aa15539b40 GCTaskThread "GC Thread#0" [stack: 0x0000003320b00000,0x0000003320c00000] [id=45568]
  0x000001aa76349290 GCTaskThread "GC Thread#1" [stack: 0x0000003321f00000,0x0000003322000000] [id=56304]
  0x000001aa76604b80 GCTaskThread "GC Thread#2" [stack: 0x0000003322000000,0x0000003322100000] [id=57220]
  0x000001aa76504310 GCTaskThread "GC Thread#3" [stack: 0x0000003322100000,0x0000003322200000] [id=56996]
  0x000001aa774aac00 GCTaskThread "GC Thread#4" [stack: 0x0000003321e00000,0x0000003321f00000] [id=48256]
  0x000001aa774aaec0 GCTaskThread "GC Thread#5" [stack: 0x0000003322200000,0x0000003322300000] [id=24568]
  0x000001aa77389a00 GCTaskThread "GC Thread#6" [stack: 0x0000003322300000,0x0000003322400000] [id=53256]
  0x000001aa1553b290 ConcurrentGCThread "G1 Main Marker" [stack: 0x0000003320c00000,0x0000003320d00000] [id=55184]
  0x000001aa1553bca0 ConcurrentGCThread "G1 Conc#0" [stack: 0x0000003320d00000,0x0000003320e00000] [id=54212]
  0x000001aa155998c0 ConcurrentGCThread "G1 Refine#0" [stack: 0x0000003320e00000,0x0000003320f00000] [id=48348]
  0x000001aa77389cc0 ConcurrentGCThread "G1 Refine#1" [stack: 0x0000003322400000,0x0000003322500000] [id=55676]
  0x000001aa1559a2f0 ConcurrentGCThread "G1 Service" [stack: 0x0000003320f00000,0x0000003321000000] [id=53880]

Threads with active compile tasks:
C2 CompilerThread0   763301 2028       4       java.util.concurrent.ScheduledThreadPoolExecutor$ScheduledFutureTask::run (57 bytes)

VM state: not at safepoint (normal execution)

VM Mutex/Monitor currently owned by a thread: None

Heap address: 0x00000000fc000000, size: 64 MB, Compressed Oops mode: 32-bit

CDS archive(s) mapped at: [0x000001aa31000000-0x000001aa31bd0000-0x000001aa31bd0000), size 12386304, SharedBaseAddress: 0x000001aa31000000, ArchiveRelocationMode: 1.
Compressed class space mapped at: 0x000001aa32000000-0x000001aa72000000, reserved size: 1073741824
Narrow klass base: 0x000001aa31000000, Narrow klass shift: 0, Narrow klass range: 0x100000000

GC Precious Log:
 CPUs: 8 total, 8 available
 Memory: 16227M
 Large Page Support: Disabled
 NUMA Support: Disabled
 Compressed Oops: Enabled (32-bit)
 Heap Region Size: 1M
 Heap Min Capacity: 64M
 Heap Initial Capacity: 64M
 Heap Max Capacity: 64M
 Pre-touch: Disabled
 Parallel Workers: 8
 Concurrent Workers: 2
 Concurrent Refinement Workers: 8
 Periodic GC: Disabled

Heap:
 garbage-first heap   total 65536K, used 27024K [0x00000000fc000000, 0x0000000100000000)
  region size 1024K, 20 young (20480K), 4 survivors (4096K)
 Metaspace       used 9585K, committed 9792K, reserved 1114112K
  class space    used 1258K, committed 1344K, reserved 1048576K

Heap Regions: E=young(eden), S=young(survivor), O=old, HS=humongous(starts), HC=humongous(continues), CS=collection set, F=free, OA=open archive, CA=closed archive, TAMS=top-at-mark-start (previous, next)
|   0|0x00000000fc000000, 0x00000000fc100000, 0x00000000fc100000|100%|HS|  |TAMS 0x00000000fc000000, 0x00000000fc000000| Complete 
|   1|0x00000000fc100000, 0x00000000fc200000, 0x00000000fc200000|100%|HC|  |TAMS 0x00000000fc100000, 0x00000000fc100000| Complete 
|   2|0x00000000fc200000, 0x00000000fc300000, 0x00000000fc300000|100%|HC|  |TAMS 0x00000000fc200000, 0x00000000fc200000| Complete 
|   3|0x00000000fc300000, 0x00000000fc400000, 0x00000000fc400000|100%| O|  |TAMS 0x00000000fc300000, 0x00000000fc300000| Untracked 
|   4|0x00000000fc400000, 0x00000000fc500000, 0x00000000fc500000|100%| O|  |TAMS 0x00000000fc400000, 0x00000000fc400000| Untracked 
|   5|0x00000000fc500000, 0x00000000fc600000, 0x00000000fc600000|100%| O|  |TAMS 0x00000000fc500000, 0x00000000fc500000| Untracked 
|   6|0x00000000fc600000, 0x00000000fc700000, 0x00000000fc700000|100%| O|  |TAMS 0x00000000fc600000, 0x00000000fc600000| Untracked 
|   7|0x00000000fc700000, 0x00000000fc764200, 0x00000000fc800000| 39%| O|  |TAMS 0x00000000fc700000, 0x00000000fc700000| Untracked 
|   8|0x00000000fc800000, 0x00000000fc800000, 0x00000000fc900000|  0%| F|  |TAMS 0x00000000fc800000, 0x00000000fc800000| Untracked 
|   9|0x00000000fc900000, 0x00000000fc900000, 0x00000000fca00000|  0%| F|  |TAMS 0x00000000fc900000, 0x00000000fc900000| Untracked 
|  10|0x00000000fca00000, 0x00000000fca00000, 0x00000000fcb00000|  0%| F|  |TAMS 0x00000000fca00000, 0x00000000fca00000| Untracked 
|  11|0x00000000fcb00000, 0x00000000fcb00000, 0x00000000fcc00000|  0%| F|  |TAMS 0x00000000fcb00000, 0x00000000fcb00000| Untracked 
|  12|0x00000000fcc00000, 0x00000000fcc00000, 0x00000000fcd00000|  0%| F|  |TAMS 0x00000000fcc00000, 0x00000000fcc00000| Untracked 
|  13|0x00000000fcd00000, 0x00000000fcd00000, 0x00000000fce00000|  0%| F|  |TAMS 0x00000000fcd00000, 0x00000000fcd00000| Untracked 
|  14|0x00000000fce00000, 0x00000000fce00000, 0x00000000fcf00000|  0%| F|  |TAMS 0x00000000fce00000, 0x00000000fce00000| Untracked 
|  15|0x00000000fcf00000, 0x00000000fcf00000, 0x00000000fd000000|  0%| F|  |TAMS 0x00000000fcf00000, 0x00000000fcf00000| Untracked 
|  16|0x00000000fd000000, 0x00000000fd000000, 0x00000000fd100000|  0%| F|  |TAMS 0x00000000fd000000, 0x00000000fd000000| Untracked 
|  17|0x00000000fd100000, 0x00000000fd100000, 0x00000000fd200000|  0%| F|  |TAMS 0x00000000fd100000, 0x00000000fd100000| Untracked 
|  18|0x00000000fd200000, 0x00000000fd200000, 0x00000000fd300000|  0%| F|  |TAMS 0x00000000fd200000, 0x00000000fd200000| Untracked 
|  19|0x00000000fd300000, 0x00000000fd300000, 0x00000000fd400000|  0%| F|  |TAMS 0x00000000fd300000, 0x00000000fd300000| Untracked 
|  20|0x00000000fd400000, 0x00000000fd400000, 0x00000000fd500000|  0%| F|  |TAMS 0x00000000fd400000, 0x00000000fd400000| Untracked 
|  21|0x00000000fd500000, 0x00000000fd500000, 0x00000000fd600000|  0%| F|  |TAMS 0x00000000fd500000, 0x00000000fd500000| Untracked 
|  22|0x00000000fd600000, 0x00000000fd600000, 0x00000000fd700000|  0%| F|  |TAMS 0x00000000fd600000, 0x00000000fd600000| Untracked 
|  23|0x00000000fd700000, 0x00000000fd700000, 0x00000000fd800000|  0%| F|  |TAMS 0x00000000fd700000, 0x00000000fd700000| Untracked 
|  24|0x00000000fd800000, 0x00000000fd800000, 0x00000000fd900000|  0%| F|  |TAMS 0x00000000fd800000, 0x00000000fd800000| Untracked 
|  25|0x00000000fd900000, 0x00000000fd900000, 0x00000000fda00000|  0%| F|  |TAMS 0x00000000fd900000, 0x00000000fd900000| Untracked 
|  26|0x00000000fda00000, 0x00000000fda00000, 0x00000000fdb00000|  0%| F|  |TAMS 0x00000000fda00000, 0x00000000fda00000| Untracked 
|  27|0x00000000fdb00000, 0x00000000fdb00000, 0x00000000fdc00000|  0%| F|  |TAMS 0x00000000fdb00000, 0x00000000fdb00000| Untracked 
|  28|0x00000000fdc00000, 0x00000000fdd00000, 0x00000000fdd00000|100%| S|CS|TAMS 0x00000000fdc00000, 0x00000000fdc00000| Complete 
|  29|0x00000000fdd00000, 0x00000000fde00000, 0x00000000fde00000|100%| S|CS|TAMS 0x00000000fdd00000, 0x00000000fdd00000| Complete 
|  30|0x00000000fde00000, 0x00000000fdf00000, 0x00000000fdf00000|100%| S|CS|TAMS 0x00000000fde00000, 0x00000000fde00000| Complete 
|  31|0x00000000fdf00000, 0x00000000fe000000, 0x00000000fe000000|100%| S|CS|TAMS 0x00000000fdf00000, 0x00000000fdf00000| Complete 
|  32|0x00000000fe000000, 0x00000000fe000000, 0x00000000fe100000|  0%| F|  |TAMS 0x00000000fe000000, 0x00000000fe000000| Untracked 
|  33|0x00000000fe100000, 0x00000000fe100000, 0x00000000fe200000|  0%| F|  |TAMS 0x00000000fe100000, 0x00000000fe100000| Untracked 
|  34|0x00000000fe200000, 0x00000000fe200000, 0x00000000fe300000|  0%| F|  |TAMS 0x00000000fe200000, 0x00000000fe200000| Untracked 
|  35|0x00000000fe300000, 0x00000000fe300000, 0x00000000fe400000|  0%| F|  |TAMS 0x00000000fe300000, 0x00000000fe300000| Untracked 
|  36|0x00000000fe400000, 0x00000000fe400000, 0x00000000fe500000|  0%| F|  |TAMS 0x00000000fe400000, 0x00000000fe400000| Untracked 
|  37|0x00000000fe500000, 0x00000000fe500000, 0x00000000fe600000|  0%| F|  |TAMS 0x00000000fe500000, 0x00000000fe500000| Untracked 
|  38|0x00000000fe600000, 0x00000000fe600000, 0x00000000fe700000|  0%| F|  |TAMS 0x00000000fe600000, 0x00000000fe600000| Untracked 
|  39|0x00000000fe700000, 0x00000000fe700000, 0x00000000fe800000|  0%| F|  |TAMS 0x00000000fe700000, 0x00000000fe700000| Untracked 
|  40|0x00000000fe800000, 0x00000000fe800000, 0x00000000fe900000|  0%| F|  |TAMS 0x00000000fe800000, 0x00000000fe800000| Untracked 
|  41|0x00000000fe900000, 0x00000000fe900000, 0x00000000fea00000|  0%| F|  |TAMS 0x00000000fe900000, 0x00000000fe900000| Untracked 
|  42|0x00000000fea00000, 0x00000000fea00000, 0x00000000feb00000|  0%| F|  |TAMS 0x00000000fea00000, 0x00000000fea00000| Untracked 
|  43|0x00000000feb00000, 0x00000000feb00000, 0x00000000fec00000|  0%| F|  |TAMS 0x00000000feb00000, 0x00000000feb00000| Untracked 
|  44|0x00000000fec00000, 0x00000000fec00000, 0x00000000fed00000|  0%| F|  |TAMS 0x00000000fec00000, 0x00000000fec00000| Untracked 
|  45|0x00000000fed00000, 0x00000000fed00000, 0x00000000fee00000|  0%| F|  |TAMS 0x00000000fed00000, 0x00000000fed00000| Untracked 
|  46|0x00000000fee00000, 0x00000000fee00000, 0x00000000fef00000|  0%| F|  |TAMS 0x00000000fee00000, 0x00000000fee00000| Untracked 
|  47|0x00000000fef00000, 0x00000000fef00000, 0x00000000ff000000|  0%| F|  |TAMS 0x00000000fef00000, 0x00000000fef00000| Untracked 
|  48|0x00000000ff000000, 0x00000000ff0ff4b0, 0x00000000ff100000| 99%| E|  |TAMS 0x00000000ff000000, 0x00000000ff000000| Complete 
|  49|0x00000000ff100000, 0x00000000ff200000, 0x00000000ff200000|100%| E|CS|TAMS 0x00000000ff100000, 0x00000000ff100000| Complete 
|  50|0x00000000ff200000, 0x00000000ff300000, 0x00000000ff300000|100%| E|CS|TAMS 0x00000000ff200000, 0x00000000ff200000| Complete 
|  51|0x00000000ff300000, 0x00000000ff400000, 0x00000000ff400000|100%| E|CS|TAMS 0x00000000ff300000, 0x00000000ff300000| Complete 
|  52|0x00000000ff400000, 0x00000000ff500000, 0x00000000ff500000|100%| E|CS|TAMS 0x00000000ff400000, 0x00000000ff400000| Complete 
|  53|0x00000000ff500000, 0x00000000ff600000, 0x00000000ff600000|100%| E|CS|TAMS 0x00000000ff500000, 0x00000000ff500000| Complete 
|  54|0x00000000ff600000, 0x00000000ff700000, 0x00000000ff700000|100%| E|CS|TAMS 0x00000000ff600000, 0x00000000ff600000| Complete 
|  55|0x00000000ff700000, 0x00000000ff800000, 0x00000000ff800000|100%| E|CS|TAMS 0x00000000ff700000, 0x00000000ff700000| Complete 
|  56|0x00000000ff800000, 0x00000000ff900000, 0x00000000ff900000|100%| E|CS|TAMS 0x00000000ff800000, 0x00000000ff800000| Complete 
|  57|0x00000000ff900000, 0x00000000ffa00000, 0x00000000ffa00000|100%| E|CS|TAMS 0x00000000ff900000, 0x00000000ff900000| Complete 
|  58|0x00000000ffa00000, 0x00000000ffb00000, 0x00000000ffb00000|100%| E|CS|TAMS 0x00000000ffa00000, 0x00000000ffa00000| Complete 
|  59|0x00000000ffb00000, 0x00000000ffc00000, 0x00000000ffc00000|100%| E|CS|TAMS 0x00000000ffb00000, 0x00000000ffb00000| Complete 
|  60|0x00000000ffc00000, 0x00000000ffd00000, 0x00000000ffd00000|100%| E|CS|TAMS 0x00000000ffc00000, 0x00000000ffc00000| Complete 
|  61|0x00000000ffd00000, 0x00000000ffe00000, 0x00000000ffe00000|100%| E|CS|TAMS 0x00000000ffd00000, 0x00000000ffd00000| Complete 
|  62|0x00000000ffe00000, 0x00000000fff00000, 0x00000000fff00000|100%| E|CS|TAMS 0x00000000ffe00000, 0x00000000ffe00000| Complete 
|  63|0x00000000fff00000, 0x0000000100000000, 0x0000000100000000|100%| E|CS|TAMS 0x00000000fff00000, 0x00000000fff00000| Complete 

Card table byte_map: [0x000001aa155f0000,0x000001aa15610000] _byte_map_base: 0x000001aa14e10000

Marking Bits (Prev, Next): (CMBitMap*) 0x000001aa1553a160, (CMBitMap*) 0x000001aa1553a1a0
 Prev Bits: [0x000001aa2e030000, 0x000001aa2e130000)
 Next Bits: [0x000001aa2e130000, 0x000001aa2e230000)

Polling page: 0x000001aa153a0000

Metaspace:

Usage:
  Non-class:      8.13 MB used.
      Class:      1.23 MB used.
       Both:      9.36 MB used.

Virtual space:
  Non-class space:       64.00 MB reserved,       8.25 MB ( 13%) committed,  1 nodes.
      Class space:        1.00 GB reserved,       1.31 MB ( <1%) committed,  1 nodes.
             Both:        1.06 GB reserved,       9.56 MB ( <1%) committed. 

Chunk freelists:
   Non-Class:  7.66 MB
       Class:  14.51 MB
        Both:  22.17 MB

MaxMetaspaceSize: unlimited
CompressedClassSpaceSize: 1.00 GB
Initial GC threshold: 21.00 MB
Current GC threshold: 21.00 MB
CDS: on
MetaspaceReclaimPolicy: balanced
 - commit_granule_bytes: 65536.
 - commit_granule_words: 8192.
 - virtual_space_node_default_size: 8388608.
 - enlarge_chunks_in_place: 1.
 - new_chunks_are_fully_committed: 0.
 - uncommit_free_chunks: 1.
 - use_allocation_guard: 0.
 - handle_deallocations: 1.


Internal statistics:

num_allocs_failed_limit: 0.
num_arena_births: 80.
num_arena_deaths: 0.
num_vsnodes_births: 2.
num_vsnodes_deaths: 0.
num_space_committed: 153.
num_space_uncommitted: 0.
num_chunks_returned_to_freelist: 0.
num_chunks_taken_from_freelist: 341.
num_chunk_merges: 0.
num_chunk_splits: 225.
num_chunks_enlarged: 181.
num_inconsistent_stats: 0.

CodeHeap 'non-profiled nmethods': size=120000Kb used=1025Kb max_used=1025Kb free=118974Kb
 bounds [0x000001aa26080000, 0x000001aa262f0000, 0x000001aa2d5b0000]
CodeHeap 'profiled nmethods': size=120000Kb used=3758Kb max_used=3758Kb free=116241Kb
 bounds [0x000001aa1e5b0000, 0x000001aa1e960000, 0x000001aa25ae0000]
CodeHeap 'non-nmethods': size=5760Kb used=1172Kb max_used=1240Kb free=4587Kb
 bounds [0x000001aa25ae0000, 0x000001aa25d50000, 0x000001aa26080000]
 total_blobs=2496 nmethods=2027 adapters=381
 compilation: enabled
              stopped_count=0, restarted_count=0
 full_count=0

Compilation events (20 events):
Event: 546.639 Thread 0x000001aa30c06940 nmethod 2018 0x000001aa26179310 code [0x000001aa261794c0, 0x000001aa26179a98]
Event: 562.596 Thread 0x000001aa30c06940 2019       4       java.util.concurrent.ScheduledThreadPoolExecutor$ScheduledFutureTask::setNextRunTime (38 bytes)
Event: 562.598 Thread 0x000001aa30c06940 nmethod 2019 0x000001aa26179f10 code [0x000001aa2617a080, 0x000001aa2617a138]
Event: 562.598 Thread 0x000001aa30c06940 2020       4       java.util.concurrent.ThreadPoolExecutor$Worker::unlock (7 bytes)
Event: 562.603 Thread 0x000001aa30c06940 nmethod 2020 0x000001aa2617a210 code [0x000001aa2617a380, 0x000001aa2617a478]
Event: 646.863 Thread 0x000001aa30c06940 2021       4       java.lang.Integer::toString (55 bytes)
Event: 646.885 Thread 0x000001aa30c06940 nmethod 2021 0x000001aa2617a510 code [0x000001aa2617a6a0, 0x000001aa2617ad98]
Event: 651.688 Thread 0x000001aa30c06940 2022       4       java.lang.Integer::toString (8 bytes)
Event: 651.706 Thread 0x000001aa30c06940 nmethod 2022 0x000001aa2617b090 code [0x000001aa2617b240, 0x000001aa2617b958]
Event: 687.618 Thread 0x000001aa30c06940 2023       4       java.util.concurrent.ScheduledThreadPoolExecutor$DelayedWorkQueue::finishPoll (43 bytes)
Event: 687.633 Thread 0x000001aa30c06940 nmethod 2023 0x000001aa2617bc90 code [0x000001aa2617be20, 0x000001aa2617bf98]
Event: 687.633 Thread 0x000001aa30c06940 2024       4       java.util.concurrent.ThreadPoolExecutor$Worker::lock (6 bytes)
Event: 687.656 Thread 0x000001aa30c06940 nmethod 2024 0x000001aa2617c110 code [0x000001aa2617c280, 0x000001aa2617c418]
Event: 687.656 Thread 0x000001aa30c06940 2026       4       java.util.concurrent.ThreadPoolExecutor::ensurePrestart (41 bytes)
Event: 687.659 Thread 0x000001aa30c06940 nmethod 2026 0x000001aa2617c510 code [0x000001aa2617c680, 0x000001aa2617c758]
Event: 687.659 Thread 0x000001aa30c06940 2027   !   4       java.util.concurrent.ThreadPoolExecutor::getTask (177 bytes)
Event: 687.759 Thread 0x000001aa30c06940 nmethod 2027 0x000001aa2617c810 code [0x000001aa2617ca60, 0x000001aa2617e270]
Event: 687.759 Thread 0x000001aa30c06940 2025       4       java.util.concurrent.ScheduledThreadPoolExecutor::reExecutePeriodic (49 bytes)
Event: 687.784 Thread 0x000001aa30c06940 nmethod 2025 0x000001aa2617f410 code [0x000001aa2617f5e0, 0x000001aa2617fef8]
Event: 763.145 Thread 0x000001aa30c06940 2028       4       java.util.concurrent.ScheduledThreadPoolExecutor$ScheduledFutureTask::run (57 bytes)

GC Heap History (4 events):
Event: 1.792 GC heap before
{Heap before GC invocations=0 (full 0):
 garbage-first heap   total 65536K, used 22528K [0x00000000fc000000, 0x0000000100000000)
  region size 1024K, 23 young (23552K), 0 survivors (0K)
 Metaspace       used 1786K, committed 1920K, reserved 1114112K
  class space    used 160K, committed 192K, reserved 1048576K
}
Event: 1.893 GC heap after
{Heap after GC invocations=1 (full 0):
 garbage-first heap   total 65536K, used 2048K [0x00000000fc000000, 0x0000000100000000)
  region size 1024K, 2 young (2048K), 2 survivors (2048K)
 Metaspace       used 1786K, committed 1920K, reserved 1114112K
  class space    used 160K, committed 192K, reserved 1048576K
}
Event: 5.093 GC heap before
{Heap before GC invocations=1 (full 0):
 garbage-first heap   total 65536K, used 35840K [0x00000000fc000000, 0x0000000100000000)
  region size 1024K, 32 young (32768K), 2 survivors (2048K)
 Metaspace       used 7906K, committed 8128K, reserved 1114112K
  class space    used 1087K, committed 1216K, reserved 1048576K
}
Event: 5.102 GC heap after
{Heap after GC invocations=2 (full 0):
 garbage-first heap   total 65536K, used 11664K [0x00000000fc000000, 0x0000000100000000)
  region size 1024K, 4 young (4096K), 4 survivors (4096K)
 Metaspace       used 7906K, committed 8128K, reserved 1114112K
  class space    used 1087K, committed 1216K, reserved 1048576K
}

Deoptimization events (20 events):
Event: 5.213 Thread 0x000001aa155191f0 Uncommon trap: trap_request=0xffffff45 fr.pc=0x000001aa260c3eb8 relative=0x0000000000000998
Event: 5.213 Thread 0x000001aa155191f0 Uncommon trap: reason=unstable_if action=reinterpret pc=0x000001aa260c3eb8 method=java.util.HashMap.putVal(ILjava/lang/Object;Ljava/lang/Object;ZZ)Ljava/lang/Object; @ 162 c2
Event: 5.213 Thread 0x000001aa155191f0 DEOPT PACKING pc=0x000001aa260c3eb8 sp=0x0000003320afafd0
Event: 5.213 Thread 0x000001aa155191f0 DEOPT UNPACKING pc=0x000001aa25b323a3 sp=0x0000003320afaf08 mode 2
Event: 5.384 Thread 0x000001aa7647f810 Uncommon trap: trap_request=0xffffffde fr.pc=0x000001aa260ba2e8 relative=0x00000000000000c8
Event: 5.384 Thread 0x000001aa7647f810 Uncommon trap: reason=class_check action=maybe_recompile pc=0x000001aa260ba2e8 method=java.util.AbstractList$Itr.next()Ljava/lang/Object; @ 14 c2
Event: 5.384 Thread 0x000001aa7647f810 DEOPT PACKING pc=0x000001aa260ba2e8 sp=0x0000003321dfe7c0
Event: 5.384 Thread 0x000001aa7647f810 DEOPT UNPACKING pc=0x000001aa25b323a3 sp=0x0000003321dfe758 mode 2
Event: 5.384 Thread 0x000001aa7647f810 Uncommon trap: trap_request=0xffffffde fr.pc=0x000001aa260ba2e8 relative=0x00000000000000c8
Event: 5.384 Thread 0x000001aa7647f810 Uncommon trap: reason=class_check action=maybe_recompile pc=0x000001aa260ba2e8 method=java.util.AbstractList$Itr.next()Ljava/lang/Object; @ 14 c2
Event: 5.384 Thread 0x000001aa7647f810 DEOPT PACKING pc=0x000001aa260ba2e8 sp=0x0000003321dfe7c0
Event: 5.384 Thread 0x000001aa7647f810 DEOPT UNPACKING pc=0x000001aa25b323a3 sp=0x0000003321dfe758 mode 2
Event: 5.388 Thread 0x000001aa155191f0 DEOPT PACKING pc=0x000001aa1e8222ea sp=0x0000003320afb960
Event: 5.388 Thread 0x000001aa155191f0 DEOPT UNPACKING pc=0x000001aa25b32b43 sp=0x0000003320afae70 mode 0
Event: 332.178 Thread 0x000001aa7647f810 DEOPT PACKING pc=0x000001aa1e8abe83 sp=0x0000003321dfe390
Event: 332.179 Thread 0x000001aa7647f810 DEOPT UNPACKING pc=0x000001aa25b32b43 sp=0x0000003321dfd800 mode 0
Event: 370.289 Thread 0x000001aa155191f0 DEOPT PACKING pc=0x000001aa1e86984d sp=0x0000003320afcd70
Event: 370.289 Thread 0x000001aa155191f0 DEOPT UNPACKING pc=0x000001aa25b32b43 sp=0x0000003320afc208 mode 0
Event: 370.295 Thread 0x000001aa155191f0 DEOPT PACKING pc=0x000001aa1e86984d sp=0x0000003320afcd70
Event: 370.295 Thread 0x000001aa155191f0 DEOPT UNPACKING pc=0x000001aa25b32b43 sp=0x0000003320afc208 mode 0

Classes unloaded (0 events):
No events

Classes redefined (0 events):
No events

Internal exceptions (20 events):
Event: 3.222 Thread 0x000001aa155191f0 Exception <a 'java/lang/NoSuchMethodError'{0x00000000ff27c038}: 'java.lang.Object java.lang.invoke.DirectMethodHandle$Holder.invokeStaticInit(java.lang.Object)'> (0x00000000ff27c038) 
thrown [s\open\src\hotspot\share\interpreter\linkResolver.cpp, line 759]
Event: 3.247 Thread 0x000001aa155191f0 Exception <a 'java/lang/NoSuchMethodError'{0x00000000ff296f40}: 'int java.lang.invoke.DirectMethodHandle$Holder.invokeSpecial(java.lang.Object, java.lang.Object, java.lang.Object)'> (0x00000000ff296f40) 
thrown [s\open\src\hotspot\share\interpreter\linkResolver.cpp, line 759]
Event: 3.261 Thread 0x000001aa155191f0 Exception <a 'java/lang/NoSuchMethodError'{0x00000000ff2d3810}: 'void java.lang.invoke.DirectMethodHandle$Holder.invokeStatic(java.lang.Object, java.lang.Object)'> (0x00000000ff2d3810) 
thrown [s\open\src\hotspot\share\interpreter\linkResolver.cpp, line 759]
Event: 3.264 Thread 0x000001aa155191f0 Implicit null exception at 0x000001aa260ea10f to 0x000001aa260ea66c
Event: 3.264 Thread 0x000001aa155191f0 Implicit null exception at 0x000001aa260c6b8f to 0x000001aa260c70f0
Event: 3.264 Thread 0x000001aa155191f0 Implicit null exception at 0x000001aa260b2c0f to 0x000001aa260b2c89
Event: 3.327 Thread 0x000001aa155191f0 Exception <a 'java/lang/NoClassDefFoundError'{0x00000000ff14ed88}: org/slf4j/impl/StaticMarkerBinder> (0x00000000ff14ed88) 
thrown [s\open\src\hotspot\share\classfile\systemDictionary.cpp, line 245]
Event: 3.404 Thread 0x000001aa155191f0 Exception <a 'java/lang/NoSuchMethodError'{0x00000000ff0701e0}: 'java.lang.Object java.lang.invoke.Invokers$Holder.invoker(java.lang.Object, java.lang.Object, java.lang.Object)'> (0x00000000ff0701e0) 
thrown [s\open\src\hotspot\share\interpreter\linkResolver.cpp, line 759]
Event: 3.407 Thread 0x000001aa155191f0 Exception <a 'java/lang/NoSuchMethodError'{0x00000000ff079338}: 'java.lang.Object java.lang.invoke.DirectMethodHandle$Holder.invokeStatic(java.lang.Object, java.lang.Object, int)'> (0x00000000ff079338) 
thrown [s\open\src\hotspot\share\interpreter\linkResolver.cpp, line 759]
Event: 3.410 Thread 0x000001aa155191f0 Exception <a 'java/lang/NoSuchMethodError'{0x00000000ff085270}: 'void java.lang.invoke.DelegatingMethodHandle$Holder.delegate(java.lang.Object, java.lang.Object, int, java.lang.Object)'> (0x00000000ff085270) 
thrown [s\open\src\hotspot\share\interpreter\linkResolver.cpp, line 759]
Event: 3.423 Thread 0x000001aa155191f0 Exception <a 'java/lang/NoSuchMethodError'{0x00000000ff0988b8}: 'java.lang.Object java.lang.invoke.Invokers$Holder.invokeExact_MT(java.lang.Object, java.lang.Object, java.lang.Object, java.lang.Object)'> (0x00000000ff0988b8) 
thrown [s\open\src\hotspot\share\interpreter\linkResolver.cpp, line 759]
Event: 3.437 Thread 0x000001aa155191f0 Exception <a 'java/lang/NoSuchMethodError'{0x00000000ff0c2428}: 'java.lang.Object java.lang.invoke.DirectMethodHandle$Holder.invokeVirtual(java.lang.Object, java.lang.Object, java.lang.Object)'> (0x00000000ff0c2428) 
thrown [s\open\src\hotspot\share\interpreter\linkResolver.cpp, line 759]
Event: 3.826 Thread 0x000001aa155191f0 Exception <a 'java/lang/NoSuchMethodError'{0x00000000feb39fa0}: 'java.lang.Object java.lang.invoke.DirectMethodHandle$Holder.newInvokeSpecial(java.lang.Object, java.lang.Object, java.lang.Object, java.lang.Object, java.lang.Object)'> (0x00000000feb39fa0) 
thrown [s\open\src\hotspot\share\interpreter\linkResolver.cpp, line 759]
Event: 3.905 Thread 0x000001aa155191f0 Exception <a 'java/lang/NoSuchMethodError'{0x00000000feab4d08}: 'void java.lang.invoke.DirectMethodHandle$Holder.invokeSpecial(java.lang.Object, java.lang.Object, java.lang.Object)'> (0x00000000feab4d08) 
thrown [s\open\src\hotspot\share\interpreter\linkResolver.cpp, line 759]
Event: 4.527 Thread 0x000001aa155191f0 Exception <a 'java/lang/NoSuchMethodError'{0x00000000fe6da0f8}: 'void java.lang.invoke.DirectMethodHandle$Holder.invokeStatic(java.lang.Object, java.lang.Object, java.lang.Object)'> (0x00000000fe6da0f8) 
thrown [s\open\src\hotspot\share\interpreter\linkResolver.cpp, line 759]
Event: 4.686 Thread 0x000001aa155191f0 Exception <a 'java/lang/NoSuchMethodError'{0x00000000fe373070}: 'java.lang.Object java.lang.invoke.DirectMethodHandle$Holder.newInvokeSpecial(java.lang.Object, java.lang.Object, java.lang.Object, java.lang.Object, java.lang.Object, java.lang.Object, java.lang.Object, java.lang.Object, java.lang.Object, java.lang.Object, java.lang.Object, java.lang.Object, java.lang.Object, java.lang.Object, java.lang.Object, java.lang.Object, java.lang.Object, java.lang.Object, java.lang.Object, java.lang.Object, java.lang
Event: 4.697 Thread 0x000001aa155191f0 Exception <a 'java/lang/NoSuchMethodError'{0x00000000fe37f678}: 'java.lang.Object java.lang.invoke.Invokers$Holder.linkToTargetMethod(java.lang.Object, java.lang.Object, java.lang.Object, java.lang.Object, java.lang.Object, java.lang.Object, java.lang.Object, java.lang.Object, java.lang.Object, java.lang.Object, java.lang.Object, java.lang.Object, java.lang.Object, java.lang.Object, java.lang.Object, java.lang.Object, java.lang.Object, java.lang.Object, java.lang.Object, java.lang.Object, java.lang.Object,
Event: 4.844 Thread 0x000001aa155191f0 Exception <a 'java/lang/NoSuchMethodError'{0x00000000fe1e20c0}: 'java.lang.Object java.lang.invoke.DirectMethodHandle$Holder.invokeStaticInit(java.lang.Object, int, int, int, int)'> (0x00000000fe1e20c0) 
thrown [s\open\src\hotspot\share\interpreter\linkResolver.cpp, line 759]
Event: 4.983 Thread 0x000001aa155191f0 Exception <a 'java/lang/NoSuchMethodError'{0x00000000fe006278}: 'java.lang.Object java.lang.invoke.DirectMethodHandle$Holder.invokeStaticInit(java.lang.Object, java.lang.Object, int, int, int, int)'> (0x00000000fe006278) 
thrown [s\open\src\hotspot\share\interpreter\linkResolver.cpp, line 759]
Event: 5.087 Thread 0x000001aa155191f0 Implicit null exception at 0x000001aa260ccd55 to 0x000001aa260cd35c

VM Operations (20 events):
Event: 394.356 Executing VM operation: Cleanup
Event: 394.356 Executing VM operation: Cleanup done
Event: 399.359 Executing VM operation: Cleanup
Event: 399.359 Executing VM operation: Cleanup done
Event: 421.202 Executing VM operation: HandshakeAllThreads
Event: 421.202 Executing VM operation: HandshakeAllThreads done
Event: 474.260 Executing VM operation: Cleanup
Event: 474.260 Executing VM operation: Cleanup done
Event: 481.461 Executing VM operation: HandshakeAllThreads
Event: 481.462 Executing VM operation: HandshakeAllThreads done
Event: 484.463 Executing VM operation: Cleanup
Event: 484.463 Executing VM operation: Cleanup done
Event: 540.496 Executing VM operation: Cleanup
Event: 540.496 Executing VM operation: Cleanup done
Event: 543.498 Executing VM operation: Cleanup
Event: 543.498 Executing VM operation: Cleanup done
Event: 652.557 Executing VM operation: Cleanup
Event: 652.557 Executing VM operation: Cleanup done
Event: 721.731 Executing VM operation: HandshakeAllThreads
Event: 721.739 Executing VM operation: HandshakeAllThreads done

Events (20 events):
Event: 152.031 loading class jdk/internal/logger/LazyLoggers$LazyLoggerFactories
Event: 152.031 loading class jdk/internal/logger/LazyLoggers$LazyLoggerFactories done
Event: 152.033 loading class jdk/internal/logger/LoggerFinderLoader
Event: 152.033 loading class jdk/internal/logger/LoggerFinderLoader done
Event: 152.035 loading class jdk/internal/logger/LoggerFinderLoader$TemporaryLoggerFinder
Event: 152.035 loading class jdk/internal/logger/LoggerFinderLoader$TemporaryLoggerFinder done
Event: 152.036 loading class sun/util/logging/internal/LoggingProviderImpl$JULWrapper
Event: 152.037 loading class sun/util/logging/PlatformLogger$ConfigurableBridge$LoggerConfiguration
Event: 152.037 loading class sun/util/logging/PlatformLogger$ConfigurableBridge$LoggerConfiguration done
Event: 152.037 loading class sun/util/logging/internal/LoggingProviderImpl$JULWrapper done
Event: 152.038 loading class java/io/ObjectInputFilter
Event: 152.038 loading class java/io/ObjectInputFilter done
Event: 152.042 loading class java/io/ObjectInputFilter$Config$BuiltinFilterFactory
Event: 152.042 loading class java/io/ObjectInputFilter$Config$BuiltinFilterFactory done
Event: 152.042 loading class jdk/internal/access/JavaObjectInputFilterAccess
Event: 152.042 loading class jdk/internal/access/JavaObjectInputFilterAccess done
Event: 152.043 loading class java/lang/System$Logger$Level
Event: 152.045 loading class java/lang/System$Logger$Level done
Event: 152.045 loading class java/io/Bits
Event: 152.045 loading class java/io/Bits done


Dynamic libraries:
0x00007ff7296b0000 - 0x00007ff7296c0000 	C:\Program Files\Java\jdk-17\bin\java.exe
0x00007ffd20bb0000 - 0x00007ffd20da8000 	C:\WINDOWS\SYSTEM32\ntdll.dll
0x00007ffd20770000 - 0x00007ffd20832000 	C:\WINDOWS\System32\KERNEL32.DLL
0x00007ffd1e8e0000 - 0x00007ffd1ebd6000 	C:\WINDOWS\System32\KERNELBASE.dll
0x00007ffd1e2d0000 - 0x00007ffd1e3d0000 	C:\WINDOWS\System32\ucrtbase.dll
0x00007ffcf4a00000 - 0x00007ffcf4a19000 	C:\Program Files\Java\jdk-17\bin\jli.dll
0x00007ffd1ed10000 - 0x00007ffd1edc1000 	C:\WINDOWS\System32\ADVAPI32.dll
0x00007ffd206d0000 - 0x00007ffd2076e000 	C:\WINDOWS\System32\msvcrt.dll
0x00007ffd1edd0000 - 0x00007ffd1ee6f000 	C:\WINDOWS\System32\sechost.dll
0x00007ffd1fc00000 - 0x00007ffd1fd20000 	C:\WINDOWS\System32\RPCRT4.dll
0x00007ffd1e6a0000 - 0x00007ffd1e6c7000 	C:\WINDOWS\System32\bcrypt.dll
0x00007ffd20530000 - 0x00007ffd206cd000 	C:\WINDOWS\System32\USER32.dll
0x00007ffd1e5e0000 - 0x00007ffd1e602000 	C:\WINDOWS\System32\win32u.dll
0x00007ffd20a70000 - 0x00007ffd20a9b000 	C:\WINDOWS\System32\GDI32.dll
0x00007ffd1e3d0000 - 0x00007ffd1e4e9000 	C:\WINDOWS\System32\gdi32full.dll
0x00007ffd1e4f0000 - 0x00007ffd1e58d000 	C:\WINDOWS\System32\msvcp_win.dll
0x00007ffd104e0000 - 0x00007ffd104fb000 	C:\Program Files\Java\jdk-17\bin\VCRUNTIME140.dll
0x00007ffd0cdd0000 - 0x00007ffd0d06b000 	C:\WINDOWS\WinSxS\amd64_microsoft.windows.common-controls_6595b64144ccf1df_6.0.19041.6280_none_60bc30a171f2f3f3\COMCTL32.dll
0x00007ffd11520000 - 0x00007ffd1152a000 	C:\WINDOWS\SYSTEM32\VERSION.dll
0x00007ffd1fbd0000 - 0x00007ffd1fbff000 	C:\WINDOWS\System32\IMM32.DLL
0x00007ffcf4cd0000 - 0x00007ffcf4cdc000 	C:\Program Files\Java\jdk-17\bin\vcruntime140_1.dll
0x00007ffcdbca0000 - 0x00007ffcdbd2e000 	C:\Program Files\Java\jdk-17\bin\msvcp140.dll
0x00007ffc84320000 - 0x00007ffc84f00000 	C:\Program Files\Java\jdk-17\bin\server\jvm.dll
0x00007ffd20840000 - 0x00007ffd20848000 	C:\WINDOWS\System32\PSAPI.DLL
0x00007ffcc48c0000 - 0x00007ffcc48c9000 	C:\WINDOWS\SYSTEM32\WSOCK32.dll
0x00007ffd20850000 - 0x00007ffd208bb000 	C:\WINDOWS\System32\WS2_32.dll
0x00007ffd0d5a0000 - 0x00007ffd0d5c7000 	C:\WINDOWS\SYSTEM32\WINMM.dll
0x00007ffd1cac0000 - 0x00007ffd1cad2000 	C:\WINDOWS\SYSTEM32\kernel.appcore.dll
0x00007ffd12440000 - 0x00007ffd1244a000 	C:\Program Files\Java\jdk-17\bin\jimage.dll
0x00007ffd1bca0000 - 0x00007ffd1bea1000 	C:\WINDOWS\SYSTEM32\DBGHELP.DLL
0x00007ffd11c00000 - 0x00007ffd11c34000 	C:\WINDOWS\SYSTEM32\dbgcore.DLL
0x00007ffd1e610000 - 0x00007ffd1e692000 	C:\WINDOWS\System32\bcryptPrimitives.dll
0x00007ffcf4b90000 - 0x00007ffcf4bb5000 	C:\Program Files\Java\jdk-17\bin\java.dll
0x00007ffcdbd70000 - 0x00007ffcdbe47000 	C:\Program Files\Java\jdk-17\bin\jsvml.dll
0x00007ffd1f310000 - 0x00007ffd1fa80000 	C:\WINDOWS\System32\SHELL32.dll
0x00007ffd1c030000 - 0x00007ffd1c7d4000 	C:\WINDOWS\SYSTEM32\windows.storage.dll
0x00007ffd1ee70000 - 0x00007ffd1f1c3000 	C:\WINDOWS\System32\combase.dll
0x00007ffd1dc10000 - 0x00007ffd1dc3b000 	C:\WINDOWS\SYSTEM32\Wldp.dll
0x00007ffd20aa0000 - 0x00007ffd20b6d000 	C:\WINDOWS\System32\OLEAUT32.dll
0x00007ffd1fb20000 - 0x00007ffd1fbcd000 	C:\WINDOWS\System32\SHCORE.dll
0x00007ffd1feb0000 - 0x00007ffd1ff0b000 	C:\WINDOWS\System32\shlwapi.dll
0x00007ffd1e180000 - 0x00007ffd1e1a4000 	C:\WINDOWS\SYSTEM32\profapi.dll
0x00007ffcf4aa0000 - 0x00007ffcf4ab9000 	C:\Program Files\Java\jdk-17\bin\net.dll
0x00007ffd11c40000 - 0x00007ffd11d4a000 	C:\WINDOWS\SYSTEM32\WINHTTP.dll
0x00007ffd1d910000 - 0x00007ffd1d97a000 	C:\WINDOWS\system32\mswsock.dll
0x00007ffcf49e0000 - 0x00007ffcf49f6000 	C:\Program Files\Java\jdk-17\bin\nio.dll
0x00007ffcf39e0000 - 0x00007ffcf39f8000 	C:\Program Files\Java\jdk-17\bin\zip.dll
0x00007ffd152c0000 - 0x00007ffd152d0000 	C:\Program Files\Java\jdk-17\bin\verify.dll
0x00007ffd156d0000 - 0x00007ffd156da000 	C:\Program Files\Java\jdk-17\bin\management.dll
0x00007ffd15350000 - 0x00007ffd1535b000 	C:\Program Files\Java\jdk-17\bin\management_ext.dll
0x00007ffd189c0000 - 0x00007ffd189e7000 	E:\GradleCache\native\1def1411415f61bf3af743bc5b6707747c0891f09f0c88961ee8f79bc544acac\windows-amd64\native-platform.dll
0x00007ffd109c0000 - 0x00007ffd109ca000 	E:\GradleCache\native\jansi\1.18\windows64\jansi.dll
0x00007ffd1d5f0000 - 0x00007ffd1d62b000 	C:\WINDOWS\SYSTEM32\IPHLPAPI.DLL
0x00007ffd200b0000 - 0x00007ffd200b8000 	C:\WINDOWS\System32\NSI.dll
0x00007ffd139b0000 - 0x00007ffd139c7000 	C:\WINDOWS\SYSTEM32\dhcpcsvc6.DLL
0x00007ffd13950000 - 0x00007ffd1396d000 	C:\WINDOWS\SYSTEM32\dhcpcsvc.DLL
0x00007ffd1d630000 - 0x00007ffd1d6fa000 	C:\WINDOWS\SYSTEM32\DNSAPI.dll
0x00007ffd1db60000 - 0x00007ffd1db78000 	C:\WINDOWS\SYSTEM32\CRYPTSP.dll
0x00007ffd1d230000 - 0x00007ffd1d268000 	C:\WINDOWS\system32\rsaenh.dll
0x00007ffd1e140000 - 0x00007ffd1e16e000 	C:\WINDOWS\SYSTEM32\USERENV.dll
0x00007ffd1db80000 - 0x00007ffd1db8c000 	C:\WINDOWS\SYSTEM32\CRYPTBASE.dll
0x00007ffd12430000 - 0x00007ffd1243e000 	C:\Program Files\Java\jdk-17\bin\sunmscapi.dll
0x00007ffd1e780000 - 0x00007ffd1e8dd000 	C:\WINDOWS\System32\CRYPT32.dll
0x00007ffd1dc80000 - 0x00007ffd1dca7000 	C:\WINDOWS\SYSTEM32\ncrypt.dll
0x00007ffd1dc40000 - 0x00007ffd1dc7b000 	C:\WINDOWS\SYSTEM32\NTASN1.dll
0x00007ffd0d2a0000 - 0x00007ffd0d2a7000 	C:\WINDOWS\system32\wshunix.dll

dbghelp: loaded successfully - version: 4.0.5 - missing functions: none
symbol engine: initialized successfully - sym options: 0x614 - pdb path: .;C:\Program Files\Java\jdk-17\bin;C:\WINDOWS\SYSTEM32;C:\WINDOWS\WinSxS\amd64_microsoft.windows.common-controls_6595b64144ccf1df_6.0.19041.6280_none_60bc30a171f2f3f3;C:\Program Files\Java\jdk-17\bin\server;E:\GradleCache\native\1def1411415f61bf3af743bc5b6707747c0891f09f0c88961ee8f79bc544acac\windows-amd64;E:\GradleCache\native\jansi\1.18\windows64

VM Arguments:
jvm_args: -Xmx64m -Xms64m -Dorg.gradle.appname=gradlew 
java_command: E:\Connect\app\android\\gradle\wrapper\gradle-wrapper.jar app:installDebug -PreactNativeDevServerPort=8081
java_class_path (initial): E:\Connect\app\android\\gradle\wrapper\gradle-wrapper.jar
Launcher Type: SUN_STANDARD

[Global flags]
     intx CICompilerCount                          = 4                                         {product} {ergonomic}
     uint ConcGCThreads                            = 2                                         {product} {ergonomic}
     uint G1ConcRefinementThreads                  = 8                                         {product} {ergonomic}
   size_t G1HeapRegionSize                         = 1048576                                   {product} {ergonomic}
    uintx GCDrainStackTargetSize                   = 64                                        {product} {ergonomic}
   size_t InitialHeapSize                          = 67108864                                  {product} {command line}
   size_t MarkStackSize                            = 4194304                                   {product} {ergonomic}
   size_t MaxHeapSize                              = 67108864                                  {product} {command line}
   size_t MaxNewSize                               = 39845888                                  {product} {ergonomic}
   size_t MinHeapDeltaBytes                        = 1048576                                   {product} {ergonomic}
   size_t MinHeapSize                              = 67108864                                  {product} {command line}
    uintx NonNMethodCodeHeapSize                   = 5839372                                {pd product} {ergonomic}
    uintx NonProfiledCodeHeapSize                  = 122909434                              {pd product} {ergonomic}
    uintx ProfiledCodeHeapSize                     = 122909434                              {pd product} {ergonomic}
    uintx ReservedCodeCacheSize                    = 251658240                              {pd product} {ergonomic}
     bool SegmentedCodeCache                       = true                                      {product} {ergonomic}
   size_t SoftMaxHeapSize                          = 67108864                               {manageable} {ergonomic}
     bool UseCompressedClassPointers               = true                           {product lp64_product} {ergonomic}
     bool UseCompressedOops                        = true                           {product lp64_product} {ergonomic}
     bool UseG1GC                                  = true                                      {product} {ergonomic}
     bool UseLargePagesIndividualAllocation        = false                                  {pd product} {ergonomic}

Logging:
Log output configuration:
 #0: stdout all=warning uptime,level,tags
 #1: stderr all=off uptime,level,tags

Environment Variables:
JAVA_HOME=C:\Program Files\Java\jdk-17
PATH=E:\Connect\app\node_modules\.bin;E:\Connect\app\node_modules\.bin;E:\Connect\node_modules\.bin;E:\node_modules\.bin;C:\Program Files\nodejs\node_modules\npm\node_modules\@npmcli\run-script\lib\node-gyp-bin;;C:\Program Files\Common Files\Oracle\Java\javapath;C:\Python313\Scripts\;C:\Python313\;C:\WINDOWS\system32;C:\WINDOWS;C:\WINDOWS\System32\Wbem;C:\WINDOWS\System32\WindowsPowerShell\v1.0\;C:\WINDOWS\System32\OpenSSH\;C:\Program Files\nodejs\;C:\ProgramData\chocolatey\bin;C:\Program Files\Git\cmd;C:\Users\Ikramul islam\AppData\Local\Android\Sdk\platform-tools;C:\Users\Ikramul islam\AppData\Local\Android\Sdk\emulator;C:\Users\Ikramul islam\AppData\Local\Android\Sdk\tools;C:\Users\Ikramul islam\AppData\Local\Android\Sdk\tools\bin;C:\Program Files\Java\jdk-17\bin;C:\poppler\bin;C:\Program Files\GraphicsMagick-1.3.42-Q8;C:\Program Files\gs\gs10.05.1\bin;C:\Program Files\PuTTY\;c:\Users\Ikramul islam\AppData\Local\Programs\cursor\resources\app\bin;C:\Users\Ikramul islam\AppData\Local\Programs\Python\Python310\Scripts\;C:\Users\Ikramul islam\AppData\Local\Programs\Python\Python310\;C:\Users\Ikramul islam\AppData\Local\Microsoft\WindowsApps;C:\Users\Ikramul islam\AppData\Roaming\npm;C:\Users\Ikramul islam\AppData\Local\Programs\Microsoft VS Code\bin;C:\Users\Ikramul islam\AppData\Local\Programs\cursor-editor\resources\app\bin
USERNAME=Ikramulislam
LANG=en_US.UTF-8
OS=Windows_NT
PROCESSOR_IDENTIFIER=Intel64 Family 6 Model 142 Stepping 10, GenuineIntel



---------------  S Y S T E M  ---------------

OS:
 Windows 10 , 64 bit Build 19041 (10.0.19041.5915)
OS uptime: 0 days 3:37 hours

CPU: total 8 (initial active 8) (4 cores per cpu, 2 threads per core) family 6 model 142 stepping 10 microcode 0xf6, cx8, cmov, fxsr, ht, mmx, 3dnowpref, sse, sse2, sse3, ssse3, sse4.1, sse4.2, popcnt, lzcnt, tsc, tscinvbit, avx, avx2, aes, erms, clmul, bmi1, bmi2, rtm, adx, fma, vzeroupper, clflush, clflushopt

Memory: 4k page, system-wide physical 16227M (144M free)
TotalPageFile size 34484M (AvailPageFile size 49M)
current process WorkingSet (physical memory assigned to process): 15M, peak: 111M
current process commit charge ("private bytes"): 165M, peak: 187M

vm_info: Java HotSpot(TM) 64-Bit Server VM (17.0.12+8-LTS-286) for windows-amd64 JRE (17.0.12+8-LTS-286), built on Jun  5 2024 06:46:59 by "mach5one" with MS VC++ 17.6 (VS2022)

END.
