#
# There is insufficient memory for the Java Runtime Environment to continue.
# Native memory allocation (malloc) failed to allocate 100160 bytes for Chunk::new
# Possible reasons:
#   The system is out of physical RAM or swap space
#   The process is running with CompressedOops enabled, and the Java Heap may be blocking the growth of the native heap
# Possible solutions:
#   Reduce memory load on the system
#   Increase physical memory or swap space
#   Check if swap backing store is full
#   Decrease Java heap size (-Xmx/-Xms)
#   Decrease number of Java threads
#   Decrease Java thread stack sizes (-Xss)
#   Set larger code cache with -XX:ReservedCodeCacheSize=
#   JVM is running with Unscaled Compressed Oops mode in which the Java heap is
#     placed in the first 4GB address space. The Java Heap base address is the
#     maximum limit for the native heap growth. Please use -XX:HeapBaseMinAddress
#     to set the Java Heap base and to place the Java Heap above 4GB virtual address.
# This output file may be truncated or incomplete.
#
#  Out of Memory Error (arena.cpp:189), pid=179524, tid=184684
#
# JRE version: Java(TM) SE Runtime Environment (17.0.12+8) (build 17.0.12+8-LTS-286)
# Java VM: Java HotSpot(TM) 64-Bit Server VM (17.0.12+8-LTS-286, mixed mode, sharing, tiered, compressed oops, compressed class ptrs, g1 gc, windows-amd64)
# No core dump will be written. Minidumps are not enabled by default on client versions of Windows
#

---------------  S U M M A R Y ------------

Command Line: -Xmx64m -Xms64m -Dorg.gradle.appname=gradlew E:\Connect\app\android\\gradle\wrapper\gradle-wrapper.jar assembleDebug

Host: Intel(R) Core(TM) i7-8650U CPU @ 1.90GHz, 8 cores, 15G,  Windows 10 , 64 bit Build 19041 (10.0.19041.5915)
Time: Thu Jan 15 20:09:39 2026 Bangladesh Standard Time elapsed time: 813.849397 seconds (0d 0h 13m 33s)

---------------  T H R E A D  ---------------

Current thread (0x000002202b156740):  JavaThread "C2 CompilerThread0" daemon [_thread_in_native, id=184684, stack(0x000000f38a000000,0x000000f38a100000)]


Current CompileTask:
C2: 813849 2125 % !   4       java.io.BufferedReader::readLine @ 139 (327 bytes)

Stack: [0x000000f38a000000,0x000000f38a100000]
Native frames: (J=compiled Java code, j=interpreted, Vv=VM code, C=native code)
V  [jvm.dll+0x67a04a]
V  [jvm.dll+0x7da4ed]
V  [jvm.dll+0x7dbe33]
V  [jvm.dll+0x7dc4a3]
V  [jvm.dll+0x24508f]
V  [jvm.dll+0xab773]
V  [jvm.dll+0xabd3c]
V  [jvm.dll+0x361bee]
V  [jvm.dll+0x1ba2d5]
V  [jvm.dll+0x216997]
V  [jvm.dll+0x215c6f]
V  [jvm.dll+0x1a2960]
V  [jvm.dll+0x22610b]
V  [jvm.dll+0x2242ab]
V  [jvm.dll+0x79075c]
V  [jvm.dll+0x78abea]
V  [jvm.dll+0x678f35]
C  [ucrtbase.dll+0x21bb2]
C  [KERNEL32.DLL+0x17374]
C  [ntdll.dll+0x4cc91]


---------------  P R O C E S S  ---------------

Threads class SMR info:
_java_thread_list=0x0000022071272a80, length=13, elements={
0x00000220119a9a60, 0x0000022011a4ed30, 0x0000022011a4fac0, 0x0000022011a67760,
0x0000022011a6b560, 0x0000022011a6be30, 0x0000022011a6c700, 0x000002202b156740,
0x0000022011a753d0, 0x0000022011a764c0, 0x000002202b37d350, 0x000002202b3984a0,
0x0000022071257510
}

Java Threads: ( => current thread )
  0x00000220119a9a60 JavaThread "main" [_thread_in_Java, id=185128, stack(0x000000f389300000,0x000000f389400000)]
  0x0000022011a4ed30 JavaThread "Reference Handler" daemon [_thread_blocked, id=179876, stack(0x000000f389a00000,0x000000f389b00000)]
  0x0000022011a4fac0 JavaThread "Finalizer" daemon [_thread_blocked, id=183640, stack(0x000000f389b00000,0x000000f389c00000)]
  0x0000022011a67760 JavaThread "Signal Dispatcher" daemon [_thread_blocked, id=179568, stack(0x000000f389c00000,0x000000f389d00000)]
  0x0000022011a6b560 JavaThread "Attach Listener" daemon [_thread_blocked, id=180512, stack(0x000000f389d00000,0x000000f389e00000)]
  0x0000022011a6be30 JavaThread "Service Thread" daemon [_thread_blocked, id=181920, stack(0x000000f389e00000,0x000000f389f00000)]
  0x0000022011a6c700 JavaThread "Monitor Deflation Thread" daemon [_thread_blocked, id=185156, stack(0x000000f389f00000,0x000000f38a000000)]
=>0x000002202b156740 JavaThread "C2 CompilerThread0" daemon [_thread_in_native, id=184684, stack(0x000000f38a000000,0x000000f38a100000)]
  0x0000022011a753d0 JavaThread "C1 CompilerThread0" daemon [_thread_blocked, id=182348, stack(0x000000f38a100000,0x000000f38a200000)]
  0x0000022011a764c0 JavaThread "Sweeper thread" daemon [_thread_blocked, id=141172, stack(0x000000f38a200000,0x000000f38a300000)]
  0x000002202b37d350 JavaThread "Notification Thread" daemon [_thread_blocked, id=182160, stack(0x000000f38a300000,0x000000f38a400000)]
  0x000002202b3984a0 JavaThread "Common-Cleaner" daemon [_thread_blocked, id=128236, stack(0x000000f38a500000,0x000000f38a600000)]
  0x0000022071257510 JavaThread "pool-1-thread-1" [_thread_in_native, id=128108, stack(0x000000f38a700000,0x000000f38a800000)]

Other Threads:
  0x0000022011a49200 VMThread "VM Thread" [stack: 0x000000f389900000,0x000000f389a00000] [id=179784]
  0x00000220119e9560 WatcherThread [stack: 0x000000f38a400000,0x000000f38a500000] [id=125140]
  0x00000220119c83b0 GCTaskThread "GC Thread#0" [stack: 0x000000f389400000,0x000000f389500000] [id=185232]
  0x000002202b8bf060 GCTaskThread "GC Thread#1" [stack: 0x000000f38a800000,0x000000f38a900000] [id=126024]
  0x000002202b954b30 GCTaskThread "GC Thread#2" [stack: 0x000000f38a900000,0x000000f38aa00000] [id=185268]
  0x000002202b6684f0 GCTaskThread "GC Thread#3" [stack: 0x000000f38aa00000,0x000000f38ab00000] [id=181212]
  0x00000220718a44c0 GCTaskThread "GC Thread#4" [stack: 0x000000f38a600000,0x000000f38a700000] [id=182052]
  0x000002207127a780 GCTaskThread "GC Thread#5" [stack: 0x000000f38ab00000,0x000000f38ac00000] [id=179844]
  0x00000220711eb2c0 GCTaskThread "GC Thread#6" [stack: 0x000000f38ac00000,0x000000f38ad00000] [id=184968]
  0x000002202b6a8ac0 GCTaskThread "GC Thread#7" [stack: 0x000000f389000000,0x000000f389100000] [id=150956]
  0x00000220119cba40 ConcurrentGCThread "G1 Main Marker" [stack: 0x000000f389500000,0x000000f389600000] [id=126812]
  0x00000220119cd370 ConcurrentGCThread "G1 Conc#0" [stack: 0x000000f389600000,0x000000f389700000] [id=184508]
  0x0000022011a31140 ConcurrentGCThread "G1 Refine#0" [stack: 0x000000f389700000,0x000000f389800000] [id=128640]
  0x000002207110c0a0 ConcurrentGCThread "G1 Refine#1" [stack: 0x000000f38ad00000,0x000000f38ae00000] [id=179424]
  0x0000022011a31a80 ConcurrentGCThread "G1 Service" [stack: 0x000000f389800000,0x000000f389900000] [id=182200]

Threads with active compile tasks:
C2 CompilerThread0   813909 2125 % !   4       java.io.BufferedReader::readLine @ 139 (327 bytes)

VM state: not at safepoint (normal execution)

VM Mutex/Monitor currently owned by a thread: None

Heap address: 0x00000000fc000000, size: 64 MB, Compressed Oops mode: 32-bit

CDS archive(s) mapped at: [0x000002202c000000-0x000002202cbd0000-0x000002202cbd0000), size 12386304, SharedBaseAddress: 0x000002202c000000, ArchiveRelocationMode: 1.
Compressed class space mapped at: 0x000002202d000000-0x000002206d000000, reserved size: 1073741824
Narrow klass base: 0x000002202c000000, Narrow klass shift: 0, Narrow klass range: 0x100000000

GC Precious Log:
 CPUs: 8 total, 8 available
 Memory: 16227M
 Large Page Support: Disabled
 NUMA Support: Disabled
 Compressed Oops: Enabled (32-bit)
 Heap Region Size: 1M
 Heap Min Capacity: 64M
 Heap Initial Capacity: 64M
 Heap Max Capacity: 64M
 Pre-touch: Disabled
 Parallel Workers: 8
 Concurrent Workers: 2
 Concurrent Refinement Workers: 8
 Periodic GC: Disabled

Heap:
 garbage-first heap   total 65536K, used 16108K [0x00000000fc000000, 0x0000000100000000)
  region size 1024K, 6 young (6144K), 1 survivors (1024K)
 Metaspace       used 9697K, committed 9856K, reserved 1114112K
  class space    used 1269K, committed 1344K, reserved 1048576K

Heap Regions: E=young(eden), S=young(survivor), O=old, HS=humongous(starts), HC=humongous(continues), CS=collection set, F=free, OA=open archive, CA=closed archive, TAMS=top-at-mark-start (previous, next)
|   0|0x00000000fc000000, 0x00000000fc100000, 0x00000000fc100000|100%|HS|  |TAMS 0x00000000fc000000, 0x00000000fc000000| Complete 
|   1|0x00000000fc100000, 0x00000000fc200000, 0x00000000fc200000|100%|HC|  |TAMS 0x00000000fc100000, 0x00000000fc100000| Complete 
|   2|0x00000000fc200000, 0x00000000fc300000, 0x00000000fc300000|100%|HC|  |TAMS 0x00000000fc200000, 0x00000000fc200000| Complete 
|   3|0x00000000fc300000, 0x00000000fc400000, 0x00000000fc400000|100%| O|  |TAMS 0x00000000fc300000, 0x00000000fc300000| Untracked 
|   4|0x00000000fc400000, 0x00000000fc500000, 0x00000000fc500000|100%| O|  |TAMS 0x00000000fc400000, 0x00000000fc400000| Untracked 
|   5|0x00000000fc500000, 0x00000000fc600000, 0x00000000fc600000|100%| O|  |TAMS 0x00000000fc500000, 0x00000000fc500000| Untracked 
|   6|0x00000000fc600000, 0x00000000fc700000, 0x00000000fc700000|100%| O|  |TAMS 0x00000000fc600000, 0x00000000fc600000| Untracked 
|   7|0x00000000fc700000, 0x00000000fc800000, 0x00000000fc800000|100%| O|  |TAMS 0x00000000fc700000, 0x00000000fc700000| Untracked 
|   8|0x00000000fc800000, 0x00000000fc900000, 0x00000000fc900000|100%| O|  |TAMS 0x00000000fc800000, 0x00000000fc800000| Untracked 
|   9|0x00000000fc900000, 0x00000000fca00000, 0x00000000fca00000|100%| O|  |TAMS 0x00000000fc900000, 0x00000000fc900000| Untracked 
|  10|0x00000000fca00000, 0x00000000fcae0200, 0x00000000fcb00000| 87%| O|  |TAMS 0x00000000fca00000, 0x00000000fca00000| Untracked 
|  11|0x00000000fcb00000, 0x00000000fcb00000, 0x00000000fcc00000|  0%| F|  |TAMS 0x00000000fcb00000, 0x00000000fcb00000| Untracked 
|  12|0x00000000fcc00000, 0x00000000fcc00000, 0x00000000fcd00000|  0%| F|  |TAMS 0x00000000fcc00000, 0x00000000fcc00000| Untracked 
|  13|0x00000000fcd00000, 0x00000000fcd00000, 0x00000000fce00000|  0%| F|  |TAMS 0x00000000fcd00000, 0x00000000fcd00000| Untracked 
|  14|0x00000000fce00000, 0x00000000fce00000, 0x00000000fcf00000|  0%| F|  |TAMS 0x00000000fce00000, 0x00000000fce00000| Untracked 
|  15|0x00000000fcf00000, 0x00000000fcf00000, 0x00000000fd000000|  0%| F|  |TAMS 0x00000000fcf00000, 0x00000000fcf00000| Untracked 
|  16|0x00000000fd000000, 0x00000000fd000000, 0x00000000fd100000|  0%| F|  |TAMS 0x00000000fd000000, 0x00000000fd000000| Untracked 
|  17|0x00000000fd100000, 0x00000000fd100000, 0x00000000fd200000|  0%| F|  |TAMS 0x00000000fd100000, 0x00000000fd100000| Untracked 
|  18|0x00000000fd200000, 0x00000000fd200000, 0x00000000fd300000|  0%| F|  |TAMS 0x00000000fd200000, 0x00000000fd200000| Untracked 
|  19|0x00000000fd300000, 0x00000000fd300000, 0x00000000fd400000|  0%| F|  |TAMS 0x00000000fd300000, 0x00000000fd300000| Untracked 
|  20|0x00000000fd400000, 0x00000000fd400000, 0x00000000fd500000|  0%| F|  |TAMS 0x00000000fd400000, 0x00000000fd400000| Untracked 
|  21|0x00000000fd500000, 0x00000000fd500000, 0x00000000fd600000|  0%| F|  |TAMS 0x00000000fd500000, 0x00000000fd500000| Untracked 
|  22|0x00000000fd600000, 0x00000000fd600000, 0x00000000fd700000|  0%| F|  |TAMS 0x00000000fd600000, 0x00000000fd600000| Untracked 
|  23|0x00000000fd700000, 0x00000000fd700000, 0x00000000fd800000|  0%| F|  |TAMS 0x00000000fd700000, 0x00000000fd700000| Untracked 
|  24|0x00000000fd800000, 0x00000000fd800000, 0x00000000fd900000|  0%| F|  |TAMS 0x00000000fd800000, 0x00000000fd800000| Untracked 
|  25|0x00000000fd900000, 0x00000000fd900000, 0x00000000fda00000|  0%| F|  |TAMS 0x00000000fd900000, 0x00000000fd900000| Untracked 
|  26|0x00000000fda00000, 0x00000000fda00000, 0x00000000fdb00000|  0%| F|  |TAMS 0x00000000fda00000, 0x00000000fda00000| Untracked 
|  27|0x00000000fdb00000, 0x00000000fdb00000, 0x00000000fdc00000|  0%| F|  |TAMS 0x00000000fdb00000, 0x00000000fdb00000| Untracked 
|  28|0x00000000fdc00000, 0x00000000fdc00000, 0x00000000fdd00000|  0%| F|  |TAMS 0x00000000fdc00000, 0x00000000fdc00000| Untracked 
|  29|0x00000000fdd00000, 0x00000000fdd00000, 0x00000000fde00000|  0%| F|  |TAMS 0x00000000fdd00000, 0x00000000fdd00000| Untracked 
|  30|0x00000000fde00000, 0x00000000fde00000, 0x00000000fdf00000|  0%| F|  |TAMS 0x00000000fde00000, 0x00000000fde00000| Untracked 
|  31|0x00000000fdf00000, 0x00000000fdf00000, 0x00000000fe000000|  0%| F|  |TAMS 0x00000000fdf00000, 0x00000000fdf00000| Untracked 
|  32|0x00000000fe000000, 0x00000000fe000000, 0x00000000fe100000|  0%| F|  |TAMS 0x00000000fe000000, 0x00000000fe000000| Untracked 
|  33|0x00000000fe100000, 0x00000000fe100000, 0x00000000fe200000|  0%| F|  |TAMS 0x00000000fe100000, 0x00000000fe100000| Untracked 
|  34|0x00000000fe200000, 0x00000000fe200000, 0x00000000fe300000|  0%| F|  |TAMS 0x00000000fe200000, 0x00000000fe200000| Untracked 
|  35|0x00000000fe300000, 0x00000000fe300000, 0x00000000fe400000|  0%| F|  |TAMS 0x00000000fe300000, 0x00000000fe300000| Untracked 
|  36|0x00000000fe400000, 0x00000000fe4db138, 0x00000000fe500000| 85%| S|CS|TAMS 0x00000000fe400000, 0x00000000fe400000| Complete 
|  37|0x00000000fe500000, 0x00000000fe500000, 0x00000000fe600000|  0%| F|  |TAMS 0x00000000fe500000, 0x00000000fe500000| Untracked 
|  38|0x00000000fe600000, 0x00000000fe600000, 0x00000000fe700000|  0%| F|  |TAMS 0x00000000fe600000, 0x00000000fe600000| Untracked 
|  39|0x00000000fe700000, 0x00000000fe700000, 0x00000000fe800000|  0%| F|  |TAMS 0x00000000fe700000, 0x00000000fe700000| Untracked 
|  40|0x00000000fe800000, 0x00000000fe800000, 0x00000000fe900000|  0%| F|  |TAMS 0x00000000fe800000, 0x00000000fe800000| Untracked 
|  41|0x00000000fe900000, 0x00000000fe900000, 0x00000000fea00000|  0%| F|  |TAMS 0x00000000fe900000, 0x00000000fe900000| Untracked 
|  42|0x00000000fea00000, 0x00000000fea00000, 0x00000000feb00000|  0%| F|  |TAMS 0x00000000fea00000, 0x00000000fea00000| Untracked 
|  43|0x00000000feb00000, 0x00000000feb00000, 0x00000000fec00000|  0%| F|  |TAMS 0x00000000feb00000, 0x00000000feb00000| Untracked 
|  44|0x00000000fec00000, 0x00000000fec00000, 0x00000000fed00000|  0%| F|  |TAMS 0x00000000fec00000, 0x00000000fec00000| Untracked 
|  45|0x00000000fed00000, 0x00000000fed00000, 0x00000000fee00000|  0%| F|  |TAMS 0x00000000fed00000, 0x00000000fed00000| Untracked 
|  46|0x00000000fee00000, 0x00000000fee00000, 0x00000000fef00000|  0%| F|  |TAMS 0x00000000fee00000, 0x00000000fee00000| Untracked 
|  47|0x00000000fef00000, 0x00000000fef00000, 0x00000000ff000000|  0%| F|  |TAMS 0x00000000fef00000, 0x00000000fef00000| Untracked 
|  48|0x00000000ff000000, 0x00000000ff000000, 0x00000000ff100000|  0%| F|  |TAMS 0x00000000ff000000, 0x00000000ff000000| Untracked 
|  49|0x00000000ff100000, 0x00000000ff100000, 0x00000000ff200000|  0%| F|  |TAMS 0x00000000ff100000, 0x00000000ff100000| Untracked 
|  50|0x00000000ff200000, 0x00000000ff200000, 0x00000000ff300000|  0%| F|  |TAMS 0x00000000ff200000, 0x00000000ff200000| Untracked 
|  51|0x00000000ff300000, 0x00000000ff300000, 0x00000000ff400000|  0%| F|  |TAMS 0x00000000ff300000, 0x00000000ff300000| Untracked 
|  52|0x00000000ff400000, 0x00000000ff400000, 0x00000000ff500000|  0%| F|  |TAMS 0x00000000ff400000, 0x00000000ff400000| Untracked 
|  53|0x00000000ff500000, 0x00000000ff500000, 0x00000000ff600000|  0%| F|  |TAMS 0x00000000ff500000, 0x00000000ff500000| Untracked 
|  54|0x00000000ff600000, 0x00000000ff600000, 0x00000000ff700000|  0%| F|  |TAMS 0x00000000ff600000, 0x00000000ff600000| Untracked 
|  55|0x00000000ff700000, 0x00000000ff700000, 0x00000000ff800000|  0%| F|  |TAMS 0x00000000ff700000, 0x00000000ff700000| Untracked 
|  56|0x00000000ff800000, 0x00000000ff800000, 0x00000000ff900000|  0%| F|  |TAMS 0x00000000ff800000, 0x00000000ff800000| Untracked 
|  57|0x00000000ff900000, 0x00000000ff900000, 0x00000000ffa00000|  0%| F|  |TAMS 0x00000000ff900000, 0x00000000ff900000| Untracked 
|  58|0x00000000ffa00000, 0x00000000ffa00000, 0x00000000ffb00000|  0%| F|  |TAMS 0x00000000ffa00000, 0x00000000ffa00000| Untracked 
|  59|0x00000000ffb00000, 0x00000000ffbc4b10, 0x00000000ffc00000| 76%| E|  |TAMS 0x00000000ffb00000, 0x00000000ffb00000| Complete 
|  60|0x00000000ffc00000, 0x00000000ffd00000, 0x00000000ffd00000|100%| E|CS|TAMS 0x00000000ffc00000, 0x00000000ffc00000| Complete 
|  61|0x00000000ffd00000, 0x00000000ffe00000, 0x00000000ffe00000|100%| E|CS|TAMS 0x00000000ffd00000, 0x00000000ffd00000| Complete 
|  62|0x00000000ffe00000, 0x00000000fff00000, 0x00000000fff00000|100%| E|CS|TAMS 0x00000000ffe00000, 0x00000000ffe00000| Complete 
|  63|0x00000000fff00000, 0x0000000100000000, 0x0000000100000000|100%| E|CS|TAMS 0x00000000fff00000, 0x00000000fff00000| Complete 

Card table byte_map: [0x00000220118f0000,0x0000022011910000] _byte_map_base: 0x0000022011110000

Marking Bits (Prev, Next): (CMBitMap*) 0x00000220119ca900, (CMBitMap*) 0x00000220119ca940
 Prev Bits: [0x00000220285a0000, 0x00000220286a0000)
 Next Bits: [0x00000220286a0000, 0x00000220287a0000)

Polling page: 0x000002200f9b0000

Metaspace:

Usage:
  Non-class:      8.23 MB used.
      Class:      1.24 MB used.
       Both:      9.47 MB used.

Virtual space:
  Non-class space:       64.00 MB reserved,       8.31 MB ( 13%) committed,  1 nodes.
      Class space:        1.00 GB reserved,       1.31 MB ( <1%) committed,  1 nodes.
             Both:        1.06 GB reserved,       9.62 MB ( <1%) committed. 

Chunk freelists:
   Non-Class:  7.62 MB
       Class:  14.51 MB
        Both:  22.13 MB

MaxMetaspaceSize: unlimited
CompressedClassSpaceSize: 1.00 GB
Initial GC threshold: 21.00 MB
Current GC threshold: 21.00 MB
CDS: on
MetaspaceReclaimPolicy: balanced
 - commit_granule_bytes: 65536.
 - commit_granule_words: 8192.
 - virtual_space_node_default_size: 8388608.
 - enlarge_chunks_in_place: 1.
 - new_chunks_are_fully_committed: 0.
 - uncommit_free_chunks: 1.
 - use_allocation_guard: 0.
 - handle_deallocations: 1.


Internal statistics:

num_allocs_failed_limit: 0.
num_arena_births: 80.
num_arena_deaths: 0.
num_vsnodes_births: 2.
num_vsnodes_deaths: 0.
num_space_committed: 154.
num_space_uncommitted: 0.
num_chunks_returned_to_freelist: 0.
num_chunks_taken_from_freelist: 340.
num_chunk_merges: 0.
num_chunk_splits: 230.
num_chunks_enlarged: 186.
num_inconsistent_stats: 0.

CodeHeap 'non-profiled nmethods': size=120000Kb used=1276Kb max_used=1276Kb free=118723Kb
 bounds [0x0000022020d40000, 0x0000022020fb0000, 0x0000022028270000]
CodeHeap 'profiled nmethods': size=120000Kb used=3874Kb max_used=3874Kb free=116125Kb
 bounds [0x0000022019270000, 0x0000022019640000, 0x00000220207a0000]
CodeHeap 'non-nmethods': size=5760Kb used=1174Kb max_used=1247Kb free=4585Kb
 bounds [0x00000220207a0000, 0x0000022020a10000, 0x0000022020d40000]
 total_blobs=2603 nmethods=2134 adapters=382
 compilation: enabled
              stopped_count=0, restarted_count=0
 full_count=0

Compilation events (20 events):
Event: 813.567 Thread 0x0000022011a753d0 nmethod 2124 0x0000022019633f10 code [0x00000220196340a0, 0x00000220196341e8]
Event: 813.568 Thread 0x000002202b156740 2125 % !   4       java.io.BufferedReader::readLine @ 139 (327 bytes)
Event: 813.572 Thread 0x0000022011a753d0 2126       3       java.lang.StringUTF16::putChar (54 bytes)
Event: 813.572 Thread 0x0000022011a753d0 nmethod 2126 0x0000022019634290 code [0x0000022019634420, 0x0000022019634578]
Event: 813.572 Thread 0x0000022011a753d0 2127       3       java.util.stream.ReduceOps$3ReducingSink::accept (15 bytes)
Event: 813.572 Thread 0x0000022011a753d0 nmethod 2127 0x0000022019634690 code [0x0000022019634840, 0x0000022019634a28]
Event: 813.573 Thread 0x0000022011a753d0 2128   !   3       java.nio.file.FileChannelLinesSpliterator::readLine (37 bytes)
Event: 813.573 Thread 0x0000022011a753d0 nmethod 2128 0x0000022019634b10 code [0x0000022019634d00, 0x00000220196350d8]
Event: 813.575 Thread 0x0000022011a753d0 2129       3       java.lang.StringCoding::hasNegatives (25 bytes)
Event: 813.576 Thread 0x0000022011a753d0 nmethod 2129 0x0000022019635290 code [0x0000022019635440, 0x0000022019635678]
Event: 813.576 Thread 0x0000022011a753d0 2130       3       java.util.ArrayDeque::remove (5 bytes)
Event: 813.576 Thread 0x0000022011a753d0 nmethod 2130 0x0000022019635790 code [0x0000022019635960, 0x0000022019635c18]
Event: 813.578 Thread 0x0000022011a753d0 2132       3       java.util.stream.Collectors$$Lambda$94/0x000002202d147290::accept (11 bytes)
Event: 813.578 Thread 0x0000022011a753d0 nmethod 2132 0x0000022019635d90 code [0x0000022019635f40, 0x0000022019636228]
Event: 813.578 Thread 0x0000022011a753d0 2133       3       com.google.common.collect.EvictingQueue::add (48 bytes)
Event: 813.579 Thread 0x0000022011a753d0 nmethod 2133 0x0000022019636310 code [0x0000022019636520, 0x0000022019636bf8]
Event: 813.579 Thread 0x0000022011a753d0 2134       3       com.google.common.collect.ForwardingCollection::size (10 bytes)
Event: 813.579 Thread 0x0000022011a753d0 nmethod 2134 0x0000022019636e10 code [0x0000022019636fc0, 0x0000022019637208]
Event: 813.579 Thread 0x0000022011a753d0 2135       3       com.google.common.collect.EvictingQueue::delegate (5 bytes)
Event: 813.579 Thread 0x0000022011a753d0 nmethod 2135 0x0000022019637310 code [0x00000220196374a0, 0x00000220196375b8]

GC Heap History (6 events):
Event: 1.086 GC heap before
{Heap before GC invocations=0 (full 0):
 garbage-first heap   total 65536K, used 22528K [0x00000000fc000000, 0x0000000100000000)
  region size 1024K, 23 young (23552K), 0 survivors (0K)
 Metaspace       used 1791K, committed 1920K, reserved 1114112K
  class space    used 160K, committed 192K, reserved 1048576K
}
Event: 1.096 GC heap after
{Heap after GC invocations=1 (full 0):
 garbage-first heap   total 65536K, used 2176K [0x00000000fc000000, 0x0000000100000000)
  region size 1024K, 3 young (3072K), 3 survivors (3072K)
 Metaspace       used 1791K, committed 1920K, reserved 1114112K
  class space    used 160K, committed 192K, reserved 1048576K
}
Event: 3.130 GC heap before
{Heap before GC invocations=1 (full 0):
 garbage-first heap   total 65536K, used 35968K [0x00000000fc000000, 0x0000000100000000)
  region size 1024K, 33 young (33792K), 3 survivors (3072K)
 Metaspace       used 7851K, committed 8064K, reserved 1114112K
  class space    used 1080K, committed 1216K, reserved 1048576K
}
Event: 3.141 GC heap after
{Heap after GC invocations=2 (full 0):
 garbage-first heap   total 65536K, used 11248K [0x00000000fc000000, 0x0000000100000000)
  region size 1024K, 5 young (5120K), 5 survivors (5120K)
 Metaspace       used 7851K, committed 8064K, reserved 1114112K
  class space    used 1080K, committed 1216K, reserved 1048576K
}
Event: 752.174 GC heap before
{Heap before GC invocations=2 (full 0):
 garbage-first heap   total 65536K, used 38896K [0x00000000fc000000, 0x0000000100000000)
  region size 1024K, 32 young (32768K), 5 survivors (5120K)
 Metaspace       used 9583K, committed 9792K, reserved 1114112K
  class space    used 1255K, committed 1344K, reserved 1048576K
}
Event: 752.270 GC heap after
{Heap after GC invocations=3 (full 0):
 garbage-first heap   total 65536K, used 12012K [0x00000000fc000000, 0x0000000100000000)
  region size 1024K, 1 young (1024K), 1 survivors (1024K)
 Metaspace       used 9583K, committed 9792K, reserved 1114112K
  class space    used 1255K, committed 1344K, reserved 1048576K
}

Deoptimization events (20 events):
Event: 813.568 Thread 0x00000220119a9a60 Uncommon trap: trap_request=0xffffff45 fr.pc=0x0000022020d879dc relative=0x000000000000015c
Event: 813.568 Thread 0x00000220119a9a60 Uncommon trap: reason=unstable_if action=reinterpret pc=0x0000022020d879dc method=java.lang.StringCoding.hasNegatives([BII)Z @ 12 c2
Event: 813.568 Thread 0x00000220119a9a60 DEOPT PACKING pc=0x0000022020d879dc sp=0x000000f3893fca60
Event: 813.568 Thread 0x00000220119a9a60 DEOPT UNPACKING pc=0x00000220207f23a3 sp=0x000000f3893fca08 mode 2
Event: 813.578 Thread 0x00000220119a9a60 DEOPT PACKING pc=0x00000220196355d6 sp=0x000000f3893fcaa0
Event: 813.578 Thread 0x00000220119a9a60 DEOPT UNPACKING pc=0x00000220207f2b43 sp=0x000000f3893fbf40 mode 0
Event: 813.580 Thread 0x00000220119a9a60 DEOPT PACKING pc=0x00000220196355d6 sp=0x000000f3893fcaa0
Event: 813.580 Thread 0x00000220119a9a60 DEOPT UNPACKING pc=0x00000220207f2b43 sp=0x000000f3893fbf40 mode 0
Event: 813.582 Thread 0x00000220119a9a60 DEOPT PACKING pc=0x00000220196355d6 sp=0x000000f3893fcaa0
Event: 813.582 Thread 0x00000220119a9a60 DEOPT UNPACKING pc=0x00000220207f2b43 sp=0x000000f3893fbf40 mode 0
Event: 813.583 Thread 0x00000220119a9a60 DEOPT PACKING pc=0x00000220196355d6 sp=0x000000f3893fcaa0
Event: 813.583 Thread 0x00000220119a9a60 DEOPT UNPACKING pc=0x00000220207f2b43 sp=0x000000f3893fbf40 mode 0
Event: 813.585 Thread 0x00000220119a9a60 DEOPT PACKING pc=0x00000220196355d6 sp=0x000000f3893fcaa0
Event: 813.585 Thread 0x00000220119a9a60 DEOPT UNPACKING pc=0x00000220207f2b43 sp=0x000000f3893fbf40 mode 0
Event: 813.586 Thread 0x00000220119a9a60 DEOPT PACKING pc=0x00000220196355d6 sp=0x000000f3893fcaa0
Event: 813.586 Thread 0x00000220119a9a60 DEOPT UNPACKING pc=0x00000220207f2b43 sp=0x000000f3893fbf40 mode 0
Event: 813.587 Thread 0x00000220119a9a60 DEOPT PACKING pc=0x00000220196355d6 sp=0x000000f3893fcaa0
Event: 813.587 Thread 0x00000220119a9a60 DEOPT UNPACKING pc=0x00000220207f2b43 sp=0x000000f3893fbf40 mode 0
Event: 813.588 Thread 0x00000220119a9a60 DEOPT PACKING pc=0x00000220196355d6 sp=0x000000f3893fcaa0
Event: 813.588 Thread 0x00000220119a9a60 DEOPT UNPACKING pc=0x00000220207f2b43 sp=0x000000f3893fbf40 mode 0

Classes unloaded (0 events):
No events

Classes redefined (0 events):
No events

Internal exceptions (20 events):
Event: 1.664 Thread 0x00000220119a9a60 Exception <a 'java/lang/NoSuchMethodError'{0x00000000ff2f4bc0}: 'java.lang.Object java.lang.invoke.DirectMethodHandle$Holder.invokeStaticInit(java.lang.Object)'> (0x00000000ff2f4bc0) 
thrown [s\open\src\hotspot\share\interpreter\linkResolver.cpp, line 759]
Event: 1.689 Thread 0x00000220119a9a60 Exception <a 'java/lang/NoSuchMethodError'{0x00000000ff10fd20}: 'int java.lang.invoke.DirectMethodHandle$Holder.invokeSpecial(java.lang.Object, java.lang.Object, java.lang.Object)'> (0x00000000ff10fd20) 
thrown [s\open\src\hotspot\share\interpreter\linkResolver.cpp, line 759]
Event: 1.703 Thread 0x00000220119a9a60 Exception <a 'java/lang/NoSuchMethodError'{0x00000000ff14c5f0}: 'void java.lang.invoke.DirectMethodHandle$Holder.invokeStatic(java.lang.Object, java.lang.Object)'> (0x00000000ff14c5f0) 
thrown [s\open\src\hotspot\share\interpreter\linkResolver.cpp, line 759]
Event: 1.705 Thread 0x00000220119a9a60 Implicit null exception at 0x0000022020daab8f to 0x0000022020dab0ec
Event: 1.705 Thread 0x00000220119a9a60 Implicit null exception at 0x0000022020d87d0f to 0x0000022020d88270
Event: 1.747 Thread 0x00000220119a9a60 Exception <a 'java/lang/NoClassDefFoundError'{0x00000000ff1c8810}: org/slf4j/impl/StaticMarkerBinder> (0x00000000ff1c8810) 
thrown [s\open\src\hotspot\share\classfile\systemDictionary.cpp, line 245]
Event: 1.861 Thread 0x00000220119a9a60 Exception <a 'java/lang/NoSuchMethodError'{0x00000000ff0e9af0}: 'java.lang.Object java.lang.invoke.Invokers$Holder.invoker(java.lang.Object, java.lang.Object, java.lang.Object)'> (0x00000000ff0e9af0) 
thrown [s\open\src\hotspot\share\interpreter\linkResolver.cpp, line 759]
Event: 1.864 Thread 0x00000220119a9a60 Exception <a 'java/lang/NoSuchMethodError'{0x00000000ff0f2c48}: 'java.lang.Object java.lang.invoke.DirectMethodHandle$Holder.invokeStatic(java.lang.Object, java.lang.Object, int)'> (0x00000000ff0f2c48) 
thrown [s\open\src\hotspot\share\interpreter\linkResolver.cpp, line 759]
Event: 1.867 Thread 0x00000220119a9a60 Exception <a 'java/lang/NoSuchMethodError'{0x00000000ff0fe938}: 'void java.lang.invoke.DelegatingMethodHandle$Holder.delegate(java.lang.Object, java.lang.Object, int, java.lang.Object)'> (0x00000000ff0fe938) 
thrown [s\open\src\hotspot\share\interpreter\linkResolver.cpp, line 759]
Event: 1.874 Thread 0x00000220119a9a60 Exception <a 'java/lang/NoSuchMethodError'{0x00000000fef124a0}: 'java.lang.Object java.lang.invoke.Invokers$Holder.invokeExact_MT(java.lang.Object, java.lang.Object, java.lang.Object, java.lang.Object)'> (0x00000000fef124a0) 
thrown [s\open\src\hotspot\share\interpreter\linkResolver.cpp, line 759]
Event: 1.882 Thread 0x00000220119a9a60 Exception <a 'java/lang/NoSuchMethodError'{0x00000000fef34348}: 'java.lang.Object java.lang.invoke.DirectMethodHandle$Holder.invokeVirtual(java.lang.Object, java.lang.Object, java.lang.Object)'> (0x00000000fef34348) 
thrown [s\open\src\hotspot\share\interpreter\linkResolver.cpp, line 759]
Event: 2.087 Thread 0x00000220119a9a60 Exception <a 'java/lang/NoSuchMethodError'{0x00000000feb34b48}: 'java.lang.Object java.lang.invoke.DirectMethodHandle$Holder.newInvokeSpecial(java.lang.Object, java.lang.Object, java.lang.Object, java.lang.Object, java.lang.Object)'> (0x00000000feb34b48) 
thrown [s\open\src\hotspot\share\interpreter\linkResolver.cpp, line 759]
Event: 2.139 Thread 0x00000220119a9a60 Exception <a 'java/lang/NoSuchMethodError'{0x00000000feae1238}: 'void java.lang.invoke.DirectMethodHandle$Holder.invokeSpecial(java.lang.Object, java.lang.Object, java.lang.Object)'> (0x00000000feae1238) 
thrown [s\open\src\hotspot\share\interpreter\linkResolver.cpp, line 759]
Event: 2.637 Thread 0x00000220119a9a60 Exception <a 'java/lang/NoSuchMethodError'{0x00000000fe402300}: 'void java.lang.invoke.DirectMethodHandle$Holder.invokeStatic(java.lang.Object, java.lang.Object, java.lang.Object)'> (0x00000000fe402300) 
thrown [s\open\src\hotspot\share\interpreter\linkResolver.cpp, line 759]
Event: 2.739 Thread 0x00000220119a9a60 Exception <a 'java/lang/NoSuchMethodError'{0x00000000fe29a2d8}: 'java.lang.Object java.lang.invoke.DirectMethodHandle$Holder.newInvokeSpecial(java.lang.Object, java.lang.Object, java.lang.Object, java.lang.Object, java.lang.Object, java.lang.Object, java.lang.Object, java.lang.Object, java.lang.Object, java.lang.Object, java.lang.Object, java.lang.Object, java.lang.Object, java.lang.Object, java.lang.Object, java.lang.Object, java.lang.Object, java.lang.Object, java.lang.Object, java.lang.Object, java.lang
Event: 2.741 Thread 0x00000220119a9a60 Exception <a 'java/lang/NoSuchMethodError'{0x00000000fe2a68e0}: 'java.lang.Object java.lang.invoke.Invokers$Holder.linkToTargetMethod(java.lang.Object, java.lang.Object, java.lang.Object, java.lang.Object, java.lang.Object, java.lang.Object, java.lang.Object, java.lang.Object, java.lang.Object, java.lang.Object, java.lang.Object, java.lang.Object, java.lang.Object, java.lang.Object, java.lang.Object, java.lang.Object, java.lang.Object, java.lang.Object, java.lang.Object, java.lang.Object, java.lang.Object,
Event: 2.873 Thread 0x00000220119a9a60 Exception <a 'java/lang/NoSuchMethodError'{0x00000000fdf05580}: 'java.lang.Object java.lang.invoke.DirectMethodHandle$Holder.invokeStaticInit(java.lang.Object, int, int, int, int)'> (0x00000000fdf05580) 
thrown [s\open\src\hotspot\share\interpreter\linkResolver.cpp, line 759]
Event: 3.004 Thread 0x00000220119a9a60 Exception <a 'java/lang/NoSuchMethodError'{0x00000000fdf2ab68}: 'java.lang.Object java.lang.invoke.DirectMethodHandle$Holder.invokeStaticInit(java.lang.Object, java.lang.Object, int, int, int, int)'> (0x00000000fdf2ab68) 
thrown [s\open\src\hotspot\share\interpreter\linkResolver.cpp, line 759]
Event: 3.149 Thread 0x00000220119a9a60 Implicit null exception at 0x0000022020d88d55 to 0x0000022020d8935c
Event: 813.312 Thread 0x00000220119a9a60 Exception <a 'sun/net/ConnectionResetException'{0x00000000fff75f18}: Connection reset> (0x00000000fff75f18) 
thrown [s\open\src\hotspot\share\prims\jni.cpp, line 535]

VM Operations (20 events):
Event: 588.775 Executing VM operation: Cleanup
Event: 588.776 Executing VM operation: Cleanup done
Event: 589.776 Executing VM operation: Cleanup
Event: 589.776 Executing VM operation: Cleanup done
Event: 601.810 Executing VM operation: Cleanup
Event: 601.810 Executing VM operation: Cleanup done
Event: 662.898 Executing VM operation: Cleanup
Event: 662.899 Executing VM operation: Cleanup done
Event: 665.902 Executing VM operation: Cleanup
Event: 665.905 Executing VM operation: Cleanup done
Event: 700.952 Executing VM operation: Cleanup
Event: 700.952 Executing VM operation: Cleanup done
Event: 702.953 Executing VM operation: Cleanup
Event: 702.953 Executing VM operation: Cleanup done
Event: 752.172 Executing VM operation: G1CollectForAllocation
Event: 752.270 Executing VM operation: G1CollectForAllocation done
Event: 754.297 Executing VM operation: Cleanup
Event: 754.297 Executing VM operation: Cleanup done
Event: 813.412 Executing VM operation: Cleanup
Event: 813.412 Executing VM operation: Cleanup done

Events (20 events):
Event: 813.365 loading class java/nio/file/FileChannelLinesSpliterator
Event: 813.373 loading class java/nio/file/FileChannelLinesSpliterator done
Event: 813.375 loading class sun/nio/fs/WindowsSecurityDescriptor
Event: 813.379 loading class sun/nio/fs/WindowsSecurityDescriptor done
Event: 813.379 loading class sun/nio/fs/WindowsChannelFactory
Event: 813.383 loading class sun/nio/fs/WindowsChannelFactory done
Event: 813.383 loading class sun/nio/fs/WindowsChannelFactory$1
Event: 813.384 loading class sun/nio/fs/WindowsChannelFactory$1 done
Event: 813.384 loading class sun/nio/fs/WindowsChannelFactory$Flags
Event: 813.385 loading class sun/nio/fs/WindowsChannelFactory$Flags done
Event: 813.386 loading class sun/nio/fs/WindowsChannelFactory$2
Event: 813.386 loading class sun/nio/fs/WindowsChannelFactory$2 done
Event: 813.427 loading class sun/nio/ch/FileChannelImpl$Closer
Event: 813.430 loading class sun/nio/ch/FileChannelImpl$Closer done
Event: 813.489 loading class java/util/stream/Streams$1
Event: 813.490 loading class java/util/stream/Streams$1 done
Event: 813.522 loading class java/nio/file/FileChannelLinesSpliterator$1
Event: 813.523 loading class java/nio/file/FileChannelLinesSpliterator$1 done
Event: 813.523 loading class java/nio/channels/Channels
Event: 813.526 loading class java/nio/channels/Channels done


Dynamic libraries:
0x00007ff6acfd0000 - 0x00007ff6acfe0000 	C:\Program Files\Java\jdk-17\bin\java.exe
0x00007ffcd5f10000 - 0x00007ffcd6108000 	C:\WINDOWS\SYSTEM32\ntdll.dll
0x00007ffcd5350000 - 0x00007ffcd5412000 	C:\WINDOWS\System32\KERNEL32.DLL
0x00007ffcd3840000 - 0x00007ffcd3b36000 	C:\WINDOWS\System32\KERNELBASE.dll
0x00007ffcd3670000 - 0x00007ffcd3770000 	C:\WINDOWS\System32\ucrtbase.dll
0x00007ffcc76c0000 - 0x00007ffcc76d9000 	C:\Program Files\Java\jdk-17\bin\jli.dll
0x00007ffcab630000 - 0x00007ffcab64b000 	C:\Program Files\Java\jdk-17\bin\VCRUNTIME140.dll
0x00007ffcd4e40000 - 0x00007ffcd4ef1000 	C:\WINDOWS\System32\ADVAPI32.dll
0x00007ffcd4f60000 - 0x00007ffcd4ffe000 	C:\WINDOWS\System32\msvcrt.dll
0x00007ffcd5c50000 - 0x00007ffcd5cef000 	C:\WINDOWS\System32\sechost.dll
0x00007ffcd5230000 - 0x00007ffcd5350000 	C:\WINDOWS\System32\RPCRT4.dll
0x00007ffcd3f00000 - 0x00007ffcd3f27000 	C:\WINDOWS\System32\bcrypt.dll
0x00007ffcd4b80000 - 0x00007ffcd4d21000 	C:\WINDOWS\System32\USER32.dll
0x00007ffcd3770000 - 0x00007ffcd3792000 	C:\WINDOWS\System32\win32u.dll
0x00007ffcd4e10000 - 0x00007ffcd4e3b000 	C:\WINDOWS\System32\GDI32.dll
0x00007ffcd3d50000 - 0x00007ffcd3e69000 	C:\WINDOWS\System32\gdi32full.dll
0x00007ffcd2940000 - 0x00007ffcd2bdb000 	C:\WINDOWS\WinSxS\amd64_microsoft.windows.common-controls_6595b64144ccf1df_6.0.19041.6456_none_60b8a6cb71f64256\COMCTL32.dll
0x00007ffcd37a0000 - 0x00007ffcd383d000 	C:\WINDOWS\System32\msvcp_win.dll
0x00007ffccfa80000 - 0x00007ffccfa8a000 	C:\WINDOWS\SYSTEM32\VERSION.dll
0x00007ffcd50d0000 - 0x00007ffcd50ff000 	C:\WINDOWS\System32\IMM32.DLL
0x00007ffcce9c0000 - 0x00007ffcce9cc000 	C:\Program Files\Java\jdk-17\bin\vcruntime140_1.dll
0x00007ffcab5a0000 - 0x00007ffcab62e000 	C:\Program Files\Java\jdk-17\bin\msvcp140.dll
0x00007ffc3d680000 - 0x00007ffc3e260000 	C:\Program Files\Java\jdk-17\bin\server\jvm.dll
0x00007ffcd4d30000 - 0x00007ffcd4d38000 	C:\WINDOWS\System32\PSAPI.DLL
0x00007ffcb1f50000 - 0x00007ffcb1f59000 	C:\WINDOWS\SYSTEM32\WSOCK32.dll
0x00007ffcd4d40000 - 0x00007ffcd4dab000 	C:\WINDOWS\System32\WS2_32.dll
0x00007ffcba6d0000 - 0x00007ffcba6f7000 	C:\WINDOWS\SYSTEM32\WINMM.dll
0x00007ffcd1710000 - 0x00007ffcd1722000 	C:\WINDOWS\SYSTEM32\kernel.appcore.dll
0x00007ffcae930000 - 0x00007ffcae93a000 	C:\Program Files\Java\jdk-17\bin\jimage.dll
0x00007ffcd2dd0000 - 0x00007ffcd2fd1000 	C:\WINDOWS\SYSTEM32\DBGHELP.DLL
0x00007ffcd2d10000 - 0x00007ffcd2d44000 	C:\WINDOWS\SYSTEM32\dbgcore.DLL
0x00007ffcd3e70000 - 0x00007ffcd3ef2000 	C:\WINDOWS\System32\bcryptPrimitives.dll
0x00007ffcab570000 - 0x00007ffcab595000 	C:\Program Files\Java\jdk-17\bin\java.dll
0x00007ffc99a10000 - 0x00007ffc99ae7000 	C:\Program Files\Java\jdk-17\bin\jsvml.dll
0x00007ffcd5420000 - 0x00007ffcd5b90000 	C:\WINDOWS\System32\SHELL32.dll
0x00007ffcd07c0000 - 0x00007ffcd0f65000 	C:\WINDOWS\SYSTEM32\windows.storage.dll
0x00007ffcd4770000 - 0x00007ffcd4ac4000 	C:\WINDOWS\System32\combase.dll
0x00007ffcd28a0000 - 0x00007ffcd28cb000 	C:\WINDOWS\SYSTEM32\Wldp.dll
0x00007ffcd5000000 - 0x00007ffcd50cd000 	C:\WINDOWS\System32\OLEAUT32.dll
0x00007ffcd5ba0000 - 0x00007ffcd5c4d000 	C:\WINDOWS\System32\SHCORE.dll
0x00007ffcd3f90000 - 0x00007ffcd3feb000 	C:\WINDOWS\System32\shlwapi.dll
0x00007ffcd34d0000 - 0x00007ffcd34f4000 	C:\WINDOWS\SYSTEM32\profapi.dll
0x00007ffcab550000 - 0x00007ffcab569000 	C:\Program Files\Java\jdk-17\bin\net.dll
0x00007ffcc6010000 - 0x00007ffcc611a000 	C:\WINDOWS\SYSTEM32\WINHTTP.dll
0x00007ffcd2770000 - 0x00007ffcd27da000 	C:\WINDOWS\system32\mswsock.dll
0x00007ffcab530000 - 0x00007ffcab546000 	C:\Program Files\Java\jdk-17\bin\nio.dll
0x00007ffcab510000 - 0x00007ffcab528000 	C:\Program Files\Java\jdk-17\bin\zip.dll
0x00007ffcae840000 - 0x00007ffcae850000 	C:\Program Files\Java\jdk-17\bin\verify.dll
0x00007ffcac880000 - 0x00007ffcac88a000 	C:\Program Files\Java\jdk-17\bin\management.dll
0x00007ffcab6a0000 - 0x00007ffcab6ab000 	C:\Program Files\Java\jdk-17\bin\management_ext.dll
0x00007ffca7fb0000 - 0x00007ffca7fd7000 	E:\GradleCache\native\1def1411415f61bf3af743bc5b6707747c0891f09f0c88961ee8f79bc544acac\windows-amd64\native-platform.dll
0x00007ffcab500000 - 0x00007ffcab50a000 	E:\GradleCache\native\jansi\1.18\windows64\jansi.dll
0x00007ffcd2270000 - 0x00007ffcd22ab000 	C:\WINDOWS\SYSTEM32\IPHLPAPI.DLL
0x00007ffcd5b90000 - 0x00007ffcd5b98000 	C:\WINDOWS\System32\NSI.dll
0x00007ffcc7a70000 - 0x00007ffcc7a87000 	C:\WINDOWS\SYSTEM32\dhcpcsvc6.DLL
0x00007ffcc7920000 - 0x00007ffcc793d000 	C:\WINDOWS\SYSTEM32\dhcpcsvc.DLL
0x00007ffcd22b0000 - 0x00007ffcd237a000 	C:\WINDOWS\SYSTEM32\DNSAPI.dll
0x00007ffcd3310000 - 0x00007ffcd3328000 	C:\WINDOWS\SYSTEM32\CRYPTSP.dll
0x00007ffcd1f10000 - 0x00007ffcd1f48000 	C:\WINDOWS\system32\rsaenh.dll
0x00007ffcd3450000 - 0x00007ffcd347e000 	C:\WINDOWS\SYSTEM32\USERENV.dll
0x00007ffcd2860000 - 0x00007ffcd286c000 	C:\WINDOWS\SYSTEM32\CRYPTBASE.dll
0x00007ffcaaa40000 - 0x00007ffcaaa4e000 	C:\Program Files\Java\jdk-17\bin\sunmscapi.dll
0x00007ffcd3b40000 - 0x00007ffcd3c9d000 	C:\WINDOWS\System32\CRYPT32.dll
0x00007ffcd2910000 - 0x00007ffcd2937000 	C:\WINDOWS\SYSTEM32\ncrypt.dll
0x00007ffcd28d0000 - 0x00007ffcd290b000 	C:\WINDOWS\SYSTEM32\NTASN1.dll
0x00007ffc872c0000 - 0x00007ffc872c7000 	C:\WINDOWS\system32\wshunix.dll

dbghelp: loaded successfully - version: 4.0.5 - missing functions: none
symbol engine: initialized successfully - sym options: 0x614 - pdb path: .;C:\Program Files\Java\jdk-17\bin;C:\WINDOWS\SYSTEM32;C:\WINDOWS\WinSxS\amd64_microsoft.windows.common-controls_6595b64144ccf1df_6.0.19041.6456_none_60b8a6cb71f64256;C:\Program Files\Java\jdk-17\bin\server;E:\GradleCache\native\1def1411415f61bf3af743bc5b6707747c0891f09f0c88961ee8f79bc544acac\windows-amd64;E:\GradleCache\native\jansi\1.18\windows64

VM Arguments:
jvm_args: -Xmx64m -Xms64m -Dorg.gradle.appname=gradlew 
java_command: E:\Connect\app\android\\gradle\wrapper\gradle-wrapper.jar assembleDebug
java_class_path (initial): E:\Connect\app\android\\gradle\wrapper\gradle-wrapper.jar
Launcher Type: SUN_STANDARD

[Global flags]
     intx CICompilerCount                          = 4                                         {product} {ergonomic}
     uint ConcGCThreads                            = 2                                         {product} {ergonomic}
     uint G1ConcRefinementThreads                  = 8                                         {product} {ergonomic}
   size_t G1HeapRegionSize                         = 1048576                                   {product} {ergonomic}
    uintx GCDrainStackTargetSize                   = 64                                        {product} {ergonomic}
   size_t InitialHeapSize                          = 67108864                                  {product} {command line}
   size_t MarkStackSize                            = 4194304                                   {product} {ergonomic}
   size_t MaxHeapSize                              = 67108864                                  {product} {command line}
   size_t MaxNewSize                               = 39845888                                  {product} {ergonomic}
   size_t MinHeapDeltaBytes                        = 1048576                                   {product} {ergonomic}
   size_t MinHeapSize                              = 67108864                                  {product} {command line}
    uintx NonNMethodCodeHeapSize                   = 5839372                                {pd product} {ergonomic}
    uintx NonProfiledCodeHeapSize                  = 122909434                              {pd product} {ergonomic}
    uintx ProfiledCodeHeapSize                     = 122909434                              {pd product} {ergonomic}
    uintx ReservedCodeCacheSize                    = 251658240                              {pd product} {ergonomic}
     bool SegmentedCodeCache                       = true                                      {product} {ergonomic}
   size_t SoftMaxHeapSize                          = 67108864                               {manageable} {ergonomic}
     bool UseCompressedClassPointers               = true                           {product lp64_product} {ergonomic}
     bool UseCompressedOops                        = true                           {product lp64_product} {ergonomic}
     bool UseG1GC                                  = true                                      {product} {ergonomic}
     bool UseLargePagesIndividualAllocation        = false                                  {pd product} {ergonomic}

Logging:
Log output configuration:
 #0: stdout all=warning uptime,level,tags
 #1: stderr all=off uptime,level,tags

Environment Variables:
JAVA_HOME=C:\Program Files\Java\jdk-17
PATH=C:\Program Files\Common Files\Oracle\Java\javapath;C:\Python313\Scripts\;C:\Python313\;C:\WINDOWS\system32;C:\WINDOWS;C:\WINDOWS\System32\Wbem;C:\WINDOWS\System32\WindowsPowerShell\v1.0\;C:\WINDOWS\System32\OpenSSH\;C:\Program Files\nodejs\;C:\ProgramData\chocolatey\bin;C:\Program Files\Git\cmd;C:\Users\Ikramul islam\AppData\Local\Android\Sdk\platform-tools;C:\Users\Ikramul islam\AppData\Local\Android\Sdk\emulator;C:\Users\Ikramul islam\AppData\Local\Android\Sdk\tools;C:\Users\Ikramul islam\AppData\Local\Android\Sdk\tools\bin;C:\Program Files\Java\jdk-17\bin;C:\poppler\bin;C:\Program Files\GraphicsMagick-1.3.42-Q8;C:\Program Files\PuTTY\;c:\Users\Ikramul islam\AppData\Local\Programs\cursor\resources\app\bin;C:\Program Files\cursor\resources\app\bin;E:\flutter;C:\cloudflared;C:\Users\Ikramul islam\AppData\Local\Programs\Python\Python314\Scripts\;C:\Users\Ikramul islam\AppData\Local\Programs\Python\Python314\;C:\Users\Ikramul islam\AppData\Local\Programs\Python\Python310\Scripts\;C:\Users\Ikramul islam\AppData\Local\Programs\Python\Python310\;C:\Users\Ikramul islam\AppData\Local\Microsoft\WindowsApps;C:\Users\Ikramul islam\AppData\Roaming\npm;C:\Users\Ikramul islam\AppData\Local\Programs\Microsoft VS Code\bin;C:\Program Files\Java\jdk-17\bin;C:\Users\Ikramul islam\AppData\Local\Android\Sdk\platform-tools;C:\Users\Ikramul islam\AppData\Local\Android\Sdk\emulator;C:\Users\Ikramul islam\AppData\Local\Android\Sdk\tools;C:\Users\Ikramul islam\AppData\Local\Android\Sdk\tools\bin;C:\Program Files\GraphicsMagick-1.3.42-Q8;C:\Users\Ikramul islam\AppData\Local\Programs\cursor-editor\resources\app\bin;C:\Users\Ikramul islam\AppData\Local\Microsoft\WinGet\Packages\Gyan.FFmpeg_Microsoft.Winget.Source_8wekyb3d8bbwe\ffmpeg-8.0-full_build\bin;E:\flutter\bin;C:\Program Files (x86)\Nmap;C:\cloudflared\cloudflared.exe;
USERNAME=Ikramulislam
OS=Windows_NT
PROCESSOR_IDENTIFIER=Intel64 Family 6 Model 142 Stepping 10, GenuineIntel



---------------  S Y S T E M  ---------------

OS:
 Windows 10 , 64 bit Build 19041 (10.0.19041.5915)
OS uptime: 0 days 23:41 hours

CPU: total 8 (initial active 8) (4 cores per cpu, 2 threads per core) family 6 model 142 stepping 10 microcode 0xf6, cx8, cmov, fxsr, ht, mmx, 3dnowpref, sse, sse2, sse3, ssse3, sse4.1, sse4.2, popcnt, lzcnt, tsc, tscinvbit, avx, avx2, aes, erms, clmul, bmi1, bmi2, rtm, adx, fma, vzeroupper, clflush, clflushopt

Memory: 4k page, system-wide physical 16227M (1972M free)
TotalPageFile size 36171M (AvailPageFile size 0M)
current process WorkingSet (physical memory assigned to process): 59M, peak: 127M
current process commit charge ("private bytes"): 168M, peak: 192M

vm_info: Java HotSpot(TM) 64-Bit Server VM (17.0.12+8-LTS-286) for windows-amd64 JRE (17.0.12+8-LTS-286), built on Jun  5 2024 06:46:59 by "mach5one" with MS VC++ 17.6 (VS2022)

END.
