#
# There is insufficient memory for the Java Runtime Environment to continue.
# Native memory allocation (malloc) failed to allocate 2132608 bytes for Chunk::new
# Possible reasons:
#   The system is out of physical RAM or swap space
#   The process is running with CompressedOops enabled, and the Java Heap may be blocking the growth of the native heap
# Possible solutions:
#   Reduce memory load on the system
#   Increase physical memory or swap space
#   Check if swap backing store is full
#   Decrease Java heap size (-Xmx/-Xms)
#   Decrease number of Java threads
#   Decrease Java thread stack sizes (-Xss)
#   Set larger code cache with -XX:ReservedCodeCacheSize=
#   JVM is running with Zero Based Compressed Oops mode in which the Java heap is
#     placed in the first 32GB address space. The Java Heap base address is the
#     maximum limit for the native heap growth. Please use -XX:HeapBaseMinAddress
#     to set the Java Heap base and to place the Java Heap above 32GB virtual address.
# This output file may be truncated or incomplete.
#
#  Out of Memory Error (arena.cpp:189), pid=141592, tid=147804
#
# JRE version: Java(TM) SE Runtime Environment (17.0.12+8) (build 17.0.12+8-LTS-286)
# Java VM: Java HotSpot(TM) 64-Bit Server VM (17.0.12+8-LTS-286, mixed mode, sharing, tiered, compressed oops, compressed class ptrs, g1 gc, windows-amd64)
# No core dump will be written. Minidumps are not enabled by default on client versions of Windows
#

---------------  S U M M A R Y ------------

Command Line: org.jetbrains.kotlin.cli.jvm.K2JVMCompiler @E:\Connect\app\node_modules\react-native-video\android\buildOutput_1af0889f2a64704126f21fa53de2bf26\20250905_9589641153255574056.compiler.options

Host: Intel(R) Core(TM) i7-8650U CPU @ 1.90GHz, 8 cores, 15G,  Windows 10 , 64 bit Build 19041 (10.0.19041.5915)
Time: Fri Sep  5 12:13:38 2025 Bangladesh Standard Time elapsed time: 40.241140 seconds (0d 0h 0m 40s)

---------------  T H R E A D  ---------------

Current thread (0x000001e453a0ac80):  JavaThread "C2 CompilerThread1" daemon [_thread_in_native, id=147804, stack(0x000000242df00000,0x000000242e000000)]


Current CompileTask:
C2:  40241 15206       4       jdk.internal.org.objectweb.asm.Frame::execute (2305 bytes)

Stack: [0x000000242df00000,0x000000242e000000]
Native frames: (J=compiled Java code, j=interpreted, Vv=VM code, C=native code)
V  [jvm.dll+0x67a04a]
V  [jvm.dll+0x7da4ed]
V  [jvm.dll+0x7dbe33]
V  [jvm.dll+0x7dc4a3]
V  [jvm.dll+0x24508f]
V  [jvm.dll+0xab773]
V  [jvm.dll+0xabd3c]
V  [jvm.dll+0x361bee]
V  [jvm.dll+0x32c431]
V  [jvm.dll+0x32b8ca]
V  [jvm.dll+0x21683f]
V  [jvm.dll+0x215c6f]
V  [jvm.dll+0x1a2960]
V  [jvm.dll+0x22610b]
V  [jvm.dll+0x2242ab]
V  [jvm.dll+0x79075c]
V  [jvm.dll+0x78abea]
V  [jvm.dll+0x678f35]
C  [ucrtbase.dll+0x21bb2]
C  [KERNEL32.DLL+0x17374]
C  [ntdll.dll+0x4cc91]


---------------  P R O C E S S  ---------------

Threads class SMR info:
_java_thread_list=0x000001e44f489300, length=13, elements={
0x000001e465efabc0, 0x000001e47ed1f3e0, 0x000001e47ed20170, 0x000001e47ed33590,
0x000001e47ed37380, 0x000001e47ed37c50, 0x000001e47ed38520, 0x000001e47ed391d0,
0x000001e47ed3aba0, 0x000001e44f05ffc0, 0x000001e44f118ad0, 0x000001e44f11f260,
0x000001e453a0ac80
}

Java Threads: ( => current thread )
  0x000001e465efabc0 JavaThread "main" [_thread_in_Java, id=143720, stack(0x000000242e200000,0x000000242e300000)]
  0x000001e47ed1f3e0 JavaThread "Reference Handler" daemon [_thread_blocked, id=146508, stack(0x000000242e900000,0x000000242ea00000)]
  0x000001e47ed20170 JavaThread "Finalizer" daemon [_thread_blocked, id=139704, stack(0x000000242ea00000,0x000000242eb00000)]
  0x000001e47ed33590 JavaThread "Signal Dispatcher" daemon [_thread_blocked, id=147400, stack(0x000000242eb00000,0x000000242ec00000)]
  0x000001e47ed37380 JavaThread "Attach Listener" daemon [_thread_blocked, id=143796, stack(0x000000242ec00000,0x000000242ed00000)]
  0x000001e47ed37c50 JavaThread "Service Thread" daemon [_thread_blocked, id=138648, stack(0x000000242ed00000,0x000000242ee00000)]
  0x000001e47ed38520 JavaThread "Monitor Deflation Thread" daemon [_thread_blocked, id=148316, stack(0x000000242ee00000,0x000000242ef00000)]
  0x000001e47ed391d0 JavaThread "C2 CompilerThread0" daemon [_thread_in_native, id=145992, stack(0x000000242ef00000,0x000000242f000000)]
  0x000001e47ed3aba0 JavaThread "C1 CompilerThread0" daemon [_thread_blocked, id=148080, stack(0x000000242f000000,0x000000242f100000)]
  0x000001e44f05ffc0 JavaThread "Sweeper thread" daemon [_thread_blocked, id=148048, stack(0x000000242f100000,0x000000242f200000)]
  0x000001e44f118ad0 JavaThread "Notification Thread" daemon [_thread_blocked, id=144680, stack(0x000000242f200000,0x000000242f300000)]
  0x000001e44f11f260 JavaThread "Common-Cleaner" daemon [_thread_blocked, id=147976, stack(0x000000242f400000,0x000000242f500000)]
=>0x000001e453a0ac80 JavaThread "C2 CompilerThread1" daemon [_thread_in_native, id=147804, stack(0x000000242df00000,0x000000242e000000)]

Other Threads:
  0x000001e47ed19960 VMThread "VM Thread" [stack: 0x000000242e800000,0x000000242e900000] [id=132968]
  0x000001e44f11efd0 WatcherThread [stack: 0x000000242f300000,0x000000242f400000] [id=148400]
  0x000001e465f661a0 GCTaskThread "GC Thread#0" [stack: 0x000000242e300000,0x000000242e400000] [id=120028]
  0x000001e44f5dc030 GCTaskThread "GC Thread#1" [stack: 0x000000242f600000,0x000000242f700000] [id=147480]
  0x000001e44f673be0 GCTaskThread "GC Thread#2" [stack: 0x000000242f700000,0x000000242f800000] [id=144444]
  0x000001e44f617b90 GCTaskThread "GC Thread#3" [stack: 0x000000242f800000,0x000000242f900000] [id=147576]
  0x000001e44f5fb030 GCTaskThread "GC Thread#4" [stack: 0x000000242f900000,0x000000242fa00000] [id=143628]
  0x000001e44f5fbf00 GCTaskThread "GC Thread#5" [stack: 0x000000242fa00000,0x000000242fb00000] [id=142544]
  0x000001e44f993600 GCTaskThread "GC Thread#6" [stack: 0x000000242fc00000,0x000000242fd00000] [id=146780]
  0x000001e44f993b80 GCTaskThread "GC Thread#7" [stack: 0x000000242fd00000,0x000000242fe00000] [id=147472]
  0x000001e465f77e90 ConcurrentGCThread "G1 Main Marker" [stack: 0x000000242e400000,0x000000242e500000] [id=141992]
  0x000001e465f790b0 ConcurrentGCThread "G1 Conc#0" [stack: 0x000000242e500000,0x000000242e600000] [id=143080]
  0x000001e451f44700 ConcurrentGCThread "G1 Conc#1" [stack: 0x000000242ff00000,0x0000002430000000] [id=126796]
  0x000001e47ebd34e0 ConcurrentGCThread "G1 Refine#0" [stack: 0x000000242e600000,0x000000242e700000] [id=147492]
  0x000001e44f9e5cc0 ConcurrentGCThread "G1 Refine#1" [stack: 0x000000242fe00000,0x000000242ff00000] [id=147644]
  0x000001e4536e5080 ConcurrentGCThread "G1 Refine#2" [stack: 0x0000002430000000,0x0000002430100000] [id=147556]
  0x000001e45487e460 ConcurrentGCThread "G1 Refine#3" [stack: 0x000000242fb00000,0x000000242fc00000] [id=144936]
  0x000001e451b047f0 ConcurrentGCThread "G1 Refine#4" [stack: 0x000000242f500000,0x000000242f600000] [id=147624]
  0x000001e47ebd3f10 ConcurrentGCThread "G1 Service" [stack: 0x000000242e700000,0x000000242e800000] [id=146452]

Threads with active compile tasks:
C2 CompilerThread0    40290 15318       4       org.jetbrains.kotlin.fir.java.enhancement.JavaTypeUtilsKt::enhanceInflexibleType (392 bytes)
C2 CompilerThread1    40290 15206       4       jdk.internal.org.objectweb.asm.Frame::execute (2305 bytes)

VM state: not at safepoint (normal execution)

VM Mutex/Monitor currently owned by a thread: None

Heap address: 0x0000000702600000, size: 4058 MB, Compressed Oops mode: Zero based, Oop shift amount: 3

CDS archive(s) mapped at: [0x000001e40a000000-0x000001e40abd0000-0x000001e40abd0000), size 12386304, SharedBaseAddress: 0x000001e40a000000, ArchiveRelocationMode: 1.
Compressed class space mapped at: 0x000001e40b000000-0x000001e44b000000, reserved size: 1073741824
Narrow klass base: 0x000001e40a000000, Narrow klass shift: 0, Narrow klass range: 0x100000000

GC Precious Log:
 CPUs: 8 total, 8 available
 Memory: 16227M
 Large Page Support: Disabled
 NUMA Support: Disabled
 Compressed Oops: Enabled (Zero based)
 Heap Region Size: 2M
 Heap Min Capacity: 8M
 Heap Initial Capacity: 254M
 Heap Max Capacity: 4058M
 Pre-touch: Disabled
 Parallel Workers: 8
 Concurrent Workers: 2
 Concurrent Refinement Workers: 8
 Periodic GC: Disabled

Heap:
 garbage-first heap   total 286720K, used 142276K [0x0000000702600000, 0x0000000800000000)
  region size 2048K, 11 young (22528K), 1 survivors (2048K)
 Metaspace       used 79725K, committed 80064K, reserved 1179648K
  class space    used 8533K, committed 8704K, reserved 1048576K

Heap Regions: E=young(eden), S=young(survivor), O=old, HS=humongous(starts), HC=humongous(continues), CS=collection set, F=free, OA=open archive, CA=closed archive, TAMS=top-at-mark-start (previous, next)
|   0|0x0000000702600000, 0x0000000702800000, 0x0000000702800000|100%|HS|  |TAMS 0x0000000702800000, 0x0000000702600000| Complete 
|   1|0x0000000702800000, 0x0000000702a00000, 0x0000000702a00000|100%|HC|  |TAMS 0x0000000702a00000, 0x0000000702800000| Complete 
|   2|0x0000000702a00000, 0x0000000702c00000, 0x0000000702c00000|100%| O|  |TAMS 0x0000000702c00000, 0x0000000702a00000| Untracked 
|   3|0x0000000702c00000, 0x0000000702e00000, 0x0000000702e00000|100%| O|  |TAMS 0x0000000702e00000, 0x0000000702c00000| Untracked 
|   4|0x0000000702e00000, 0x0000000703000000, 0x0000000703000000|100%| O|  |TAMS 0x0000000703000000, 0x0000000702e00000| Untracked 
|   5|0x0000000703000000, 0x0000000703200000, 0x0000000703200000|100%| O|  |TAMS 0x0000000703200000, 0x0000000703000000| Untracked 
|   6|0x0000000703200000, 0x0000000703400000, 0x0000000703400000|100%| O|  |TAMS 0x0000000703400000, 0x0000000703200000| Untracked 
|   7|0x0000000703400000, 0x0000000703600000, 0x0000000703600000|100%| O|  |TAMS 0x0000000703600000, 0x0000000703400000| Untracked 
|   8|0x0000000703600000, 0x0000000703800000, 0x0000000703800000|100%| O|  |TAMS 0x0000000703800000, 0x0000000703600000| Untracked 
|   9|0x0000000703800000, 0x0000000703a00000, 0x0000000703a00000|100%| O|  |TAMS 0x0000000703a00000, 0x0000000703800000| Untracked 
|  10|0x0000000703a00000, 0x0000000703c00000, 0x0000000703c00000|100%| O|  |TAMS 0x0000000703c00000, 0x0000000703a00000| Untracked 
|  11|0x0000000703c00000, 0x0000000703e00000, 0x0000000703e00000|100%| O|  |TAMS 0x0000000703e00000, 0x0000000703c00000| Untracked 
|  12|0x0000000703e00000, 0x0000000704000000, 0x0000000704000000|100%| O|  |TAMS 0x0000000704000000, 0x0000000703e00000| Untracked 
|  13|0x0000000704000000, 0x0000000704200000, 0x0000000704200000|100%| O|  |TAMS 0x0000000704200000, 0x0000000704000000| Untracked 
|  14|0x0000000704200000, 0x0000000704400000, 0x0000000704400000|100%| O|  |TAMS 0x0000000704400000, 0x0000000704200000| Untracked 
|  15|0x0000000704400000, 0x0000000704600000, 0x0000000704600000|100%| O|  |TAMS 0x0000000704600000, 0x0000000704400000| Untracked 
|  16|0x0000000704600000, 0x0000000704800000, 0x0000000704800000|100%| O|  |TAMS 0x0000000704800000, 0x0000000704600000| Untracked 
|  17|0x0000000704800000, 0x0000000704a00000, 0x0000000704a00000|100%| O|  |TAMS 0x0000000704a00000, 0x0000000704800000| Untracked 
|  18|0x0000000704a00000, 0x0000000704c00000, 0x0000000704c00000|100%| O|  |TAMS 0x0000000704c00000, 0x0000000704a00000| Untracked 
|  19|0x0000000704c00000, 0x0000000704e00000, 0x0000000704e00000|100%| O|  |TAMS 0x0000000704e00000, 0x0000000704c00000| Untracked 
|  20|0x0000000704e00000, 0x0000000705000000, 0x0000000705000000|100%| O|  |TAMS 0x0000000705000000, 0x0000000704e00000| Untracked 
|  21|0x0000000705000000, 0x0000000705200000, 0x0000000705200000|100%| O|  |TAMS 0x0000000705200000, 0x0000000705000000| Untracked 
|  22|0x0000000705200000, 0x0000000705200000, 0x0000000705400000|  0%| F|  |TAMS 0x0000000705200000, 0x0000000705200000| Untracked 
|  23|0x0000000705400000, 0x0000000705600000, 0x0000000705600000|100%| O|  |TAMS 0x0000000705600000, 0x0000000705400000| Untracked 
|  24|0x0000000705600000, 0x0000000705800000, 0x0000000705800000|100%| O|  |TAMS 0x0000000705800000, 0x0000000705600000| Untracked 
|  25|0x0000000705800000, 0x0000000705a00000, 0x0000000705a00000|100%| O|  |TAMS 0x0000000705a00000, 0x0000000705800000| Untracked 
|  26|0x0000000705a00000, 0x0000000705c00000, 0x0000000705c00000|100%| O|  |TAMS 0x0000000705c00000, 0x0000000705a00000| Untracked 
|  27|0x0000000705c00000, 0x0000000705e00000, 0x0000000705e00000|100%| O|  |TAMS 0x0000000705e00000, 0x0000000705c00000| Untracked 
|  28|0x0000000705e00000, 0x0000000706000000, 0x0000000706000000|100%| O|  |TAMS 0x0000000706000000, 0x0000000705e00000| Untracked 
|  29|0x0000000706000000, 0x0000000706200000, 0x0000000706200000|100%| O|  |TAMS 0x0000000706200000, 0x0000000706000000| Untracked 
|  30|0x0000000706200000, 0x0000000706400000, 0x0000000706400000|100%| O|  |TAMS 0x0000000706400000, 0x0000000706200000| Untracked 
|  31|0x0000000706400000, 0x0000000706600000, 0x0000000706600000|100%| O|  |TAMS 0x0000000706600000, 0x0000000706400000| Untracked 
|  32|0x0000000706600000, 0x0000000706800000, 0x0000000706800000|100%| O|  |TAMS 0x0000000706800000, 0x0000000706600000| Untracked 
|  33|0x0000000706800000, 0x0000000706a00000, 0x0000000706a00000|100%| O|  |TAMS 0x0000000706a00000, 0x0000000706800000| Untracked 
|  34|0x0000000706a00000, 0x0000000706c00000, 0x0000000706c00000|100%| O|  |TAMS 0x0000000706c00000, 0x0000000706a00000| Untracked 
|  35|0x0000000706c00000, 0x0000000706e00000, 0x0000000706e00000|100%| O|  |TAMS 0x0000000706e00000, 0x0000000706c00000| Untracked 
|  36|0x0000000706e00000, 0x0000000707000000, 0x0000000707000000|100%| O|  |TAMS 0x0000000706e00000, 0x0000000706e00000| Untracked 
|  37|0x0000000707000000, 0x0000000707200000, 0x0000000707200000|100%| O|  |TAMS 0x0000000707200000, 0x0000000707000000| Untracked 
|  38|0x0000000707200000, 0x0000000707400000, 0x0000000707400000|100%| O|  |TAMS 0x0000000707400000, 0x0000000707200000| Untracked 
|  39|0x0000000707400000, 0x0000000707600000, 0x0000000707600000|100%| O|  |TAMS 0x0000000707600000, 0x0000000707400000| Untracked 
|  40|0x0000000707600000, 0x0000000707800000, 0x0000000707800000|100%| O|  |TAMS 0x0000000707800000, 0x0000000707600000| Untracked 
|  41|0x0000000707800000, 0x0000000707a00000, 0x0000000707a00000|100%| O|  |TAMS 0x0000000707a00000, 0x0000000707800000| Untracked 
|  42|0x0000000707a00000, 0x0000000707c00000, 0x0000000707c00000|100%| O|  |TAMS 0x0000000707c00000, 0x0000000707a00000| Untracked 
|  43|0x0000000707c00000, 0x0000000707e00000, 0x0000000707e00000|100%| O|  |TAMS 0x0000000707e00000, 0x0000000707c00000| Untracked 
|  44|0x0000000707e00000, 0x0000000708000000, 0x0000000708000000|100%| O|  |TAMS 0x0000000708000000, 0x0000000707e00000| Untracked 
|  45|0x0000000708000000, 0x0000000708200000, 0x0000000708200000|100%| O|  |TAMS 0x0000000708200000, 0x0000000708000000| Untracked 
|  46|0x0000000708200000, 0x0000000708400000, 0x0000000708400000|100%| O|  |TAMS 0x0000000708400000, 0x0000000708200000| Untracked 
|  47|0x0000000708400000, 0x0000000708600000, 0x0000000708600000|100%| O|  |TAMS 0x0000000708600000, 0x0000000708400000| Untracked 
|  48|0x0000000708600000, 0x0000000708800000, 0x0000000708800000|100%| O|  |TAMS 0x00000007087f0e00, 0x0000000708600000| Untracked 
|  49|0x0000000708800000, 0x0000000708a00000, 0x0000000708a00000|100%| O|  |TAMS 0x0000000708800000, 0x0000000708800000| Untracked 
|  50|0x0000000708a00000, 0x0000000708c00000, 0x0000000708c00000|100%| O|  |TAMS 0x0000000708a00000, 0x0000000708a00000| Untracked 
|  51|0x0000000708c00000, 0x0000000708e00000, 0x0000000708e00000|100%| O|  |TAMS 0x0000000708c00000, 0x0000000708c00000| Untracked 
|  52|0x0000000708e00000, 0x0000000709000000, 0x0000000709000000|100%| O|  |TAMS 0x0000000708e00000, 0x0000000708e00000| Untracked 
|  53|0x0000000709000000, 0x0000000709200000, 0x0000000709200000|100%| O|  |TAMS 0x0000000709000000, 0x0000000709000000| Untracked 
|  54|0x0000000709200000, 0x0000000709400000, 0x0000000709400000|100%| O|  |TAMS 0x0000000709200000, 0x0000000709200000| Untracked 
|  55|0x0000000709400000, 0x0000000709600000, 0x0000000709600000|100%| O|  |TAMS 0x0000000709400000, 0x0000000709400000| Untracked 
|  56|0x0000000709600000, 0x0000000709800000, 0x0000000709800000|100%| O|  |TAMS 0x0000000709600000, 0x0000000709600000| Untracked 
|  57|0x0000000709800000, 0x0000000709a00000, 0x0000000709a00000|100%| O|  |TAMS 0x0000000709800000, 0x0000000709800000| Untracked 
|  58|0x0000000709a00000, 0x0000000709c00000, 0x0000000709c00000|100%| O|  |TAMS 0x0000000709a00000, 0x0000000709a00000| Untracked 
|  59|0x0000000709c00000, 0x0000000709e00000, 0x0000000709e00000|100%| O|  |TAMS 0x0000000709c00000, 0x0000000709c00000| Untracked 
|  60|0x0000000709e00000, 0x0000000709efe600, 0x000000070a000000| 49%| O|  |TAMS 0x0000000709e00000, 0x0000000709e00000| Untracked 
|  61|0x000000070a000000, 0x000000070a000000, 0x000000070a200000|  0%| F|  |TAMS 0x000000070a000000, 0x000000070a000000| Untracked 
|  62|0x000000070a200000, 0x000000070a200000, 0x000000070a400000|  0%| F|  |TAMS 0x000000070a200000, 0x000000070a200000| Untracked 
|  63|0x000000070a400000, 0x000000070a400000, 0x000000070a600000|  0%| F|  |TAMS 0x000000070a400000, 0x000000070a400000| Untracked 
|  64|0x000000070a600000, 0x000000070a600000, 0x000000070a800000|  0%| F|  |TAMS 0x000000070a600000, 0x000000070a600000| Untracked 
|  65|0x000000070a800000, 0x000000070a800000, 0x000000070aa00000|  0%| F|  |TAMS 0x000000070a800000, 0x000000070a800000| Untracked 
|  66|0x000000070aa00000, 0x000000070aa00000, 0x000000070ac00000|  0%| F|  |TAMS 0x000000070aa00000, 0x000000070aa00000| Untracked 
|  67|0x000000070ac00000, 0x000000070ac00000, 0x000000070ae00000|  0%| F|  |TAMS 0x000000070ac00000, 0x000000070ac00000| Untracked 
|  68|0x000000070ae00000, 0x000000070ae00000, 0x000000070b000000|  0%| F|  |TAMS 0x000000070ae00000, 0x000000070ae00000| Untracked 
|  69|0x000000070b000000, 0x000000070b000000, 0x000000070b200000|  0%| F|  |TAMS 0x000000070b000000, 0x000000070b000000| Untracked 
|  70|0x000000070b200000, 0x000000070b200000, 0x000000070b400000|  0%| F|  |TAMS 0x000000070b200000, 0x000000070b200000| Untracked 
|  71|0x000000070b400000, 0x000000070b400000, 0x000000070b600000|  0%| F|  |TAMS 0x000000070b400000, 0x000000070b400000| Untracked 
|  72|0x000000070b600000, 0x000000070b600000, 0x000000070b800000|  0%| F|  |TAMS 0x000000070b600000, 0x000000070b600000| Untracked 
|  73|0x000000070b800000, 0x000000070b800000, 0x000000070ba00000|  0%| F|  |TAMS 0x000000070b800000, 0x000000070b800000| Untracked 
|  74|0x000000070ba00000, 0x000000070ba00000, 0x000000070bc00000|  0%| F|  |TAMS 0x000000070ba00000, 0x000000070ba00000| Untracked 
|  75|0x000000070bc00000, 0x000000070bc00000, 0x000000070be00000|  0%| F|  |TAMS 0x000000070bc00000, 0x000000070bc00000| Untracked 
|  76|0x000000070be00000, 0x000000070be00000, 0x000000070c000000|  0%| F|  |TAMS 0x000000070be00000, 0x000000070be00000| Untracked 
|  77|0x000000070c000000, 0x000000070c000000, 0x000000070c200000|  0%| F|  |TAMS 0x000000070c000000, 0x000000070c000000| Untracked 
|  78|0x000000070c200000, 0x000000070c200000, 0x000000070c400000|  0%| F|  |TAMS 0x000000070c200000, 0x000000070c200000| Untracked 
|  79|0x000000070c400000, 0x000000070c400000, 0x000000070c600000|  0%| F|  |TAMS 0x000000070c400000, 0x000000070c400000| Untracked 
|  80|0x000000070c600000, 0x000000070c600000, 0x000000070c800000|  0%| F|  |TAMS 0x000000070c600000, 0x000000070c600000| Untracked 
|  81|0x000000070c800000, 0x000000070c800000, 0x000000070ca00000|  0%| F|  |TAMS 0x000000070c800000, 0x000000070c800000| Untracked 
|  82|0x000000070ca00000, 0x000000070ca00000, 0x000000070cc00000|  0%| F|  |TAMS 0x000000070ca00000, 0x000000070ca00000| Untracked 
|  83|0x000000070cc00000, 0x000000070cc00000, 0x000000070ce00000|  0%| F|  |TAMS 0x000000070cc00000, 0x000000070cc00000| Untracked 
|  84|0x000000070ce00000, 0x000000070ce00000, 0x000000070d000000|  0%| F|  |TAMS 0x000000070ce00000, 0x000000070ce00000| Untracked 
|  85|0x000000070d000000, 0x000000070d000000, 0x000000070d200000|  0%| F|  |TAMS 0x000000070d000000, 0x000000070d000000| Untracked 
|  86|0x000000070d200000, 0x000000070d200000, 0x000000070d400000|  0%| F|  |TAMS 0x000000070d200000, 0x000000070d200000| Untracked 
|  87|0x000000070d400000, 0x000000070d400000, 0x000000070d600000|  0%| F|  |TAMS 0x000000070d400000, 0x000000070d400000| Untracked 
|  88|0x000000070d600000, 0x000000070d600000, 0x000000070d800000|  0%| F|  |TAMS 0x000000070d600000, 0x000000070d600000| Untracked 
|  89|0x000000070d800000, 0x000000070d800000, 0x000000070da00000|  0%| F|  |TAMS 0x000000070d800000, 0x000000070d800000| Untracked 
|  90|0x000000070da00000, 0x000000070da00000, 0x000000070dc00000|  0%| F|  |TAMS 0x000000070da00000, 0x000000070da00000| Untracked 
|  91|0x000000070dc00000, 0x000000070dc00000, 0x000000070de00000|  0%| F|  |TAMS 0x000000070dc00000, 0x000000070dc00000| Untracked 
|  92|0x000000070de00000, 0x000000070de00000, 0x000000070e000000|  0%| F|  |TAMS 0x000000070de00000, 0x000000070de00000| Untracked 
|  93|0x000000070e000000, 0x000000070e000000, 0x000000070e200000|  0%| F|  |TAMS 0x000000070e000000, 0x000000070e000000| Untracked 
|  94|0x000000070e200000, 0x000000070e200000, 0x000000070e400000|  0%| F|  |TAMS 0x000000070e200000, 0x000000070e200000| Untracked 
|  95|0x000000070e400000, 0x000000070e400000, 0x000000070e600000|  0%| F|  |TAMS 0x000000070e400000, 0x000000070e400000| Untracked 
|  96|0x000000070e600000, 0x000000070e600000, 0x000000070e800000|  0%| F|  |TAMS 0x000000070e600000, 0x000000070e600000| Untracked 
|  97|0x000000070e800000, 0x000000070e800000, 0x000000070ea00000|  0%| F|  |TAMS 0x000000070e800000, 0x000000070e800000| Untracked 
|  98|0x000000070ea00000, 0x000000070ea00000, 0x000000070ec00000|  0%| F|  |TAMS 0x000000070ea00000, 0x000000070ea00000| Untracked 
|  99|0x000000070ec00000, 0x000000070ec00000, 0x000000070ee00000|  0%| F|  |TAMS 0x000000070ec00000, 0x000000070ec00000| Untracked 
| 100|0x000000070ee00000, 0x000000070ee00000, 0x000000070f000000|  0%| F|  |TAMS 0x000000070ee00000, 0x000000070ee00000| Untracked 
| 101|0x000000070f000000, 0x000000070f000000, 0x000000070f200000|  0%| F|  |TAMS 0x000000070f000000, 0x000000070f000000| Untracked 
| 102|0x000000070f200000, 0x000000070f200000, 0x000000070f400000|  0%| F|  |TAMS 0x000000070f200000, 0x000000070f200000| Untracked 
| 103|0x000000070f400000, 0x000000070f400000, 0x000000070f600000|  0%| F|  |TAMS 0x000000070f400000, 0x000000070f400000| Untracked 
| 104|0x000000070f600000, 0x000000070f600000, 0x000000070f800000|  0%| F|  |TAMS 0x000000070f600000, 0x000000070f600000| Untracked 
| 105|0x000000070f800000, 0x000000070f800000, 0x000000070fa00000|  0%| F|  |TAMS 0x000000070f800000, 0x000000070f800000| Untracked 
| 106|0x000000070fa00000, 0x000000070fa00000, 0x000000070fc00000|  0%| F|  |TAMS 0x000000070fa00000, 0x000000070fa00000| Untracked 
| 107|0x000000070fc00000, 0x000000070fc00000, 0x000000070fe00000|  0%| F|  |TAMS 0x000000070fc00000, 0x000000070fc00000| Untracked 
| 108|0x000000070fe00000, 0x000000070fe00000, 0x0000000710000000|  0%| F|  |TAMS 0x000000070fe00000, 0x000000070fe00000| Untracked 
| 109|0x0000000710000000, 0x0000000710000000, 0x0000000710200000|  0%| F|  |TAMS 0x0000000710000000, 0x0000000710000000| Untracked 
| 110|0x0000000710200000, 0x0000000710200000, 0x0000000710400000|  0%| F|  |TAMS 0x0000000710200000, 0x0000000710200000| Untracked 
| 111|0x0000000710400000, 0x0000000710400000, 0x0000000710600000|  0%| F|  |TAMS 0x0000000710400000, 0x0000000710400000| Untracked 
| 112|0x0000000710600000, 0x0000000710600000, 0x0000000710800000|  0%| F|  |TAMS 0x0000000710600000, 0x0000000710600000| Untracked 
| 113|0x0000000710800000, 0x0000000710800000, 0x0000000710a00000|  0%| F|  |TAMS 0x0000000710800000, 0x0000000710800000| Untracked 
| 114|0x0000000710a00000, 0x0000000710a00000, 0x0000000710c00000|  0%| F|  |TAMS 0x0000000710a00000, 0x0000000710a00000| Untracked 
| 115|0x0000000710c00000, 0x0000000710c00000, 0x0000000710e00000|  0%| F|  |TAMS 0x0000000710c00000, 0x0000000710c00000| Untracked 
| 116|0x0000000710e00000, 0x0000000710e00000, 0x0000000711000000|  0%| F|  |TAMS 0x0000000710e00000, 0x0000000710e00000| Untracked 
| 117|0x0000000711000000, 0x0000000711000000, 0x0000000711200000|  0%| F|  |TAMS 0x0000000711000000, 0x0000000711000000| Untracked 
| 118|0x0000000711200000, 0x0000000711200000, 0x0000000711400000|  0%| F|  |TAMS 0x0000000711200000, 0x0000000711200000| Untracked 
| 119|0x0000000711400000, 0x0000000711400000, 0x0000000711600000|  0%| F|  |TAMS 0x0000000711400000, 0x0000000711400000| Untracked 
| 120|0x0000000711600000, 0x0000000711600000, 0x0000000711800000|  0%| F|  |TAMS 0x0000000711600000, 0x0000000711600000| Untracked 
| 121|0x0000000711800000, 0x0000000711800000, 0x0000000711a00000|  0%| F|  |TAMS 0x0000000711800000, 0x0000000711800000| Untracked 
| 122|0x0000000711a00000, 0x0000000711a00000, 0x0000000711c00000|  0%| F|  |TAMS 0x0000000711a00000, 0x0000000711a00000| Untracked 
| 123|0x0000000711c00000, 0x0000000711c00000, 0x0000000711e00000|  0%| F|  |TAMS 0x0000000711c00000, 0x0000000711c00000| Untracked 
| 124|0x0000000711e00000, 0x0000000711e00000, 0x0000000712000000|  0%| F|  |TAMS 0x0000000711e00000, 0x0000000711e00000| Untracked 
| 125|0x0000000712000000, 0x0000000712000000, 0x0000000712200000|  0%| F|  |TAMS 0x0000000712000000, 0x0000000712000000| Untracked 
| 126|0x0000000712200000, 0x0000000712200000, 0x0000000712400000|  0%| F|  |TAMS 0x0000000712200000, 0x0000000712200000| Untracked 
| 127|0x0000000712400000, 0x0000000712400000, 0x0000000712600000|  0%| F|  |TAMS 0x0000000712400000, 0x0000000712400000| Untracked 
| 128|0x0000000712600000, 0x0000000712600000, 0x0000000712800000|  0%| F|  |TAMS 0x0000000712600000, 0x0000000712600000| Untracked 
| 129|0x0000000712800000, 0x0000000712a00000, 0x0000000712a00000|100%| E|  |TAMS 0x0000000712800000, 0x0000000712800000| Complete 
| 130|0x0000000712a00000, 0x0000000712c00000, 0x0000000712c00000|100%| E|CS|TAMS 0x0000000712a00000, 0x0000000712a00000| Complete 
| 131|0x0000000712c00000, 0x0000000712e00000, 0x0000000712e00000|100%| E|CS|TAMS 0x0000000712c00000, 0x0000000712c00000| Complete 
| 132|0x0000000712e00000, 0x0000000713000000, 0x0000000713000000|100%| E|CS|TAMS 0x0000000712e00000, 0x0000000712e00000| Complete 
| 133|0x0000000713000000, 0x0000000713200000, 0x0000000713200000|100%| E|CS|TAMS 0x0000000713000000, 0x0000000713000000| Complete 
| 134|0x0000000713200000, 0x0000000713400000, 0x0000000713400000|100%| E|CS|TAMS 0x0000000713200000, 0x0000000713200000| Complete 
| 135|0x0000000713400000, 0x0000000713600000, 0x0000000713600000|100%| E|CS|TAMS 0x0000000713400000, 0x0000000713400000| Complete 
| 136|0x0000000713600000, 0x0000000713800000, 0x0000000713800000|100%| E|CS|TAMS 0x0000000713600000, 0x0000000713600000| Complete 
| 137|0x0000000713800000, 0x0000000713a00000, 0x0000000713a00000|100%| E|CS|TAMS 0x0000000713800000, 0x0000000713800000| Complete 
| 138|0x0000000713a00000, 0x0000000713bf2a20, 0x0000000713c00000| 97%| S|CS|TAMS 0x0000000713a00000, 0x0000000713a00000| Complete 
| 139|0x0000000713c00000, 0x0000000713e00000, 0x0000000713e00000|100%| E|CS|TAMS 0x0000000713c00000, 0x0000000713c00000| Complete 

Card table byte_map: [0x000001e47d2e0000,0x000001e47dad0000] _byte_map_base: 0x000001e479acd000

Marking Bits (Prev, Next): (CMBitMap*) 0x000001e465f67810, (CMBitMap*) 0x000001e465f677d0
 Prev Bits: [0x000001e403f70000, 0x000001e407ed8000)
 Next Bits: [0x000001e400000000, 0x000001e403f68000)

Polling page: 0x000001e4656d0000

Metaspace:

Usage:
  Non-class:     69.52 MB used.
      Class:      8.33 MB used.
       Both:     77.86 MB used.

Virtual space:
  Non-class space:      128.00 MB reserved,      69.69 MB ( 54%) committed,  2 nodes.
      Class space:        1.00 GB reserved,       8.50 MB ( <1%) committed,  1 nodes.
             Both:        1.12 GB reserved,      78.19 MB (  7%) committed. 

Chunk freelists:
   Non-Class:  9.41 MB
       Class:  7.54 MB
        Both:  16.95 MB

MaxMetaspaceSize: unlimited
CompressedClassSpaceSize: 1.00 GB
Initial GC threshold: 21.00 MB
Current GC threshold: 110.88 MB
CDS: on
MetaspaceReclaimPolicy: balanced
 - commit_granule_bytes: 65536.
 - commit_granule_words: 8192.
 - virtual_space_node_default_size: 8388608.
 - enlarge_chunks_in_place: 1.
 - new_chunks_are_fully_committed: 0.
 - uncommit_free_chunks: 1.
 - use_allocation_guard: 0.
 - handle_deallocations: 1.


Internal statistics:

num_allocs_failed_limit: 6.
num_arena_births: 376.
num_arena_deaths: 0.
num_vsnodes_births: 3.
num_vsnodes_deaths: 0.
num_space_committed: 1249.
num_space_uncommitted: 0.
num_chunks_returned_to_freelist: 6.
num_chunks_taken_from_freelist: 3134.
num_chunk_merges: 6.
num_chunk_splits: 2602.
num_chunks_enlarged: 2382.
num_inconsistent_stats: 0.

CodeHeap 'non-profiled nmethods': size=120000Kb used=7295Kb max_used=7295Kb free=112705Kb
 bounds [0x000001e475290000, 0x000001e4759b0000, 0x000001e47c7c0000]
CodeHeap 'profiled nmethods': size=120000Kb used=50102Kb max_used=50102Kb free=69897Kb
 bounds [0x000001e46d7c0000, 0x000001e4708b0000, 0x000001e474cf0000]
CodeHeap 'non-nmethods': size=5760Kb used=1464Kb max_used=1534Kb free=4295Kb
 bounds [0x000001e474cf0000, 0x000001e474f60000, 0x000001e475290000]
 total_blobs=14384 nmethods=13579 adapters=713
 compilation: enabled
              stopped_count=0, restarted_count=0
 full_count=0

Compilation events (20 events):
Event: 40.219 Thread 0x000001e47ed3aba0 nmethod 15627 0x000001e47087ad90 code [0x000001e47087afa0, 0x000001e47087b628]
Event: 40.219 Thread 0x000001e47ed3aba0 15628       3       org.jetbrains.kotlin.ir.expressions.IrRawFunctionReference::accept (15 bytes)
Event: 40.220 Thread 0x000001e47ed3aba0 nmethod 15628 0x000001e47087b890 code [0x000001e47087baa0, 0x000001e47087c148]
Event: 40.220 Thread 0x000001e47ed3aba0 15629       3       org.jetbrains.kotlin.ir.visitors.IrElementTransformerVoid::visitRawFunctionReference (10 bytes)
Event: 40.221 Thread 0x000001e47ed3aba0 nmethod 15629 0x000001e47087c410 code [0x000001e47087c640, 0x000001e47087ce28]
Event: 40.221 Thread 0x000001e47ed3aba0 15630       3       org.jetbrains.kotlin.ir.expressions.IrVararg::accept (15 bytes)
Event: 40.222 Thread 0x000001e47ed3aba0 nmethod 15630 0x000001e47087d110 code [0x000001e47087d320, 0x000001e47087d9c8]
Event: 40.222 Thread 0x000001e47ed3aba0 15637       3       org.jetbrains.kotlin.backend.jvm.lower.JvmPropertiesLowering::visitCall (211 bytes)
Event: 40.229 Thread 0x000001e47ed3aba0 nmethod 15637 0x000001e47087dc90 code [0x000001e47087e560, 0x000001e470883308]
Event: 40.229 Thread 0x000001e47ed3aba0 15644       3       org.jetbrains.kotlin.ir.visitors.IrElementTransformerVoid::visitRawFunctionReference (16 bytes)
Event: 40.229 Thread 0x000001e47ed3aba0 nmethod 15644 0x000001e470884b90 code [0x000001e470884da0, 0x000001e470885428]
Event: 40.229 Thread 0x000001e47ed3aba0 15641       3       org.jetbrains.kotlin.ir.visitors.IrElementTransformerVoid::visitFunctionReference (10 bytes)
Event: 40.230 Thread 0x000001e47ed3aba0 nmethod 15641 0x000001e470885690 code [0x000001e4708858c0, 0x000001e4708860a8]
Event: 40.230 Thread 0x000001e47ed3aba0 15638       3       org.jetbrains.kotlin.ir.util.IrFakeOverrideUtilsKt$$Lambda$1273/0x000001e40b745890::invoke (11 bytes)
Event: 40.231 Thread 0x000001e47ed3aba0 nmethod 15638 0x000001e470886390 code [0x000001e4708865c0, 0x000001e470886d58]
Event: 40.231 Thread 0x000001e47ed3aba0 15639       3       org.jetbrains.kotlin.ir.util.IrFakeOverrideUtilsKt::resolveFakeOverride$lambda$11 (9 bytes)
Event: 40.231 Thread 0x000001e47ed3aba0 nmethod 15639 0x000001e470887010 code [0x000001e470887220, 0x000001e470887798]
Event: 40.231 Thread 0x000001e47ed3aba0 15643       3       org.jetbrains.kotlin.ir.declarations.IrEnumEntry::transformChildren (54 bytes)
Event: 40.235 Thread 0x000001e47ed3aba0 nmethod 15643 0x000001e470887a10 code [0x000001e470887f00, 0x000001e47088a848]
Event: 40.235 Thread 0x000001e47ed3aba0 15647       3       org.jetbrains.kotlin.backend.jvm.lower.JvmBuiltInsLowering$lower$transformer$1::visitCall (300 bytes)

GC Heap History (20 events):
Event: 13.124 GC heap before
{Heap before GC invocations=14 (full 0):
 garbage-first heap   total 90112K, used 64548K [0x0000000702600000, 0x0000000800000000)
  region size 2048K, 11 young (22528K), 2 survivors (4096K)
 Metaspace       used 45886K, committed 46080K, reserved 1114112K
  class space    used 5408K, committed 5504K, reserved 1048576K
}
Event: 13.156 GC heap after
{Heap after GC invocations=15 (full 0):
 garbage-first heap   total 219136K, used 50442K [0x0000000702600000, 0x0000000800000000)
  region size 2048K, 2 young (4096K), 2 survivors (4096K)
 Metaspace       used 45886K, committed 46080K, reserved 1114112K
  class space    used 5408K, committed 5504K, reserved 1048576K
}
Event: 19.123 GC heap before
{Heap before GC invocations=16 (full 0):
 garbage-first heap   total 178176K, used 146698K [0x0000000702600000, 0x0000000800000000)
  region size 2048K, 50 young (102400K), 2 survivors (4096K)
 Metaspace       used 53399K, committed 53760K, reserved 1114112K
  class space    used 6166K, committed 6336K, reserved 1048576K
}
Event: 19.160 GC heap after
{Heap after GC invocations=17 (full 0):
 garbage-first heap   total 178176K, used 65560K [0x0000000702600000, 0x0000000800000000)
  region size 2048K, 7 young (14336K), 7 survivors (14336K)
 Metaspace       used 53399K, committed 53760K, reserved 1114112K
  class space    used 6166K, committed 6336K, reserved 1048576K
}
Event: 21.388 GC heap before
{Heap before GC invocations=17 (full 0):
 garbage-first heap   total 178176K, used 122904K [0x0000000702600000, 0x0000000800000000)
  region size 2048K, 35 young (71680K), 7 survivors (14336K)
 Metaspace       used 54268K, committed 54592K, reserved 1114112K
  class space    used 6202K, committed 6336K, reserved 1048576K
}
Event: 21.444 GC heap after
{Heap after GC invocations=18 (full 0):
 garbage-first heap   total 178176K, used 78377K [0x0000000702600000, 0x0000000800000000)
  region size 2048K, 5 young (10240K), 5 survivors (10240K)
 Metaspace       used 54268K, committed 54592K, reserved 1114112K
  class space    used 6202K, committed 6336K, reserved 1048576K
}
Event: 23.979 GC heap before
{Heap before GC invocations=18 (full 0):
 garbage-first heap   total 178176K, used 125481K [0x0000000702600000, 0x0000000800000000)
  region size 2048K, 29 young (59392K), 5 survivors (10240K)
 Metaspace       used 57120K, committed 57408K, reserved 1114112K
  class space    used 6462K, committed 6592K, reserved 1048576K
}
Event: 24.017 GC heap after
{Heap after GC invocations=19 (full 0):
 garbage-first heap   total 178176K, used 87474K [0x0000000702600000, 0x0000000800000000)
  region size 2048K, 4 young (8192K), 4 survivors (8192K)
 Metaspace       used 57120K, committed 57408K, reserved 1114112K
  class space    used 6462K, committed 6592K, reserved 1048576K
}
Event: 29.199 GC heap before
{Heap before GC invocations=19 (full 0):
 garbage-first heap   total 178176K, used 132530K [0x0000000702600000, 0x0000000800000000)
  region size 2048K, 26 young (53248K), 4 survivors (8192K)
 Metaspace       used 59654K, committed 59904K, reserved 1114112K
  class space    used 6589K, committed 6720K, reserved 1048576K
}
Event: 29.228 GC heap after
{Heap after GC invocations=20 (full 0):
 garbage-first heap   total 178176K, used 91831K [0x0000000702600000, 0x0000000800000000)
  region size 2048K, 2 young (4096K), 2 survivors (4096K)
 Metaspace       used 59654K, committed 59904K, reserved 1114112K
  class space    used 6589K, committed 6720K, reserved 1048576K
}
Event: 31.317 GC heap before
{Heap before GC invocations=21 (full 0):
 garbage-first heap   total 178176K, used 136887K [0x0000000702600000, 0x0000000800000000)
  region size 2048K, 24 young (49152K), 2 survivors (4096K)
 Metaspace       used 60888K, committed 61184K, reserved 1114112K
  class space    used 6704K, committed 6848K, reserved 1048576K
}
Event: 31.342 GC heap after
{Heap after GC invocations=22 (full 0):
 garbage-first heap   total 178176K, used 98329K [0x0000000702600000, 0x0000000800000000)
  region size 2048K, 3 young (6144K), 3 survivors (6144K)
 Metaspace       used 60888K, committed 61184K, reserved 1114112K
  class space    used 6704K, committed 6848K, reserved 1048576K
}
Event: 31.434 GC heap before
{Heap before GC invocations=22 (full 0):
 garbage-first heap   total 178176K, used 100377K [0x0000000702600000, 0x0000000800000000)
  region size 2048K, 4 young (8192K), 3 survivors (6144K)
 Metaspace       used 61187K, committed 61504K, reserved 1114112K
  class space    used 6731K, committed 6848K, reserved 1048576K
}
Event: 31.453 GC heap after
{Heap after GC invocations=23 (full 0):
 garbage-first heap   total 178176K, used 98612K [0x0000000702600000, 0x0000000800000000)
  region size 2048K, 1 young (2048K), 1 survivors (2048K)
 Metaspace       used 61187K, committed 61504K, reserved 1114112K
  class space    used 6731K, committed 6848K, reserved 1048576K
}
Event: 33.863 GC heap before
{Heap before GC invocations=23 (full 0):
 garbage-first heap   total 178176K, used 139572K [0x0000000702600000, 0x0000000800000000)
  region size 2048K, 21 young (43008K), 1 survivors (2048K)
 Metaspace       used 67652K, committed 67968K, reserved 1114112K
  class space    used 7274K, committed 7424K, reserved 1048576K
}
Event: 33.878 GC heap after
{Heap after GC invocations=24 (full 0):
 garbage-first heap   total 286720K, used 103630K [0x0000000702600000, 0x0000000800000000)
  region size 2048K, 3 young (6144K), 3 survivors (6144K)
 Metaspace       used 67652K, committed 67968K, reserved 1114112K
  class space    used 7274K, committed 7424K, reserved 1048576K
}
Event: 38.779 GC heap before
{Heap before GC invocations=25 (full 0):
 garbage-first heap   total 286720K, used 212174K [0x0000000702600000, 0x0000000800000000)
  region size 2048K, 56 young (114688K), 3 survivors (6144K)
 Metaspace       used 76351K, committed 76672K, reserved 1179648K
  class space    used 8234K, committed 8384K, reserved 1048576K
}
Event: 38.834 GC heap after
{Heap after GC invocations=26 (full 0):
 garbage-first heap   total 286720K, used 121659K [0x0000000702600000, 0x0000000800000000)
  region size 2048K, 7 young (14336K), 7 survivors (14336K)
 Metaspace       used 76351K, committed 76672K, reserved 1179648K
  class space    used 8234K, committed 8384K, reserved 1048576K
}
Event: 38.973 GC heap before
{Heap before GC invocations=26 (full 0):
 garbage-first heap   total 286720K, used 123707K [0x0000000702600000, 0x0000000800000000)
  region size 2048K, 8 young (16384K), 7 survivors (14336K)
 Metaspace       used 76949K, committed 77312K, reserved 1179648K
  class space    used 8282K, committed 8448K, reserved 1048576K
}
Event: 39.004 GC heap after
{Heap after GC invocations=27 (full 0):
 garbage-first heap   total 286720K, used 123844K [0x0000000702600000, 0x0000000800000000)
  region size 2048K, 1 young (2048K), 1 survivors (2048K)
 Metaspace       used 76949K, committed 77312K, reserved 1179648K
  class space    used 8282K, committed 8448K, reserved 1048576K
}

Deoptimization events (20 events):
Event: 39.894 Thread 0x000001e465efabc0 Uncommon trap: trap_request=0xffffffde fr.pc=0x000001e4757442c4 relative=0x0000000000000124
Event: 39.894 Thread 0x000001e465efabc0 Uncommon trap: reason=class_check action=maybe_recompile pc=0x000001e4757442c4 method=org.jetbrains.kotlin.types.model.TypeSystemContext.asCapturedTypeUnwrappingDnn(Lorg/jetbrains/kotlin/types/model/RigidTypeMarker;)Lorg/jetbrains/kotlin/types/model/Captu
Event: 39.894 Thread 0x000001e465efabc0 DEOPT PACKING pc=0x000001e4757442c4 sp=0x000000242e2fbb80
Event: 39.894 Thread 0x000001e465efabc0 DEOPT UNPACKING pc=0x000001e474d423a3 sp=0x000000242e2fbb10 mode 2
Event: 39.894 Thread 0x000001e465efabc0 Uncommon trap: trap_request=0xffffffde fr.pc=0x000001e475743e14 relative=0x00000000000000f4
Event: 39.894 Thread 0x000001e465efabc0 Uncommon trap: reason=class_check action=maybe_recompile pc=0x000001e475743e14 method=org.jetbrains.kotlin.types.model.TypeSystemContext.originalIfDefinitelyNotNullable(Lorg/jetbrains/kotlin/types/model/RigidTypeMarker;)Lorg/jetbrains/kotlin/types/model/S
Event: 39.894 Thread 0x000001e465efabc0 DEOPT PACKING pc=0x000001e475743e14 sp=0x000000242e2fbaf0
Event: 39.894 Thread 0x000001e465efabc0 DEOPT UNPACKING pc=0x000001e474d423a3 sp=0x000000242e2fba98 mode 2
Event: 39.894 Thread 0x000001e465efabc0 Uncommon trap: trap_request=0xffffffde fr.pc=0x000001e4757d9468 relative=0x0000000000000288
Event: 39.894 Thread 0x000001e465efabc0 Uncommon trap: reason=class_check action=maybe_recompile pc=0x000001e4757d9468 method=org.jetbrains.kotlin.types.model.TypeSystemContext.isClassType(Lorg/jetbrains/kotlin/types/model/RigidTypeMarker;)Z @ 9 c2
Event: 39.894 Thread 0x000001e465efabc0 DEOPT PACKING pc=0x000001e4757d9468 sp=0x000000242e2fba60
Event: 39.894 Thread 0x000001e465efabc0 DEOPT UNPACKING pc=0x000001e474d423a3 sp=0x000000242e2fb9e0 mode 2
Event: 40.030 Thread 0x000001e465efabc0 Uncommon trap: trap_request=0xffffffde fr.pc=0x000001e475918320 relative=0x0000000000000100
Event: 40.031 Thread 0x000001e465efabc0 Uncommon trap: reason=class_check action=maybe_recompile pc=0x000001e475918320 method=kotlin.collections.AbstractList$IteratorImpl.next()Ljava/lang/Object; @ 32 c2
Event: 40.031 Thread 0x000001e465efabc0 DEOPT PACKING pc=0x000001e475918320 sp=0x000000242e2fcd10
Event: 40.031 Thread 0x000001e465efabc0 DEOPT UNPACKING pc=0x000001e474d423a3 sp=0x000000242e2fcca8 mode 2
Event: 40.125 Thread 0x000001e465efabc0 Uncommon trap: trap_request=0xffffffde fr.pc=0x000001e47563cc5c relative=0x000000000000065c
Event: 40.125 Thread 0x000001e465efabc0 Uncommon trap: reason=class_check action=maybe_recompile pc=0x000001e47563cc5c method=org.jetbrains.kotlin.ir.types.IrTypePredicatesKt.isClassType(Lorg/jetbrains/kotlin/ir/types/IrType;Lorg/jetbrains/kotlin/ir/util/IdSignature$CommonSignature;Ljava/lang/B
Event: 40.125 Thread 0x000001e465efabc0 DEOPT PACKING pc=0x000001e47563cc5c sp=0x000000242e2fbdc0
Event: 40.125 Thread 0x000001e465efabc0 DEOPT UNPACKING pc=0x000001e474d423a3 sp=0x000000242e2fbd50 mode 2

Classes unloaded (0 events):
No events

Classes redefined (0 events):
No events

Internal exceptions (20 events):
Event: 28.563 Thread 0x000001e465efabc0 Exception <a 'java/lang/NoSuchMethodError'{0x000000070b7df048}: 'java.lang.Object java.lang.invoke.DirectMethodHandle$Holder.invokeSpecial(java.lang.Object, java.lang.Object, java.lang.Object, int, java.lang.Object, java.lang.Object, java.lang.Object)'> (0x000000070b7df048) 
thrown [s\open\src\hotspot\share\interpreter\linkResolver.cpp, line 759]
Event: 28.564 Thread 0x000001e465efabc0 Exception <a 'java/lang/NoSuchMethodError'{0x000000070b7e2928}: 'java.lang.Object java.lang.invoke.Invokers$Holder.linkToTargetMethod(java.lang.Object, int, java.lang.Object, java.lang.Object, java.lang.Object, java.lang.Object)'> (0x000000070b7e2928) 
thrown [s\open\src\hotspot\share\interpreter\linkResolver.cpp, line 759]
Event: 31.427 Thread 0x000001e465efabc0 Implicit null exception at 0x000001e475320cf5 to 0x000001e475321488
Event: 31.430 Thread 0x000001e465efabc0 Implicit null exception at 0x000001e4752cf374 to 0x000001e4752cfaf0
Event: 32.275 Thread 0x000001e465efabc0 Implicit null exception at 0x000001e4757dab00 to 0x000001e4757dbcb8
Event: 32.390 Thread 0x000001e465efabc0 Exception <a 'java/lang/NoSuchMethodError'{0x000000070c076618}: 'java.lang.Object java.lang.invoke.DirectMethodHandle$Holder.newInvokeSpecial(java.lang.Object, java.lang.Object, java.lang.Object, java.lang.Object, java.lang.Object, java.lang.Object, java.lang.Object, java.lang.Object, int)'> (0x000000070c076618) 
thrown [s\open\src\hotspot\share\interpreter\linkResolver.cpp, line 759]
Event: 32.391 Thread 0x000001e465efabc0 Exception <a 'java/lang/NoSuchMethodError'{0x000000070c07bde0}: 'java.lang.Object java.lang.invoke.DirectMethodHandle$Holder.invokeSpecial(java.lang.Object, java.lang.Object, java.lang.Object, java.lang.Object, java.lang.Object, java.lang.Object, java.lang.Object, java.lang.Object, java.lang.Object, int)'> (0x000000070c07bde0) 
thrown [s\open\src\hotspot\share\interpreter\linkResolver.cpp, line 759]
Event: 32.911 Thread 0x000001e465efabc0 Exception <a 'java/lang/NoSuchMethodError'{0x000000070bb21d50}: 'java.lang.Object java.lang.invoke.DirectMethodHandle$Holder.newInvokeSpecial(java.lang.Object, java.lang.Object, java.lang.Object, java.lang.Object, java.lang.Object, java.lang.Object, java.lang.Object, int)'> (0x000000070bb21d50) 
thrown [s\open\src\hotspot\share\interpreter\linkResolver.cpp, line 759]
Event: 32.912 Thread 0x000001e465efabc0 Exception <a 'java/lang/NoSuchMethodError'{0x000000070bb26e10}: 'java.lang.Object java.lang.invoke.DirectMethodHandle$Holder.invokeSpecial(java.lang.Object, java.lang.Object, java.lang.Object, java.lang.Object, java.lang.Object, java.lang.Object, java.lang.Object, java.lang.Object, int)'> (0x000000070bb26e10) 
thrown [s\open\src\hotspot\share\interpreter\linkResolver.cpp, line 759]
Event: 32.912 Thread 0x000001e465efabc0 Exception <a 'java/lang/NoSuchMethodError'{0x000000070bb2b7d0}: 'java.lang.Object java.lang.invoke.Invokers$Holder.linkToTargetMethod(java.lang.Object, java.lang.Object, java.lang.Object, java.lang.Object, java.lang.Object, java.lang.Object, int, java.lang.Object)'> (0x000000070bb2b7d0) 
thrown [s\open\src\hotspot\share\interpreter\linkResolver.cpp, line 759]
Event: 36.563 Thread 0x000001e465efabc0 Exception <a 'java/lang/NoSuchMethodError'{0x000000071033bac8}: 'java.lang.Object java.lang.invoke.DirectMethodHandle$Holder.newInvokeSpecial(java.lang.Object, int, java.lang.Object, int)'> (0x000000071033bac8) 
thrown [s\open\src\hotspot\share\interpreter\linkResolver.cpp, line 759]
Event: 36.564 Thread 0x000001e465efabc0 Exception <a 'java/lang/NoSuchMethodError'{0x000000071033fa48}: 'java.lang.Object java.lang.invoke.DirectMethodHandle$Holder.invokeSpecial(java.lang.Object, java.lang.Object, int, java.lang.Object, int)'> (0x000000071033fa48) 
thrown [s\open\src\hotspot\share\interpreter\linkResolver.cpp, line 759]
Event: 37.050 Thread 0x000001e465efabc0 Exception <a 'java/lang/NoSuchMethodError'{0x000000070f8edef0}: 'java.lang.Object java.lang.invoke.DirectMethodHandle$Holder.invokeStaticInit(java.lang.Object, int, java.lang.Object, java.lang.Object, java.lang.Object)'> (0x000000070f8edef0) 
thrown [s\open\src\hotspot\share\interpreter\linkResolver.cpp, line 759]
Event: 38.375 Thread 0x000001e465efabc0 Implicit null exception at 0x000001e47594d667 to 0x000001e47594dab4
Event: 38.951 Thread 0x000001e465efabc0 Exception <a 'java/lang/NoSuchMethodError'{0x0000000713db62f8}: 'java.lang.Object java.lang.invoke.DirectMethodHandle$Holder.invokeStatic(java.lang.Object, java.lang.Object, int, java.lang.Object)'> (0x0000000713db62f8) 
thrown [s\open\src\hotspot\share\interpreter\linkResolver.cpp, line 759]
Event: 39.621 Thread 0x000001e465efabc0 Exception <a 'java/lang/NoSuchMethodError'{0x00000007132bacb0}: 'java.lang.Object java.lang.invoke.DirectMethodHandle$Holder.invokeStatic(java.lang.Object, java.lang.Object, java.lang.Object, java.lang.Object, int, java.lang.Object)'> (0x00000007132bacb0) 
thrown [s\open\src\hotspot\share\interpreter\linkResolver.cpp, line 759]
Event: 39.623 Thread 0x000001e465efabc0 Exception <a 'java/lang/NoSuchMethodError'{0x00000007132c4150}: 'java.lang.Object java.lang.invoke.DirectMethodHandle$Holder.newInvokeSpecial(java.lang.Object, java.lang.Object, java.lang.Object, java.lang.Object, int, java.lang.Object)'> (0x00000007132c4150) 
thrown [s\open\src\hotspot\share\interpreter\linkResolver.cpp, line 759]
Event: 39.624 Thread 0x000001e465efabc0 Exception <a 'java/lang/NoSuchMethodError'{0x00000007132c8720}: 'java.lang.Object java.lang.invoke.DirectMethodHandle$Holder.invokeSpecial(java.lang.Object, java.lang.Object, java.lang.Object, java.lang.Object, java.lang.Object, int, java.lang.Object)'> (0x00000007132c8720) 
thrown [s\open\src\hotspot\share\interpreter\linkResolver.cpp, line 759]
Event: 39.625 Thread 0x000001e465efabc0 Exception <a 'java/lang/NoSuchMethodError'{0x00000007132cc558}: 'java.lang.Object java.lang.invoke.Invokers$Holder.linkToTargetMethod(java.lang.Object, java.lang.Object, java.lang.Object, int, java.lang.Object, java.lang.Object)'> (0x00000007132cc558) 
thrown [s\open\src\hotspot\share\interpreter\linkResolver.cpp, line 759]
Event: 39.702 Thread 0x000001e465efabc0 Exception <a 'java/lang/NoSuchMethodError'{0x00000007133ab720}: 'java.lang.Object java.lang.invoke.DirectMethodHandle$Holder.invokeStaticInit(java.lang.Object, java.lang.Object, int, java.lang.Object)'> (0x00000007133ab720) 
thrown [s\open\src\hotspot\share\interpreter\linkResolver.cpp, line 759]

VM Operations (20 events):
Event: 38.756 Executing VM operation: HandshakeAllThreads
Event: 38.756 Executing VM operation: HandshakeAllThreads done
Event: 38.779 Executing VM operation: G1CollectForAllocation
Event: 38.838 Executing VM operation: G1CollectForAllocation done
Event: 38.973 Executing VM operation: G1CollectForAllocation
Event: 39.004 Executing VM operation: G1CollectForAllocation done
Event: 39.053 Executing VM operation: HandshakeAllThreads
Event: 39.053 Executing VM operation: HandshakeAllThreads done
Event: 39.379 Executing VM operation: ICBufferFull
Event: 39.379 Executing VM operation: ICBufferFull done
Event: 39.601 Executing VM operation: HandshakeAllThreads
Event: 39.601 Executing VM operation: HandshakeAllThreads done
Event: 39.791 Executing VM operation: HandshakeAllThreads
Event: 39.791 Executing VM operation: HandshakeAllThreads done
Event: 39.794 Executing VM operation: ICBufferFull
Event: 39.796 Executing VM operation: ICBufferFull done
Event: 40.124 Executing VM operation: HandshakeAllThreads
Event: 40.124 Executing VM operation: HandshakeAllThreads done
Event: 40.226 Executing VM operation: ICBufferFull
Event: 40.226 Executing VM operation: ICBufferFull done

Events (20 events):
Event: 37.450 Thread 0x000001e44f05ffc0 flushing nmethod 0x000001e470054f10
Event: 37.450 Thread 0x000001e44f05ffc0 flushing nmethod 0x000001e47005bb10
Event: 37.450 Thread 0x000001e44f05ffc0 flushing nmethod 0x000001e470061510
Event: 37.450 Thread 0x000001e44f05ffc0 flushing nmethod 0x000001e470065590
Event: 37.450 Thread 0x000001e44f05ffc0 flushing nmethod 0x000001e470071b90
Event: 37.450 Thread 0x000001e44f05ffc0 flushing nmethod 0x000001e470076b90
Event: 37.450 Thread 0x000001e44f05ffc0 flushing nmethod 0x000001e47007a690
Event: 37.450 Thread 0x000001e44f05ffc0 flushing nmethod 0x000001e470080410
Event: 37.450 Thread 0x000001e44f05ffc0 flushing nmethod 0x000001e47009a790
Event: 37.452 Thread 0x000001e44f05ffc0 flushing nmethod 0x000001e470218690
Event: 37.452 Thread 0x000001e44f05ffc0 flushing nmethod 0x000001e47021e410
Event: 37.452 Thread 0x000001e44f05ffc0 flushing nmethod 0x000001e470221910
Event: 37.452 Thread 0x000001e44f05ffc0 flushing nmethod 0x000001e470223590
Event: 37.452 Thread 0x000001e44f05ffc0 flushing nmethod 0x000001e47029a490
Event: 37.453 Thread 0x000001e44f05ffc0 flushing nmethod 0x000001e4702ae610
Event: 37.453 Thread 0x000001e44f05ffc0 flushing nmethod 0x000001e4702b4190
Event: 37.453 Thread 0x000001e44f05ffc0 flushing nmethod 0x000001e4702b7590
Event: 37.453 Thread 0x000001e44f05ffc0 flushing nmethod 0x000001e47031bd90
Event: 37.453 Thread 0x000001e44f05ffc0 flushing nmethod 0x000001e470322a10
Event: 37.453 Thread 0x000001e44f05ffc0 flushing nmethod 0x000001e47032c190


Dynamic libraries:
0x00007ff648740000 - 0x00007ff648750000 	C:\Program Files\Java\jdk-17\bin\java.exe
0x00007fffaf330000 - 0x00007fffaf528000 	C:\WINDOWS\SYSTEM32\ntdll.dll
0x00007fffae6e0000 - 0x00007fffae7a2000 	C:\WINDOWS\System32\KERNEL32.DLL
0x00007fffad060000 - 0x00007fffad356000 	C:\WINDOWS\System32\KERNELBASE.dll
0x00007fffacf00000 - 0x00007fffad000000 	C:\WINDOWS\System32\ucrtbase.dll
0x00007fff7e640000 - 0x00007fff7e65b000 	C:\Program Files\Java\jdk-17\bin\VCRUNTIME140.dll
0x00007fff7e890000 - 0x00007fff7e8a9000 	C:\Program Files\Java\jdk-17\bin\jli.dll
0x00007fffae620000 - 0x00007fffae6d1000 	C:\WINDOWS\System32\ADVAPI32.dll
0x00007fffaec00000 - 0x00007fffaec9e000 	C:\WINDOWS\System32\msvcrt.dll
0x00007fffae4b0000 - 0x00007fffae54f000 	C:\WINDOWS\System32\sechost.dll
0x00007fffad520000 - 0x00007fffad640000 	C:\WINDOWS\System32\RPCRT4.dll
0x00007fffad000000 - 0x00007fffad027000 	C:\WINDOWS\System32\bcrypt.dll
0x00007fffaea60000 - 0x00007fffaebfd000 	C:\WINDOWS\System32\USER32.dll
0x00007fffad030000 - 0x00007fffad052000 	C:\WINDOWS\System32\win32u.dll
0x00007fffaeca0000 - 0x00007fffaeccb000 	C:\WINDOWS\System32\GDI32.dll
0x00007fff95c70000 - 0x00007fff95f0b000 	C:\WINDOWS\WinSxS\amd64_microsoft.windows.common-controls_6595b64144ccf1df_6.0.19041.6280_none_60bc30a171f2f3f3\COMCTL32.dll
0x00007fffacbd0000 - 0x00007fffacce9000 	C:\WINDOWS\System32\gdi32full.dll
0x00007fffac9d0000 - 0x00007fffaca6d000 	C:\WINDOWS\System32\msvcp_win.dll
0x00007fff9f660000 - 0x00007fff9f66a000 	C:\WINDOWS\SYSTEM32\VERSION.dll
0x00007fffad380000 - 0x00007fffad3af000 	C:\WINDOWS\System32\IMM32.DLL
0x00007fff82210000 - 0x00007fff8221c000 	C:\Program Files\Java\jdk-17\bin\vcruntime140_1.dll
0x00007fff80040000 - 0x00007fff800ce000 	C:\Program Files\Java\jdk-17\bin\msvcp140.dll
0x00007fff71050000 - 0x00007fff71c30000 	C:\Program Files\Java\jdk-17\bin\server\jvm.dll
0x00007fffad640000 - 0x00007fffad648000 	C:\WINDOWS\System32\PSAPI.DLL
0x00007fffa8410000 - 0x00007fffa8419000 	C:\WINDOWS\SYSTEM32\WSOCK32.dll
0x00007fffae7b0000 - 0x00007fffae81b000 	C:\WINDOWS\System32\WS2_32.dll
0x00007fff95a00000 - 0x00007fff95a27000 	C:\WINDOWS\SYSTEM32\WINMM.dll
0x00007fffab240000 - 0x00007fffab252000 	C:\WINDOWS\SYSTEM32\kernel.appcore.dll
0x00007fff82200000 - 0x00007fff8220a000 	C:\Program Files\Java\jdk-17\bin\jimage.dll
0x00007fffaa570000 - 0x00007fffaa771000 	C:\WINDOWS\SYSTEM32\DBGHELP.DLL
0x00007fff8e670000 - 0x00007fff8e6a4000 	C:\WINDOWS\SYSTEM32\dbgcore.DLL
0x00007fffacdc0000 - 0x00007ffface42000 	C:\WINDOWS\System32\bcryptPrimitives.dll
0x00007fff821d0000 - 0x00007fff821f5000 	C:\Program Files\Java\jdk-17\bin\java.dll
0x00007fff76500000 - 0x00007fff765d7000 	C:\Program Files\Java\jdk-17\bin\jsvml.dll
0x00007fffad830000 - 0x00007fffadfa0000 	C:\WINDOWS\System32\SHELL32.dll
0x00007fffaa7a0000 - 0x00007fffaaf44000 	C:\WINDOWS\SYSTEM32\windows.storage.dll
0x00007fffadfa0000 - 0x00007fffae2f3000 	C:\WINDOWS\System32\combase.dll
0x00007fffac400000 - 0x00007fffac42b000 	C:\WINDOWS\SYSTEM32\Wldp.dll
0x00007fffae550000 - 0x00007fffae61d000 	C:\WINDOWS\System32\OLEAUT32.dll
0x00007fffae890000 - 0x00007fffae93d000 	C:\WINDOWS\System32\SHCORE.dll
0x00007fffad650000 - 0x00007fffad6ab000 	C:\WINDOWS\System32\shlwapi.dll
0x00007fffac900000 - 0x00007fffac924000 	C:\WINDOWS\SYSTEM32\profapi.dll
0x00007fff80110000 - 0x00007fff80129000 	C:\Program Files\Java\jdk-17\bin\net.dll
0x00007fff9f800000 - 0x00007fff9f90a000 	C:\WINDOWS\SYSTEM32\WINHTTP.dll
0x00007fffac160000 - 0x00007fffac1ca000 	C:\WINDOWS\system32\mswsock.dll
0x00007fff7e670000 - 0x00007fff7e686000 	C:\Program Files\Java\jdk-17\bin\nio.dll
0x00007fff7d3f0000 - 0x00007fff7d408000 	C:\Program Files\Java\jdk-17\bin\zip.dll
0x00007fffa6dc0000 - 0x00007fffa6dd0000 	C:\Program Files\Java\jdk-17\bin\verify.dll

dbghelp: loaded successfully - version: 4.0.5 - missing functions: none
symbol engine: initialized successfully - sym options: 0x614 - pdb path: .;C:\Program Files\Java\jdk-17\bin;C:\WINDOWS\SYSTEM32;C:\WINDOWS\WinSxS\amd64_microsoft.windows.common-controls_6595b64144ccf1df_6.0.19041.6280_none_60bc30a171f2f3f3;C:\Program Files\Java\jdk-17\bin\server

VM Arguments:
java_command: org.jetbrains.kotlin.cli.jvm.K2JVMCompiler @E:\Connect\app\node_modules\react-native-video\android\buildOutput_1af0889f2a64704126f21fa53de2bf26\20250905_9589641153255574056.compiler.options
java_class_path (initial): E:\GradleCache\caches\modules-2\files-2.1\org.jetbrains.kotlin\kotlin-compiler-embeddable\2.1.20\4ef56b3316798316bfac7a0ae443391c9e900ea1\kotlin-compiler-embeddable-2.1.20.jar;E:\GradleCache\caches\modules-2\files-2.1\org.jetbrains.kotlin\kotlin-stdlib\2.1.20\aa8ca79cd50578314f6d1180c47cbe14c0fee567\kotlin-stdlib-2.1.20.jar;E:\GradleCache\caches\modules-2\files-2.1\org.jetbrains.kotlin\kotlin-script-runtime\2.1.20\f7c623d7f7bdb01f5ccd6b437bc0a937fcd7c57e\kotlin-script-runtime-2.1.20.jar;E:\GradleCache\caches\modules-2\files-2.1\org.jetbrains.kotlin\kotlin-reflect\1.6.10\1cbe9c92c12a94eea200d23c2bbaedaf3daf5132\kotlin-reflect-1.6.10.jar;E:\GradleCache\caches\modules-2\files-2.1\org.jetbrains.kotlin\kotlin-daemon-embeddable\2.1.20\95670fce77befd02a70a0bc3abe8ee4533521334\kotlin-daemon-embeddable-2.1.20.jar;E:\GradleCache\caches\modules-2\files-2.1\org.jetbrains.intellij.deps\trove4j\1.0.20200330\3afb14d5f9ceb459d724e907a21145e8ff394f02\trove4j-1.0.20200330.jar;E:\GradleCache\caches\modules-2\files-2.1\org.jetbrains.kotlinx\kotlinx-coroutines-core-jvm\1.8.0\ac1dc37a30a93150b704022f8d895ee1bd3a36b3\kotlinx-coroutines-core-jvm-1.8.0.jar;E:\GradleCache\caches\modules-2\files-2.1\org.jetbrains\annotations\13.0\919f0dfe192fb4e063e7dacadee7f8bb9a2672a9\annotations-13.0.jar
Launcher Type: SUN_STANDARD

[Global flags]
     intx CICompilerCount                          = 4                                         {product} {ergonomic}
     uint ConcGCThreads                            = 2                                         {product} {ergonomic}
     uint G1ConcRefinementThreads                  = 8                                         {product} {ergonomic}
   size_t G1HeapRegionSize                         = 2097152                                   {product} {ergonomic}
    uintx GCDrainStackTargetSize                   = 64                                        {product} {ergonomic}
   size_t InitialHeapSize                          = 266338304                                 {product} {ergonomic}
   size_t MarkStackSize                            = 4194304                                   {product} {ergonomic}
   size_t MaxHeapSize                              = 4255121408                                {product} {ergonomic}
   size_t MaxNewSize                               = 2552233984                                {product} {ergonomic}
   size_t MinHeapDeltaBytes                        = 2097152                                   {product} {ergonomic}
   size_t MinHeapSize                              = 8388608                                   {product} {ergonomic}
    uintx NonNMethodCodeHeapSize                   = 5839372                                {pd product} {ergonomic}
    uintx NonProfiledCodeHeapSize                  = 122909434                              {pd product} {ergonomic}
    uintx ProfiledCodeHeapSize                     = 122909434                              {pd product} {ergonomic}
    uintx ReservedCodeCacheSize                    = 251658240                              {pd product} {ergonomic}
     bool SegmentedCodeCache                       = true                                      {product} {ergonomic}
   size_t SoftMaxHeapSize                          = 4255121408                             {manageable} {ergonomic}
     bool UseCompressedClassPointers               = true                           {product lp64_product} {ergonomic}
     bool UseCompressedOops                        = true                           {product lp64_product} {ergonomic}
     bool UseG1GC                                  = true                                      {product} {ergonomic}
     bool UseLargePagesIndividualAllocation        = false                                  {pd product} {ergonomic}

Logging:
Log output configuration:
 #0: stdout all=warning uptime,level,tags
 #1: stderr all=off uptime,level,tags

Environment Variables:
JAVA_HOME=C:\Program Files\Java\jdk-17
PATH=E:\Connect\app\node_modules\.bin;E:\Connect\app\node_modules\.bin;E:\Connect\node_modules\.bin;E:\node_modules\.bin;C:\Program Files\nodejs\node_modules\npm\node_modules\@npmcli\run-script\lib\node-gyp-bin;E:\Connect\app\node_modules\.bin;E:\Connect\node_modules\.bin;E:\node_modules\.bin;C:\Program Files\nodejs\node_modules\npm\node_modules\@npmcli\run-script\lib\node-gyp-bin;;C:\Program Files\Common Files\Oracle\Java\javapath;C:\Python313\Scripts\;C:\Python313\;C:\WINDOWS\system32;C:\WINDOWS;C:\WINDOWS\System32\Wbem;C:\WINDOWS\System32\WindowsPowerShell\v1.0\;C:\WINDOWS\System32\OpenSSH\;C:\Program Files\nodejs\;C:\ProgramData\chocolatey\bin;C:\Program Files\Git\cmd;C:\Users\Ikramul islam\AppData\Local\Android\Sdk\platform-tools;C:\Users\Ikramul islam\AppData\Local\Android\Sdk\emulator;C:\Users\Ikramul islam\AppData\Local\Android\Sdk\tools;C:\Users\Ikramul islam\AppData\Local\Android\Sdk\tools\bin;C:\Program Files\Java\jdk-17\bin;C:\poppler\bin;C:\Program Files\GraphicsMagick-1.3.42-Q8;C:\Program Files\gs\gs10.05.1\bin;C:\Program Files\PuTTY\;c:\Users\Ikramul islam\AppData\Local\Programs\cursor\resources\app\bin;C:\Users\Ikramul islam\AppData\Local\Programs\Python\Python310\Scripts\;C:\Users\Ikramul islam\AppData\Local\Programs\Python\Python310\;C:\Users\Ikramul islam\AppData\Local\Microsoft\WindowsApps;C:\Users\Ikramul islam\AppData\Roaming\npm;C:\Users\Ikramul islam\AppData\Local\Programs\Microsoft VS Code\bin;C:\Users\Ikramul islam\AppData\Local\Programs\cursor-editor\resources\app\bin
USERNAME=Ikramulislam
LANG=en_US.UTF-8
OS=Windows_NT
PROCESSOR_IDENTIFIER=Intel64 Family 6 Model 142 Stepping 10, GenuineIntel



---------------  S Y S T E M  ---------------

OS:
 Windows 10 , 64 bit Build 19041 (10.0.19041.5915)
OS uptime: 0 days 13:21 hours

CPU: total 8 (initial active 8) (4 cores per cpu, 2 threads per core) family 6 model 142 stepping 10 microcode 0xf6, cx8, cmov, fxsr, ht, mmx, 3dnowpref, sse, sse2, sse3, ssse3, sse4.1, sse4.2, popcnt, lzcnt, tsc, tscinvbit, avx, avx2, aes, erms, clmul, bmi1, bmi2, rtm, adx, fma, vzeroupper, clflush, clflushopt

Memory: 4k page, system-wide physical 16227M (550M free)
TotalPageFile size 34484M (AvailPageFile size 373M)
current process WorkingSet (physical memory assigned to process): 554M, peak: 554M
current process commit charge ("private bytes"): 593M, peak: 594M

vm_info: Java HotSpot(TM) 64-Bit Server VM (17.0.12+8-LTS-286) for windows-amd64 JRE (17.0.12+8-LTS-286), built on Jun  5 2024 06:46:59 by "mach5one" with MS VC++ 17.6 (VS2022)

END.
