#
# There is insufficient memory for the Java Runtime Environment to continue.
# Native memory allocation (mmap) failed to map 67108864 bytes for G1 virtual space
# Possible reasons:
#   The system is out of physical RAM or swap space
#   The process is running with CompressedOops enabled, and the Java Heap may be blocking the growth of the native heap
# Possible solutions:
#   Reduce memory load on the system
#   Increase physical memory or swap space
#   Check if swap backing store is full
#   Decrease Java heap size (-Xmx/-Xms)
#   Decrease number of Java threads
#   Decrease Java thread stack sizes (-Xss)
#   Set larger code cache with -XX:ReservedCodeCacheSize=
#   JVM is running with Unscaled Compressed Oops mode in which the Java heap is
#     placed in the first 4GB address space. The Java Heap base address is the
#     maximum limit for the native heap growth. Please use -XX:HeapBaseMinAddress
#     to set the Java Heap base and to place the Java Heap above 4GB virtual address.
# This output file may be truncated or incomplete.
#
#  Out of Memory Error (os_windows.cpp:3548), pid=110680, tid=112288
#
# JRE version:  (17.0.12+8) (build )
# Java VM: Java HotSpot(TM) 64-Bit Server VM (17.0.12+8-LTS-286, mixed mode, sharing, tiered, compressed oops, compressed class ptrs, g1 gc, windows-amd64)
# No core dump will be written. Minidumps are not enabled by default on client versions of Windows
#

---------------  S U M M A R Y ------------

Command Line: -Xmx64m -Xms64m -Dorg.gradle.appname=gradlew E:\Connect\app\android\\gradle\wrapper\gradle-wrapper.jar app:bundleRelease

Host: Intel(R) Core(TM) i7-8650U CPU @ 1.90GHz, 8 cores, 15G,  Windows 10 , 64 bit Build 19041 (10.0.19041.5915)
Time: Wed Jan 21 12:05:09 2026 Bangladesh Standard Time elapsed time: 0.193675 seconds (0d 0h 0m 0s)

---------------  T H R E A D  ---------------

Current thread (0x0000020cfd7c87c0):  JavaThread "Unknown thread" [_thread_in_vm, id=112288, stack(0x0000004581100000,0x0000004581200000)]

Stack: [0x0000004581100000,0x0000004581200000]
Native frames: (J=compiled Java code, j=interpreted, Vv=VM code, C=native code)
V  [jvm.dll+0x67a04a]
V  [jvm.dll+0x7da4ed]
V  [jvm.dll+0x7dbe33]
V  [jvm.dll+0x7dc4a3]
V  [jvm.dll+0x24508f]
V  [jvm.dll+0x677089]
V  [jvm.dll+0x66bd32]
V  [jvm.dll+0x301fa6]
V  [jvm.dll+0x309546]
V  [jvm.dll+0x359d2e]
V  [jvm.dll+0x359f5f]
V  [jvm.dll+0x2d9078]
V  [jvm.dll+0x2d9fe4]
V  [jvm.dll+0x7aca21]
V  [jvm.dll+0x367591]
V  [jvm.dll+0x78b999]
V  [jvm.dll+0x3ec83f]
V  [jvm.dll+0x3ee471]
C  [jli.dll+0x5297]
C  [ucrtbase.dll+0x21bb2]
C  [KERNEL32.DLL+0x17374]
C  [ntdll.dll+0x4cc91]


---------------  P R O C E S S  ---------------

Threads class SMR info:
_java_thread_list=0x00007ff901ea7a18, length=0, elements={
}

Java Threads: ( => current thread )

Other Threads:
  0x0000020cfd7e8100 GCTaskThread "GC Thread#0" [stack: 0x0000004581200000,0x0000004581300000] [id=109260]
  0x0000020cfd7eb000 ConcurrentGCThread "G1 Main Marker" [stack: 0x0000004581300000,0x0000004581400000] [id=113044]
  0x0000020cfd7eba10 ConcurrentGCThread "G1 Conc#0" [stack: 0x0000004581400000,0x0000004581500000] [id=112828]

[error occurred during error reporting (printing all threads), id 0xc0000005, EXCEPTION_ACCESS_VIOLATION (0xc0000005) at pc=0x00007ff9016d9b67]

VM state: not at safepoint (not fully initialized)

VM Mutex/Monitor currently owned by a thread:  ([mutex/lock_event])
[0x0000020cfd7c4c30] Heap_lock - owner thread: 0x0000020cfd7c87c0

Heap address: 0x00000000fc000000, size: 64 MB, Compressed Oops mode: 32-bit

CDS archive(s) mapped at: [0x0000000000000000-0x0000000000000000-0x0000000000000000), size 0, SharedBaseAddress: 0x0000000800000000, ArchiveRelocationMode: 1.
Narrow klass base: 0x0000000000000000, Narrow klass shift: 0, Narrow klass range: 0x0

GC Precious Log:
<Empty>

Heap:
 garbage-first heap   total 0K, used 0K [0x00000000fc000000, 0x0000000100000000)
  region size 1024K, 0 young (0K), 0 survivors (0K)

[error occurred during error reporting (printing heap information), id 0xc0000005, EXCEPTION_ACCESS_VIOLATION (0xc0000005) at pc=0x00007ff901ac3859]

GC Heap History (0 events):
No events

Deoptimization events (0 events):
No events

Classes unloaded (0 events):
No events

Classes redefined (0 events):
No events

Internal exceptions (0 events):
No events

VM Operations (0 events):
No events

Events (1 events):
Event: 0.097 Loaded shared library C:\Program Files\Java\jdk-17\bin\java.dll


Dynamic libraries:
0x00007ff7e9c50000 - 0x00007ff7e9c60000 	C:\Program Files\Java\jdk-17\bin\java.exe
0x00007ff93ed70000 - 0x00007ff93ef68000 	C:\WINDOWS\SYSTEM32\ntdll.dll
0x00007ff93d370000 - 0x00007ff93d432000 	C:\WINDOWS\System32\KERNEL32.DLL
0x00007ff93c7e0000 - 0x00007ff93cad6000 	C:\WINDOWS\System32\KERNELBASE.dll
0x00007ff93c4c0000 - 0x00007ff93c5c0000 	C:\WINDOWS\System32\ucrtbase.dll
0x00007ff926e20000 - 0x00007ff926e39000 	C:\Program Files\Java\jdk-17\bin\jli.dll
0x00007ff93ce90000 - 0x00007ff93cf41000 	C:\WINDOWS\System32\ADVAPI32.dll
0x00007ff93e820000 - 0x00007ff93e8be000 	C:\WINDOWS\System32\msvcrt.dll
0x00007ff93e310000 - 0x00007ff93e3af000 	C:\WINDOWS\System32\sechost.dll
0x00007ff93e520000 - 0x00007ff93e640000 	C:\WINDOWS\System32\RPCRT4.dll
0x00007ff93c400000 - 0x00007ff93c427000 	C:\WINDOWS\System32\bcrypt.dll
0x00007ff93cf50000 - 0x00007ff93d0f1000 	C:\WINDOWS\System32\USER32.dll
0x00007ff926df0000 - 0x00007ff926e0b000 	C:\Program Files\Java\jdk-17\bin\VCRUNTIME140.dll
0x00007ff93cc40000 - 0x00007ff93cc62000 	C:\WINDOWS\System32\win32u.dll
0x00007ff93cd90000 - 0x00007ff93cdbb000 	C:\WINDOWS\System32\GDI32.dll
0x00007ff93c610000 - 0x00007ff93c729000 	C:\WINDOWS\System32\gdi32full.dll
0x00007ff93ccf0000 - 0x00007ff93cd8d000 	C:\WINDOWS\System32\msvcp_win.dll
0x00007ff924940000 - 0x00007ff924bdb000 	C:\WINDOWS\WinSxS\amd64_microsoft.windows.common-controls_6595b64144ccf1df_6.0.19041.6456_none_60b8a6cb71f64256\COMCTL32.dll
0x00007ff931120000 - 0x00007ff93112a000 	C:\WINDOWS\SYSTEM32\VERSION.dll
0x00007ff93cdd0000 - 0x00007ff93cdff000 	C:\WINDOWS\System32\IMM32.DLL
0x00007ff936b00000 - 0x00007ff936b0c000 	C:\Program Files\Java\jdk-17\bin\vcruntime140_1.dll
0x00007ff90a3e0000 - 0x00007ff90a46e000 	C:\Program Files\Java\jdk-17\bin\msvcp140.dll
0x00007ff9013f0000 - 0x00007ff901fd0000 	C:\Program Files\Java\jdk-17\bin\server\jvm.dll
0x00007ff93cdc0000 - 0x00007ff93cdc8000 	C:\WINDOWS\System32\PSAPI.DLL
0x00007ff922060000 - 0x00007ff922087000 	C:\WINDOWS\SYSTEM32\WINMM.dll
0x00007ff926de0000 - 0x00007ff926de9000 	C:\WINDOWS\SYSTEM32\WSOCK32.dll
0x00007ff93ce00000 - 0x00007ff93ce6b000 	C:\WINDOWS\System32\WS2_32.dll
0x00007ff93ac40000 - 0x00007ff93ac52000 	C:\WINDOWS\SYSTEM32\kernel.appcore.dll
0x00007ff92f8d0000 - 0x00007ff92f8da000 	C:\Program Files\Java\jdk-17\bin\jimage.dll
0x00007ff939f90000 - 0x00007ff93a191000 	C:\WINDOWS\SYSTEM32\DBGHELP.DLL
0x00007ff922f70000 - 0x00007ff922fa4000 	C:\WINDOWS\SYSTEM32\dbgcore.DLL
0x00007ff93c430000 - 0x00007ff93c4b2000 	C:\WINDOWS\System32\bcryptPrimitives.dll
0x00007ff922b10000 - 0x00007ff922b35000 	C:\Program Files\Java\jdk-17\bin\java.dll

dbghelp: loaded successfully - version: 4.0.5 - missing functions: none
symbol engine: initialized successfully - sym options: 0x614 - pdb path: .;C:\Program Files\Java\jdk-17\bin;C:\WINDOWS\SYSTEM32;C:\WINDOWS\WinSxS\amd64_microsoft.windows.common-controls_6595b64144ccf1df_6.0.19041.6456_none_60b8a6cb71f64256;C:\Program Files\Java\jdk-17\bin\server

VM Arguments:
jvm_args: -Xmx64m -Xms64m -Dorg.gradle.appname=gradlew 
java_command: E:\Connect\app\android\\gradle\wrapper\gradle-wrapper.jar app:bundleRelease
java_class_path (initial): E:\Connect\app\android\\gradle\wrapper\gradle-wrapper.jar
Launcher Type: SUN_STANDARD

[Global flags]
     intx CICompilerCount                          = 4                                         {product} {ergonomic}
     uint ConcGCThreads                            = 2                                         {product} {ergonomic}
     uint G1ConcRefinementThreads                  = 8                                         {product} {ergonomic}
   size_t G1HeapRegionSize                         = 1048576                                   {product} {ergonomic}
    uintx GCDrainStackTargetSize                   = 64                                        {product} {ergonomic}
   size_t InitialHeapSize                          = 67108864                                  {product} {command line}
   size_t MarkStackSize                            = 4194304                                   {product} {ergonomic}
   size_t MaxHeapSize                              = 67108864                                  {product} {command line}
   size_t MinHeapDeltaBytes                        = 1048576                                   {product} {ergonomic}
   size_t MinHeapSize                              = 67108864                                  {product} {command line}
    uintx NonNMethodCodeHeapSize                   = 5839372                                {pd product} {ergonomic}
    uintx NonProfiledCodeHeapSize                  = 122909434                              {pd product} {ergonomic}
    uintx ProfiledCodeHeapSize                     = 122909434                              {pd product} {ergonomic}
    uintx ReservedCodeCacheSize                    = 251658240                              {pd product} {ergonomic}
     bool SegmentedCodeCache                       = true                                      {product} {ergonomic}
   size_t SoftMaxHeapSize                          = 67108864                               {manageable} {ergonomic}
     bool UseCompressedClassPointers               = true                           {product lp64_product} {ergonomic}
     bool UseCompressedOops                        = true                           {product lp64_product} {ergonomic}
     bool UseG1GC                                  = true                                      {product} {ergonomic}
     bool UseLargePagesIndividualAllocation        = false                                  {pd product} {ergonomic}

Logging:
Log output configuration:
 #0: stdout all=warning uptime,level,tags
 #1: stderr all=off uptime,level,tags

Environment Variables:
JAVA_HOME=C:\Program Files\Java\jdk-17
PATH=E:\Connect\app\node_modules\.bin;E:\Connect\app\node_modules\.bin;E:\Connect\node_modules\.bin;E:\node_modules\.bin;C:\Users\Ikramul islam\AppData\Roaming\npm\node_modules\npm\node_modules\@npmcli\run-script\lib\node-gyp-bin;C:\Program Files\Common Files\Oracle\Java\javapath;C:\Python313\Scripts\;C:\Python313\;C:\WINDOWS\system32;C:\WINDOWS;C:\WINDOWS\System32\Wbem;C:\WINDOWS\System32\WindowsPowerShell\v1.0\;C:\WINDOWS\System32\OpenSSH\;C:\Program Files\nodejs\;C:\ProgramData\chocolatey\bin;C:\Program Files\Git\cmd;C:\Users\Ikramul islam\AppData\Local\Android\Sdk\platform-tools;C:\Users\Ikramul islam\AppData\Local\Android\Sdk\emulator;C:\Users\Ikramul islam\AppData\Local\Android\Sdk\tools;C:\Users\Ikramul islam\AppData\Local\Android\Sdk\tools\bin;C:\Program Files\Java\jdk-17\bin;C:\poppler\bin;C:\Program Files\GraphicsMagick-1.3.42-Q8;C:\Program Files\PuTTY\;c:\Users\Ikramul islam\AppData\Local\Programs\cursor\resources\app\bin;C:\Program Files\cursor\resources\app\bin;E:\flutter;C:\cloudflared;C:\Users\Ikramul islam\AppData\Local\Programs\Python\Python314\Scripts\;C:\Users\Ikramul islam\AppData\Local\Programs\Python\Python314\;C:\Users\Ikramul islam\AppData\Local\Programs\Python\Python310\Scripts\;C:\Users\Ikramul islam\AppData\Local\Programs\Python\Python310\;C:\Users\Ikramul islam\AppData\Local\Microsoft\WindowsApps;C:\Users\Ikramul islam\AppData\Roaming\npm;C:\Users\Ikramul islam\AppData\Local\Programs\Microsoft VS Code\bin;C:\Program Files\Java\jdk-17\bin;C:\Users\Ikramul islam\AppData\Local\Android\Sdk\platform-tools;C:\Users\Ikramul islam\AppData\Local\Android\Sdk\emulator;C:\Users\Ikramul islam\AppData\Local\Android\Sdk\tools;C:\Users\Ikramul islam\AppData\Local\Android\Sdk\tools\bin;C:\Program Files\GraphicsMagick-1.3.42-Q8;C:\Users\Ikramul islam\AppData\Local\Programs\cursor-editor\resources\app\bin;C:\Users\Ikramul islam\AppData\Local\Microsoft\WinGet\Packages\Gyan.FFmpeg_Microsoft.Winget.Source_8wekyb3d8bbwe\ffmpeg-8.0-full_build\bin;E:\flutter\bin;C:\
USERNAME=Ikramulislam
LANG=en_US.UTF-8
OS=Windows_NT
PROCESSOR_IDENTIFIER=Intel64 Family 6 Model 142 Stepping 10, GenuineIntel



---------------  S Y S T E M  ---------------

OS:
 Windows 10 , 64 bit Build 19041 (10.0.19041.5915)
OS uptime: 0 days 16:42 hours

CPU: total 8 (initial active 8) (4 cores per cpu, 2 threads per core) family 6 model 142 stepping 10 microcode 0xf6, cx8, cmov, fxsr, ht, mmx, 3dnowpref, sse, sse2, sse3, ssse3, sse4.1, sse4.2, popcnt, lzcnt, tsc, tscinvbit, avx, avx2, aes, erms, clmul, bmi1, bmi2, rtm, adx, fma, vzeroupper, clflush, clflushopt

Memory: 4k page, system-wide physical 16227M (506M free)
TotalPageFile size 36171M (AvailPageFile size 34M)
current process WorkingSet (physical memory assigned to process): 10M, peak: 10M
current process commit charge ("private bytes"): 59M, peak: 123M

vm_info: Java HotSpot(TM) 64-Bit Server VM (17.0.12+8-LTS-286) for windows-amd64 JRE (17.0.12+8-LTS-286), built on Jun  5 2024 06:46:59 by "mach5one" with MS VC++ 17.6 (VS2022)

END.
