#
# There is insufficient memory for the Java Runtime Environment to continue.
# Native memory allocation (malloc) failed to allocate 32744 bytes for ChunkPool::allocate
# Possible reasons:
#   The system is out of physical RAM or swap space
#   The process is running with CompressedOops enabled, and the Java Heap may be blocking the growth of the native heap
# Possible solutions:
#   Reduce memory load on the system
#   Increase physical memory or swap space
#   Check if swap backing store is full
#   Decrease Java heap size (-Xmx/-Xms)
#   Decrease number of Java threads
#   Decrease Java thread stack sizes (-Xss)
#   Set larger code cache with -XX:ReservedCodeCacheSize=
#
#  , pid=3116# JRE version: Java(TM) SE Runtime Environment (17.0.12+8) (build 17.0.12+8-LTS-286)
# Java VM: Java HotSpot(TM) 64-Bit Server VM (17.0.12+8-LTS-286, mixed mode, sharing, tiered, compressed oops, compressed class ptrs, g1 gc, windows-amd64)
# No core dump will be written. Minidumps are not enabled by default on client versions of Windows
#

---------------  S U M M A R Y ------------

Command Line: -Xmx64m -Xms64m -Dorg.gradle.appname=gradlew E:\Connect\android\\gradle\wrapper\gradle-wrapper.jar app:installDebug -PreactNativeDevServerPort=8081

Host: Intel(R) Core(TM) i7-8650U CPU @ 1.90GHz, 8 cores, 15G,  Windows 10 , 64 bit Build 19041 (10.0.19041.5915)
Time: Wed Jul 16 10:16:37 2025 Bangladesh Standard Time elapsed time: 766.241387 seconds (0d 0h 12m 46s)

---------------  T H R E A D  ---------------

Current thread (0x000002177685c5a0):  JavaThread "C2 CompilerThread0" daemon [_thread_in_native, id=19192, stack(0x0000003596300000,0x0000003596400000)]


Current CompileTask:
C2: 766241 2012       4       java.util.concurrent.ScheduledThreadPoolExecutor$ScheduledFutureTask::run (57 bytes)

Stack: [0x0000003596300000,0x0000003596400000]
Native frames: (J=compiled Java code, j=interpreted, Vv=VM code, C=native code)
V  [jvm.dll+0x67a04a]
V  [jvm.dll+0x7da4ed]
V  [jvm.dll+0x7dbe33]
V  [jvm.dll+0x7dc4a3]
V  [jvm.dll+0x24508f]
V  [jvm.dll+0xab9a4]
V  [jvm.dll+0xabd3c]
V  [jvm.dll+0xab884]
V  [jvm.dll+0x659f84]
V  [jvm.dll+0x35e56c]
V  [jvm.dll+0x35efc0]
V  [jvm.dll+0x2cf018]
V  [jvm.dll+0x640b47]
V  [jvm.dll+0x1105e3]
V  [jvm.dll+0x33bfd1]
V  [jvm.dll+0x557440]
V  [jvm.dll+0x55b247]
V  [jvm.dll+0x547f12]
V  [jvm.dll+0x2a975c]
V  [jvm.dll+0x6923b6]
V  [jvm.dll+0x68a3d5]
V  [jvm.dll+0x689a20]
V  [jvm.dll+0x687932]
V  [jvm.dll+0x1a5bac]
V  [jvm.dll+0x2a975c]
V  [jvm.dll+0x6923b6]
V  [jvm.dll+0x68a3d5]
V  [jvm.dll+0x689a20]
V  [jvm.dll+0x687932]
V  [jvm.dll+0x1a5bac]
V  [jvm.dll+0x2a975c]
V  [jvm.dll+0x6923b6]
V  [jvm.dll+0x68a3d5]
V  [jvm.dll+0x689a20]
V  [jvm.dll+0x687932]
V  [jvm.dll+0x1a5bac]
V  [jvm.dll+0x2a975c]
V  [jvm.dll+0x6923b6]
V  [jvm.dll+0x68a3d5]
V  [jvm.dll+0x689a20]
V  [jvm.dll+0x687932]
V  [jvm.dll+0x1a5bac]
V  [jvm.dll+0x215818]
V  [jvm.dll+0x1a2960]
V  [jvm.dll+0x22610b]
V  [jvm.dll+0x2242ab]
V  [jvm.dll+0x79075c]
V  [jvm.dll+0x78abea]
V  [jvm.dll+0x678f35]
C  [ucrtbase.dll+0x21bb2]
C  [KERNEL32.DLL+0x17374]
C  [ntdll.dll+0x4cc91]


---------------  P R O C E S S  ---------------

Threads class SMR info:
_java_thread_list=0x000002175699ff30, length=13, elements={
0x000002177679b2e0, 0x0000021776843580, 0x0000021776844110, 0x0000021776855a40,
0x0000021776857320, 0x0000021776857bf0, 0x00000217768588d0, 0x000002177685c5a0,
0x0000021776867cc0, 0x000002177686c9f0, 0x000002177f15f190, 0x000002177f1668d0,
0x000002175639c5f0
}

Java Threads: ( => current thread )
  0x000002177679b2e0 JavaThread "main" [_thread_in_native, id=21988, stack(0x0000003595600000,0x0000003595700000)]
  0x0000021776843580 JavaThread "Reference Handler" daemon [_thread_blocked, id=15812, stack(0x0000003595d00000,0x0000003595e00000)]
  0x0000021776844110 JavaThread "Finalizer" daemon [_thread_blocked, id=11864, stack(0x0000003595e00000,0x0000003595f00000)]
  0x0000021776855a40 JavaThread "Signal Dispatcher" daemon [_thread_blocked, id=7324, stack(0x0000003595f00000,0x0000003596000000)]
  0x0000021776857320 JavaThread "Attach Listener" daemon [_thread_blocked, id=12812, stack(0x0000003596000000,0x0000003596100000)]
  0x0000021776857bf0 JavaThread "Service Thread" daemon [_thread_blocked, id=27032, stack(0x0000003596100000,0x0000003596200000)]
  0x00000217768588d0 JavaThread "Monitor Deflation Thread" daemon [_thread_blocked, id=16124, stack(0x0000003596200000,0x0000003596300000)]
=>0x000002177685c5a0 JavaThread "C2 CompilerThread0" daemon [_thread_in_native, id=19192, stack(0x0000003596300000,0x0000003596400000)]
  0x0000021776867cc0 JavaThread "C1 CompilerThread0" daemon [_thread_blocked, id=17376, stack(0x0000003596400000,0x0000003596500000)]
  0x000002177686c9f0 JavaThread "Sweeper thread" daemon [_thread_blocked, id=19104, stack(0x0000003596500000,0x0000003596600000)]
  0x000002177f15f190 JavaThread "Notification Thread" daemon [_thread_blocked, id=11908, stack(0x0000003596600000,0x0000003596700000)]
  0x000002177f1668d0 JavaThread "Common-Cleaner" daemon [_thread_blocked, id=15100, stack(0x0000003596800000,0x0000003596900000)]
  0x000002175639c5f0 JavaThread "pool-1-thread-1" [_thread_blocked, id=11844, stack(0x0000003596a00000,0x0000003596b00000)]

Other Threads:
  0x000002177683cc70 VMThread "VM Thread" [stack: 0x0000003595c00000,0x0000003595d00000] [id=25092]
  0x00000217767c9f60 WatcherThread [stack: 0x0000003596700000,0x0000003596800000] [id=22700]
  0x00000217767bcad0 GCTaskThread "GC Thread#0" [stack: 0x0000003595700000,0x0000003595800000] [id=23532]
  0x000002177f5bad00 GCTaskThread "GC Thread#1" [stack: 0x0000003596b00000,0x0000003596c00000] [id=25020]
  0x000002177f5ee930 GCTaskThread "GC Thread#2" [stack: 0x0000003596c00000,0x0000003596d00000] [id=13032]
  0x000002177f5eebf0 GCTaskThread "GC Thread#3" [stack: 0x0000003596d00000,0x0000003596e00000] [id=11216]
  0x000002177f854e30 GCTaskThread "GC Thread#4" [stack: 0x0000003596900000,0x0000003596a00000] [id=23788]
  0x0000021756037130 GCTaskThread "GC Thread#5" [stack: 0x0000003596e00000,0x0000003596f00000] [id=26500]
  0x0000021756167290 GCTaskThread "GC Thread#6" [stack: 0x0000003596f00000,0x0000003597000000] [id=21160]
  0x00000217767be030 ConcurrentGCThread "G1 Main Marker" [stack: 0x0000003595800000,0x0000003595900000] [id=10860]
  0x00000217767be850 ConcurrentGCThread "G1 Conc#0" [stack: 0x0000003595900000,0x0000003595a00000] [id=12264]
  0x00000217768217a0 ConcurrentGCThread "G1 Refine#0" [stack: 0x0000003595a00000,0x0000003595b00000] [id=12932]
  0x000002177f683480 ConcurrentGCThread "G1 Refine#1" [stack: 0x0000003597000000,0x0000003597100000] [id=15988]
  0x0000021776821fe0 ConcurrentGCThread "G1 Service" [stack: 0x0000003595b00000,0x0000003595c00000] [id=26760]

Threads with active compile tasks:
C2 CompilerThread0   766347 2012       4       java.util.concurrent.ScheduledThreadPoolExecutor$ScheduledFutureTask::run (57 bytes)

VM state: not at safepoint (normal execution)

VM Mutex/Monitor currently owned by a thread: None

Heap address: 0x00000000fc000000, size: 64 MB, Compressed Oops mode: 32-bit

CDS archive(s) mapped at: [0x0000021711000000-0x0000021711bd0000-0x0000021711bd0000), size 12386304, SharedBaseAddress: 0x0000021711000000, ArchiveRelocationMode: 1.
Compressed class space mapped at: 0x0000021712000000-0x0000021752000000, reserved size: 1073741824
Narrow klass base: 0x0000021711000000, Narrow klass shift: 0, Narrow klass range: 0x100000000

GC Precious Log:
 CPUs: 8 total, 8 available
 Memory: 16227M
 Large Page Support: Disabled
 NUMA Support: Disabled
 Compressed Oops: Enabled (32-bit)
 Heap Region Size: 1M
 Heap Min Capacity: 64M
 Heap Initial Capacity: 64M
 Heap Max Capacity: 64M
 Pre-touch: Disabled
 Parallel Workers: 8
 Concurrent Workers: 2
 Concurrent Refinement Workers: 8
 Periodic GC: Disabled

Heap:
 garbage-first heap   total 65536K, used 28601K [0x00000000fc000000, 0x0000000100000000)
  region size 1024K, 22 young (22528K), 4 survivors (4096K)
 Metaspace       used 9603K, committed 9792K, reserved 1114112K
  class space    used 1259K, committed 1344K, reserved 1048576K

Heap Regions: E=young(eden), S=young(survivor), O=old, HS=humongous(starts), HC=humongous(continues), CS=collection set, F=free, OA=open archive, CA=closed archive, TAMS=top-at-mark-start (previous, next)
|   0|0x00000000fc000000, 0x00000000fc100000, 0x00000000fc100000|100%|HS|  |TAMS 0x00000000fc000000, 0x00000000fc000000| Complete 
|   1|0x00000000fc100000, 0x00000000fc200000, 0x00000000fc200000|100%|HC|  |TAMS 0x00000000fc100000, 0x00000000fc100000| Complete 
|   2|0x00000000fc200000, 0x00000000fc300000, 0x00000000fc300000|100%|HC|  |TAMS 0x00000000fc200000, 0x00000000fc200000| Complete 
|   3|0x00000000fc300000, 0x00000000fc400000, 0x00000000fc400000|100%| O|  |TAMS 0x00000000fc300000, 0x00000000fc300000| Untracked 
|   4|0x00000000fc400000, 0x00000000fc500000, 0x00000000fc500000|100%| O|  |TAMS 0x00000000fc400000, 0x00000000fc400000| Untracked 
|   5|0x00000000fc500000, 0x00000000fc600000, 0x00000000fc600000|100%| O|  |TAMS 0x00000000fc500000, 0x00000000fc500000| Untracked 
|   6|0x00000000fc600000, 0x00000000fc6ee600, 0x00000000fc700000| 93%| O|  |TAMS 0x00000000fc600000, 0x00000000fc600000| Untracked 
|   7|0x00000000fc700000, 0x00000000fc700000, 0x00000000fc800000|  0%| F|  |TAMS 0x00000000fc700000, 0x00000000fc700000| Untracked 
|   8|0x00000000fc800000, 0x00000000fc800000, 0x00000000fc900000|  0%| F|  |TAMS 0x00000000fc800000, 0x00000000fc800000| Untracked 
|   9|0x00000000fc900000, 0x00000000fc900000, 0x00000000fca00000|  0%| F|  |TAMS 0x00000000fc900000, 0x00000000fc900000| Untracked 
|  10|0x00000000fca00000, 0x00000000fca00000, 0x00000000fcb00000|  0%| F|  |TAMS 0x00000000fca00000, 0x00000000fca00000| Untracked 
|  11|0x00000000fcb00000, 0x00000000fcb00000, 0x00000000fcc00000|  0%| F|  |TAMS 0x00000000fcb00000, 0x00000000fcb00000| Untracked 
|  12|0x00000000fcc00000, 0x00000000fcc00000, 0x00000000fcd00000|  0%| F|  |TAMS 0x00000000fcc00000, 0x00000000fcc00000| Untracked 
|  13|0x00000000fcd00000, 0x00000000fcd00000, 0x00000000fce00000|  0%| F|  |TAMS 0x00000000fcd00000, 0x00000000fcd00000| Untracked 
|  14|0x00000000fce00000, 0x00000000fce00000, 0x00000000fcf00000|  0%| F|  |TAMS 0x00000000fce00000, 0x00000000fce00000| Untracked 
|  15|0x00000000fcf00000, 0x00000000fcf00000, 0x00000000fd000000|  0%| F|  |TAMS 0x00000000fcf00000, 0x00000000fcf00000| Untracked 
|  16|0x00000000fd000000, 0x00000000fd000000, 0x00000000fd100000|  0%| F|  |TAMS 0x00000000fd000000, 0x00000000fd000000| Untracked 
|  17|0x00000000fd100000, 0x00000000fd100000, 0x00000000fd200000|  0%| F|  |TAMS 0x00000000fd100000, 0x00000000fd100000| Untracked 
|  18|0x00000000fd200000, 0x00000000fd200000, 0x00000000fd300000|  0%| F|  |TAMS 0x00000000fd200000, 0x00000000fd200000| Untracked 
|  19|0x00000000fd300000, 0x00000000fd300000, 0x00000000fd400000|  0%| F|  |TAMS 0x00000000fd300000, 0x00000000fd300000| Untracked 
|  20|0x00000000fd400000, 0x00000000fd400000, 0x00000000fd500000|  0%| F|  |TAMS 0x00000000fd400000, 0x00000000fd400000| Untracked 
|  21|0x00000000fd500000, 0x00000000fd500000, 0x00000000fd600000|  0%| F|  |TAMS 0x00000000fd500000, 0x00000000fd500000| Untracked 
|  22|0x00000000fd600000, 0x00000000fd600000, 0x00000000fd700000|  0%| F|  |TAMS 0x00000000fd600000, 0x00000000fd600000| Untracked 
|  23|0x00000000fd700000, 0x00000000fd700000, 0x00000000fd800000|  0%| F|  |TAMS 0x00000000fd700000, 0x00000000fd700000| Untracked 
|  24|0x00000000fd800000, 0x00000000fd800000, 0x00000000fd900000|  0%| F|  |TAMS 0x00000000fd800000, 0x00000000fd800000| Untracked 
|  25|0x00000000fd900000, 0x00000000fd900000, 0x00000000fda00000|  0%| F|  |TAMS 0x00000000fd900000, 0x00000000fd900000| Untracked 
|  26|0x00000000fda00000, 0x00000000fda00000, 0x00000000fdb00000|  0%| F|  |TAMS 0x00000000fda00000, 0x00000000fda00000| Untracked 
|  27|0x00000000fdb00000, 0x00000000fdb00000, 0x00000000fdc00000|  0%| F|  |TAMS 0x00000000fdb00000, 0x00000000fdb00000| Untracked 
|  28|0x00000000fdc00000, 0x00000000fdd00000, 0x00000000fdd00000|100%| S|CS|TAMS 0x00000000fdc00000, 0x00000000fdc00000| Complete 
|  29|0x00000000fdd00000, 0x00000000fde00000, 0x00000000fde00000|100%| S|CS|TAMS 0x00000000fdd00000, 0x00000000fdd00000| Complete 
|  30|0x00000000fde00000, 0x00000000fdf00000, 0x00000000fdf00000|100%| S|CS|TAMS 0x00000000fde00000, 0x00000000fde00000| Complete 
|  31|0x00000000fdf00000, 0x00000000fe000000, 0x00000000fe000000|100%| S|CS|TAMS 0x00000000fdf00000, 0x00000000fdf00000| Complete 
|  32|0x00000000fe000000, 0x00000000fe000000, 0x00000000fe100000|  0%| F|  |TAMS 0x00000000fe000000, 0x00000000fe000000| Untracked 
|  33|0x00000000fe100000, 0x00000000fe100000, 0x00000000fe200000|  0%| F|  |TAMS 0x00000000fe100000, 0x00000000fe100000| Untracked 
|  34|0x00000000fe200000, 0x00000000fe200000, 0x00000000fe300000|  0%| F|  |TAMS 0x00000000fe200000, 0x00000000fe200000| Untracked 
|  35|0x00000000fe300000, 0x00000000fe300000, 0x00000000fe400000|  0%| F|  |TAMS 0x00000000fe300000, 0x00000000fe300000| Untracked 
|  36|0x00000000fe400000, 0x00000000fe400000, 0x00000000fe500000|  0%| F|  |TAMS 0x00000000fe400000, 0x00000000fe400000| Untracked 
|  37|0x00000000fe500000, 0x00000000fe500000, 0x00000000fe600000|  0%| F|  |TAMS 0x00000000fe500000, 0x00000000fe500000| Untracked 
|  38|0x00000000fe600000, 0x00000000fe600000, 0x00000000fe700000|  0%| F|  |TAMS 0x00000000fe600000, 0x00000000fe600000| Untracked 
|  39|0x00000000fe700000, 0x00000000fe700000, 0x00000000fe800000|  0%| F|  |TAMS 0x00000000fe700000, 0x00000000fe700000| Untracked 
|  40|0x00000000fe800000, 0x00000000fe800000, 0x00000000fe900000|  0%| F|  |TAMS 0x00000000fe800000, 0x00000000fe800000| Untracked 
|  41|0x00000000fe900000, 0x00000000fe900000, 0x00000000fea00000|  0%| F|  |TAMS 0x00000000fe900000, 0x00000000fe900000| Untracked 
|  42|0x00000000fea00000, 0x00000000fea00000, 0x00000000feb00000|  0%| F|  |TAMS 0x00000000fea00000, 0x00000000fea00000| Untracked 
|  43|0x00000000feb00000, 0x00000000feb00000, 0x00000000fec00000|  0%| F|  |TAMS 0x00000000feb00000, 0x00000000feb00000| Untracked 
|  44|0x00000000fec00000, 0x00000000fec00000, 0x00000000fed00000|  0%| F|  |TAMS 0x00000000fec00000, 0x00000000fec00000| Untracked 
|  45|0x00000000fed00000, 0x00000000fed00000, 0x00000000fee00000|  0%| F|  |TAMS 0x00000000fed00000, 0x00000000fed00000| Untracked 
|  46|0x00000000fee00000, 0x00000000fee6c598, 0x00000000fef00000| 42%| E|  |TAMS 0x00000000fee00000, 0x00000000fee00000| Complete 
|  47|0x00000000fef00000, 0x00000000ff000000, 0x00000000ff000000|100%| E|CS|TAMS 0x00000000fef00000, 0x00000000fef00000| Complete 
|  48|0x00000000ff000000, 0x00000000ff100000, 0x00000000ff100000|100%| E|CS|TAMS 0x00000000ff000000, 0x00000000ff000000| Complete 
|  49|0x00000000ff100000, 0x00000000ff200000, 0x00000000ff200000|100%| E|CS|TAMS 0x00000000ff100000, 0x00000000ff100000| Complete 
|  50|0x00000000ff200000, 0x00000000ff300000, 0x00000000ff300000|100%| E|CS|TAMS 0x00000000ff200000, 0x00000000ff200000| Complete 
|  51|0x00000000ff300000, 0x00000000ff400000, 0x00000000ff400000|100%| E|CS|TAMS 0x00000000ff300000, 0x00000000ff300000| Complete 
|  52|0x00000000ff400000, 0x00000000ff500000, 0x00000000ff500000|100%| E|CS|TAMS 0x00000000ff400000, 0x00000000ff400000| Complete 
|  53|0x00000000ff500000, 0x00000000ff600000, 0x00000000ff600000|100%| E|CS|TAMS 0x00000000ff500000, 0x00000000ff500000| Complete 
|  54|0x00000000ff600000, 0x00000000ff700000, 0x00000000ff700000|100%| E|CS|TAMS 0x00000000ff600000, 0x00000000ff600000| Complete 
|  55|0x00000000ff700000, 0x00000000ff800000, 0x00000000ff800000|100%| E|CS|TAMS 0x00000000ff700000, 0x00000000ff700000| Complete 
|  56|0x00000000ff800000, 0x00000000ff900000, 0x00000000ff900000|100%| E|CS|TAMS 0x00000000ff800000, 0x00000000ff800000| Complete 
|  57|0x00000000ff900000, 0x00000000ffa00000, 0x00000000ffa00000|100%| E|CS|TAMS 0x00000000ff900000, 0x00000000ff900000| Complete 
|  58|0x00000000ffa00000, 0x00000000ffb00000, 0x00000000ffb00000|100%| E|CS|TAMS 0x00000000ffa00000, 0x00000000ffa00000| Complete 
|  59|0x00000000ffb00000, 0x00000000ffc00000, 0x00000000ffc00000|100%| E|CS|TAMS 0x00000000ffb00000, 0x00000000ffb00000| Complete 
|  60|0x00000000ffc00000, 0x00000000ffd00000, 0x00000000ffd00000|100%| E|CS|TAMS 0x00000000ffc00000, 0x00000000ffc00000| Complete 
|  61|0x00000000ffd00000, 0x00000000ffe00000, 0x00000000ffe00000|100%| E|CS|TAMS 0x00000000ffd00000, 0x00000000ffd00000| Complete 
|  62|0x00000000ffe00000, 0x00000000fff00000, 0x00000000fff00000|100%| E|CS|TAMS 0x00000000ffe00000, 0x00000000ffe00000| Complete 
|  63|0x00000000fff00000, 0x0000000100000000, 0x0000000100000000|100%| E|CS|TAMS 0x00000000fff00000, 0x00000000fff00000| Complete 

Card table byte_map: [0x0000021774740000,0x0000021774760000] _byte_map_base: 0x0000021773f60000

Marking Bits (Prev, Next): (CMBitMap*) 0x00000217767bcf00, (CMBitMap*) 0x00000217767bcf40
 Prev Bits: [0x000002177e390000, 0x000002177e490000)
 Next Bits: [0x000002177e490000, 0x000002177e590000)

Polling page: 0x00000217746f0000

Metaspace:

Usage:
  Non-class:      8.15 MB used.
      Class:      1.23 MB used.
       Both:      9.38 MB used.

Virtual space:
  Non-class space:       64.00 MB reserved,       8.25 MB ( 13%) committed,  1 nodes.
      Class space:        1.00 GB reserved,       1.31 MB ( <1%) committed,  1 nodes.
             Both:        1.06 GB reserved,       9.56 MB ( <1%) committed. 

Chunk freelists:
   Non-Class:  7.66 MB
       Class:  14.51 MB
        Both:  22.17 MB

MaxMetaspaceSize: unlimited
CompressedClassSpaceSize: 1.00 GB
Initial GC threshold: 21.00 MB
Current GC threshold: 21.00 MB
CDS: on
MetaspaceReclaimPolicy: balanced
 - commit_granule_bytes: 65536.
 - commit_granule_words: 8192.
 - virtual_space_node_default_size: 8388608.
 - enlarge_chunks_in_place: 1.
 - new_chunks_are_fully_committed: 0.
 - uncommit_free_chunks: 1.
 - use_allocation_guard: 0.
 - handle_deallocations: 1.


Internal statistics:

num_allocs_failed_limit: 0.
num_arena_births: 80.
num_arena_deaths: 0.
num_vsnodes_births: 2.
num_vsnodes_deaths: 0.
num_space_committed: 153.
num_space_uncommitted: 0.
num_chunks_returned_to_freelist: 0.
num_chunks_taken_from_freelist: 344.
num_chunk_merges: 0.
num_chunk_splits: 229.
num_chunks_enlarged: 186.
num_inconsistent_stats: 0.

CodeHeap 'non-profiled nmethods': size=120000Kb used=1059Kb max_used=1059Kb free=118940Kb
 bounds [0x0000021707ad0000, 0x0000021707d40000, 0x000002170f000000]
CodeHeap 'profiled nmethods': size=120000Kb used=3748Kb max_used=3748Kb free=116251Kb
 bounds [0x0000021700000000, 0x00000217003b0000, 0x0000021707530000]
CodeHeap 'non-nmethods': size=5760Kb used=1178Kb max_used=1246Kb free=4581Kb
 bounds [0x0000021707530000, 0x00000217077a0000, 0x0000021707ad0000]
 total_blobs=2478 nmethods=2009 adapters=381
 compilation: enabled
              stopped_count=0, restarted_count=0
 full_count=0

Compilation events (20 events):
Event: 656.794 Thread 0x000002177685c5a0 nmethod 1999 0x0000021707bcd890 code [0x0000021707bcda60, 0x0000021707bce378]
Event: 684.199 Thread 0x000002177685c5a0 2003       4       org.gradle.internal.logging.console.WorkInProgressRenderer::onOutput (53 bytes)
Event: 684.206 Thread 0x000002177685c5a0 nmethod 2003 0x0000021707bcea90 code [0x0000021707bcec60, 0x0000021707bcefa8]
Event: 697.407 Thread 0x000002177685c5a0 2004       4       com.google.common.collect.AbstractIndexedListIterator::hasNext (17 bytes)
Event: 697.407 Thread 0x000002177685c5a0 nmethod 2004 0x0000021707bcf290 code [0x0000021707bcf400, 0x0000021707bcf498]
Event: 702.423 Thread 0x000002177685c5a0 2005       4       java.lang.Integer::toString (55 bytes)
Event: 702.440 Thread 0x000002177685c5a0 nmethod 2005 0x0000021707bcf590 code [0x0000021707bcf720, 0x0000021707bcfe18]
Event: 706.662 Thread 0x000002177685c5a0 2006       4       java.lang.Integer::toString (8 bytes)
Event: 706.678 Thread 0x000002177685c5a0 nmethod 2006 0x0000021707bd0110 code [0x0000021707bd02a0, 0x0000021707bd0998]
Event: 707.988 Thread 0x000002177685c5a0 2007       4       java.lang.StringLatin1::trim (76 bytes)
Event: 707.992 Thread 0x000002177685c5a0 nmethod 2007 0x0000021707bd0c90 code [0x0000021707bd0e20, 0x0000021707bd0f68]
Event: 721.576 Thread 0x000002177685c5a0 2008       4       java.io.OutputStreamWriter::append (6 bytes)
Event: 721.587 Thread 0x000002177685c5a0 nmethod 2008 0x0000021707bd1090 code [0x0000021707bd1260, 0x0000021707bd1b18]
Event: 730.990 Thread 0x000002177685c5a0 2009       4       java.io.OutputStreamWriter::flush (8 bytes)
Event: 731.008 Thread 0x000002177685c5a0 nmethod 2009 0x0000021707bd2010 code [0x0000021707bd2220, 0x0000021707bd3398]
Event: 736.268 Thread 0x000002177685c5a0 2010       4       org.gradle.internal.time.TimeFormatting::formatDurationTerse (123 bytes)
Event: 736.334 Thread 0x000002177685c5a0 nmethod 2010 0x0000021707bd3c90 code [0x0000021707bd3ea0, 0x0000021707bd5488]
Event: 742.078 Thread 0x000002177685c5a0 2011       4       org.gradle.internal.logging.console.AnsiConsole::redraw (64 bytes)
Event: 742.130 Thread 0x000002177685c5a0 nmethod 2011 0x0000021707bd6290 code [0x0000021707bd6520, 0x0000021707bd7e40]
Event: 766.223 Thread 0x000002177685c5a0 2012       4       java.util.concurrent.ScheduledThreadPoolExecutor$ScheduledFutureTask::run (57 bytes)

GC Heap History (4 events):
Event: 0.886 GC heap before
{Heap before GC invocations=0 (full 0):
 garbage-first heap   total 65536K, used 23552K [0x00000000fc000000, 0x0000000100000000)
  region size 1024K, 23 young (23552K), 0 survivors (0K)
 Metaspace       used 1687K, committed 1792K, reserved 1114112K
  class space    used 157K, committed 192K, reserved 1048576K
}
Event: 0.894 GC heap after
{Heap after GC invocations=1 (full 0):
 garbage-first heap   total 65536K, used 1792K [0x00000000fc000000, 0x0000000100000000)
  region size 1024K, 2 young (2048K), 2 survivors (2048K)
 Metaspace       used 1687K, committed 1792K, reserved 1114112K
  class space    used 157K, committed 192K, reserved 1048576K
}
Event: 2.712 GC heap before
{Heap before GC invocations=1 (full 0):
 garbage-first heap   total 65536K, used 35584K [0x00000000fc000000, 0x0000000100000000)
  region size 1024K, 32 young (32768K), 2 survivors (2048K)
 Metaspace       used 7362K, committed 7552K, reserved 1114112K
  class space    used 998K, committed 1088K, reserved 1048576K
}
Event: 2.725 GC heap after
{Heap after GC invocations=2 (full 0):
 garbage-first heap   total 65536K, used 11193K [0x00000000fc000000, 0x0000000100000000)
  region size 1024K, 4 young (4096K), 4 survivors (4096K)
 Metaspace       used 7362K, committed 7552K, reserved 1114112K
  class space    used 998K, committed 1088K, reserved 1048576K
}

Deoptimization events (20 events):
Event: 105.211 Thread 0x000002175639c5f0 Uncommon trap: trap_request=0xffffff45 fr.pc=0x0000021707b93250 relative=0x0000000000000550
Event: 105.211 Thread 0x000002175639c5f0 Uncommon trap: reason=unstable_if action=reinterpret pc=0x0000021707b93250 method=org.gradle.internal.logging.text.AbstractLineChoppingStyledTextOutput$2.execute(Lorg/gradle/internal/logging/text/AbstractLineChoppingStyledTextOutput$StateContext;)V @ 34 c
Event: 105.211 Thread 0x000002175639c5f0 DEOPT PACKING pc=0x0000021707b93250 sp=0x0000003596afe670
Event: 105.212 Thread 0x000002175639c5f0 DEOPT UNPACKING pc=0x00000217075823a3 sp=0x0000003596afe4f8 mode 2
Event: 105.212 Thread 0x000002175639c5f0 Uncommon trap: trap_request=0xffffff45 fr.pc=0x0000021707b940c8 relative=0x0000000000000568
Event: 105.212 Thread 0x000002175639c5f0 Uncommon trap: reason=unstable_if action=reinterpret pc=0x0000021707b940c8 method=org.gradle.internal.logging.text.AbstractLineChoppingStyledTextOutput$2.execute(Lorg/gradle/internal/logging/text/AbstractLineChoppingStyledTextOutput$StateContext;)V @ 34 c
Event: 105.212 Thread 0x000002175639c5f0 DEOPT PACKING pc=0x0000021707b940c8 sp=0x0000003596afe5e0
Event: 105.212 Thread 0x000002175639c5f0 DEOPT UNPACKING pc=0x00000217075823a3 sp=0x0000003596afe4e0 mode 2
Event: 105.212 Thread 0x000002175639c5f0 Uncommon trap: trap_request=0xffffff45 fr.pc=0x0000021707b94d10 relative=0x00000000000003b0
Event: 105.212 Thread 0x000002175639c5f0 Uncommon trap: reason=unstable_if action=reinterpret pc=0x0000021707b94d10 method=org.gradle.internal.logging.text.AbstractLineChoppingStyledTextOutput$2.execute(Lorg/gradle/internal/logging/text/AbstractLineChoppingStyledTextOutput$StateContext;)V @ 34 c
Event: 105.212 Thread 0x000002175639c5f0 DEOPT PACKING pc=0x0000021707b94d10 sp=0x0000003596afe540
Event: 105.212 Thread 0x000002175639c5f0 DEOPT UNPACKING pc=0x00000217075823a3 sp=0x0000003596afe510 mode 2
Event: 108.939 Thread 0x000002177679b2e0 DEOPT PACKING pc=0x000002170029994d sp=0x00000035956fcf80
Event: 108.939 Thread 0x000002177679b2e0 DEOPT UNPACKING pc=0x0000021707582b43 sp=0x00000035956fc418 mode 0
Event: 201.451 Thread 0x000002175639c5f0 DEOPT PACKING pc=0x000002170032b703 sp=0x0000003596afe3f0
Event: 201.451 Thread 0x000002175639c5f0 DEOPT UNPACKING pc=0x0000021707582b43 sp=0x0000003596afd860 mode 0
Event: 588.480 Thread 0x000002175639c5f0 Uncommon trap: trap_request=0xffffff45 fr.pc=0x0000021707bbd230 relative=0x0000000000007250
Event: 588.480 Thread 0x000002175639c5f0 Uncommon trap: reason=unstable_if action=reinterpret pc=0x0000021707bbd230 method=org.gradle.internal.logging.console.ProgressBar.trimToConsole(IILjava/lang/String;)Ljava/lang/String; @ 32 c2
Event: 588.480 Thread 0x000002175639c5f0 DEOPT PACKING pc=0x0000021707bbd230 sp=0x0000003596afeb90
Event: 588.480 Thread 0x000002175639c5f0 DEOPT UNPACKING pc=0x00000217075823a3 sp=0x0000003596afea30 mode 2

Classes unloaded (0 events):
No events

Classes redefined (0 events):
No events

Internal exceptions (20 events):
Event: 0.312 Thread 0x000002177679b2e0 Exception <a 'java/lang/NoSuchMethodError'{0x00000000ffc04f10}: 'int java.lang.invoke.DirectMethodHandle$Holder.invokeStaticInit(java.lang.Object, java.lang.Object)'> (0x00000000ffc04f10) 
thrown [s\open\src\hotspot\share\interpreter\linkResolver.cpp, line 759]
Event: 1.663 Thread 0x000002177679b2e0 Exception <a 'java/lang/NoSuchMethodError'{0x00000000ff0a94c8}: 'java.lang.Object java.lang.invoke.DirectMethodHandle$Holder.invokeStaticInit(java.lang.Object)'> (0x00000000ff0a94c8) 
thrown [s\open\src\hotspot\share\interpreter\linkResolver.cpp, line 759]
Event: 1.679 Thread 0x000002177679b2e0 Exception <a 'java/lang/NoSuchMethodError'{0x00000000ff0c4190}: 'int java.lang.invoke.DirectMethodHandle$Holder.invokeSpecial(java.lang.Object, java.lang.Object, java.lang.Object)'> (0x00000000ff0c4190) 
thrown [s\open\src\hotspot\share\interpreter\linkResolver.cpp, line 759]
Event: 1.696 Thread 0x000002177679b2e0 Exception <a 'java/lang/NoSuchMethodError'{0x00000000fef02058}: 'void java.lang.invoke.DirectMethodHandle$Holder.invokeStatic(java.lang.Object, java.lang.Object)'> (0x00000000fef02058) 
thrown [s\open\src\hotspot\share\interpreter\linkResolver.cpp, line 759]
Event: 1.698 Thread 0x000002177679b2e0 Implicit null exception at 0x0000021707b3920f to 0x0000021707b3976c
Event: 1.698 Thread 0x000002177679b2e0 Implicit null exception at 0x0000021707b14c8f to 0x0000021707b1520c
Event: 1.729 Thread 0x000002177679b2e0 Exception <a 'java/lang/NoClassDefFoundError'{0x00000000fef7e8b0}: org/slf4j/impl/StaticMarkerBinder> (0x00000000fef7e8b0) 
thrown [s\open\src\hotspot\share\classfile\systemDictionary.cpp, line 245]
Event: 1.785 Thread 0x000002177679b2e0 Exception <a 'java/lang/NoSuchMethodError'{0x00000000feea53e0}: 'java.lang.Object java.lang.invoke.Invokers$Holder.invoker(java.lang.Object, java.lang.Object, java.lang.Object)'> (0x00000000feea53e0) 
thrown [s\open\src\hotspot\share\interpreter\linkResolver.cpp, line 759]
Event: 1.787 Thread 0x000002177679b2e0 Exception <a 'java/lang/NoSuchMethodError'{0x00000000feeae538}: 'java.lang.Object java.lang.invoke.DirectMethodHandle$Holder.invokeStatic(java.lang.Object, java.lang.Object, int)'> (0x00000000feeae538) 
thrown [s\open\src\hotspot\share\interpreter\linkResolver.cpp, line 759]
Event: 1.790 Thread 0x000002177679b2e0 Exception <a 'java/lang/NoSuchMethodError'{0x00000000feeba228}: 'void java.lang.invoke.DelegatingMethodHandle$Holder.delegate(java.lang.Object, java.lang.Object, int, java.lang.Object)'> (0x00000000feeba228) 
thrown [s\open\src\hotspot\share\interpreter\linkResolver.cpp, line 759]
Event: 1.794 Thread 0x000002177679b2e0 Exception <a 'java/lang/NoSuchMethodError'{0x00000000feecd870}: 'java.lang.Object java.lang.invoke.Invokers$Holder.invokeExact_MT(java.lang.Object, java.lang.Object, java.lang.Object, java.lang.Object)'> (0x00000000feecd870) 
thrown [s\open\src\hotspot\share\interpreter\linkResolver.cpp, line 759]
Event: 1.803 Thread 0x000002177679b2e0 Exception <a 'java/lang/NoSuchMethodError'{0x00000000feef02b0}: 'java.lang.Object java.lang.invoke.DirectMethodHandle$Holder.invokeVirtual(java.lang.Object, java.lang.Object, java.lang.Object)'> (0x00000000feef02b0) 
thrown [s\open\src\hotspot\share\interpreter\linkResolver.cpp, line 759]
Event: 2.017 Thread 0x000002177679b2e0 Exception <a 'java/lang/NoSuchMethodError'{0x00000000fe919278}: 'java.lang.Object java.lang.invoke.DirectMethodHandle$Holder.newInvokeSpecial(java.lang.Object, java.lang.Object, java.lang.Object, java.lang.Object, java.lang.Object)'> (0x00000000fe919278) 
thrown [s\open\src\hotspot\share\interpreter\linkResolver.cpp, line 759]
Event: 2.079 Thread 0x000002177679b2e0 Exception <a 'java/lang/NoSuchMethodError'{0x00000000fe6c7ca0}: 'void java.lang.invoke.DirectMethodHandle$Holder.invokeSpecial(java.lang.Object, java.lang.Object, java.lang.Object)'> (0x00000000fe6c7ca0) 
thrown [s\open\src\hotspot\share\interpreter\linkResolver.cpp, line 759]
Event: 2.493 Thread 0x000002177679b2e0 Exception <a 'java/lang/NoSuchMethodError'{0x00000000fe4f3550}: 'void java.lang.invoke.DirectMethodHandle$Holder.invokeStatic(java.lang.Object, java.lang.Object, java.lang.Object)'> (0x00000000fe4f3550) 
thrown [s\open\src\hotspot\share\interpreter\linkResolver.cpp, line 759]
Event: 2.578 Thread 0x000002177679b2e0 Exception <a 'java/lang/NoSuchMethodError'{0x00000000fe18fe28}: 'java.lang.Object java.lang.invoke.DirectMethodHandle$Holder.newInvokeSpecial(java.lang.Object, java.lang.Object, java.lang.Object, java.lang.Object, java.lang.Object, java.lang.Object, java.lang.Object, java.lang.Object, java.lang.Object, java.lang.Object, java.lang.Object, java.lang.Object, java.lang.Object, java.lang.Object, java.lang.Object, java.lang.Object, java.lang.Object, java.lang.Object, java.lang.Object, java.lang.Object, java.lang
Event: 2.581 Thread 0x000002177679b2e0 Exception <a 'java/lang/NoSuchMethodError'{0x00000000fe19c430}: 'java.lang.Object java.lang.invoke.Invokers$Holder.linkToTargetMethod(java.lang.Object, java.lang.Object, java.lang.Object, java.lang.Object, java.lang.Object, java.lang.Object, java.lang.Object, java.lang.Object, java.lang.Object, java.lang.Object, java.lang.Object, java.lang.Object, java.lang.Object, java.lang.Object, java.lang.Object, java.lang.Object, java.lang.Object, java.lang.Object, java.lang.Object, java.lang.Object, java.lang.Object,
Event: 2.829 Thread 0x000002177679b2e0 Exception <a 'java/lang/NoSuchMethodError'{0x00000000ffe26a30}: 'java.lang.Object java.lang.invoke.DirectMethodHandle$Holder.invokeStaticInit(java.lang.Object, int, int, int, int)'> (0x00000000ffe26a30) 
thrown [s\open\src\hotspot\share\interpreter\linkResolver.cpp, line 759]
Event: 2.954 Thread 0x000002177679b2e0 Exception <a 'java/lang/NoSuchMethodError'{0x00000000ffe5c3e0}: 'java.lang.Object java.lang.invoke.DirectMethodHandle$Holder.invokeStaticInit(java.lang.Object, java.lang.Object, int, int, int, int)'> (0x00000000ffe5c3e0) 
thrown [s\open\src\hotspot\share\interpreter\linkResolver.cpp, line 759]
Event: 3.001 Thread 0x000002177679b2e0 Implicit null exception at 0x0000021707b13ff2 to 0x0000021707b1460c

VM Operations (20 events):
Event: 555.040 Executing VM operation: Cleanup
Event: 555.040 Executing VM operation: Cleanup done
Event: 565.124 Executing VM operation: Cleanup
Event: 565.124 Executing VM operation: Cleanup done
Event: 590.346 Executing VM operation: Cleanup
Event: 590.347 Executing VM operation: Cleanup done
Event: 650.761 Executing VM operation: Cleanup
Event: 650.761 Executing VM operation: Cleanup done
Event: 651.762 Executing VM operation: Cleanup
Event: 651.762 Executing VM operation: Cleanup done
Event: 684.988 Executing VM operation: Cleanup
Event: 684.988 Executing VM operation: Cleanup done
Event: 690.025 Executing VM operation: Cleanup
Event: 690.025 Executing VM operation: Cleanup done
Event: 708.176 Executing VM operation: Cleanup
Event: 708.176 Executing VM operation: Cleanup done
Event: 722.250 Executing VM operation: Cleanup
Event: 722.250 Executing VM operation: Cleanup done
Event: 731.321 Executing VM operation: Cleanup
Event: 731.321 Executing VM operation: Cleanup done

Events (20 events):
Event: 95.080 loading class jdk/internal/logger/LoggerFinderLoader
Event: 95.080 loading class jdk/internal/logger/LoggerFinderLoader done
Event: 95.081 loading class jdk/internal/logger/LoggerFinderLoader$TemporaryLoggerFinder
Event: 95.082 loading class jdk/internal/logger/LoggerFinderLoader$TemporaryLoggerFinder done
Event: 95.083 loading class sun/util/logging/internal/LoggingProviderImpl$JULWrapper
Event: 95.083 loading class sun/util/logging/PlatformLogger$ConfigurableBridge$LoggerConfiguration
Event: 95.083 loading class sun/util/logging/PlatformLogger$ConfigurableBridge$LoggerConfiguration done
Event: 95.083 loading class sun/util/logging/internal/LoggingProviderImpl$JULWrapper done
Event: 95.084 loading class java/io/ObjectInputFilter
Event: 95.084 loading class java/io/ObjectInputFilter done
Event: 95.085 loading class java/io/ObjectInputFilter$Config$BuiltinFilterFactory
Event: 95.086 loading class java/io/ObjectInputFilter$Config$BuiltinFilterFactory done
Event: 95.086 loading class jdk/internal/access/JavaObjectInputFilterAccess
Event: 95.086 loading class jdk/internal/access/JavaObjectInputFilterAccess done
Event: 95.087 loading class java/lang/System$Logger$Level
Event: 95.087 loading class java/lang/System$Logger$Level done
Event: 95.087 loading class java/io/Bits
Event: 95.087 loading class java/io/Bits done
Event: 105.213 Thread 0x000002177f1a4f40 Thread added: 0x000002177f1a4f40
Event: 109.304 Thread 0x000002177f1a4f40 Thread exited: 0x000002177f1a4f40


Dynamic libraries:
0x00007ff680400000 - 0x00007ff680410000 	C:\Program Files\Java\jdk-17\bin\java.exe
0x00007ff864570000 - 0x00007ff864768000 	C:\WINDOWS\SYSTEM32\ntdll.dll
0x00007ff863320000 - 0x00007ff8633e2000 	C:\WINDOWS\System32\KERNEL32.DLL
0x00007ff862190000 - 0x00007ff862486000 	C:\WINDOWS\System32\KERNELBASE.dll
0x00007ff861d50000 - 0x00007ff861e50000 	C:\WINDOWS\System32\ucrtbase.dll
0x00007ff847d30000 - 0x00007ff847d4b000 	C:\Program Files\Java\jdk-17\bin\VCRUNTIME140.dll
0x00007ff847d10000 - 0x00007ff847d29000 	C:\Program Files\Java\jdk-17\bin\jli.dll
0x00007ff863260000 - 0x00007ff863311000 	C:\WINDOWS\System32\ADVAPI32.dll
0x00007ff862d80000 - 0x00007ff862e1e000 	C:\WINDOWS\System32\msvcrt.dll
0x00007ff8633f0000 - 0x00007ff86348f000 	C:\WINDOWS\System32\sechost.dll
0x00007ff863ff0000 - 0x00007ff864113000 	C:\WINDOWS\System32\RPCRT4.dll
0x00007ff861d20000 - 0x00007ff861d47000 	C:\WINDOWS\System32\bcrypt.dll
0x00007ff863900000 - 0x00007ff863a9d000 	C:\WINDOWS\System32\USER32.dll
0x00007ff862490000 - 0x00007ff8624b2000 	C:\WINDOWS\System32\win32u.dll
0x00007ff84c140000 - 0x00007ff84c3da000 	C:\WINDOWS\WinSxS\amd64_microsoft.windows.common-controls_6595b64144ccf1df_6.0.19041.5915_none_60b4b9d171f9c7c7\COMCTL32.dll
0x00007ff8638b0000 - 0x00007ff8638db000 	C:\WINDOWS\System32\GDI32.dll
0x00007ff861c00000 - 0x00007ff861d19000 	C:\WINDOWS\System32\gdi32full.dll
0x00007ff861fb0000 - 0x00007ff86204d000 	C:\WINDOWS\System32\msvcp_win.dll
0x00007ff856a70000 - 0x00007ff856a7a000 	C:\WINDOWS\SYSTEM32\VERSION.dll
0x00007ff8636f0000 - 0x00007ff86371f000 	C:\WINDOWS\System32\IMM32.DLL
0x00007ff847d00000 - 0x00007ff847d0c000 	C:\Program Files\Java\jdk-17\bin\vcruntime140_1.dll
0x00007ff829cf0000 - 0x00007ff829d7e000 	C:\Program Files\Java\jdk-17\bin\msvcp140.dll
0x00007fffe25e0000 - 0x00007fffe31c0000 	C:\Program Files\Java\jdk-17\bin\server\jvm.dll
0x00007ff8638f0000 - 0x00007ff8638f8000 	C:\WINDOWS\System32\PSAPI.DLL
0x00007ff8310d0000 - 0x00007ff8310d9000 	C:\WINDOWS\SYSTEM32\WSOCK32.dll
0x00007ff863aa0000 - 0x00007ff863b0b000 	C:\WINDOWS\System32\WS2_32.dll
0x00007ff84bec0000 - 0x00007ff84bee7000 	C:\WINDOWS\SYSTEM32\WINMM.dll
0x00007ff860450000 - 0x00007ff860462000 	C:\WINDOWS\SYSTEM32\kernel.appcore.dll
0x00007ff82dba0000 - 0x00007ff82dbaa000 	C:\Program Files\Java\jdk-17\bin\jimage.dll
0x00007ff85f650000 - 0x00007ff85f851000 	C:\WINDOWS\SYSTEM32\DBGHELP.DLL
0x00007ff8489c0000 - 0x00007ff8489f4000 	C:\WINDOWS\SYSTEM32\dbgcore.DLL
0x00007ff862050000 - 0x00007ff8620d2000 	C:\WINDOWS\System32\bcryptPrimitives.dll
0x00007ff82db70000 - 0x00007ff82db95000 	C:\Program Files\Java\jdk-17\bin\java.dll
0x00007ff829c10000 - 0x00007ff829ce7000 	C:\Program Files\Java\jdk-17\bin\jsvml.dll
0x00007ff862590000 - 0x00007ff862cfe000 	C:\WINDOWS\System32\SHELL32.dll
0x00007ff85fc60000 - 0x00007ff860404000 	C:\WINDOWS\SYSTEM32\windows.storage.dll
0x00007ff862e20000 - 0x00007ff863173000 	C:\WINDOWS\System32\combase.dll
0x00007ff8615c0000 - 0x00007ff8615eb000 	C:\WINDOWS\SYSTEM32\Wldp.dll
0x00007ff8643b0000 - 0x00007ff86447d000 	C:\WINDOWS\System32\OLEAUT32.dll
0x00007ff863490000 - 0x00007ff86353d000 	C:\WINDOWS\System32\SHCORE.dll
0x00007ff863720000 - 0x00007ff86377b000 	C:\WINDOWS\System32\shlwapi.dll
0x00007ff861b30000 - 0x00007ff861b54000 	C:\WINDOWS\SYSTEM32\profapi.dll
0x00007ff82db50000 - 0x00007ff82db69000 	C:\Program Files\Java\jdk-17\bin\net.dll
0x00007ff856830000 - 0x00007ff85693a000 	C:\WINDOWS\SYSTEM32\WINHTTP.dll
0x00007ff861320000 - 0x00007ff86138a000 	C:\WINDOWS\system32\mswsock.dll
0x00007ff829ba0000 - 0x00007ff829bb6000 	C:\Program Files\Java\jdk-17\bin\nio.dll
0x00007ff829b80000 - 0x00007ff829b98000 	C:\Program Files\Java\jdk-17\bin\zip.dll
0x00007ff82db40000 - 0x00007ff82db50000 	C:\Program Files\Java\jdk-17\bin\verify.dll
0x00007ff8291e0000 - 0x00007ff8291ea000 	C:\Program Files\Java\jdk-17\bin\management.dll
0x00007ff8123c0000 - 0x00007ff8123cb000 	C:\Program Files\Java\jdk-17\bin\management_ext.dll
0x00007ff812390000 - 0x00007ff8123b7000 	C:\Users\Ikramul islam\.gradle\native\1def1411415f61bf3af743bc5b6707747c0891f09f0c88961ee8f79bc544acac\windows-amd64\native-platform.dll
0x00007ff85e650000 - 0x00007ff85e65a000 	C:\Users\Ikramul islam\.gradle\native\jansi\1.18\windows64\jansi.dll
0x00007ff860fa0000 - 0x00007ff860fdb000 	C:\WINDOWS\SYSTEM32\IPHLPAPI.DLL
0x00007ff863b70000 - 0x00007ff863b78000 	C:\WINDOWS\System32\NSI.dll
0x00007ff85b3a0000 - 0x00007ff85b3b7000 	C:\WINDOWS\SYSTEM32\dhcpcsvc6.DLL
0x00007ff858270000 - 0x00007ff85828d000 	C:\WINDOWS\SYSTEM32\dhcpcsvc.DLL
0x00007ff860fe0000 - 0x00007ff8610aa000 	C:\WINDOWS\SYSTEM32\DNSAPI.dll
0x00007ff861520000 - 0x00007ff861538000 	C:\WINDOWS\SYSTEM32\CRYPTSP.dll
0x00007ff860be0000 - 0x00007ff860c18000 	C:\WINDOWS\system32\rsaenh.dll
0x00007ff861ab0000 - 0x00007ff861ade000 	C:\WINDOWS\SYSTEM32\USERENV.dll
0x00007ff861510000 - 0x00007ff86151c000 	C:\WINDOWS\SYSTEM32\CRYPTBASE.dll
0x00007ff83b9d0000 - 0x00007ff83b9de000 	C:\Program Files\Java\jdk-17\bin\sunmscapi.dll
0x00007ff861e50000 - 0x00007ff861fad000 	C:\WINDOWS\System32\CRYPT32.dll
0x00007ff861630000 - 0x00007ff861657000 	C:\WINDOWS\SYSTEM32\ncrypt.dll
0x00007ff8615f0000 - 0x00007ff86162b000 	C:\WINDOWS\SYSTEM32\NTASN1.dll
0x00007ff812230000 - 0x00007ff812237000 	C:\WINDOWS\system32\wshunix.dll

dbghelp: loaded successfully - version: 4.0.5 - missing functions: none
symbol engine: initialized successfully - sym options: 0x614 - pdb path: .;C:\Program Files\Java\jdk-17\bin;C:\WINDOWS\SYSTEM32;C:\WINDOWS\WinSxS\amd64_microsoft.windows.common-controls_6595b64144ccf1df_6.0.19041.5915_none_60b4b9d171f9c7c7;C:\Program Files\Java\jdk-17\bin\server;C:\Users\Ikramul islam\.gradle\native\1def1411415f61bf3af743bc5b6707747c0891f09f0c88961ee8f79bc544acac\windows-amd64;C:\Users\Ikramul islam\.gradle\native\jansi\1.18\windows64

VM Arguments:
jvm_args: -Xmx64m -Xms64m -Dorg.gradle.appname=gradlew 
java_command: E:\Connect\android\\gradle\wrapper\gradle-wrapper.jar app:installDebug -PreactNativeDevServerPort=8081
java_class_path (initial): E:\Connect\android\\gradle\wrapper\gradle-wrapper.jar
Launcher Type: SUN_STANDARD

[Global flags]
     intx CICompilerCount                          = 4                                         {product} {ergonomic}
     uint ConcGCThreads                            = 2                                         {product} {ergonomic}
     uint G1ConcRefinementThreads                  = 8                                         {product} {ergonomic}
   size_t G1HeapRegionSize                         = 1048576                                   {product} {ergonomic}
    uintx GCDrainStackTargetSize                   = 64                                        {product} {ergonomic}
   size_t InitialHeapSize                          = 67108864                                  {product} {command line}
   size_t MarkStackSize                            = 4194304                                   {product} {ergonomic}
   size_t MaxHeapSize                              = 67108864                                  {product} {command line}
   size_t MaxNewSize                               = 39845888                                  {product} {ergonomic}
   size_t MinHeapDeltaBytes                        = 1048576                                   {product} {ergonomic}
   size_t MinHeapSize                              = 67108864                                  {product} {command line}
    uintx NonNMethodCodeHeapSize                   = 5839372                                {pd product} {ergonomic}
    uintx NonProfiledCodeHeapSize                  = 122909434                              {pd product} {ergonomic}
    uintx ProfiledCodeHeapSize                     = 122909434                              {pd product} {ergonomic}
    uintx ReservedCodeCacheSize                    = 251658240                              {pd product} {ergonomic}
     bool SegmentedCodeCache                       = true                                      {product} {ergonomic}
   size_t SoftMaxHeapSize                          = 67108864                               {manageable} {ergonomic}
     bool UseCompressedClassPointers               = true                           {product lp64_product} {ergonomic}
     bool UseCompressedOops                        = true                           {product lp64_product} {ergonomic}
     bool UseG1GC                                  = true                                      {product} {ergonomic}
     bool UseLargePagesIndividualAllocation        = false                                  {pd product} {ergonomic}

Logging:
Log output configuration:
 #0: stdout all=warning uptime,level,tags
 #1: stderr all=off uptime,level,tags

Environment Variables:
JAVA_HOME=C:\Program Files\Java\jdk-17
PATH=E:\Connect\node_modules\.bin;E:\node_modules\.bin;C:\Program Files\nodejs\node_modules\npm\node_modules\@npmcli\run-script\lib\node-gyp-bin;C:\Program Files\ImageMagick-7.1.2-Q16-HDRI;C:\Program Files\Common Files\Oracle\Java\javapath;C:\Python313\Scripts\;C:\Python313\;C:\WINDOWS\system32;C:\WINDOWS;C:\WINDOWS\System32\Wbem;C:\WINDOWS\System32\WindowsPowerShell\v1.0\;C:\WINDOWS\System32\OpenSSH\;C:\Program Files\nodejs\;C:\ProgramData\chocolatey\bin;C:\Program Files\Git\cmd;C:\Users\Ikramul islam\AppData\Local\Android\Sdk\platform-tools;C:\Users\Ikramul islam\AppData\Local\Android\Sdk\emulator;C:\Users\Ikramul islam\AppData\Local\Android\Sdk\tools;C:\Users\Ikramul islam\AppData\Local\Android\Sdk\tools\bin;C:\Program Files\Java\jdk-17\bin;C:\poppler\bin;C:\Users\Ikramul islam\AppData\Local\Microsoft\WindowsApps;C:\Users\Ikramul islam\AppData\Roaming\npm;C:\Users\Ikramul islam\AppData\Local\Programs\cursor\resources\app\bin;C:\Users\Ikramul islam\AppData\Local\Programs\Microsoft VS Code\bin;C:\Program Files\Java\jdk-17\bin;C:\Users\Ikramul islam\AppData\Local\Android\Sdk\platform-tools;C:\Users\Ikramul islam\AppData\Local\Android\Sdk\emulator;C:\Users\Ikramul islam\AppData\Local\Android\Sdk\tools;C:\Users\Ikramul islam\AppData\Local\Android\Sdk\tools\bin;C:\Users\Ikramul islam\AppData\Local\GitHubDesktop\bin
USERNAME=Ikramulislam
LANG=en_US.UTF-8
OS=Windows_NT
PROCESSOR_IDENTIFIER=Intel64 Family 6 Model 142 Stepping 10, GenuineIntel



---------------  S Y S T E M  ---------------

OS:
 Windows 10 , 64 bit Build 19041 (10.0.19041.5915)
OS uptime: 0 days 12:19 hours

CPU: total 8 (initial active 8) (4 cores per cpu, 2 threads per core) family 6 model 142 stepping 10 microcode 0xf6, cx8, cmov, fxsr, ht, mmx, 3dnowpref, sse, sse2, sse3, ssse3, sse4.1, sse4.2, popcnt, lzcnt, tsc, tscinvbit, avx, avx2, aes, erms, clmul, bmi1, bmi2, rtm, adx, fma, vzeroupper, clflush, clflushopt

Memory: 4k page, system-wide physical 16227M (582M free)
TotalPageFile size 33212M (AvailPageFile size 35M)
current process WorkingSet (physical memory assigned to process): 88M, peak: 123M
current process commit charge ("private bytes"): 165M, peak: 187M

vm_info: Java HotSpot(TM) 64-Bit Server VM (17.0.12+8-LTS-286) for windows-amd64 JRE (17.0.12+8-LTS-286), built on Jun  5 2024 06:46:59 by "mach5one" with MS VC++ 17.6 (VS2022)

END.
