#
# A fatal error has been detected by the Java Runtime Environment:
#
#  EXCEPTION_ACCESS_VIOLATION (0xc0000005) at pc=0x00007ff9a7d94db3, pid=450808, tid=432312
#
# JRE version:  (17.0.12+8) (build )
# Java VM: Java HotSpot(TM) 64-Bit Server VM (17.0.12+8-LTS-286, mixed mode, sharing, tiered, compressed oops, compressed class ptrs, g1 gc, windows-amd64)
# Problematic frame:
# V  [jvm.dll+0x384db3]
#
# No core dump will be written. Minidumps are not enabled by default on client versions of Windows
#
#

---------------  S U M M A R Y ------------

Command Line: -Xmx64m -Xms64m -Dorg.gradle.appname=gradlew E:\Connect\app\android\\gradle\wrapper\gradle-wrapper.jar app:installDebug -x lint -PreactNativeDevServerPort=8081

Host: Intel(R) Core(TM) i7-8650U CPU @ 1.90GHz, 8 cores, 15G,  Windows 10 , 64 bit Build 19041 (10.0.19041.5915)
Time: Sun Sep 21 01:35:28 2025 Bangladesh Standard Time elapsed time: 2.328166 seconds (0d 0h 0m 2s)

---------------  T H R E A D  ---------------

Current thread (0x00000171ec319490):  JavaThread "Unknown thread" [_thread_in_vm, id=432312, stack(0x00000025a7000000,0x00000025a7100000)]

Stack: [0x00000025a7000000,0x00000025a7100000],  sp=0x00000025a70ff1c0,  free space=1020k
Native frames: (J=compiled Java code, j=interpreted, Vv=VM code, C=native code)
V  [jvm.dll+0x384db3]
V  [jvm.dll+0x679f72]
V  [jvm.dll+0x384b0e]
V  [jvm.dll+0x369d24]
V  [jvm.dll+0x36d8d1]
V  [jvm.dll+0x36d3a8]
V  [jvm.dll+0x78d442]
V  [jvm.dll+0x78bb09]
V  [jvm.dll+0x3ec83f]
