#
# There is insufficient memory for the Java Runtime Environment to continue.
# Native memory allocation (malloc) failed to allocate 1048576 bytes for AllocateHeap
# Possible reasons:
#   The system is out of physical RAM or swap space
#   The process is running with CompressedOops enabled, and the Java Heap may be blocking the growth of the native heap
# Possible solutions:
#   Reduce memory load on the system
#   Increase physical memory or swap space
#   Check if swap backing store is full
#   Decrease Java heap size (-Xmx/-Xms)
#   Decrease number of Java threads
#   Decrease Java thread stack sizes (-Xss)
#   Set larger code cache with -XX:ReservedCodeCacheSize=
#   JVM is running with Unscaled Compressed Oops mode in which the Java heap is
#     placed in the first 4GB address space. The Java Heap base address is the
#     maximum limit for the native heap growth. Please use -XX:HeapBaseMinAddress
#     to set the Java Heap base and to place the Java Heap above 4GB virtual address.
# This output file may be truncated or incomplete.
#
#  Out of Memory Error (allocation.cpp:44), pid=181744, tid=180748
#
# JRE version:  (17.0.12+8) (build )
# Java VM: Java HotSpot(TM) 64-Bit Server VM (17.0.12+8-LTS-286, mixed mode, sharing, tiered, compressed oops, compressed class ptrs, g1 gc, windows-amd64)
# No core dump will be written. Minidumps are not enabled by default on client versions of Windows
#

---------------  S U M M A R Y ------------

Command Line: -Xmx64m -Xms64m -Dorg.gradle.appname=gradlew E:\Connect\app\android\\gradle\wrapper\gradle-wrapper.jar assembleDebug

Host: Intel(R) Core(TM) i7-8650U CPU @ 1.90GHz, 8 cores, 15G,  Windows 10 , 64 bit Build 19041 (10.0.19041.5915)
Time: Thu Jan 15 19:47:45 2026 Bangladesh Standard Time elapsed time: 0.085003 seconds (0d 0h 0m 0s)

---------------  T H R E A D  ---------------

Current thread (0x00000193ff946e40):  JavaThread "Unknown thread" [_thread_in_vm, id=180748, stack(0x0000004ac3300000,0x0000004ac3400000)]

Stack: [0x0000004ac3300000,0x0000004ac3400000]
Native frames: (J=compiled Java code, j=interpreted, Vv=VM code, C=native code)
V  [jvm.dll+0x67a04a]
V  [jvm.dll+0x7da4ed]
V  [jvm.dll+0x7dbe33]
V  [jvm.dll+0x7dc4a3]
V  [jvm.dll+0x24508f]
V  [jvm.dll+0xa5e2b]
V  [jvm.dll+0x2e22de]
V  [jvm.dll+0x2d9fbb]
V  [jvm.dll+0x7aca21]
V  [jvm.dll+0x367591]
V  [jvm.dll+0x78b999]
V  [jvm.dll+0x3ec83f]
V  [jvm.dll+0x3ee471]
C  [jli.dll+0x5297]
C  [ucrtbase.dll+0x21bb2]
C  [KERNEL32.DLL+0x17374]
C  [ntdll.dll+0x4cc91]


---------------  P R O C E S S  ---------------

Threads class SMR info:
_java_thread_list=0x00007ffc3e137a18, length=0, elements={
}

Java Threads: ( => current thread )

Other Threads:
  0x00000193ff967ed0 GCTaskThread "GC Thread#0" [stack: 0x0000004ac3400000,0x0000004ac3500000] [id=180984]

[error occurred during error reporting (printing all threads), id 0xc0000005, EXCEPTION_ACCESS_VIOLATION (0xc0000005) at pc=0x00007ffc3d9670e0]

VM state: not at safepoint (not fully initialized)

VM Mutex/Monitor currently owned by a thread:  ([mutex/lock_event])
[0x00000193ff943fc0] Heap_lock - owner thread: 0x00000193ff946e40

Heap address: 0x00000000fc000000, size: 64 MB, Compressed Oops mode: 32-bit

CDS archive(s) mapped at: [0x0000000000000000-0x0000000000000000-0x0000000000000000), size 0, SharedBaseAddress: 0x0000000800000000, ArchiveRelocationMode: 1.
Narrow klass base: 0x0000000000000000, Narrow klass shift: 0, Narrow klass range: 0x0

GC Precious Log:
<Empty>

Heap:
 garbage-first heap   total 0K, used 0K [0x00000000fc000000, 0x0000000100000000)
  region size 1024K, 0 young (0K), 0 survivors (0K)

[error occurred during error reporting (printing heap information), id 0xc0000005, EXCEPTION_ACCESS_VIOLATION (0xc0000005) at pc=0x00007ffc3dd53859]

GC Heap History (0 events):
No events

Deoptimization events (0 events):
No events

Classes unloaded (0 events):
No events

Classes redefined (0 events):
No events

Internal exceptions (0 events):
No events

VM Operations (0 events):
No events

Events (1 events):
Event: 0.068 Loaded shared library C:\Program Files\Java\jdk-17\bin\java.dll


Dynamic libraries:
0x00007ff6acfd0000 - 0x00007ff6acfe0000 	C:\Program Files\Java\jdk-17\bin\java.exe
0x00007ffcd5f10000 - 0x00007ffcd6108000 	C:\WINDOWS\SYSTEM32\ntdll.dll
0x00007ffcd5350000 - 0x00007ffcd5412000 	C:\WINDOWS\System32\KERNEL32.DLL
0x00007ffcd3840000 - 0x00007ffcd3b36000 	C:\WINDOWS\System32\KERNELBASE.dll
0x00007ffcd3670000 - 0x00007ffcd3770000 	C:\WINDOWS\System32\ucrtbase.dll
0x00007ffcce9e0000 - 0x00007ffcce9f9000 	C:\Program Files\Java\jdk-17\bin\jli.dll
0x00007ffcd4e40000 - 0x00007ffcd4ef1000 	C:\WINDOWS\System32\ADVAPI32.dll
0x00007ffcd4f60000 - 0x00007ffcd4ffe000 	C:\WINDOWS\System32\msvcrt.dll
0x00007ffcd5c50000 - 0x00007ffcd5cef000 	C:\WINDOWS\System32\sechost.dll
0x00007ffcd5230000 - 0x00007ffcd5350000 	C:\WINDOWS\System32\RPCRT4.dll
0x00007ffcce9c0000 - 0x00007ffcce9db000 	C:\Program Files\Java\jdk-17\bin\VCRUNTIME140.dll
0x00007ffcd3f00000 - 0x00007ffcd3f27000 	C:\WINDOWS\System32\bcrypt.dll
0x00007ffcd2940000 - 0x00007ffcd2bdb000 	C:\WINDOWS\WinSxS\amd64_microsoft.windows.common-controls_6595b64144ccf1df_6.0.19041.6456_none_60b8a6cb71f64256\COMCTL32.dll
0x00007ffcd4b80000 - 0x00007ffcd4d21000 	C:\WINDOWS\System32\USER32.dll
0x00007ffcd3770000 - 0x00007ffcd3792000 	C:\WINDOWS\System32\win32u.dll
0x00007ffcd4e10000 - 0x00007ffcd4e3b000 	C:\WINDOWS\System32\GDI32.dll
0x00007ffcd3d50000 - 0x00007ffcd3e69000 	C:\WINDOWS\System32\gdi32full.dll
0x00007ffcd37a0000 - 0x00007ffcd383d000 	C:\WINDOWS\System32\msvcp_win.dll
0x00007ffccfa80000 - 0x00007ffccfa8a000 	C:\WINDOWS\SYSTEM32\VERSION.dll
0x00007ffcd50d0000 - 0x00007ffcd50ff000 	C:\WINDOWS\System32\IMM32.DLL
0x00007ffcc76d0000 - 0x00007ffcc76dc000 	C:\Program Files\Java\jdk-17\bin\vcruntime140_1.dll
0x00007ffc9c680000 - 0x00007ffc9c70e000 	C:\Program Files\Java\jdk-17\bin\msvcp140.dll
0x00007ffc3d680000 - 0x00007ffc3e260000 	C:\Program Files\Java\jdk-17\bin\server\jvm.dll
0x00007ffcd4d30000 - 0x00007ffcd4d38000 	C:\WINDOWS\System32\PSAPI.DLL
0x00007ffcb1f50000 - 0x00007ffcb1f59000 	C:\WINDOWS\SYSTEM32\WSOCK32.dll
0x00007ffcd4d40000 - 0x00007ffcd4dab000 	C:\WINDOWS\System32\WS2_32.dll
0x00007ffcba6d0000 - 0x00007ffcba6f7000 	C:\WINDOWS\SYSTEM32\WINMM.dll
0x00007ffcd1710000 - 0x00007ffcd1722000 	C:\WINDOWS\SYSTEM32\kernel.appcore.dll
0x00007ffcc76c0000 - 0x00007ffcc76ca000 	C:\Program Files\Java\jdk-17\bin\jimage.dll
0x00007ffcd2dd0000 - 0x00007ffcd2fd1000 	C:\WINDOWS\SYSTEM32\DBGHELP.DLL
0x00007ffcd2d10000 - 0x00007ffcd2d44000 	C:\WINDOWS\SYSTEM32\dbgcore.DLL
0x00007ffcd3e70000 - 0x00007ffcd3ef2000 	C:\WINDOWS\System32\bcryptPrimitives.dll
0x00007ffca7fb0000 - 0x00007ffca7fd5000 	C:\Program Files\Java\jdk-17\bin\java.dll

dbghelp: loaded successfully - version: 4.0.5 - missing functions: none
symbol engine: initialized successfully - sym options: 0x614 - pdb path: .;C:\Program Files\Java\jdk-17\bin;C:\WINDOWS\SYSTEM32;C:\WINDOWS\WinSxS\amd64_microsoft.windows.common-controls_6595b64144ccf1df_6.0.19041.6456_none_60b8a6cb71f64256;C:\Program Files\Java\jdk-17\bin\server

VM Arguments:
jvm_args: -Xmx64m -Xms64m -Dorg.gradle.appname=gradlew 
java_command: E:\Connect\app\android\\gradle\wrapper\gradle-wrapper.jar assembleDebug
java_class_path (initial): E:\Connect\app\android\\gradle\wrapper\gradle-wrapper.jar
Launcher Type: SUN_STANDARD

[Global flags]
     intx CICompilerCount                          = 4                                         {product} {ergonomic}
     uint ConcGCThreads                            = 2                                         {product} {ergonomic}
     uint G1ConcRefinementThreads                  = 8                                         {product} {ergonomic}
   size_t G1HeapRegionSize                         = 1048576                                   {product} {ergonomic}
    uintx GCDrainStackTargetSize                   = 64                                        {product} {ergonomic}
   size_t InitialHeapSize                          = 67108864                                  {product} {command line}
   size_t MarkStackSize                            = 4194304                                   {product} {ergonomic}
   size_t MaxHeapSize                              = 67108864                                  {product} {command line}
   size_t MinHeapDeltaBytes                        = 1048576                                   {product} {ergonomic}
   size_t MinHeapSize                              = 67108864                                  {product} {command line}
    uintx NonNMethodCodeHeapSize                   = 5839372                                {pd product} {ergonomic}
    uintx NonProfiledCodeHeapSize                  = 122909434                              {pd product} {ergonomic}
    uintx ProfiledCodeHeapSize                     = 122909434                              {pd product} {ergonomic}
    uintx ReservedCodeCacheSize                    = 251658240                              {pd product} {ergonomic}
     bool SegmentedCodeCache                       = true                                      {product} {ergonomic}
   size_t SoftMaxHeapSize                          = 67108864                               {manageable} {ergonomic}
     bool UseCompressedClassPointers               = true                           {product lp64_product} {ergonomic}
     bool UseCompressedOops                        = true                           {product lp64_product} {ergonomic}
     bool UseG1GC                                  = true                                      {product} {ergonomic}
     bool UseLargePagesIndividualAllocation        = false                                  {pd product} {ergonomic}

Logging:
Log output configuration:
 #0: stdout all=warning uptime,level,tags
 #1: stderr all=off uptime,level,tags

Environment Variables:
JAVA_HOME=C:\Program Files\Java\jdk-17
PATH=C:\Program Files\Common Files\Oracle\Java\javapath;C:\Python313\Scripts\;C:\Python313\;C:\WINDOWS\system32;C:\WINDOWS;C:\WINDOWS\System32\Wbem;C:\WINDOWS\System32\WindowsPowerShell\v1.0\;C:\WINDOWS\System32\OpenSSH\;C:\Program Files\nodejs\;C:\ProgramData\chocolatey\bin;C:\Program Files\Git\cmd;C:\Users\Ikramul islam\AppData\Local\Android\Sdk\platform-tools;C:\Users\Ikramul islam\AppData\Local\Android\Sdk\emulator;C:\Users\Ikramul islam\AppData\Local\Android\Sdk\tools;C:\Users\Ikramul islam\AppData\Local\Android\Sdk\tools\bin;C:\Program Files\Java\jdk-17\bin;C:\poppler\bin;C:\Program Files\GraphicsMagick-1.3.42-Q8;C:\Program Files\PuTTY\;c:\Users\Ikramul islam\AppData\Local\Programs\cursor\resources\app\bin;C:\Program Files\cursor\resources\app\bin;E:\flutter;C:\cloudflared;C:\Users\Ikramul islam\AppData\Local\Programs\Python\Python314\Scripts\;C:\Users\Ikramul islam\AppData\Local\Programs\Python\Python314\;C:\Users\Ikramul islam\AppData\Local\Programs\Python\Python310\Scripts\;C:\Users\Ikramul islam\AppData\Local\Programs\Python\Python310\;C:\Users\Ikramul islam\AppData\Local\Microsoft\WindowsApps;C:\Users\Ikramul islam\AppData\Roaming\npm;C:\Users\Ikramul islam\AppData\Local\Programs\Microsoft VS Code\bin;C:\Program Files\Java\jdk-17\bin;C:\Users\Ikramul islam\AppData\Local\Android\Sdk\platform-tools;C:\Users\Ikramul islam\AppData\Local\Android\Sdk\emulator;C:\Users\Ikramul islam\AppData\Local\Android\Sdk\tools;C:\Users\Ikramul islam\AppData\Local\Android\Sdk\tools\bin;C:\Program Files\GraphicsMagick-1.3.42-Q8;C:\Users\Ikramul islam\AppData\Local\Programs\cursor-editor\resources\app\bin;C:\Users\Ikramul islam\AppData\Local\Microsoft\WinGet\Packages\Gyan.FFmpeg_Microsoft.Winget.Source_8wekyb3d8bbwe\ffmpeg-8.0-full_build\bin;E:\flutter\bin;C:\Program Files (x86)\Nmap;C:\cloudflared\cloudflared.exe;
USERNAME=Ikramulislam
OS=Windows_NT
PROCESSOR_IDENTIFIER=Intel64 Family 6 Model 142 Stepping 10, GenuineIntel



---------------  S Y S T E M  ---------------

OS:
 Windows 10 , 64 bit Build 19041 (10.0.19041.5915)
OS uptime: 0 days 23:19 hours

CPU: total 8 (initial active 8) (4 cores per cpu, 2 threads per core) family 6 model 142 stepping 10 microcode 0xf6, cx8, cmov, fxsr, ht, mmx, 3dnowpref, sse, sse2, sse3, ssse3, sse4.1, sse4.2, popcnt, lzcnt, tsc, tscinvbit, avx, avx2, aes, erms, clmul, bmi1, bmi2, rtm, adx, fma, vzeroupper, clflush, clflushopt

Memory: 4k page, system-wide physical 16227M (759M free)
TotalPageFile size 36171M (AvailPageFile size 4M)
current process WorkingSet (physical memory assigned to process): 10M, peak: 10M
current process commit charge ("private bytes"): 53M, peak: 54M

vm_info: Java HotSpot(TM) 64-Bit Server VM (17.0.12+8-LTS-286) for windows-amd64 JRE (17.0.12+8-LTS-286), built on Jun  5 2024 06:46:59 by "mach5one" with MS VC++ 17.6 (VS2022)

END.
