#
# There is insufficient memory for the Java Runtime Environment to continue.
# Native memory allocation (mmap) failed to map 184549376 bytes for G1 virtual space
# Possible reasons:
#   The system is out of physical RAM or swap space
#   The process is running with CompressedOops enabled, and the Java Heap may be blocking the growth of the native heap
# Possible solutions:
#   Reduce memory load on the system
#   Increase physical memory or swap space
#   Check if swap backing store is full
#   Decrease Java heap size (-Xmx/-Xms)
#   Decrease number of Java threads
#   Decrease Java thread stack sizes (-Xss)
#   Set larger code cache with -XX:ReservedCodeCacheSize=
#   JVM is running with Zero Based Compressed Oops mode in which the Java heap is
#     placed in the first 32GB address space. The Java Heap base address is the
#     maximum limit for the native heap growth. Please use -XX:HeapBaseMinAddress
#     to set the Java Heap base and to place the Java Heap above 32GB virtual address.
# This output file may be truncated or incomplete.
#
#  Out of Memory Error (os_windows.cpp:3548), pid=148408, tid=147980
#
# JRE version: Java(TM) SE Runtime Environment (17.0.12+8) (build 17.0.12+8-LTS-286)
# Java VM: Java HotSpot(TM) 64-Bit Server VM (17.0.12+8-LTS-286, mixed mode, sharing, tiered, compressed oops, compressed class ptrs, g1 gc, windows-amd64)
# No core dump will be written. Minidumps are not enabled by default on client versions of Windows
#

---------------  S U M M A R Y ------------

Command Line: org.jetbrains.kotlin.cli.jvm.K2JVMCompiler @E:\Connect\app\node_modules\react-native-screens\android\build\20250905_15820287265544610423.compiler.options

Host: Intel(R) Core(TM) i7-8650U CPU @ 1.90GHz, 8 cores, 15G,  Windows 10 , 64 bit Build 19041 (10.0.19041.5915)
Time: Fri Sep  5 12:13:37 2025 Bangladesh Standard Time elapsed time: 40.043546 seconds (0d 0h 0m 40s)

---------------  T H R E A D  ---------------

Current thread (0x000001b376cb89e0):  VMThread "VM Thread" [stack: 0x0000008009700000,0x0000008009800000] [id=147980]

Stack: [0x0000008009700000,0x0000008009800000]
Native frames: (J=compiled Java code, j=interpreted, Vv=VM code, C=native code)
V  [jvm.dll+0x67a04a]
V  [jvm.dll+0x7da4ed]
V  [jvm.dll+0x7dbe33]
V  [jvm.dll+0x7dc4a3]
V  [jvm.dll+0x24508f]
V  [jvm.dll+0x677089]
V  [jvm.dll+0x66bd32]
V  [jvm.dll+0x301fa6]
V  [jvm.dll+0x309546]
V  [jvm.dll+0x359d2e]
V  [jvm.dll+0x359f5f]
V  [jvm.dll+0x2d9078]
V  [jvm.dll+0x2d74ad]
V  [jvm.dll+0x2d6afc]
V  [jvm.dll+0x31a65b]
V  [jvm.dll+0x7e0d9b]
V  [jvm.dll+0x7e1ad4]
V  [jvm.dll+0x7e1fed]
V  [jvm.dll+0x7e23c4]
V  [jvm.dll+0x7e2490]
V  [jvm.dll+0x78abea]
V  [jvm.dll+0x678f35]
C  [ucrtbase.dll+0x21bb2]
C  [KERNEL32.DLL+0x17374]
C  [ntdll.dll+0x4cc91]

VM_Operation (0x00000080091fcf90): G1CollectForAllocation, mode: safepoint, requested by thread 0x000001b351ffc340


---------------  P R O C E S S  ---------------

Threads class SMR info:
_java_thread_list=0x000001b37b39b1d0, length=13, elements={
0x000001b351ffc340, 0x000001b376cbecb0, 0x000001b376cc09e0, 0x000001b376cd4800,
0x000001b376cd53c0, 0x000001b376cd7d90, 0x000001b376cd8750, 0x000001b376cdc460,
0x000001b376ce0330, 0x000001b376ce27b0, 0x000001b37b142840, 0x000001b37b1533f0,
0x000001b37e89eaf0
}

Java Threads: ( => current thread )
  0x000001b351ffc340 JavaThread "main" [_thread_blocked, id=144488, stack(0x0000008009100000,0x0000008009200000)]
  0x000001b376cbecb0 JavaThread "Reference Handler" daemon [_thread_blocked, id=147908, stack(0x0000008009800000,0x0000008009900000)]
  0x000001b376cc09e0 JavaThread "Finalizer" daemon [_thread_blocked, id=148392, stack(0x0000008009900000,0x0000008009a00000)]
  0x000001b376cd4800 JavaThread "Signal Dispatcher" daemon [_thread_blocked, id=147612, stack(0x0000008009a00000,0x0000008009b00000)]
  0x000001b376cd53c0 JavaThread "Attach Listener" daemon [_thread_blocked, id=145432, stack(0x0000008009b00000,0x0000008009c00000)]
  0x000001b376cd7d90 JavaThread "Service Thread" daemon [_thread_blocked, id=147696, stack(0x0000008009c00000,0x0000008009d00000)]
  0x000001b376cd8750 JavaThread "Monitor Deflation Thread" daemon [_thread_blocked, id=142668, stack(0x0000008009d00000,0x0000008009e00000)]
  0x000001b376cdc460 JavaThread "C2 CompilerThread0" daemon [_thread_in_native, id=147488, stack(0x0000008009e00000,0x0000008009f00000)]
  0x000001b376ce0330 JavaThread "C1 CompilerThread0" daemon [_thread_blocked, id=148300, stack(0x0000008009f00000,0x000000800a000000)]
  0x000001b376ce27b0 JavaThread "Sweeper thread" daemon [_thread_blocked, id=144684, stack(0x000000800a000000,0x000000800a100000)]
  0x000001b37b142840 JavaThread "Notification Thread" daemon [_thread_blocked, id=145732, stack(0x000000800a100000,0x000000800a200000)]
  0x000001b37b1533f0 JavaThread "Common-Cleaner" daemon [_thread_blocked, id=148216, stack(0x000000800a300000,0x000000800a400000)]
  0x000001b37e89eaf0 JavaThread "C2 CompilerThread1" daemon [_thread_blocked, id=145568, stack(0x000000800a400000,0x000000800a500000)]

Other Threads:
=>0x000001b376cb89e0 VMThread "VM Thread" [stack: 0x0000008009700000,0x0000008009800000] [id=147980]
  0x000001b37b143130 WatcherThread [stack: 0x000000800a200000,0x000000800a300000] [id=147292]
  0x000001b3520668f0 GCTaskThread "GC Thread#0" [stack: 0x0000008009200000,0x0000008009300000] [id=141892]
  0x000001b37b61a3c0 GCTaskThread "GC Thread#1" [stack: 0x000000800a500000,0x000000800a600000] [id=147468]
  0x000001b37b61a680 GCTaskThread "GC Thread#2" [stack: 0x000000800a600000,0x000000800a700000] [id=145856]
  0x000001b37b61a940 GCTaskThread "GC Thread#3" [stack: 0x000000800a700000,0x000000800a800000] [id=143716]
  0x000001b37b61ac00 GCTaskThread "GC Thread#4" [stack: 0x000000800a800000,0x000000800a900000] [id=143900]
  0x000001b37b61aec0 GCTaskThread "GC Thread#5" [stack: 0x000000800a900000,0x000000800aa00000] [id=148032]
  0x000001b37bffbae0 GCTaskThread "GC Thread#6" [stack: 0x000000800ab00000,0x000000800ac00000] [id=143208]
  0x000001b37bfe5220 GCTaskThread "GC Thread#7" [stack: 0x000000800ac00000,0x000000800ad00000] [id=144632]
  0x000001b3520785e0 ConcurrentGCThread "G1 Main Marker" [stack: 0x0000008009300000,0x0000008009400000] [id=147596]
  0x000001b352078ff0 ConcurrentGCThread "G1 Conc#0" [stack: 0x0000008009400000,0x0000008009500000] [id=147504]
  0x000001b37c9efb30 ConcurrentGCThread "G1 Conc#1" [stack: 0x000000800ae00000,0x000000800af00000] [id=147072]
  0x000001b376b734e0 ConcurrentGCThread "G1 Refine#0" [stack: 0x0000008009500000,0x0000008009600000] [id=142396]
  0x000001b37bebb070 ConcurrentGCThread "G1 Refine#1" [stack: 0x000000800ad00000,0x000000800ae00000] [id=144536]
  0x000001b37cf668d0 ConcurrentGCThread "G1 Refine#2" [stack: 0x000000800aa00000,0x000000800ab00000] [id=148156]
  0x000001b37d841590 ConcurrentGCThread "G1 Refine#3" [stack: 0x000000800b000000,0x000000800b100000] [id=147872]
  0x000001b376b73f10 ConcurrentGCThread "G1 Service" [stack: 0x0000008009600000,0x0000008009700000] [id=140896]

Threads with active compile tasks:
C2 CompilerThread0    40108 14414       4       org.jetbrains.kotlin.fir.analysis.checkers.declaration.FirImplementationMismatchChecker::checkConflictingMembers (1050 bytes)
C2 CompilerThread1    40109 14542       4       org.jetbrains.kotlin.fir.analysis.checkers.declaration.FirImplementationMismatchChecker::collectCallablesNamed (142 bytes)

VM state: at safepoint (normal execution)

VM Mutex/Monitor currently owned by a thread:  ([mutex/lock_event])
[0x000001b351ff6ff0] Threads_lock - owner thread: 0x000001b376cb89e0
[0x000001b351ff8670] Heap_lock - owner thread: 0x000001b351ffc340

Heap address: 0x0000000702600000, size: 4058 MB, Compressed Oops mode: Zero based, Oop shift amount: 3

CDS archive(s) mapped at: [0x000001b300000000-0x000001b300bd0000-0x000001b300bd0000), size 12386304, SharedBaseAddress: 0x000001b300000000, ArchiveRelocationMode: 1.
Compressed class space mapped at: 0x000001b301000000-0x000001b341000000, reserved size: 1073741824
Narrow klass base: 0x000001b300000000, Narrow klass shift: 0, Narrow klass range: 0x100000000

GC Precious Log:
 CPUs: 8 total, 8 available
 Memory: 16227M
 Large Page Support: Disabled
 NUMA Support: Disabled
 Compressed Oops: Enabled (Zero based)
 Heap Region Size: 2M
 Heap Min Capacity: 8M
 Heap Initial Capacity: 254M
 Heap Max Capacity: 4058M
 Pre-touch: Disabled
 Parallel Workers: 8
 Concurrent Workers: 2
 Concurrent Refinement Workers: 8
 Periodic GC: Disabled

Heap:
 garbage-first heap   total 260096K, used 132026K [0x0000000702600000, 0x0000000800000000)
  region size 2048K, 3 young (6144K), 3 survivors (6144K)
 Metaspace       used 62899K, committed 63232K, reserved 1114112K
  class space    used 6763K, committed 6912K, reserved 1048576K

Heap Regions: E=young(eden), S=young(survivor), O=old, HS=humongous(starts), HC=humongous(continues), CS=collection set, F=free, OA=open archive, CA=closed archive, TAMS=top-at-mark-start (previous, next)
|   0|0x0000000702600000, 0x0000000702800000, 0x0000000702800000|100%|HS|  |TAMS 0x0000000702800000, 0x0000000702800000| Complete 
|   1|0x0000000702800000, 0x0000000702a00000, 0x0000000702a00000|100%|HC|  |TAMS 0x0000000702a00000, 0x0000000702a00000| Complete 
|   2|0x0000000702a00000, 0x0000000702c00000, 0x0000000702c00000|100%| O|  |TAMS 0x0000000702c00000, 0x0000000702c00000| Untracked 
|   3|0x0000000702c00000, 0x0000000702e00000, 0x0000000702e00000|100%| O|  |TAMS 0x0000000702e00000, 0x0000000702e00000| Untracked 
|   4|0x0000000702e00000, 0x0000000703000000, 0x0000000703000000|100%| O|  |TAMS 0x0000000703000000, 0x0000000703000000| Untracked 
|   5|0x0000000703000000, 0x0000000703200000, 0x0000000703200000|100%| O|  |TAMS 0x0000000703200000, 0x0000000703200000| Untracked 
|   6|0x0000000703200000, 0x0000000703400000, 0x0000000703400000|100%| O|  |TAMS 0x0000000703400000, 0x0000000703400000| Untracked 
|   7|0x0000000703400000, 0x0000000703600000, 0x0000000703600000|100%| O|  |TAMS 0x0000000703600000, 0x0000000703600000| Untracked 
|   8|0x0000000703600000, 0x0000000703800000, 0x0000000703800000|100%| O|  |TAMS 0x0000000703800000, 0x0000000703800000| Untracked 
|   9|0x0000000703800000, 0x0000000703a00000, 0x0000000703a00000|100%| O|  |TAMS 0x0000000703a00000, 0x0000000703a00000| Untracked 
|  10|0x0000000703a00000, 0x0000000703c00000, 0x0000000703c00000|100%| O|  |TAMS 0x0000000703c00000, 0x0000000703c00000| Untracked 
|  11|0x0000000703c00000, 0x0000000703e00000, 0x0000000703e00000|100%| O|  |TAMS 0x0000000703e00000, 0x0000000703e00000| Untracked 
|  12|0x0000000703e00000, 0x0000000704000000, 0x0000000704000000|100%| O|  |TAMS 0x0000000704000000, 0x0000000704000000| Untracked 
|  13|0x0000000704000000, 0x0000000704200000, 0x0000000704200000|100%| O|  |TAMS 0x0000000704200000, 0x0000000704200000| Untracked 
|  14|0x0000000704200000, 0x0000000704400000, 0x0000000704400000|100%| O|  |TAMS 0x0000000704400000, 0x0000000704400000| Untracked 
|  15|0x0000000704400000, 0x0000000704600000, 0x0000000704600000|100%| O|  |TAMS 0x0000000704600000, 0x0000000704600000| Untracked 
|  16|0x0000000704600000, 0x0000000704800000, 0x0000000704800000|100%| O|  |TAMS 0x0000000704800000, 0x0000000704800000| Untracked 
|  17|0x0000000704800000, 0x0000000704a00000, 0x0000000704a00000|100%| O|  |TAMS 0x0000000704a00000, 0x0000000704a00000| Untracked 
|  18|0x0000000704a00000, 0x0000000704c00000, 0x0000000704c00000|100%| O|  |TAMS 0x0000000704c00000, 0x0000000704c00000| Untracked 
|  19|0x0000000704c00000, 0x0000000704e00000, 0x0000000704e00000|100%| O|  |TAMS 0x0000000704e00000, 0x0000000704e00000| Untracked 
|  20|0x0000000704e00000, 0x0000000705000000, 0x0000000705000000|100%| O|  |TAMS 0x0000000705000000, 0x0000000705000000| Untracked 
|  21|0x0000000705000000, 0x0000000705200000, 0x0000000705200000|100%| O|  |TAMS 0x0000000705200000, 0x0000000705200000| Untracked 
|  22|0x0000000705200000, 0x0000000705400000, 0x0000000705400000|100%| O|  |TAMS 0x0000000705400000, 0x0000000705400000| Untracked 
|  23|0x0000000705400000, 0x0000000705600000, 0x0000000705600000|100%| O|  |TAMS 0x0000000705600000, 0x0000000705600000| Untracked 
|  24|0x0000000705600000, 0x0000000705800000, 0x0000000705800000|100%| O|  |TAMS 0x0000000705800000, 0x0000000705800000| Untracked 
|  25|0x0000000705800000, 0x0000000705a00000, 0x0000000705a00000|100%| O|  |TAMS 0x0000000705a00000, 0x0000000705a00000| Untracked 
|  26|0x0000000705a00000, 0x0000000705c00000, 0x0000000705c00000|100%| O|  |TAMS 0x0000000705c00000, 0x0000000705c00000| Untracked 
|  27|0x0000000705c00000, 0x0000000705e00000, 0x0000000705e00000|100%| O|  |TAMS 0x0000000705e00000, 0x0000000705e00000| Untracked 
|  28|0x0000000705e00000, 0x0000000706000000, 0x0000000706000000|100%| O|  |TAMS 0x0000000706000000, 0x0000000706000000| Untracked 
|  29|0x0000000706000000, 0x0000000706200000, 0x0000000706200000|100%| O|  |TAMS 0x0000000706200000, 0x0000000706200000| Untracked 
|  30|0x0000000706200000, 0x0000000706400000, 0x0000000706400000|100%| O|  |TAMS 0x0000000706400000, 0x0000000706400000| Untracked 
|  31|0x0000000706400000, 0x0000000706600000, 0x0000000706600000|100%| O|  |TAMS 0x0000000706600000, 0x0000000706600000| Untracked 
|  32|0x0000000706600000, 0x0000000706800000, 0x0000000706800000|100%| O|  |TAMS 0x0000000706800000, 0x0000000706800000| Untracked 
|  33|0x0000000706800000, 0x0000000706a00000, 0x0000000706a00000|100%| O|  |TAMS 0x0000000706a00000, 0x0000000706a00000| Untracked 
|  34|0x0000000706a00000, 0x0000000706c00000, 0x0000000706c00000|100%| O|  |TAMS 0x0000000706c00000, 0x0000000706c00000| Untracked 
|  35|0x0000000706c00000, 0x0000000706e00000, 0x0000000706e00000|100%| O|  |TAMS 0x0000000706e00000, 0x0000000706e00000| Untracked 
|  36|0x0000000706e00000, 0x0000000707000000, 0x0000000707000000|100%| O|  |TAMS 0x0000000707000000, 0x0000000707000000| Untracked 
|  37|0x0000000707000000, 0x0000000707200000, 0x0000000707200000|100%| O|  |TAMS 0x0000000707200000, 0x0000000707200000| Untracked 
|  38|0x0000000707200000, 0x0000000707400000, 0x0000000707400000|100%| O|  |TAMS 0x0000000707200000, 0x0000000707400000| Untracked 
|  39|0x0000000707400000, 0x0000000707600000, 0x0000000707600000|100%| O|  |TAMS 0x0000000707600000, 0x0000000707600000| Untracked 
|  40|0x0000000707600000, 0x0000000707800000, 0x0000000707800000|100%| O|  |TAMS 0x0000000707800000, 0x0000000707800000| Untracked 
|  41|0x0000000707800000, 0x0000000707a00000, 0x0000000707a00000|100%| O|  |TAMS 0x0000000707a00000, 0x0000000707a00000| Untracked 
|  42|0x0000000707a00000, 0x0000000707c00000, 0x0000000707c00000|100%| O|  |TAMS 0x0000000707c00000, 0x0000000707c00000| Untracked 
|  43|0x0000000707c00000, 0x0000000707e00000, 0x0000000707e00000|100%| O|  |TAMS 0x0000000707e00000, 0x0000000707e00000| Untracked 
|  44|0x0000000707e00000, 0x0000000708000000, 0x0000000708000000|100%| O|  |TAMS 0x0000000708000000, 0x0000000708000000| Untracked 
|  45|0x0000000708000000, 0x0000000708200000, 0x0000000708200000|100%| O|  |TAMS 0x0000000708200000, 0x0000000708200000| Untracked 
|  46|0x0000000708200000, 0x0000000708400000, 0x0000000708400000|100%| O|  |TAMS 0x0000000708200000, 0x0000000708400000| Untracked 
|  47|0x0000000708400000, 0x0000000708600000, 0x0000000708600000|100%| O|  |TAMS 0x0000000708600000, 0x0000000708600000| Untracked 
|  48|0x0000000708600000, 0x0000000708800000, 0x0000000708800000|100%| O|  |TAMS 0x0000000708800000, 0x0000000708800000| Untracked 
|  49|0x0000000708800000, 0x0000000708a00000, 0x0000000708a00000|100%| O|  |TAMS 0x0000000708a00000, 0x0000000708a00000| Untracked 
|  50|0x0000000708a00000, 0x0000000708c00000, 0x0000000708c00000|100%| O|  |TAMS 0x0000000708c00000, 0x0000000708c00000| Untracked 
|  51|0x0000000708c00000, 0x0000000708e00000, 0x0000000708e00000|100%| O|  |TAMS 0x0000000708c99a00, 0x0000000708e00000| Untracked 
|  52|0x0000000708e00000, 0x0000000709000000, 0x0000000709000000|100%| O|  |TAMS 0x0000000708e00000, 0x0000000709000000| Untracked 
|  53|0x0000000709000000, 0x0000000709200000, 0x0000000709200000|100%| O|  |TAMS 0x0000000709000000, 0x0000000709200000| Untracked 
|  54|0x0000000709200000, 0x0000000709400000, 0x0000000709400000|100%| O|  |TAMS 0x0000000709200000, 0x0000000709400000| Untracked 
|  55|0x0000000709400000, 0x0000000709600000, 0x0000000709600000|100%| O|  |TAMS 0x0000000709400000, 0x0000000709600000| Untracked 
|  56|0x0000000709600000, 0x0000000709800000, 0x0000000709800000|100%| O|  |TAMS 0x0000000709600000, 0x0000000709800000| Untracked 
|  57|0x0000000709800000, 0x0000000709a00000, 0x0000000709a00000|100%| O|  |TAMS 0x0000000709800000, 0x0000000709a00000| Untracked 
|  58|0x0000000709a00000, 0x0000000709c00000, 0x0000000709c00000|100%| O|  |TAMS 0x0000000709a00000, 0x0000000709ad5a00| Untracked 
|  59|0x0000000709c00000, 0x0000000709e00000, 0x0000000709e00000|100%| O|  |TAMS 0x0000000709c00000, 0x0000000709c00000| Untracked 
|  60|0x0000000709e00000, 0x000000070a000000, 0x000000070a000000|100%| O|  |TAMS 0x0000000709e00000, 0x0000000709e00000| Untracked 
|  61|0x000000070a000000, 0x000000070a17fa00, 0x000000070a200000| 74%| O|  |TAMS 0x000000070a000000, 0x000000070a000000| Untracked 
|  62|0x000000070a200000, 0x000000070a200000, 0x000000070a400000|  0%| F|  |TAMS 0x000000070a200000, 0x000000070a200000| Untracked 
|  63|0x000000070a400000, 0x000000070a400000, 0x000000070a600000|  0%| F|  |TAMS 0x000000070a400000, 0x000000070a400000| Untracked 
|  64|0x000000070a600000, 0x000000070a600000, 0x000000070a800000|  0%| F|  |TAMS 0x000000070a600000, 0x000000070a600000| Untracked 
|  65|0x000000070a800000, 0x000000070a800000, 0x000000070aa00000|  0%| F|  |TAMS 0x000000070a800000, 0x000000070a800000| Untracked 
|  66|0x000000070aa00000, 0x000000070aa00000, 0x000000070ac00000|  0%| F|  |TAMS 0x000000070aa00000, 0x000000070aa00000| Untracked 
|  67|0x000000070ac00000, 0x000000070ac00000, 0x000000070ae00000|  0%| F|  |TAMS 0x000000070ac00000, 0x000000070ac00000| Untracked 
|  68|0x000000070ae00000, 0x000000070ae00000, 0x000000070b000000|  0%| F|  |TAMS 0x000000070ae00000, 0x000000070ae00000| Untracked 
|  69|0x000000070b000000, 0x000000070b000000, 0x000000070b200000|  0%| F|  |TAMS 0x000000070b000000, 0x000000070b000000| Untracked 
|  70|0x000000070b200000, 0x000000070b200000, 0x000000070b400000|  0%| F|  |TAMS 0x000000070b200000, 0x000000070b200000| Untracked 
|  71|0x000000070b400000, 0x000000070b400000, 0x000000070b600000|  0%| F|  |TAMS 0x000000070b400000, 0x000000070b400000| Untracked 
|  72|0x000000070b600000, 0x000000070b600000, 0x000000070b800000|  0%| F|  |TAMS 0x000000070b600000, 0x000000070b600000| Untracked 
|  73|0x000000070b800000, 0x000000070b800000, 0x000000070ba00000|  0%| F|  |TAMS 0x000000070b800000, 0x000000070b800000| Untracked 
|  74|0x000000070ba00000, 0x000000070ba00000, 0x000000070bc00000|  0%| F|  |TAMS 0x000000070ba00000, 0x000000070ba00000| Untracked 
|  75|0x000000070bc00000, 0x000000070bc00000, 0x000000070be00000|  0%| F|  |TAMS 0x000000070bc00000, 0x000000070bc00000| Untracked 
|  76|0x000000070be00000, 0x000000070be00000, 0x000000070c000000|  0%| F|  |TAMS 0x000000070be00000, 0x000000070be00000| Untracked 
|  77|0x000000070c000000, 0x000000070c16f1c0, 0x000000070c200000| 71%| S|CS|TAMS 0x000000070c000000, 0x000000070c000000| Complete 
|  78|0x000000070c200000, 0x000000070c400000, 0x000000070c400000|100%| S|CS|TAMS 0x000000070c200000, 0x000000070c200000| Complete 
|  79|0x000000070c400000, 0x000000070c600000, 0x000000070c600000|100%| S|CS|TAMS 0x000000070c400000, 0x000000070c400000| Complete 
|  80|0x000000070c600000, 0x000000070c600000, 0x000000070c800000|  0%| F|  |TAMS 0x000000070c600000, 0x000000070c600000| Untracked 
|  81|0x000000070c800000, 0x000000070c800000, 0x000000070ca00000|  0%| F|  |TAMS 0x000000070c800000, 0x000000070c800000| Untracked 
|  82|0x000000070ca00000, 0x000000070ca00000, 0x000000070cc00000|  0%| F|  |TAMS 0x000000070ca00000, 0x000000070ca00000| Untracked 
|  83|0x000000070cc00000, 0x000000070cc00000, 0x000000070ce00000|  0%| F|  |TAMS 0x000000070cc00000, 0x000000070cc00000| Untracked 
|  84|0x000000070ce00000, 0x000000070ce00000, 0x000000070d000000|  0%| F|  |TAMS 0x000000070ce00000, 0x000000070ce00000| Untracked 
|  85|0x000000070d000000, 0x000000070d000000, 0x000000070d200000|  0%| F|  |TAMS 0x000000070d000000, 0x000000070d000000| Untracked 
|  86|0x000000070d200000, 0x000000070d200000, 0x000000070d400000|  0%| F|  |TAMS 0x000000070d200000, 0x000000070d200000| Untracked 
|  87|0x000000070d400000, 0x000000070d400000, 0x000000070d600000|  0%| F|  |TAMS 0x000000070d400000, 0x000000070d400000| Untracked 
|  88|0x000000070d600000, 0x000000070d600000, 0x000000070d800000|  0%| F|  |TAMS 0x000000070d600000, 0x000000070d600000| Untracked 
|  89|0x000000070d800000, 0x000000070d800000, 0x000000070da00000|  0%| F|  |TAMS 0x000000070d800000, 0x000000070d800000| Untracked 
|  90|0x000000070da00000, 0x000000070da00000, 0x000000070dc00000|  0%| F|  |TAMS 0x000000070da00000, 0x000000070da00000| Untracked 
|  91|0x000000070dc00000, 0x000000070dc00000, 0x000000070de00000|  0%| F|  |TAMS 0x000000070dc00000, 0x000000070dc00000| Untracked 
|  92|0x000000070de00000, 0x000000070de00000, 0x000000070e000000|  0%| F|  |TAMS 0x000000070de00000, 0x000000070de00000| Untracked 
|  93|0x000000070e000000, 0x000000070e000000, 0x000000070e200000|  0%| F|  |TAMS 0x000000070e000000, 0x000000070e000000| Untracked 
|  94|0x000000070e200000, 0x000000070e200000, 0x000000070e400000|  0%| F|  |TAMS 0x000000070e200000, 0x000000070e200000| Untracked 
|  95|0x000000070e400000, 0x000000070e400000, 0x000000070e600000|  0%| F|  |TAMS 0x000000070e400000, 0x000000070e400000| Untracked 
|  96|0x000000070e600000, 0x000000070e600000, 0x000000070e800000|  0%| F|  |TAMS 0x000000070e600000, 0x000000070e600000| Untracked 
|  97|0x000000070e800000, 0x000000070e800000, 0x000000070ea00000|  0%| F|  |TAMS 0x000000070e800000, 0x000000070e800000| Untracked 
|  98|0x000000070ea00000, 0x000000070ea00000, 0x000000070ec00000|  0%| F|  |TAMS 0x000000070ea00000, 0x000000070ea00000| Untracked 
|  99|0x000000070ec00000, 0x000000070ec00000, 0x000000070ee00000|  0%| F|  |TAMS 0x000000070ec00000, 0x000000070ec00000| Untracked 
| 100|0x000000070ee00000, 0x000000070ee00000, 0x000000070f000000|  0%| F|  |TAMS 0x000000070ee00000, 0x000000070ee00000| Untracked 
| 101|0x000000070f000000, 0x000000070f000000, 0x000000070f200000|  0%| F|  |TAMS 0x000000070f000000, 0x000000070f000000| Untracked 
| 102|0x000000070f200000, 0x000000070f200000, 0x000000070f400000|  0%| F|  |TAMS 0x000000070f200000, 0x000000070f200000| Untracked 
| 103|0x000000070f400000, 0x000000070f400000, 0x000000070f600000|  0%| F|  |TAMS 0x000000070f400000, 0x000000070f400000| Untracked 
| 104|0x000000070f600000, 0x000000070f600000, 0x000000070f800000|  0%| F|  |TAMS 0x000000070f600000, 0x000000070f600000| Untracked 
| 105|0x000000070f800000, 0x000000070f800000, 0x000000070fa00000|  0%| F|  |TAMS 0x000000070f800000, 0x000000070f800000| Untracked 
| 106|0x000000070fa00000, 0x000000070fa00000, 0x000000070fc00000|  0%| F|  |TAMS 0x000000070fa00000, 0x000000070fa00000| Untracked 
| 107|0x000000070fc00000, 0x000000070fc00000, 0x000000070fe00000|  0%| F|  |TAMS 0x000000070fc00000, 0x000000070fc00000| Untracked 
| 108|0x000000070fe00000, 0x000000070fe00000, 0x0000000710000000|  0%| F|  |TAMS 0x000000070fe00000, 0x000000070fe00000| Untracked 
| 109|0x0000000710000000, 0x0000000710000000, 0x0000000710200000|  0%| F|  |TAMS 0x0000000710000000, 0x0000000710000000| Untracked 
| 110|0x0000000710200000, 0x0000000710200000, 0x0000000710400000|  0%| F|  |TAMS 0x0000000710200000, 0x0000000710200000| Untracked 
| 111|0x0000000710400000, 0x0000000710400000, 0x0000000710600000|  0%| F|  |TAMS 0x0000000710400000, 0x0000000710400000| Untracked 
| 112|0x0000000710600000, 0x0000000710600000, 0x0000000710800000|  0%| F|  |TAMS 0x0000000710600000, 0x0000000710600000| Untracked 
| 113|0x0000000710800000, 0x0000000710800000, 0x0000000710a00000|  0%| F|  |TAMS 0x0000000710800000, 0x0000000710800000| Untracked 
| 114|0x0000000710a00000, 0x0000000710a00000, 0x0000000710c00000|  0%| F|  |TAMS 0x0000000710a00000, 0x0000000710a00000| Untracked 
| 115|0x0000000710c00000, 0x0000000710c00000, 0x0000000710e00000|  0%| F|  |TAMS 0x0000000710c00000, 0x0000000710c00000| Untracked 
| 116|0x0000000710e00000, 0x0000000710e00000, 0x0000000711000000|  0%| F|  |TAMS 0x0000000710e00000, 0x0000000710e00000| Untracked 
| 117|0x0000000711000000, 0x0000000711000000, 0x0000000711200000|  0%| F|  |TAMS 0x0000000711000000, 0x0000000711000000| Untracked 
| 118|0x0000000711200000, 0x0000000711200000, 0x0000000711400000|  0%| F|  |TAMS 0x0000000711200000, 0x0000000711200000| Untracked 
| 119|0x0000000711400000, 0x0000000711400000, 0x0000000711600000|  0%| F|  |TAMS 0x0000000711400000, 0x0000000711400000| Untracked 
| 120|0x0000000711600000, 0x0000000711600000, 0x0000000711800000|  0%| F|  |TAMS 0x0000000711600000, 0x0000000711600000| Untracked 
| 121|0x0000000711800000, 0x0000000711800000, 0x0000000711a00000|  0%| F|  |TAMS 0x0000000711800000, 0x0000000711800000| Untracked 
| 122|0x0000000711a00000, 0x0000000711a00000, 0x0000000711c00000|  0%| F|  |TAMS 0x0000000711a00000, 0x0000000711a00000| Untracked 
| 123|0x0000000711c00000, 0x0000000711c00000, 0x0000000711e00000|  0%| F|  |TAMS 0x0000000711c00000, 0x0000000711c00000| Untracked 
| 124|0x0000000711e00000, 0x0000000711e00000, 0x0000000712000000|  0%| F|  |TAMS 0x0000000711e00000, 0x0000000711e00000| Untracked 
| 125|0x0000000712000000, 0x0000000712000000, 0x0000000712200000|  0%| F|  |TAMS 0x0000000712000000, 0x0000000712000000| Untracked 
| 126|0x0000000712200000, 0x0000000712200000, 0x0000000712400000|  0%| F|  |TAMS 0x0000000712200000, 0x0000000712200000| Untracked 

Card table byte_map: [0x000001b36b320000,0x000001b36bb10000] _byte_map_base: 0x000001b367b0d000

Marking Bits (Prev, Next): (CMBitMap*) 0x000001b352067f20, (CMBitMap*) 0x000001b352067f60
 Prev Bits: [0x000001b36c300000, 0x000001b370268000)
 Next Bits: [0x000001b370270000, 0x000001b3741d8000)

Polling page: 0x000001b3520d0000

Metaspace:

Usage:
  Non-class:     54.82 MB used.
      Class:      6.61 MB used.
       Both:     61.43 MB used.

Virtual space:
  Non-class space:       64.00 MB reserved,      55.00 MB ( 86%) committed,  1 nodes.
      Class space:        1.00 GB reserved,       6.75 MB ( <1%) committed,  1 nodes.
             Both:        1.06 GB reserved,      61.75 MB (  6%) committed. 

Chunk freelists:
   Non-Class:  8.05 MB
       Class:  9.28 MB
        Both:  17.33 MB

MaxMetaspaceSize: unlimited
CompressedClassSpaceSize: 1.00 GB
Initial GC threshold: 21.00 MB
Current GC threshold: 100.94 MB
CDS: on
MetaspaceReclaimPolicy: balanced
 - commit_granule_bytes: 65536.
 - commit_granule_words: 8192.
 - virtual_space_node_default_size: 8388608.
 - enlarge_chunks_in_place: 1.
 - new_chunks_are_fully_committed: 0.
 - uncommit_free_chunks: 1.
 - use_allocation_guard: 0.
 - handle_deallocations: 1.


Internal statistics:

num_allocs_failed_limit: 9.
num_arena_births: 334.
num_arena_deaths: 0.
num_vsnodes_births: 2.
num_vsnodes_deaths: 0.
num_space_committed: 986.
num_space_uncommitted: 0.
num_chunks_returned_to_freelist: 9.
num_chunks_taken_from_freelist: 2549.
num_chunk_merges: 6.
num_chunk_splits: 2072.
num_chunks_enlarged: 1856.
num_inconsistent_stats: 0.

CodeHeap 'non-profiled nmethods': size=120000Kb used=8763Kb max_used=8763Kb free=111236Kb
 bounds [0x000001b362ba0000, 0x000001b363430000, 0x000001b36a0d0000]
CodeHeap 'profiled nmethods': size=120000Kb used=44645Kb max_used=44645Kb free=75354Kb
 bounds [0x000001b35b0d0000, 0x000001b35dc70000, 0x000001b362600000]
CodeHeap 'non-nmethods': size=5760Kb used=1363Kb max_used=1474Kb free=4396Kb
 bounds [0x000001b362600000, 0x000001b362870000, 0x000001b362ba0000]
 total_blobs=12956 nmethods=12273 adapters=592
 compilation: enabled
              stopped_count=0, restarted_count=0
 full_count=0

Compilation events (20 events):
Event: 39.955 Thread 0x000001b376ce0330 14547       2       org.jetbrains.kotlin.fir.scopes.impl.FirFakeOverrideGenerator::buildCopyIfNeeded (95 bytes)
Event: 39.956 Thread 0x000001b376ce0330 nmethod 14547 0x000001b35dc5c990 code [0x000001b35dc5cb80, 0x000001b35dc5d038]
Event: 39.956 Thread 0x000001b376ce0330 14549       2       org.jetbrains.kotlin.fir.FirVisibilityChecker::canSeeProtectedMemberOf (185 bytes)
Event: 39.959 Thread 0x000001b37e89eaf0 nmethod 14471 0x000001b36342df10 code [0x000001b36342e0c0, 0x000001b36342e778]
Event: 39.959 Thread 0x000001b37e89eaf0 14542       4       org.jetbrains.kotlin.fir.analysis.checkers.declaration.FirImplementationMismatchChecker::collectCallablesNamed (142 bytes)
Event: 39.959 Thread 0x000001b376ce0330 nmethod 14549 0x000001b35dc5d310 code [0x000001b35dc5d780, 0x000001b35dc5ebe8]
Event: 39.959 Thread 0x000001b376ce0330 14548       2       org.jetbrains.kotlin.fir.scopes.impl.FirFakeOverrideGenerator::buildCopy (845 bytes)
Event: 39.975 Thread 0x000001b376ce0330 nmethod 14548 0x000001b35dc5f910 code [0x000001b35dc605a0, 0x000001b35dc65378]
Event: 39.975 Thread 0x000001b376ce0330 14552       2       org.jetbrains.kotlin.fir.analysis.checkers.FirConflictsHelpersKt::collectTopLevel$collect (104 bytes)
Event: 39.978 Thread 0x000001b376ce0330 nmethod 14552 0x000001b35dc68090 code [0x000001b35dc68420, 0x000001b35dc69108]
Event: 39.978 Thread 0x000001b376ce0330 14551       2       org.jetbrains.kotlin.fir.declarations.builder.FirPropertyAccessorBuilder::setResolvePhase (12 bytes)
Event: 39.978 Thread 0x000001b376ce0330 nmethod 14551 0x000001b35dc69b90 code [0x000001b35dc69d60, 0x000001b35dc6a078]
Event: 39.978 Thread 0x000001b376ce0330 14550       1       org.jetbrains.kotlin.fir.declarations.builder.FirPropertyAccessorBuilder::setContractDescription (6 bytes)
Event: 39.979 Thread 0x000001b376ce0330 nmethod 14550 0x000001b36342eb10 code [0x000001b36342eca0, 0x000001b36342edb8]
Event: 39.990 Thread 0x000001b376ce0330 14553       2       java.util.regex.Matcher::match (154 bytes)
Event: 39.991 Thread 0x000001b376ce0330 nmethod 14553 0x000001b35dc6a290 code [0x000001b35dc6a440, 0x000001b35dc6a738]
Event: 40.013 Thread 0x000001b376ce0330 14554       2       org.jetbrains.kotlin.fir.java.enhancement.FirAnnotationTypeQualifierResolver::toEnumNames (256 bytes)
Event: 40.014 Thread 0x000001b376ce0330 nmethod 14554 0x000001b35dc6a910 code [0x000001b35dc6abe0, 0x000001b35dc6b6a8]
Event: 40.014 Thread 0x000001b376ce0330 14555       2       org.jetbrains.kotlin.fir.scopes.MemberWithBaseScope::equals (55 bytes)
Event: 40.014 Thread 0x000001b376ce0330 nmethod 14555 0x000001b35dc6bb90 code [0x000001b35dc6bd40, 0x000001b35dc6c058]

GC Heap History (20 events):
Event: 23.451 GC heap after
{Heap after GC invocations=25 (full 0):
 garbage-first heap   total 163840K, used 89128K [0x0000000702600000, 0x0000000800000000)
  region size 2048K, 2 young (4096K), 2 survivors (4096K)
 Metaspace       used 56332K, committed 56640K, reserved 1114112K
  class space    used 6333K, committed 6464K, reserved 1048576K
}
Event: 25.622 GC heap before
{Heap before GC invocations=26 (full 0):
 garbage-first heap   total 163840K, used 128040K [0x0000000702600000, 0x0000000800000000)
  region size 2048K, 21 young (43008K), 2 survivors (4096K)
 Metaspace       used 56733K, committed 57024K, reserved 1114112K
  class space    used 6343K, committed 6464K, reserved 1048576K
}
Event: 25.649 GC heap after
{Heap after GC invocations=27 (full 0):
 garbage-first heap   total 163840K, used 94832K [0x0000000702600000, 0x0000000800000000)
  region size 2048K, 3 young (6144K), 3 survivors (6144K)
 Metaspace       used 56733K, committed 57024K, reserved 1114112K
  class space    used 6343K, committed 6464K, reserved 1048576K
}
Event: 27.240 GC heap before
{Heap before GC invocations=27 (full 0):
 garbage-first heap   total 163840K, used 129648K [0x0000000702600000, 0x0000000800000000)
  region size 2048K, 20 young (40960K), 3 survivors (6144K)
 Metaspace       used 57225K, committed 57536K, reserved 1114112K
  class space    used 6368K, committed 6528K, reserved 1048576K
}
Event: 27.267 GC heap after
{Heap after GC invocations=28 (full 0):
 garbage-first heap   total 196608K, used 97991K [0x0000000702600000, 0x0000000800000000)
  region size 2048K, 2 young (4096K), 2 survivors (4096K)
 Metaspace       used 57225K, committed 57536K, reserved 1114112K
  class space    used 6368K, committed 6528K, reserved 1048576K
}
Event: 30.842 GC heap before
{Heap before GC invocations=29 (full 0):
 garbage-first heap   total 196608K, used 151239K [0x0000000702600000, 0x0000000800000000)
  region size 2048K, 28 young (57344K), 2 survivors (4096K)
 Metaspace       used 57750K, committed 58048K, reserved 1114112K
  class space    used 6410K, committed 6528K, reserved 1048576K
}
Event: 30.861 GC heap after
{Heap after GC invocations=30 (full 0):
 garbage-first heap   total 196608K, used 104133K [0x0000000702600000, 0x0000000800000000)
  region size 2048K, 4 young (8192K), 4 survivors (8192K)
 Metaspace       used 57750K, committed 58048K, reserved 1114112K
  class space    used 6410K, committed 6528K, reserved 1048576K
}
Event: 30.974 GC heap before
{Heap before GC invocations=30 (full 0):
 garbage-first heap   total 196608K, used 104133K [0x0000000702600000, 0x0000000800000000)
  region size 2048K, 5 young (10240K), 4 survivors (8192K)
 Metaspace       used 57797K, committed 58048K, reserved 1114112K
  class space    used 6417K, committed 6528K, reserved 1048576K
}
Event: 30.999 GC heap after
{Heap after GC invocations=31 (full 0):
 garbage-first heap   total 196608K, used 104386K [0x0000000702600000, 0x0000000800000000)
  region size 2048K, 1 young (2048K), 1 survivors (2048K)
 Metaspace       used 57797K, committed 58048K, reserved 1114112K
  class space    used 6417K, committed 6528K, reserved 1048576K
}
Event: 34.323 GC heap before
{Heap before GC invocations=31 (full 0):
 garbage-first heap   total 196608K, used 153538K [0x0000000702600000, 0x0000000800000000)
  region size 2048K, 25 young (51200K), 1 survivors (2048K)
 Metaspace       used 61682K, committed 61952K, reserved 1114112K
  class space    used 6717K, committed 6848K, reserved 1048576K
}
Event: 34.336 GC heap after
{Heap after GC invocations=32 (full 0):
 garbage-first heap   total 196608K, used 106510K [0x0000000702600000, 0x0000000800000000)
  region size 2048K, 2 young (4096K), 2 survivors (4096K)
 Metaspace       used 61682K, committed 61952K, reserved 1114112K
  class space    used 6717K, committed 6848K, reserved 1048576K
}
Event: 37.535 GC heap before
{Heap before GC invocations=33 (full 0):
 garbage-first heap   total 196608K, used 155662K [0x0000000702600000, 0x0000000800000000)
  region size 2048K, 26 young (53248K), 2 survivors (4096K)
 Metaspace       used 62359K, committed 62720K, reserved 1114112K
  class space    used 6735K, committed 6912K, reserved 1048576K
}
Event: 37.562 GC heap after
{Heap after GC invocations=34 (full 0):
 garbage-first heap   total 196608K, used 110782K [0x0000000702600000, 0x0000000800000000)
  region size 2048K, 4 young (8192K), 4 survivors (8192K)
 Metaspace       used 62359K, committed 62720K, reserved 1114112K
  class space    used 6735K, committed 6912K, reserved 1048576K
}
Event: 37.599 GC heap before
{Heap before GC invocations=34 (full 0):
 garbage-first heap   total 196608K, used 112830K [0x0000000702600000, 0x0000000800000000)
  region size 2048K, 5 young (10240K), 4 survivors (8192K)
 Metaspace       used 62360K, committed 62720K, reserved 1114112K
  class space    used 6735K, committed 6912K, reserved 1048576K
}
Event: 37.626 GC heap after
{Heap after GC invocations=35 (full 0):
 garbage-first heap   total 196608K, used 110779K [0x0000000702600000, 0x0000000800000000)
  region size 2048K, 1 young (2048K), 1 survivors (2048K)
 Metaspace       used 62360K, committed 62720K, reserved 1114112K
  class space    used 6735K, committed 6912K, reserved 1048576K
}
Event: 38.440 GC heap before
{Heap before GC invocations=35 (full 0):
 garbage-first heap   total 196608K, used 157883K [0x0000000702600000, 0x0000000800000000)
  region size 2048K, 24 young (49152K), 1 survivors (2048K)
 Metaspace       used 62681K, committed 62976K, reserved 1114112K
  class space    used 6758K, committed 6912K, reserved 1048576K
}
Event: 38.458 GC heap after
{Heap after GC invocations=36 (full 0):
 garbage-first heap   total 196608K, used 118341K [0x0000000702600000, 0x0000000800000000)
  region size 2048K, 3 young (6144K), 3 survivors (6144K)
 Metaspace       used 62681K, committed 62976K, reserved 1114112K
  class space    used 6758K, committed 6912K, reserved 1048576K
}
Event: 39.333 GC heap before
{Heap before GC invocations=36 (full 0):
 garbage-first heap   total 196608K, used 159301K [0x0000000702600000, 0x0000000800000000)
  region size 2048K, 23 young (47104K), 3 survivors (6144K)
 Metaspace       used 62805K, committed 63104K, reserved 1114112K
  class space    used 6763K, committed 6912K, reserved 1048576K
}
Event: 39.364 GC heap after
{Heap after GC invocations=37 (full 0):
 garbage-first heap   total 196608K, used 125782K [0x0000000702600000, 0x0000000800000000)
  region size 2048K, 3 young (6144K), 3 survivors (6144K)
 Metaspace       used 62805K, committed 63104K, reserved 1114112K
  class space    used 6763K, committed 6912K, reserved 1048576K
}
Event: 40.016 GC heap before
{Heap before GC invocations=37 (full 0):
 garbage-first heap   total 196608K, used 158550K [0x0000000702600000, 0x0000000800000000)
  region size 2048K, 19 young (38912K), 3 survivors (6144K)
 Metaspace       used 62899K, committed 63232K, reserved 1114112K
  class space    used 6763K, committed 6912K, reserved 1048576K
}

Deoptimization events (20 events):
Event: 39.934 Thread 0x000001b351ffc340 Uncommon trap: trap_request=0xffffff66 fr.pc=0x000001b36342b7e8 relative=0x0000000000001228
Event: 39.934 Thread 0x000001b351ffc340 Uncommon trap: reason=speculate_class_check action=maybe_recompile pc=0x000001b36342b7e8 method=org.jetbrains.kotlin.fir.analysis.checkers.FirHelpersKt.isVisibleInClass(Lorg/jetbrains/kotlin/fir/symbols/FirBasedSymbol;Lorg/jetbrains/kotlin/fir/symbols/imp
Event: 39.934 Thread 0x000001b351ffc340 DEOPT PACKING pc=0x000001b36342b7e8 sp=0x00000080091fd6e0
Event: 39.934 Thread 0x000001b351ffc340 DEOPT UNPACKING pc=0x000001b3626523a3 sp=0x00000080091fd578 mode 2
Event: 39.974 Thread 0x000001b351ffc340 Uncommon trap: trap_request=0xffffffbe fr.pc=0x000001b36342e4fc relative=0x000000000000043c
Event: 39.974 Thread 0x000001b351ffc340 Uncommon trap: reason=profile_predicate action=maybe_recompile pc=0x000001b36342e4fc method=java.util.regex.Pattern$Slice.match(Ljava/util/regex/Matcher;ILjava/lang/CharSequence;)Z @ 18 c2
Event: 39.974 Thread 0x000001b351ffc340 DEOPT PACKING pc=0x000001b36342e4fc sp=0x00000080091fcb50
Event: 39.974 Thread 0x000001b351ffc340 DEOPT UNPACKING pc=0x000001b3626523a3 sp=0x00000080091fca58 mode 2
Event: 39.974 Thread 0x000001b351ffc340 Uncommon trap: trap_request=0xffffffbe fr.pc=0x000001b36342e4fc relative=0x000000000000043c
Event: 39.974 Thread 0x000001b351ffc340 Uncommon trap: reason=profile_predicate action=maybe_recompile pc=0x000001b36342e4fc method=java.util.regex.Pattern$Slice.match(Ljava/util/regex/Matcher;ILjava/lang/CharSequence;)Z @ 18 c2
Event: 39.974 Thread 0x000001b351ffc340 DEOPT PACKING pc=0x000001b36342e4fc sp=0x00000080091fcb50
Event: 39.974 Thread 0x000001b351ffc340 DEOPT UNPACKING pc=0x000001b3626523a3 sp=0x00000080091fca58 mode 2
Event: 39.975 Thread 0x000001b351ffc340 Uncommon trap: trap_request=0xffffffbe fr.pc=0x000001b36342e4fc relative=0x000000000000043c
Event: 39.975 Thread 0x000001b351ffc340 Uncommon trap: reason=profile_predicate action=maybe_recompile pc=0x000001b36342e4fc method=java.util.regex.Pattern$Slice.match(Ljava/util/regex/Matcher;ILjava/lang/CharSequence;)Z @ 18 c2
Event: 39.975 Thread 0x000001b351ffc340 DEOPT PACKING pc=0x000001b36342e4fc sp=0x00000080091fcb50
Event: 39.975 Thread 0x000001b351ffc340 DEOPT UNPACKING pc=0x000001b3626523a3 sp=0x00000080091fca58 mode 2
Event: 39.976 Thread 0x000001b351ffc340 Uncommon trap: trap_request=0xffffffbe fr.pc=0x000001b36342e4fc relative=0x000000000000043c
Event: 39.976 Thread 0x000001b351ffc340 Uncommon trap: reason=profile_predicate action=maybe_recompile pc=0x000001b36342e4fc method=java.util.regex.Pattern$Slice.match(Ljava/util/regex/Matcher;ILjava/lang/CharSequence;)Z @ 18 c2
Event: 39.976 Thread 0x000001b351ffc340 DEOPT PACKING pc=0x000001b36342e4fc sp=0x00000080091fcb50
Event: 39.976 Thread 0x000001b351ffc340 DEOPT UNPACKING pc=0x000001b3626523a3 sp=0x00000080091fca58 mode 2

Classes unloaded (0 events):
No events

Classes redefined (0 events):
No events

Internal exceptions (20 events):
Event: 17.059 Thread 0x000001b351ffc340 Exception <a 'java/lang/NoSuchMethodError'{0x00000007123c5a10}: 'java.lang.Object java.lang.invoke.DirectMethodHandle$Holder.newInvokeSpecial(java.lang.Object, java.lang.Object, java.lang.Object, java.lang.Object, java.lang.Object, int)'> (0x00000007123c5a10) 
thrown [s\open\src\hotspot\share\interpreter\linkResolver.cpp, line 759]
Event: 17.060 Thread 0x000001b351ffc340 Exception <a 'java/lang/NoSuchMethodError'{0x00000007123ca918}: 'java.lang.Object java.lang.invoke.DirectMethodHandle$Holder.invokeSpecial(java.lang.Object, java.lang.Object, java.lang.Object, java.lang.Object, java.lang.Object, java.lang.Object, int)'> (0x00000007123ca918) 
thrown [s\open\src\hotspot\share\interpreter\linkResolver.cpp, line 759]
Event: 17.061 Thread 0x000001b351ffc340 Exception <a 'java/lang/NoSuchMethodError'{0x00000007123cf1a8}: 'java.lang.Object java.lang.invoke.Invokers$Holder.linkToTargetMethod(java.lang.Object, java.lang.Object, java.lang.Object, java.lang.Object, int, java.lang.Object)'> (0x00000007123cf1a8) 
thrown [s\open\src\hotspot\share\interpreter\linkResolver.cpp, line 759]
Event: 18.410 Thread 0x000001b351ffc340 Exception <a 'java/lang/NoSuchMethodError'{0x000000070ae6ff88}: 'java.lang.Object java.lang.invoke.DirectMethodHandle$Holder.newInvokeSpecial(java.lang.Object, int, java.lang.Object, java.lang.Object, java.lang.Object)'> (0x000000070ae6ff88) 
thrown [s\open\src\hotspot\share\interpreter\linkResolver.cpp, line 759]
Event: 18.411 Thread 0x000001b351ffc340 Exception <a 'java/lang/NoSuchMethodError'{0x000000070ae749c0}: 'java.lang.Object java.lang.invoke.DirectMethodHandle$Holder.invokeSpecial(java.lang.Object, java.lang.Object, int, java.lang.Object, java.lang.Object, java.lang.Object)'> (0x000000070ae749c0) 
thrown [s\open\src\hotspot\share\interpreter\linkResolver.cpp, line 759]
Event: 18.411 Thread 0x000001b351ffc340 Exception <a 'java/lang/NoSuchMethodError'{0x000000070ae789b8}: 'java.lang.Object java.lang.invoke.Invokers$Holder.linkToTargetMethod(int, java.lang.Object, java.lang.Object, java.lang.Object, java.lang.Object)'> (0x000000070ae789b8) 
thrown [s\open\src\hotspot\share\interpreter\linkResolver.cpp, line 759]
Event: 18.790 Thread 0x000001b351ffc340 Exception <a 'java/lang/NoSuchMethodError'{0x000000070a728de0}: 'java.lang.Object java.lang.invoke.DirectMethodHandle$Holder.newInvokeSpecial(java.lang.Object, java.lang.Object, java.lang.Object, java.lang.Object, java.lang.Object, java.lang.Object, int)'> (0x000000070a728de0) 
thrown [s\open\src\hotspot\share\interpreter\linkResolver.cpp, line 759]
Event: 18.791 Thread 0x000001b351ffc340 Exception <a 'java/lang/NoSuchMethodError'{0x000000070a72e618}: 'java.lang.Object java.lang.invoke.DirectMethodHandle$Holder.invokeSpecial(java.lang.Object, java.lang.Object, java.lang.Object, java.lang.Object, java.lang.Object, java.lang.Object, java.lang.Object, int)'> (0x000000070a72e618) 
thrown [s\open\src\hotspot\share\interpreter\linkResolver.cpp, line 759]
Event: 19.986 Thread 0x000001b351ffc340 Exception <a 'java/lang/NoSuchMethodError'{0x000000070bb78a30}: 'java.lang.Object java.lang.invoke.DirectMethodHandle$Holder.invokeStatic(java.lang.Object, int, java.lang.Object, java.lang.Object)'> (0x000000070bb78a30) 
thrown [s\open\src\hotspot\share\interpreter\linkResolver.cpp, line 759]
Event: 20.135 Thread 0x000001b351ffc340 Implicit null exception at 0x000001b362f40cec to 0x000001b362f416ec
Event: 20.136 Thread 0x000001b351ffc340 Implicit null exception at 0x000001b362dbbd30 to 0x000001b362dbc628
Event: 31.768 Thread 0x000001b351ffc340 Implicit null exception at 0x000001b362def040 to 0x000001b362df09d4
Event: 32.206 Thread 0x000001b351ffc340 Exception <a 'java/lang/NoSuchMethodError'{0x000000070cb4b8a0}: 'java.lang.Object java.lang.invoke.DirectMethodHandle$Holder.invokeStaticInit(java.lang.Object, int, int, java.lang.Object)'> (0x000000070cb4b8a0) 
thrown [s\open\src\hotspot\share\interpreter\linkResolver.cpp, line 759]
Event: 32.268 Thread 0x000001b351ffc340 Implicit null exception at 0x000001b362e8de55 to 0x000001b362e8e038
Event: 32.497 Thread 0x000001b351ffc340 Exception <a 'java/lang/NoSuchMethodError'{0x000000070c64fa10}: 'java.lang.Object java.lang.invoke.DirectMethodHandle$Holder.invokeStatic(java.lang.Object, java.lang.Object, java.lang.Object, java.lang.Object, java.lang.Object, int)'> (0x000000070c64fa10) 
thrown [s\open\src\hotspot\share\interpreter\linkResolver.cpp, line 759]
Event: 33.330 Thread 0x000001b351ffc340 Implicit null exception at 0x000001b36300d6e0 to 0x000001b36300d780
Event: 37.172 Thread 0x000001b351ffc340 Exception <a 'java/lang/NoSuchMethodError'{0x000000070c666e10}: 'java.lang.Object java.lang.invoke.DirectMethodHandle$Holder.newInvokeSpecial(java.lang.Object, java.lang.Object, int, java.lang.Object, java.lang.Object, java.lang.Object)'> (0x000000070c666e10) 
thrown [s\open\src\hotspot\share\interpreter\linkResolver.cpp, line 759]
Event: 37.172 Thread 0x000001b351ffc340 Exception <a 'java/lang/NoSuchMethodError'{0x000000070c66b138}: 'java.lang.Object java.lang.invoke.DirectMethodHandle$Holder.invokeSpecial(java.lang.Object, java.lang.Object, java.lang.Object, int, java.lang.Object, java.lang.Object, java.lang.Object)'> (0x000000070c66b138) 
thrown [s\open\src\hotspot\share\interpreter\linkResolver.cpp, line 759]
Event: 37.173 Thread 0x000001b351ffc340 Exception <a 'java/lang/NoSuchMethodError'{0x000000070c66ea18}: 'java.lang.Object java.lang.invoke.Invokers$Holder.linkToTargetMethod(java.lang.Object, int, java.lang.Object, java.lang.Object, java.lang.Object, java.lang.Object)'> (0x000000070c66ea18) 
thrown [s\open\src\hotspot\share\interpreter\linkResolver.cpp, line 759]
Event: 38.757 Thread 0x000001b351ffc340 Exception <a 'java/lang/NoSuchMethodError'{0x000000070d73f920}: 'java.lang.Object java.lang.invoke.DirectMethodHandle$Holder.invokeStatic(java.lang.Object, java.lang.Object, java.lang.Object, java.lang.Object, java.lang.Object, java.lang.Object, java.lang.Object, java.lang.Object, int)'> (0x000000070d73f920) 
thrown [s\open\src\hotspot\share\interpreter\linkResolver.cpp, line 759]

VM Operations (20 events):
Event: 35.295 Executing VM operation: HandshakeAllThreads done
Event: 35.994 Executing VM operation: ICBufferFull
Event: 35.995 Executing VM operation: ICBufferFull done
Event: 37.151 Executing VM operation: ICBufferFull
Event: 37.151 Executing VM operation: ICBufferFull done
Event: 37.535 Executing VM operation: G1CollectForAllocation
Event: 37.562 Executing VM operation: G1CollectForAllocation done
Event: 37.599 Executing VM operation: G1CollectForAllocation
Event: 37.626 Executing VM operation: G1CollectForAllocation done
Event: 37.712 Executing VM operation: HandshakeAllThreads
Event: 37.712 Executing VM operation: HandshakeAllThreads done
Event: 37.714 Executing VM operation: HandshakeAllThreads
Event: 37.714 Executing VM operation: HandshakeAllThreads done
Event: 38.440 Executing VM operation: G1CollectForAllocation
Event: 38.458 Executing VM operation: G1CollectForAllocation done
Event: 38.642 Executing VM operation: HandshakeAllThreads
Event: 38.642 Executing VM operation: HandshakeAllThreads done
Event: 39.333 Executing VM operation: G1CollectForAllocation
Event: 39.364 Executing VM operation: G1CollectForAllocation done
Event: 40.015 Executing VM operation: G1CollectForAllocation

Events (20 events):
Event: 35.344 Thread 0x000001b376ce27b0 flushing nmethod 0x000001b35d3fcf90
Event: 35.346 Thread 0x000001b376ce27b0 flushing nmethod 0x000001b35d437d90
Event: 35.346 Thread 0x000001b376ce27b0 flushing nmethod 0x000001b35d4abd10
Event: 35.347 Thread 0x000001b376ce27b0 flushing nmethod 0x000001b35d4fdc10
Event: 35.347 Thread 0x000001b376ce27b0 flushing nmethod 0x000001b35d4fdf90
Event: 35.347 Thread 0x000001b376ce27b0 flushing nmethod 0x000001b35d501790
Event: 35.348 Thread 0x000001b376ce27b0 flushing nmethod 0x000001b35d5aab10
Event: 35.348 Thread 0x000001b376ce27b0 flushing nmethod 0x000001b35d5fec10
Event: 35.349 Thread 0x000001b376ce27b0 flushing nmethod 0x000001b35d6c4810
Event: 38.650 Thread 0x000001b376ce27b0 flushing nmethod 0x000001b3633d6990
Event: 38.659 Thread 0x000001b376ce27b0 flushing nmethod 0x000001b35b7fce10
Event: 38.677 Thread 0x000001b376ce27b0 flushing nmethod 0x000001b35c5ef110
Event: 38.692 Thread 0x000001b376ce27b0 flushing nmethod 0x000001b35d27d390
Event: 38.692 Thread 0x000001b376ce27b0 flushing nmethod 0x000001b35d2e3010
Event: 38.693 Thread 0x000001b376ce27b0 flushing nmethod 0x000001b35d37d010
Event: 38.693 Thread 0x000001b376ce27b0 flushing nmethod 0x000001b35d385990
Event: 38.693 Thread 0x000001b376ce27b0 flushing nmethod 0x000001b35d38be10
Event: 38.694 Thread 0x000001b376ce27b0 flushing nmethod 0x000001b35d422490
Event: 38.695 Thread 0x000001b376ce27b0 flushing nmethod 0x000001b35d51b410
Event: 38.695 Thread 0x000001b376ce27b0 flushing nmethod 0x000001b35d563f10


Dynamic libraries:
0x00007ff648740000 - 0x00007ff648750000 	C:\Program Files\Java\jdk-17\bin\java.exe
0x00007fffaf330000 - 0x00007fffaf528000 	C:\WINDOWS\SYSTEM32\ntdll.dll
0x00007fffae6e0000 - 0x00007fffae7a2000 	C:\WINDOWS\System32\KERNEL32.DLL
0x00007fffad060000 - 0x00007fffad356000 	C:\WINDOWS\System32\KERNELBASE.dll
0x00007fffacf00000 - 0x00007fffad000000 	C:\WINDOWS\System32\ucrtbase.dll
0x00007fff7e890000 - 0x00007fff7e8a9000 	C:\Program Files\Java\jdk-17\bin\jli.dll
0x00007fff7e640000 - 0x00007fff7e65b000 	C:\Program Files\Java\jdk-17\bin\VCRUNTIME140.dll
0x00007fffae620000 - 0x00007fffae6d1000 	C:\WINDOWS\System32\ADVAPI32.dll
0x00007fffaec00000 - 0x00007fffaec9e000 	C:\WINDOWS\System32\msvcrt.dll
0x00007fffae4b0000 - 0x00007fffae54f000 	C:\WINDOWS\System32\sechost.dll
0x00007fffad520000 - 0x00007fffad640000 	C:\WINDOWS\System32\RPCRT4.dll
0x00007fffad000000 - 0x00007fffad027000 	C:\WINDOWS\System32\bcrypt.dll
0x00007fffaea60000 - 0x00007fffaebfd000 	C:\WINDOWS\System32\USER32.dll
0x00007fffad030000 - 0x00007fffad052000 	C:\WINDOWS\System32\win32u.dll
0x00007fffaeca0000 - 0x00007fffaeccb000 	C:\WINDOWS\System32\GDI32.dll
0x00007fffacbd0000 - 0x00007fffacce9000 	C:\WINDOWS\System32\gdi32full.dll
0x00007fffac9d0000 - 0x00007fffaca6d000 	C:\WINDOWS\System32\msvcp_win.dll
0x00007fff95c70000 - 0x00007fff95f0b000 	C:\WINDOWS\WinSxS\amd64_microsoft.windows.common-controls_6595b64144ccf1df_6.0.19041.6280_none_60bc30a171f2f3f3\COMCTL32.dll
0x00007fff9f660000 - 0x00007fff9f66a000 	C:\WINDOWS\SYSTEM32\VERSION.dll
0x00007fffad380000 - 0x00007fffad3af000 	C:\WINDOWS\System32\IMM32.DLL
0x00007fff82210000 - 0x00007fff8221c000 	C:\Program Files\Java\jdk-17\bin\vcruntime140_1.dll
0x00007fff80040000 - 0x00007fff800ce000 	C:\Program Files\Java\jdk-17\bin\msvcp140.dll
0x00007fff71050000 - 0x00007fff71c30000 	C:\Program Files\Java\jdk-17\bin\server\jvm.dll
0x00007fffad640000 - 0x00007fffad648000 	C:\WINDOWS\System32\PSAPI.DLL
0x00007fffa8410000 - 0x00007fffa8419000 	C:\WINDOWS\SYSTEM32\WSOCK32.dll
0x00007fffae7b0000 - 0x00007fffae81b000 	C:\WINDOWS\System32\WS2_32.dll
0x00007fff95a00000 - 0x00007fff95a27000 	C:\WINDOWS\SYSTEM32\WINMM.dll
0x00007fffab240000 - 0x00007fffab252000 	C:\WINDOWS\SYSTEM32\kernel.appcore.dll
0x00007fff82200000 - 0x00007fff8220a000 	C:\Program Files\Java\jdk-17\bin\jimage.dll
0x00007fffaa570000 - 0x00007fffaa771000 	C:\WINDOWS\SYSTEM32\DBGHELP.DLL
0x00007fff8e670000 - 0x00007fff8e6a4000 	C:\WINDOWS\SYSTEM32\dbgcore.DLL
0x00007fffacdc0000 - 0x00007ffface42000 	C:\WINDOWS\System32\bcryptPrimitives.dll
0x00007fff821d0000 - 0x00007fff821f5000 	C:\Program Files\Java\jdk-17\bin\java.dll
0x00007fff76500000 - 0x00007fff765d7000 	C:\Program Files\Java\jdk-17\bin\jsvml.dll
0x00007fffad830000 - 0x00007fffadfa0000 	C:\WINDOWS\System32\SHELL32.dll
0x00007fffaa7a0000 - 0x00007fffaaf44000 	C:\WINDOWS\SYSTEM32\windows.storage.dll
0x00007fffadfa0000 - 0x00007fffae2f3000 	C:\WINDOWS\System32\combase.dll
0x00007fffac400000 - 0x00007fffac42b000 	C:\WINDOWS\SYSTEM32\Wldp.dll
0x00007fffae550000 - 0x00007fffae61d000 	C:\WINDOWS\System32\OLEAUT32.dll
0x00007fffae890000 - 0x00007fffae93d000 	C:\WINDOWS\System32\SHCORE.dll
0x00007fffad650000 - 0x00007fffad6ab000 	C:\WINDOWS\System32\shlwapi.dll
0x00007fffac900000 - 0x00007fffac924000 	C:\WINDOWS\SYSTEM32\profapi.dll
0x00007fff80110000 - 0x00007fff80129000 	C:\Program Files\Java\jdk-17\bin\net.dll
0x00007fff9f800000 - 0x00007fff9f90a000 	C:\WINDOWS\SYSTEM32\WINHTTP.dll
0x00007fffac160000 - 0x00007fffac1ca000 	C:\WINDOWS\system32\mswsock.dll
0x00007fff7e670000 - 0x00007fff7e686000 	C:\Program Files\Java\jdk-17\bin\nio.dll
0x00007fff7d3f0000 - 0x00007fff7d408000 	C:\Program Files\Java\jdk-17\bin\zip.dll
0x00007fffa6dc0000 - 0x00007fffa6dd0000 	C:\Program Files\Java\jdk-17\bin\verify.dll

dbghelp: loaded successfully - version: 4.0.5 - missing functions: none
symbol engine: initialized successfully - sym options: 0x614 - pdb path: .;C:\Program Files\Java\jdk-17\bin;C:\WINDOWS\SYSTEM32;C:\WINDOWS\WinSxS\amd64_microsoft.windows.common-controls_6595b64144ccf1df_6.0.19041.6280_none_60bc30a171f2f3f3;C:\Program Files\Java\jdk-17\bin\server

VM Arguments:
java_command: org.jetbrains.kotlin.cli.jvm.K2JVMCompiler @E:\Connect\app\node_modules\react-native-screens\android\build\20250905_15820287265544610423.compiler.options
java_class_path (initial): E:\GradleCache\caches\modules-2\files-2.1\org.jetbrains.kotlin\kotlin-compiler-embeddable\2.1.20\4ef56b3316798316bfac7a0ae443391c9e900ea1\kotlin-compiler-embeddable-2.1.20.jar;E:\GradleCache\caches\modules-2\files-2.1\org.jetbrains.kotlin\kotlin-stdlib\2.1.20\aa8ca79cd50578314f6d1180c47cbe14c0fee567\kotlin-stdlib-2.1.20.jar;E:\GradleCache\caches\modules-2\files-2.1\org.jetbrains.kotlin\kotlin-script-runtime\2.1.20\f7c623d7f7bdb01f5ccd6b437bc0a937fcd7c57e\kotlin-script-runtime-2.1.20.jar;E:\GradleCache\caches\modules-2\files-2.1\org.jetbrains.kotlin\kotlin-reflect\1.6.10\1cbe9c92c12a94eea200d23c2bbaedaf3daf5132\kotlin-reflect-1.6.10.jar;E:\GradleCache\caches\modules-2\files-2.1\org.jetbrains.kotlin\kotlin-daemon-embeddable\2.1.20\95670fce77befd02a70a0bc3abe8ee4533521334\kotlin-daemon-embeddable-2.1.20.jar;E:\GradleCache\caches\modules-2\files-2.1\org.jetbrains.intellij.deps\trove4j\1.0.20200330\3afb14d5f9ceb459d724e907a21145e8ff394f02\trove4j-1.0.20200330.jar;E:\GradleCache\caches\modules-2\files-2.1\org.jetbrains.kotlinx\kotlinx-coroutines-core-jvm\1.8.0\ac1dc37a30a93150b704022f8d895ee1bd3a36b3\kotlinx-coroutines-core-jvm-1.8.0.jar;E:\GradleCache\caches\modules-2\files-2.1\org.jetbrains\annotations\13.0\919f0dfe192fb4e063e7dacadee7f8bb9a2672a9\annotations-13.0.jar
Launcher Type: SUN_STANDARD

[Global flags]
     intx CICompilerCount                          = 4                                         {product} {ergonomic}
     uint ConcGCThreads                            = 2                                         {product} {ergonomic}
     uint G1ConcRefinementThreads                  = 8                                         {product} {ergonomic}
   size_t G1HeapRegionSize                         = 2097152                                   {product} {ergonomic}
    uintx GCDrainStackTargetSize                   = 64                                        {product} {ergonomic}
   size_t InitialHeapSize                          = 266338304                                 {product} {ergonomic}
   size_t MarkStackSize                            = 4194304                                   {product} {ergonomic}
   size_t MaxHeapSize                              = 4255121408                                {product} {ergonomic}
   size_t MaxNewSize                               = 2552233984                                {product} {ergonomic}
   size_t MinHeapDeltaBytes                        = 2097152                                   {product} {ergonomic}
   size_t MinHeapSize                              = 8388608                                   {product} {ergonomic}
    uintx NonNMethodCodeHeapSize                   = 5839372                                {pd product} {ergonomic}
    uintx NonProfiledCodeHeapSize                  = 122909434                              {pd product} {ergonomic}
    uintx ProfiledCodeHeapSize                     = 122909434                              {pd product} {ergonomic}
    uintx ReservedCodeCacheSize                    = 251658240                              {pd product} {ergonomic}
     bool SegmentedCodeCache                       = true                                      {product} {ergonomic}
   size_t SoftMaxHeapSize                          = 4255121408                             {manageable} {ergonomic}
     bool UseCompressedClassPointers               = true                           {product lp64_product} {ergonomic}
     bool UseCompressedOops                        = true                           {product lp64_product} {ergonomic}
     bool UseG1GC                                  = true                                      {product} {ergonomic}
     bool UseLargePagesIndividualAllocation        = false                                  {pd product} {ergonomic}

Logging:
Log output configuration:
 #0: stdout all=warning uptime,level,tags
 #1: stderr all=off uptime,level,tags

Environment Variables:
JAVA_HOME=C:\Program Files\Java\jdk-17
PATH=E:\Connect\app\node_modules\.bin;E:\Connect\app\node_modules\.bin;E:\Connect\node_modules\.bin;E:\node_modules\.bin;C:\Program Files\nodejs\node_modules\npm\node_modules\@npmcli\run-script\lib\node-gyp-bin;E:\Connect\app\node_modules\.bin;E:\Connect\node_modules\.bin;E:\node_modules\.bin;C:\Program Files\nodejs\node_modules\npm\node_modules\@npmcli\run-script\lib\node-gyp-bin;;C:\Program Files\Common Files\Oracle\Java\javapath;C:\Python313\Scripts\;C:\Python313\;C:\WINDOWS\system32;C:\WINDOWS;C:\WINDOWS\System32\Wbem;C:\WINDOWS\System32\WindowsPowerShell\v1.0\;C:\WINDOWS\System32\OpenSSH\;C:\Program Files\nodejs\;C:\ProgramData\chocolatey\bin;C:\Program Files\Git\cmd;C:\Users\Ikramul islam\AppData\Local\Android\Sdk\platform-tools;C:\Users\Ikramul islam\AppData\Local\Android\Sdk\emulator;C:\Users\Ikramul islam\AppData\Local\Android\Sdk\tools;C:\Users\Ikramul islam\AppData\Local\Android\Sdk\tools\bin;C:\Program Files\Java\jdk-17\bin;C:\poppler\bin;C:\Program Files\GraphicsMagick-1.3.42-Q8;C:\Program Files\gs\gs10.05.1\bin;C:\Program Files\PuTTY\;c:\Users\Ikramul islam\AppData\Local\Programs\cursor\resources\app\bin;C:\Users\Ikramul islam\AppData\Local\Programs\Python\Python310\Scripts\;C:\Users\Ikramul islam\AppData\Local\Programs\Python\Python310\;C:\Users\Ikramul islam\AppData\Local\Microsoft\WindowsApps;C:\Users\Ikramul islam\AppData\Roaming\npm;C:\Users\Ikramul islam\AppData\Local\Programs\Microsoft VS Code\bin;C:\Users\Ikramul islam\AppData\Local\Programs\cursor-editor\resources\app\bin
USERNAME=Ikramulislam
LANG=en_US.UTF-8
OS=Windows_NT
PROCESSOR_IDENTIFIER=Intel64 Family 6 Model 142 Stepping 10, GenuineIntel



---------------  S Y S T E M  ---------------

OS:
 Windows 10 , 64 bit Build 19041 (10.0.19041.5915)
OS uptime: 0 days 13:21 hours

CPU: total 8 (initial active 8) (4 cores per cpu, 2 threads per core) family 6 model 142 stepping 10 microcode 0xf6, cx8, cmov, fxsr, ht, mmx, 3dnowpref, sse, sse2, sse3, ssse3, sse4.1, sse4.2, popcnt, lzcnt, tsc, tscinvbit, avx, avx2, aes, erms, clmul, bmi1, bmi2, rtm, adx, fma, vzeroupper, clflush, clflushopt

Memory: 4k page, system-wide physical 16227M (304M free)
TotalPageFile size 34484M (AvailPageFile size 15M)
current process WorkingSet (physical memory assigned to process): 436M, peak: 436M
current process commit charge ("private bytes"): 536M, peak: 712M

vm_info: Java HotSpot(TM) 64-Bit Server VM (17.0.12+8-LTS-286) for windows-amd64 JRE (17.0.12+8-LTS-286), built on Jun  5 2024 06:46:59 by "mach5one" with MS VC++ 17.6 (VS2022)

END.
