#
# There is insufficient memory for the Java Runtime Environment to continue.
# Native memory allocation (malloc) failed to allocate 32744 bytes for ChunkPool::allocate
# Possible reasons:
#   The system is out of physical RAM or swap space
#   The process is running with CompressedOops enabled, and the Java Heap may be blocking the growth of the native heap
# Possible solutions:
#   Reduce memory load on the system
#   Increase physical memory or swap space
#   Check if swap backing store is full
#   Decrease Java heap size (-Xmx/-Xms)
#   Decrease number of Java threads
#   Decrease Java thread stack sizes (-Xss)
#   Set larger code cache with -XX:ReservedCodeCacheSize=
#   JVM is running with Unscaled Compressed Oops mode in which the Java heap is
#     placed in the first 4GB address space. The Java Heap base address is the
#     maximum limit for the native heap growth. Please use -XX:HeapBaseMinAddress
#     to set the Java Heap base and to place the Java Heap above 4GB virtual address.
# This output file may be truncated or incomplete.
#
#  Out of Memory Error (arena.cpp:78), pid=52116, tid=62116
#
# JRE version: Java(TM) SE Runtime Environment (17.0.12+8) (build 17.0.12+8-LTS-286)
# Java VM: Java HotSpot(TM) 64-Bit Server VM (17.0.12+8-LTS-286, mixed mode, sharing, tiered, compressed oops, compressed class ptrs, g1 gc, windows-amd64)
# No core dump will be written. Minidumps are not enabled by default on client versions of Windows
#

---------------  S U M M A R Y ------------

Command Line: -Xmx64m -Xms64m -Dorg.gradle.appname=gradlew E:\Connect\app\android\\gradle\wrapper\gradle-wrapper.jar app:installDebug -PreactNativeDevServerPort=8081

Host: Intel(R) Core(TM) i7-8650U CPU @ 1.90GHz, 8 cores, 15G,  Windows 10 , 64 bit Build 19041 (10.0.19041.5915)
Time: Fri Aug 29 04:40:07 2025 Bangladesh Standard Time elapsed time: 769.349871 seconds (0d 0h 12m 49s)

---------------  T H R E A D  ---------------

Current thread (0x00000111a83da490):  JavaThread "C2 CompilerThread0" daemon [_thread_in_native, id=62116, stack(0x0000000f7e700000,0x0000000f7e800000)]


Current CompileTask:
C2: 769370 1948       4       java.util.concurrent.locks.AbstractQueuedSynchronizer::acquire (20 bytes)

Stack: [0x0000000f7e700000,0x0000000f7e800000]
Native frames: (J=compiled Java code, j=interpreted, Vv=VM code, C=native code)
V  [jvm.dll+0x67a04a]
V  [jvm.dll+0x7da4ed]
V  [jvm.dll+0x7dbe33]
V  [jvm.dll+0x7dc4a3]
V  [jvm.dll+0x24508f]
V  [jvm.dll+0xab9a4]
V  [jvm.dll+0xabd3c]
V  [jvm.dll+0x2aaa5c]
V  [jvm.dll+0x581eb9]
V  [jvm.dll+0x21f422]
V  [jvm.dll+0x21f81f]
V  [jvm.dll+0x218aa0]
V  [jvm.dll+0x215b65]
V  [jvm.dll+0x1a2960]
V  [jvm.dll+0x22610b]
V  [jvm.dll+0x2242ab]
V  [jvm.dll+0x79075c]
V  [jvm.dll+0x78abea]
V  [jvm.dll+0x678f35]
C  [ucrtbase.dll+0x21bb2]
C  [KERNEL32.DLL+0x17374]
C  [ntdll.dll+0x4cc91]


---------------  P R O C E S S  ---------------

Threads class SMR info:
_java_thread_list=0x00000111eec5bcb0, length=13, elements={
0x000001118ec49ef0, 0x00000111a83bd7b0, 0x00000111a83be630, 0x00000111a83d3470,
0x00000111a83d7360, 0x00000111a83d8d30, 0x00000111a83d96f0, 0x00000111a83da490,
0x00000111a83def60, 0x00000111a83e2980, 0x00000111a860f180, 0x00000111a8611670,
0x00000111a8433bc0
}

Java Threads: ( => current thread )
  0x000001118ec49ef0 JavaThread "main" [_thread_in_native, id=33076, stack(0x0000000f7da00000,0x0000000f7db00000)]
  0x00000111a83bd7b0 JavaThread "Reference Handler" daemon [_thread_blocked, id=61056, stack(0x0000000f7e100000,0x0000000f7e200000)]
  0x00000111a83be630 JavaThread "Finalizer" daemon [_thread_blocked, id=12864, stack(0x0000000f7e200000,0x0000000f7e300000)]
  0x00000111a83d3470 JavaThread "Signal Dispatcher" daemon [_thread_blocked, id=52160, stack(0x0000000f7e300000,0x0000000f7e400000)]
  0x00000111a83d7360 JavaThread "Attach Listener" daemon [_thread_blocked, id=55336, stack(0x0000000f7e400000,0x0000000f7e500000)]
  0x00000111a83d8d30 JavaThread "Service Thread" daemon [_thread_blocked, id=14292, stack(0x0000000f7e500000,0x0000000f7e600000)]
  0x00000111a83d96f0 JavaThread "Monitor Deflation Thread" daemon [_thread_blocked, id=52252, stack(0x0000000f7e600000,0x0000000f7e700000)]
=>0x00000111a83da490 JavaThread "C2 CompilerThread0" daemon [_thread_in_native, id=62116, stack(0x0000000f7e700000,0x0000000f7e800000)]
  0x00000111a83def60 JavaThread "C1 CompilerThread0" daemon [_thread_blocked, id=45656, stack(0x0000000f7e800000,0x0000000f7e900000)]
  0x00000111a83e2980 JavaThread "Sweeper thread" daemon [_thread_blocked, id=56596, stack(0x0000000f7e900000,0x0000000f7ea00000)]
  0x00000111a860f180 JavaThread "Notification Thread" daemon [_thread_blocked, id=62592, stack(0x0000000f7ea00000,0x0000000f7eb00000)]
  0x00000111a8611670 JavaThread "Common-Cleaner" daemon [_thread_blocked, id=60932, stack(0x0000000f7ec00000,0x0000000f7ed00000)]
  0x00000111a8433bc0 JavaThread "pool-1-thread-1" [_thread_in_native, id=52244, stack(0x0000000f7f000000,0x0000000f7f100000)]

Other Threads:
  0x00000111a83b5b30 VMThread "VM Thread" [stack: 0x0000000f7e000000,0x0000000f7e100000] [id=14100]
  0x000001118ec71230 WatcherThread [stack: 0x0000000f7eb00000,0x0000000f7ec00000] [id=60268]
  0x000001118ec68a80 GCTaskThread "GC Thread#0" [stack: 0x0000000f7db00000,0x0000000f7dc00000] [id=58992]
  0x00000111a8490730 GCTaskThread "GC Thread#1" [stack: 0x0000000f7ed00000,0x0000000f7ee00000] [id=59748]
  0x00000111a88f3bc0 GCTaskThread "GC Thread#2" [stack: 0x0000000f7ee00000,0x0000000f7ef00000] [id=47864]
  0x00000111a8462430 GCTaskThread "GC Thread#3" [stack: 0x0000000f7ef00000,0x0000000f7f000000] [id=60172]
  0x00000111eeb4f130 GCTaskThread "GC Thread#4" [stack: 0x0000000f7f100000,0x0000000f7f200000] [id=59620]
  0x00000111eeb4f3f0 GCTaskThread "GC Thread#5" [stack: 0x0000000f7f200000,0x0000000f7f300000] [id=50592]
  0x00000111eebb2140 GCTaskThread "GC Thread#6" [stack: 0x0000000f7f300000,0x0000000f7f400000] [id=54268]
  0x000001118ec6a1e0 ConcurrentGCThread "G1 Main Marker" [stack: 0x0000000f7dc00000,0x0000000f7dd00000] [id=12332]
  0x000001118ec6abf0 ConcurrentGCThread "G1 Conc#0" [stack: 0x0000000f7dd00000,0x0000000f7de00000] [id=53948]
  0x000001118ecc9620 ConcurrentGCThread "G1 Refine#0" [stack: 0x0000000f7de00000,0x0000000f7df00000] [id=47312]
  0x00000111eeb66e90 ConcurrentGCThread "G1 Refine#1" [stack: 0x0000000f7f400000,0x0000000f7f500000] [id=8700]
  0x000001118ecca050 ConcurrentGCThread "G1 Service" [stack: 0x0000000f7df00000,0x0000000f7e000000] [id=53896]

Threads with active compile tasks:
C2 CompilerThread0   769907 1948       4       java.util.concurrent.locks.AbstractQueuedSynchronizer::acquire (20 bytes)

VM state: not at safepoint (normal execution)

VM Mutex/Monitor currently owned by a thread: None

Heap address: 0x00000000fc000000, size: 64 MB, Compressed Oops mode: 32-bit

CDS archive(s) mapped at: [0x00000111a9000000-0x00000111a9bd0000-0x00000111a9bd0000), size 12386304, SharedBaseAddress: 0x00000111a9000000, ArchiveRelocationMode: 1.
Compressed class space mapped at: 0x00000111aa000000-0x00000111ea000000, reserved size: 1073741824
Narrow klass base: 0x00000111a9000000, Narrow klass shift: 0, Narrow klass range: 0x100000000

GC Precious Log:
 CPUs: 8 total, 8 available
 Memory: 16227M
 Large Page Support: Disabled
 NUMA Support: Disabled
 Compressed Oops: Enabled (32-bit)
 Heap Region Size: 1M
 Heap Min Capacity: 64M
 Heap Initial Capacity: 64M
 Heap Max Capacity: 64M
 Pre-touch: Disabled
 Parallel Workers: 8
 Concurrent Workers: 2
 Concurrent Refinement Workers: 8
 Periodic GC: Disabled

Heap:
 garbage-first heap   total 65536K, used 23944K [0x00000000fc000000, 0x0000000100000000)
  region size 1024K, 17 young (17408K), 4 survivors (4096K)
 Metaspace       used 9367K, committed 9536K, reserved 1114112K
  class space    used 1233K, committed 1344K, reserved 1048576K

Heap Regions: E=young(eden), S=young(survivor), O=old, HS=humongous(starts), HC=humongous(continues), CS=collection set, F=free, OA=open archive, CA=closed archive, TAMS=top-at-mark-start (previous, next)
|   0|0x00000000fc000000, 0x00000000fc100000, 0x00000000fc100000|100%|HS|  |TAMS 0x00000000fc000000, 0x00000000fc000000| Complete 
|   1|0x00000000fc100000, 0x00000000fc200000, 0x00000000fc200000|100%|HC|  |TAMS 0x00000000fc100000, 0x00000000fc100000| Complete 
|   2|0x00000000fc200000, 0x00000000fc300000, 0x00000000fc300000|100%|HC|  |TAMS 0x00000000fc200000, 0x00000000fc200000| Complete 
|   3|0x00000000fc300000, 0x00000000fc400000, 0x00000000fc400000|100%| O|  |TAMS 0x00000000fc300000, 0x00000000fc300000| Untracked 
|   4|0x00000000fc400000, 0x00000000fc500000, 0x00000000fc500000|100%| O|  |TAMS 0x00000000fc400000, 0x00000000fc400000| Untracked 
|   5|0x00000000fc500000, 0x00000000fc600000, 0x00000000fc600000|100%| O|  |TAMS 0x00000000fc500000, 0x00000000fc500000| Untracked 
|   6|0x00000000fc600000, 0x00000000fc700000, 0x00000000fc700000|100%| O|  |TAMS 0x00000000fc600000, 0x00000000fc600000| Untracked 
|   7|0x00000000fc700000, 0x00000000fc762000, 0x00000000fc800000| 38%| O|  |TAMS 0x00000000fc700000, 0x00000000fc700000| Untracked 
|   8|0x00000000fc800000, 0x00000000fc800000, 0x00000000fc900000|  0%| F|  |TAMS 0x00000000fc800000, 0x00000000fc800000| Untracked 
|   9|0x00000000fc900000, 0x00000000fc900000, 0x00000000fca00000|  0%| F|  |TAMS 0x00000000fc900000, 0x00000000fc900000| Untracked 
|  10|0x00000000fca00000, 0x00000000fca00000, 0x00000000fcb00000|  0%| F|  |TAMS 0x00000000fca00000, 0x00000000fca00000| Untracked 
|  11|0x00000000fcb00000, 0x00000000fcb00000, 0x00000000fcc00000|  0%| F|  |TAMS 0x00000000fcb00000, 0x00000000fcb00000| Untracked 
|  12|0x00000000fcc00000, 0x00000000fcc00000, 0x00000000fcd00000|  0%| F|  |TAMS 0x00000000fcc00000, 0x00000000fcc00000| Untracked 
|  13|0x00000000fcd00000, 0x00000000fcd00000, 0x00000000fce00000|  0%| F|  |TAMS 0x00000000fcd00000, 0x00000000fcd00000| Untracked 
|  14|0x00000000fce00000, 0x00000000fce00000, 0x00000000fcf00000|  0%| F|  |TAMS 0x00000000fce00000, 0x00000000fce00000| Untracked 
|  15|0x00000000fcf00000, 0x00000000fcf00000, 0x00000000fd000000|  0%| F|  |TAMS 0x00000000fcf00000, 0x00000000fcf00000| Untracked 
|  16|0x00000000fd000000, 0x00000000fd000000, 0x00000000fd100000|  0%| F|  |TAMS 0x00000000fd000000, 0x00000000fd000000| Untracked 
|  17|0x00000000fd100000, 0x00000000fd100000, 0x00000000fd200000|  0%| F|  |TAMS 0x00000000fd100000, 0x00000000fd100000| Untracked 
|  18|0x00000000fd200000, 0x00000000fd200000, 0x00000000fd300000|  0%| F|  |TAMS 0x00000000fd200000, 0x00000000fd200000| Untracked 
|  19|0x00000000fd300000, 0x00000000fd300000, 0x00000000fd400000|  0%| F|  |TAMS 0x00000000fd300000, 0x00000000fd300000| Untracked 
|  20|0x00000000fd400000, 0x00000000fd400000, 0x00000000fd500000|  0%| F|  |TAMS 0x00000000fd400000, 0x00000000fd400000| Untracked 
|  21|0x00000000fd500000, 0x00000000fd500000, 0x00000000fd600000|  0%| F|  |TAMS 0x00000000fd500000, 0x00000000fd500000| Untracked 
|  22|0x00000000fd600000, 0x00000000fd600000, 0x00000000fd700000|  0%| F|  |TAMS 0x00000000fd600000, 0x00000000fd600000| Untracked 
|  23|0x00000000fd700000, 0x00000000fd700000, 0x00000000fd800000|  0%| F|  |TAMS 0x00000000fd700000, 0x00000000fd700000| Untracked 
|  24|0x00000000fd800000, 0x00000000fd800000, 0x00000000fd900000|  0%| F|  |TAMS 0x00000000fd800000, 0x00000000fd800000| Untracked 
|  25|0x00000000fd900000, 0x00000000fd900000, 0x00000000fda00000|  0%| F|  |TAMS 0x00000000fd900000, 0x00000000fd900000| Untracked 
|  26|0x00000000fda00000, 0x00000000fda00000, 0x00000000fdb00000|  0%| F|  |TAMS 0x00000000fda00000, 0x00000000fda00000| Untracked 
|  27|0x00000000fdb00000, 0x00000000fdb00000, 0x00000000fdc00000|  0%| F|  |TAMS 0x00000000fdb00000, 0x00000000fdb00000| Untracked 
|  28|0x00000000fdc00000, 0x00000000fdd00000, 0x00000000fdd00000|100%| S|CS|TAMS 0x00000000fdc00000, 0x00000000fdc00000| Complete 
|  29|0x00000000fdd00000, 0x00000000fde00000, 0x00000000fde00000|100%| S|CS|TAMS 0x00000000fdd00000, 0x00000000fdd00000| Complete 
|  30|0x00000000fde00000, 0x00000000fdf00000, 0x00000000fdf00000|100%| S|CS|TAMS 0x00000000fde00000, 0x00000000fde00000| Complete 
|  31|0x00000000fdf00000, 0x00000000fe000000, 0x00000000fe000000|100%| S|CS|TAMS 0x00000000fdf00000, 0x00000000fdf00000| Complete 
|  32|0x00000000fe000000, 0x00000000fe000000, 0x00000000fe100000|  0%| F|  |TAMS 0x00000000fe000000, 0x00000000fe000000| Untracked 
|  33|0x00000000fe100000, 0x00000000fe100000, 0x00000000fe200000|  0%| F|  |TAMS 0x00000000fe100000, 0x00000000fe100000| Untracked 
|  34|0x00000000fe200000, 0x00000000fe200000, 0x00000000fe300000|  0%| F|  |TAMS 0x00000000fe200000, 0x00000000fe200000| Untracked 
|  35|0x00000000fe300000, 0x00000000fe300000, 0x00000000fe400000|  0%| F|  |TAMS 0x00000000fe300000, 0x00000000fe300000| Untracked 
|  36|0x00000000fe400000, 0x00000000fe400000, 0x00000000fe500000|  0%| F|  |TAMS 0x00000000fe400000, 0x00000000fe400000| Untracked 
|  37|0x00000000fe500000, 0x00000000fe500000, 0x00000000fe600000|  0%| F|  |TAMS 0x00000000fe500000, 0x00000000fe500000| Untracked 
|  38|0x00000000fe600000, 0x00000000fe600000, 0x00000000fe700000|  0%| F|  |TAMS 0x00000000fe600000, 0x00000000fe600000| Untracked 
|  39|0x00000000fe700000, 0x00000000fe700000, 0x00000000fe800000|  0%| F|  |TAMS 0x00000000fe700000, 0x00000000fe700000| Untracked 
|  40|0x00000000fe800000, 0x00000000fe800000, 0x00000000fe900000|  0%| F|  |TAMS 0x00000000fe800000, 0x00000000fe800000| Untracked 
|  41|0x00000000fe900000, 0x00000000fe900000, 0x00000000fea00000|  0%| F|  |TAMS 0x00000000fe900000, 0x00000000fe900000| Untracked 
|  42|0x00000000fea00000, 0x00000000fea00000, 0x00000000feb00000|  0%| F|  |TAMS 0x00000000fea00000, 0x00000000fea00000| Untracked 
|  43|0x00000000feb00000, 0x00000000feb00000, 0x00000000fec00000|  0%| F|  |TAMS 0x00000000feb00000, 0x00000000feb00000| Untracked 
|  44|0x00000000fec00000, 0x00000000fec00000, 0x00000000fed00000|  0%| F|  |TAMS 0x00000000fec00000, 0x00000000fec00000| Untracked 
|  45|0x00000000fed00000, 0x00000000fed00000, 0x00000000fee00000|  0%| F|  |TAMS 0x00000000fed00000, 0x00000000fed00000| Untracked 
|  46|0x00000000fee00000, 0x00000000fee00000, 0x00000000fef00000|  0%| F|  |TAMS 0x00000000fee00000, 0x00000000fee00000| Untracked 
|  47|0x00000000fef00000, 0x00000000fef00000, 0x00000000ff000000|  0%| F|  |TAMS 0x00000000fef00000, 0x00000000fef00000| Untracked 
|  48|0x00000000ff000000, 0x00000000ff000000, 0x00000000ff100000|  0%| F|  |TAMS 0x00000000ff000000, 0x00000000ff000000| Untracked 
|  49|0x00000000ff100000, 0x00000000ff100000, 0x00000000ff200000|  0%| F|  |TAMS 0x00000000ff100000, 0x00000000ff100000| Untracked 
|  50|0x00000000ff200000, 0x00000000ff200000, 0x00000000ff300000|  0%| F|  |TAMS 0x00000000ff200000, 0x00000000ff200000| Untracked 
|  51|0x00000000ff300000, 0x00000000ff36b7f8, 0x00000000ff400000| 41%| E|  |TAMS 0x00000000ff300000, 0x00000000ff300000| Complete 
|  52|0x00000000ff400000, 0x00000000ff500000, 0x00000000ff500000|100%| E|CS|TAMS 0x00000000ff400000, 0x00000000ff400000| Complete 
|  53|0x00000000ff500000, 0x00000000ff600000, 0x00000000ff600000|100%| E|CS|TAMS 0x00000000ff500000, 0x00000000ff500000| Complete 
|  54|0x00000000ff600000, 0x00000000ff700000, 0x00000000ff700000|100%| E|CS|TAMS 0x00000000ff600000, 0x00000000ff600000| Complete 
|  55|0x00000000ff700000, 0x00000000ff800000, 0x00000000ff800000|100%| E|CS|TAMS 0x00000000ff700000, 0x00000000ff700000| Complete 
|  56|0x00000000ff800000, 0x00000000ff900000, 0x00000000ff900000|100%| E|CS|TAMS 0x00000000ff800000, 0x00000000ff800000| Complete 
|  57|0x00000000ff900000, 0x00000000ffa00000, 0x00000000ffa00000|100%| E|CS|TAMS 0x00000000ff900000, 0x00000000ff900000| Complete 
|  58|0x00000000ffa00000, 0x00000000ffb00000, 0x00000000ffb00000|100%| E|CS|TAMS 0x00000000ffa00000, 0x00000000ffa00000| Complete 
|  59|0x00000000ffb00000, 0x00000000ffc00000, 0x00000000ffc00000|100%| E|CS|TAMS 0x00000000ffb00000, 0x00000000ffb00000| Complete 
|  60|0x00000000ffc00000, 0x00000000ffd00000, 0x00000000ffd00000|100%| E|CS|TAMS 0x00000000ffc00000, 0x00000000ffc00000| Complete 
|  61|0x00000000ffd00000, 0x00000000ffe00000, 0x00000000ffe00000|100%| E|CS|TAMS 0x00000000ffd00000, 0x00000000ffd00000| Complete 
|  62|0x00000000ffe00000, 0x00000000fff00000, 0x00000000fff00000|100%| E|CS|TAMS 0x00000000ffe00000, 0x00000000ffe00000| Complete 
|  63|0x00000000fff00000, 0x0000000100000000, 0x0000000100000000|100%| E|CS|TAMS 0x00000000fff00000, 0x00000000fff00000| Complete 

Card table byte_map: [0x000001118eb50000,0x000001118eb70000] _byte_map_base: 0x000001118e370000

Marking Bits (Prev, Next): (CMBitMap*) 0x000001118ec690a0, (CMBitMap*) 0x000001118ec690e0
 Prev Bits: [0x00000111a5840000, 0x00000111a5940000)
 Next Bits: [0x00000111a5940000, 0x00000111a5a40000)

Polling page: 0x000001118cc20000

Metaspace:

Usage:
  Non-class:      7.94 MB used.
      Class:      1.20 MB used.
       Both:      9.15 MB used.

Virtual space:
  Non-class space:       64.00 MB reserved,       8.00 MB ( 12%) committed,  1 nodes.
      Class space:        1.00 GB reserved,       1.31 MB ( <1%) committed,  1 nodes.
             Both:        1.06 GB reserved,       9.31 MB ( <1%) committed. 

Chunk freelists:
   Non-Class:  7.69 MB
       Class:  14.51 MB
        Both:  22.20 MB

MaxMetaspaceSize: unlimited
CompressedClassSpaceSize: 1.00 GB
Initial GC threshold: 21.00 MB
Current GC threshold: 21.00 MB
CDS: on
MetaspaceReclaimPolicy: balanced
 - commit_granule_bytes: 65536.
 - commit_granule_words: 8192.
 - virtual_space_node_default_size: 8388608.
 - enlarge_chunks_in_place: 1.
 - new_chunks_are_fully_committed: 0.
 - uncommit_free_chunks: 1.
 - use_allocation_guard: 0.
 - handle_deallocations: 1.


Internal statistics:

num_allocs_failed_limit: 0.
num_arena_births: 78.
num_arena_deaths: 0.
num_vsnodes_births: 2.
num_vsnodes_deaths: 0.
num_space_committed: 149.
num_space_uncommitted: 0.
num_chunks_returned_to_freelist: 0.
num_chunks_taken_from_freelist: 334.
num_chunk_merges: 0.
num_chunk_splits: 225.
num_chunks_enlarged: 184.
num_inconsistent_stats: 0.

CodeHeap 'non-profiled nmethods': size=120000Kb used=894Kb max_used=894Kb free=119105Kb
 bounds [0x000001119dfe0000, 0x000001119e250000, 0x00000111a5510000]
CodeHeap 'profiled nmethods': size=120000Kb used=3624Kb max_used=3624Kb free=116375Kb
 bounds [0x0000011196510000, 0x00000111968a0000, 0x000001119da40000]
CodeHeap 'non-nmethods': size=5760Kb used=1172Kb max_used=1216Kb free=4587Kb
 bounds [0x000001119da40000, 0x000001119dcb0000, 0x000001119dfe0000]
 total_blobs=2415 nmethods=1947 adapters=381
 compilation: enabled
              stopped_count=0, restarted_count=0
 full_count=0

Compilation events (20 events):
Event: 640.576 Thread 0x00000111a83da490 nmethod 1938 0x000001119e0b8390 code [0x000001119e0b8520, 0x000001119e0b87b8]
Event: 689.898 Thread 0x00000111a83def60 1939       3       com.google.common.collect.Lists$ReverseList::listIterator (27 bytes)
Event: 689.899 Thread 0x00000111a83def60 nmethod 1939 0x0000011196899710 code [0x0000011196899900, 0x0000011196899f88]
Event: 701.946 Thread 0x00000111a83da490 1940       4       java.util.concurrent.TimeUnit::toMillis (69 bytes)
Event: 701.948 Thread 0x00000111a83da490 nmethod 1940 0x000001119e0b8990 code [0x000001119e0b8b00, 0x000001119e0b8c18]
Event: 702.719 Thread 0x00000111a83da490 1941       4       java.util.ArrayList::remove (26 bytes)
Event: 702.886 Thread 0x00000111a83da490 nmethod 1941 0x000001119e0b8c90 code [0x000001119e0b8e20, 0x000001119e0b9078]
Event: 702.886 Thread 0x00000111a83da490 1942       4       java.util.ArrayList::fastRemove (44 bytes)
Event: 702.889 Thread 0x00000111a83da490 nmethod 1942 0x000001119e0b9210 code [0x000001119e0b9380, 0x000001119e0b9558]
Event: 702.889 Thread 0x00000111a83da490 1943   !   4       org.gradle.internal.logging.console.ThrottlingOutputEventListener::onOutput (85 bytes)
Event: 703.100 Thread 0x00000111a83da490 nmethod 1943 0x000001119e0b9690 code [0x000001119e0b98a0, 0x000001119e0ba3f8]
Event: 703.100 Thread 0x00000111a83da490 1944       4       org.gradle.internal.logging.console.AbstractUserInputRenderer::onOutput (111 bytes)
Event: 703.104 Thread 0x00000111a83da490 nmethod 1944 0x000001119e0bab10 code [0x000001119e0bacc0, 0x000001119e0bae88]
Event: 703.104 Thread 0x00000111a83da490 1945       4       org.gradle.internal.logging.console.BuildLogLevelFilterRenderer::onOutput (53 bytes)
Event: 703.200 Thread 0x00000111a83da490 nmethod 1945 0x000001119e0bb090 code [0x000001119e0bb320, 0x000001119e0bc580]
Event: 703.201 Thread 0x00000111a83da490 1946       4       org.gradle.internal.logging.sink.GroupingProgressLogEventGenerator::onOutput (108 bytes)
Event: 703.299 Thread 0x00000111a83da490 nmethod 1946 0x000001119e0bd410 code [0x000001119e0bd6a0, 0x000001119e0be7e0]
Event: 719.414 Thread 0x00000111a83da490 1947       4       java.lang.StringLatin1::trim (76 bytes)
Event: 719.419 Thread 0x00000111a83da490 nmethod 1947 0x000001119e0bf510 code [0x000001119e0bf6a0, 0x000001119e0bf7e8]
Event: 769.147 Thread 0x00000111a83da490 1948       4       java.util.concurrent.locks.AbstractQueuedSynchronizer::acquire (20 bytes)

GC Heap History (4 events):
Event: 36.455 GC heap before
{Heap before GC invocations=0 (full 0):
 garbage-first heap   total 65536K, used 22528K [0x00000000fc000000, 0x0000000100000000)
  region size 1024K, 23 young (23552K), 0 survivors (0K)
 Metaspace       used 1787K, committed 1920K, reserved 1114112K
  class space    used 160K, committed 192K, reserved 1048576K
}
Event: 36.474 GC heap after
{Heap after GC invocations=1 (full 0):
 garbage-first heap   total 65536K, used 2048K [0x00000000fc000000, 0x0000000100000000)
  region size 1024K, 2 young (2048K), 2 survivors (2048K)
 Metaspace       used 1787K, committed 1920K, reserved 1114112K
  class space    used 160K, committed 192K, reserved 1048576K
}
Event: 50.034 GC heap before
{Heap before GC invocations=1 (full 0):
 garbage-first heap   total 65536K, used 34816K [0x00000000fc000000, 0x0000000100000000)
  region size 1024K, 32 young (32768K), 2 survivors (2048K)
 Metaspace       used 7900K, committed 8128K, reserved 1114112K
  class space    used 1086K, committed 1216K, reserved 1048576K
}
Event: 50.043 GC heap after
{Heap after GC invocations=2 (full 0):
 garbage-first heap   total 65536K, used 11656K [0x00000000fc000000, 0x0000000100000000)
  region size 1024K, 4 young (4096K), 4 survivors (4096K)
 Metaspace       used 7900K, committed 8128K, reserved 1114112K
  class space    used 1086K, committed 1216K, reserved 1048576K
}

Deoptimization events (20 events):
Event: 50.100 Thread 0x000001118ec49ef0 Uncommon trap: trap_request=0xffffff45 fr.pc=0x000001119e01147c relative=0x000000000000019c
Event: 50.100 Thread 0x000001118ec49ef0 Uncommon trap: reason=unstable_if action=reinterpret pc=0x000001119e01147c method=java.util.HashMap.putVal(ILjava/lang/Object;Ljava/lang/Object;ZZ)Ljava/lang/Object; @ 162 c2
Event: 50.100 Thread 0x000001118ec49ef0 DEOPT PACKING pc=0x000001119e01147c sp=0x0000000f7dafac90
Event: 50.100 Thread 0x000001118ec49ef0 DEOPT UNPACKING pc=0x000001119da923a3 sp=0x0000000f7dafac20 mode 2
Event: 50.188 Thread 0x000001118ec49ef0 Uncommon trap: trap_request=0xffffffde fr.pc=0x000001119e018d7c relative=0x000000000000007c
Event: 50.188 Thread 0x000001118ec49ef0 Uncommon trap: reason=class_check action=maybe_recompile pc=0x000001119e018d7c method=java.util.AbstractList$Itr.hasNext()Z @ 8 c2
Event: 50.188 Thread 0x000001118ec49ef0 DEOPT PACKING pc=0x000001119e018d7c sp=0x0000000f7dafbe80
Event: 50.188 Thread 0x000001118ec49ef0 DEOPT UNPACKING pc=0x000001119da923a3 sp=0x0000000f7dafbe18 mode 2
Event: 50.188 Thread 0x000001118ec49ef0 Uncommon trap: trap_request=0xffffffde fr.pc=0x000001119e0190e8 relative=0x00000000000000c8
Event: 50.188 Thread 0x000001118ec49ef0 Uncommon trap: reason=class_check action=maybe_recompile pc=0x000001119e0190e8 method=java.util.AbstractList$Itr.next()Ljava/lang/Object; @ 14 c2
Event: 50.188 Thread 0x000001118ec49ef0 DEOPT PACKING pc=0x000001119e0190e8 sp=0x0000000f7dafbe70
Event: 50.188 Thread 0x000001118ec49ef0 DEOPT UNPACKING pc=0x000001119da923a3 sp=0x0000000f7dafbe08 mode 2
Event: 50.244 Thread 0x00000111a8433bc0 Uncommon trap: trap_request=0xffffffde fr.pc=0x000001119e018d7c relative=0x000000000000007c
Event: 50.244 Thread 0x00000111a8433bc0 Uncommon trap: reason=class_check action=maybe_recompile pc=0x000001119e018d7c method=java.util.AbstractList$Itr.hasNext()Z @ 8 c2
Event: 50.244 Thread 0x00000111a8433bc0 DEOPT PACKING pc=0x000001119e018d7c sp=0x0000000f7f0fea90
Event: 50.244 Thread 0x00000111a8433bc0 DEOPT UNPACKING pc=0x000001119da923a3 sp=0x0000000f7f0fea28 mode 2
Event: 50.244 Thread 0x00000111a8433bc0 Uncommon trap: trap_request=0xffffffde fr.pc=0x000001119e0190e8 relative=0x00000000000000c8
Event: 50.244 Thread 0x00000111a8433bc0 Uncommon trap: reason=class_check action=maybe_recompile pc=0x000001119e0190e8 method=java.util.AbstractList$Itr.next()Ljava/lang/Object; @ 14 c2
Event: 50.244 Thread 0x00000111a8433bc0 DEOPT PACKING pc=0x000001119e0190e8 sp=0x0000000f7f0fea80
Event: 50.244 Thread 0x00000111a8433bc0 DEOPT UNPACKING pc=0x000001119da923a3 sp=0x0000000f7f0fea18 mode 2

Classes unloaded (0 events):
No events

Classes redefined (0 events):
No events

Internal exceptions (20 events):
Event: 48.035 Thread 0x000001118ec49ef0 Exception <a 'java/lang/NoSuchMethodError'{0x00000000ff2d2228}: 'java.lang.Object java.lang.invoke.DirectMethodHandle$Holder.invokeStaticInit(java.lang.Object)'> (0x00000000ff2d2228) 
thrown [s\open\src\hotspot\share\interpreter\linkResolver.cpp, line 759]
Event: 48.066 Thread 0x000001118ec49ef0 Exception <a 'java/lang/NoSuchMethodError'{0x00000000ff2ecef0}: 'int java.lang.invoke.DirectMethodHandle$Holder.invokeSpecial(java.lang.Object, java.lang.Object, java.lang.Object)'> (0x00000000ff2ecef0) 
thrown [s\open\src\hotspot\share\interpreter\linkResolver.cpp, line 759]
Event: 48.080 Thread 0x000001118ec49ef0 Exception <a 'java/lang/NoSuchMethodError'{0x00000000ff12aef0}: 'void java.lang.invoke.DirectMethodHandle$Holder.invokeStatic(java.lang.Object, java.lang.Object)'> (0x00000000ff12aef0) 
thrown [s\open\src\hotspot\share\interpreter\linkResolver.cpp, line 759]
Event: 48.082 Thread 0x000001118ec49ef0 Implicit null exception at 0x000001119e046f0f to 0x000001119e04746c
Event: 48.082 Thread 0x000001118ec49ef0 Implicit null exception at 0x000001119e026f8f to 0x000001119e02750c
Event: 48.082 Thread 0x000001118ec49ef0 Implicit null exception at 0x000001119e01468f to 0x000001119e014709
Event: 48.131 Thread 0x000001118ec49ef0 Exception <a 'java/lang/NoClassDefFoundError'{0x00000000ff1a6218}: org/slf4j/impl/StaticMarkerBinder> (0x00000000ff1a6218) 
thrown [s\open\src\hotspot\share\classfile\systemDictionary.cpp, line 245]
Event: 48.490 Thread 0x000001118ec49ef0 Exception <a 'java/lang/NoSuchMethodError'{0x00000000ff0c7510}: 'java.lang.Object java.lang.invoke.Invokers$Holder.invoker(java.lang.Object, java.lang.Object, java.lang.Object)'> (0x00000000ff0c7510) 
thrown [s\open\src\hotspot\share\interpreter\linkResolver.cpp, line 759]
Event: 48.493 Thread 0x000001118ec49ef0 Exception <a 'java/lang/NoSuchMethodError'{0x00000000ff0d0668}: 'java.lang.Object java.lang.invoke.DirectMethodHandle$Holder.invokeStatic(java.lang.Object, java.lang.Object, int)'> (0x00000000ff0d0668) 
thrown [s\open\src\hotspot\share\interpreter\linkResolver.cpp, line 759]
Event: 48.496 Thread 0x000001118ec49ef0 Exception <a 'java/lang/NoSuchMethodError'{0x00000000ff0dc358}: 'void java.lang.invoke.DelegatingMethodHandle$Holder.delegate(java.lang.Object, java.lang.Object, int, java.lang.Object)'> (0x00000000ff0dc358) 
thrown [s\open\src\hotspot\share\interpreter\linkResolver.cpp, line 759]
Event: 48.501 Thread 0x000001118ec49ef0 Exception <a 'java/lang/NoSuchMethodError'{0x00000000ff0ef9a0}: 'java.lang.Object java.lang.invoke.Invokers$Holder.invokeExact_MT(java.lang.Object, java.lang.Object, java.lang.Object, java.lang.Object)'> (0x00000000ff0ef9a0) 
thrown [s\open\src\hotspot\share\interpreter\linkResolver.cpp, line 759]
Event: 48.512 Thread 0x000001118ec49ef0 Exception <a 'java/lang/NoSuchMethodError'{0x00000000fef11e58}: 'java.lang.Object java.lang.invoke.DirectMethodHandle$Holder.invokeVirtual(java.lang.Object, java.lang.Object, java.lang.Object)'> (0x00000000fef11e58) 
thrown [s\open\src\hotspot\share\interpreter\linkResolver.cpp, line 759]
Event: 48.773 Thread 0x000001118ec49ef0 Exception <a 'java/lang/NoSuchMethodError'{0x00000000feb46948}: 'java.lang.Object java.lang.invoke.DirectMethodHandle$Holder.newInvokeSpecial(java.lang.Object, java.lang.Object, java.lang.Object, java.lang.Object, java.lang.Object)'> (0x00000000feb46948) 
thrown [s\open\src\hotspot\share\interpreter\linkResolver.cpp, line 759]
Event: 48.828 Thread 0x000001118ec49ef0 Exception <a 'java/lang/NoSuchMethodError'{0x00000000feac5928}: 'void java.lang.invoke.DirectMethodHandle$Holder.invokeSpecial(java.lang.Object, java.lang.Object, java.lang.Object)'> (0x00000000feac5928) 
thrown [s\open\src\hotspot\share\interpreter\linkResolver.cpp, line 759]
Event: 49.562 Thread 0x000001118ec49ef0 Exception <a 'java/lang/NoSuchMethodError'{0x00000000fe6e93d0}: 'void java.lang.invoke.DirectMethodHandle$Holder.invokeStatic(java.lang.Object, java.lang.Object, java.lang.Object)'> (0x00000000fe6e93d0) 
thrown [s\open\src\hotspot\share\interpreter\linkResolver.cpp, line 759]
Event: 49.693 Thread 0x000001118ec49ef0 Exception <a 'java/lang/NoSuchMethodError'{0x00000000fe3813d8}: 'java.lang.Object java.lang.invoke.DirectMethodHandle$Holder.newInvokeSpecial(java.lang.Object, java.lang.Object, java.lang.Object, java.lang.Object, java.lang.Object, java.lang.Object, java.lang.Object, java.lang.Object, java.lang.Object, java.lang.Object, java.lang.Object, java.lang.Object, java.lang.Object, java.lang.Object, java.lang.Object, java.lang.Object, java.lang.Object, java.lang.Object, java.lang.Object, java.lang.Object, java.lang
Event: 49.695 Thread 0x000001118ec49ef0 Exception <a 'java/lang/NoSuchMethodError'{0x00000000fe38d9e0}: 'java.lang.Object java.lang.invoke.Invokers$Holder.linkToTargetMethod(java.lang.Object, java.lang.Object, java.lang.Object, java.lang.Object, java.lang.Object, java.lang.Object, java.lang.Object, java.lang.Object, java.lang.Object, java.lang.Object, java.lang.Object, java.lang.Object, java.lang.Object, java.lang.Object, java.lang.Object, java.lang.Object, java.lang.Object, java.lang.Object, java.lang.Object, java.lang.Object, java.lang.Object,
Event: 49.799 Thread 0x000001118ec49ef0 Exception <a 'java/lang/NoSuchMethodError'{0x00000000fe1ee7d0}: 'java.lang.Object java.lang.invoke.DirectMethodHandle$Holder.invokeStaticInit(java.lang.Object, int, int, int, int)'> (0x00000000fe1ee7d0) 
thrown [s\open\src\hotspot\share\interpreter\linkResolver.cpp, line 759]
Event: 49.984 Thread 0x000001118ec49ef0 Exception <a 'java/lang/NoSuchMethodError'{0x00000000fe00cab8}: 'java.lang.Object java.lang.invoke.DirectMethodHandle$Holder.invokeStaticInit(java.lang.Object, java.lang.Object, int, int, int, int)'> (0x00000000fe00cab8) 
thrown [s\open\src\hotspot\share\interpreter\linkResolver.cpp, line 759]
Event: 50.032 Thread 0x000001118ec49ef0 Implicit null exception at 0x000001119e02abd5 to 0x000001119e02b1dc

VM Operations (20 events):
Event: 384.734 Executing VM operation: Cleanup
Event: 384.734 Executing VM operation: Cleanup done
Event: 434.758 Executing VM operation: Cleanup
Event: 434.758 Executing VM operation: Cleanup done
Event: 435.759 Executing VM operation: Cleanup
Event: 435.759 Executing VM operation: Cleanup done
Event: 438.761 Executing VM operation: Cleanup
Event: 438.761 Executing VM operation: Cleanup done
Event: 456.769 Executing VM operation: Cleanup
Event: 456.769 Executing VM operation: Cleanup done
Event: 458.770 Executing VM operation: Cleanup
Event: 458.771 Executing VM operation: Cleanup done
Event: 461.772 Executing VM operation: Cleanup
Event: 461.772 Executing VM operation: Cleanup done
Event: 515.805 Executing VM operation: Cleanup
Event: 515.807 Executing VM operation: Cleanup done
Event: 641.699 Executing VM operation: Cleanup
Event: 641.699 Executing VM operation: Cleanup done
Event: 703.744 Executing VM operation: Cleanup
Event: 703.745 Executing VM operation: Cleanup done

Events (20 events):
Event: 50.204 loading class java/nio/channels/Pipe$SinkChannel done
Event: 50.204 loading class sun/nio/ch/SinkChannelImpl done
Event: 50.205 loading class sun/nio/ch/SelectionKeyImpl
Event: 50.206 loading class java/nio/channels/spi/AbstractSelectionKey
Event: 50.206 loading class java/nio/channels/SelectionKey
Event: 50.206 loading class java/nio/channels/SelectionKey done
Event: 50.206 loading class java/nio/channels/spi/AbstractSelectionKey done
Event: 50.206 loading class sun/nio/ch/SelectionKeyImpl done
Event: 50.206 loading class java/lang/invoke/ConstantBootstraps
Event: 50.207 loading class java/lang/invoke/ConstantBootstraps done
Event: 50.239 loading class jdk/internal/misc/ScopedMemoryAccess$Scope
Event: 50.239 loading class jdk/internal/misc/ScopedMemoryAccess$Scope done
Event: 50.243 loading class java/util/AbstractList$ListItr
Event: 50.243 loading class java/util/AbstractList$ListItr done
Event: 50.267 loading class java/nio/channels/spi/AbstractSelector$1
Event: 50.267 loading class java/nio/channels/spi/AbstractSelector$1 done
Event: 50.492 loading class java/util/concurrent/Executors$FinalizableDelegatedExecutorService
Event: 50.492 loading class java/util/concurrent/Executors$FinalizableDelegatedExecutorService done
Event: 70.092 loading class java/util/ArrayList$ListItr
Event: 70.093 loading class java/util/ArrayList$ListItr done


Dynamic libraries:
0x00007ff7296b0000 - 0x00007ff7296c0000 	C:\Program Files\Java\jdk-17\bin\java.exe
0x00007ffd20bb0000 - 0x00007ffd20da8000 	C:\WINDOWS\SYSTEM32\ntdll.dll
0x00007ffd20770000 - 0x00007ffd20832000 	C:\WINDOWS\System32\KERNEL32.DLL
0x00007ffd1e8e0000 - 0x00007ffd1ebd6000 	C:\WINDOWS\System32\KERNELBASE.dll
0x00007ffd1e2d0000 - 0x00007ffd1e3d0000 	C:\WINDOWS\System32\ucrtbase.dll
0x00007ffcf4a00000 - 0x00007ffcf4a19000 	C:\Program Files\Java\jdk-17\bin\jli.dll
0x00007ffd1ed10000 - 0x00007ffd1edc1000 	C:\WINDOWS\System32\ADVAPI32.dll
0x00007ffd206d0000 - 0x00007ffd2076e000 	C:\WINDOWS\System32\msvcrt.dll
0x00007ffd1edd0000 - 0x00007ffd1ee6f000 	C:\WINDOWS\System32\sechost.dll
0x00007ffd1fc00000 - 0x00007ffd1fd20000 	C:\WINDOWS\System32\RPCRT4.dll
0x00007ffd1e6a0000 - 0x00007ffd1e6c7000 	C:\WINDOWS\System32\bcrypt.dll
0x00007ffd20530000 - 0x00007ffd206cd000 	C:\WINDOWS\System32\USER32.dll
0x00007ffd1e5e0000 - 0x00007ffd1e602000 	C:\WINDOWS\System32\win32u.dll
0x00007ffd20a70000 - 0x00007ffd20a9b000 	C:\WINDOWS\System32\GDI32.dll
0x00007ffd1e3d0000 - 0x00007ffd1e4e9000 	C:\WINDOWS\System32\gdi32full.dll
0x00007ffd1e4f0000 - 0x00007ffd1e58d000 	C:\WINDOWS\System32\msvcp_win.dll
0x00007ffd104e0000 - 0x00007ffd104fb000 	C:\Program Files\Java\jdk-17\bin\VCRUNTIME140.dll
0x00007ffd0cdd0000 - 0x00007ffd0d06b000 	C:\WINDOWS\WinSxS\amd64_microsoft.windows.common-controls_6595b64144ccf1df_6.0.19041.6280_none_60bc30a171f2f3f3\COMCTL32.dll
0x00007ffd11520000 - 0x00007ffd1152a000 	C:\WINDOWS\SYSTEM32\VERSION.dll
0x00007ffd1fbd0000 - 0x00007ffd1fbff000 	C:\WINDOWS\System32\IMM32.DLL
0x00007ffcf4cd0000 - 0x00007ffcf4cdc000 	C:\Program Files\Java\jdk-17\bin\vcruntime140_1.dll
0x00007ffcdbca0000 - 0x00007ffcdbd2e000 	C:\Program Files\Java\jdk-17\bin\msvcp140.dll
0x00007ffc84320000 - 0x00007ffc84f00000 	C:\Program Files\Java\jdk-17\bin\server\jvm.dll
0x00007ffd20840000 - 0x00007ffd20848000 	C:\WINDOWS\System32\PSAPI.DLL
0x00007ffcc48c0000 - 0x00007ffcc48c9000 	C:\WINDOWS\SYSTEM32\WSOCK32.dll
0x00007ffd20850000 - 0x00007ffd208bb000 	C:\WINDOWS\System32\WS2_32.dll
0x00007ffd0d5a0000 - 0x00007ffd0d5c7000 	C:\WINDOWS\SYSTEM32\WINMM.dll
0x00007ffd1cac0000 - 0x00007ffd1cad2000 	C:\WINDOWS\SYSTEM32\kernel.appcore.dll
0x00007ffd12440000 - 0x00007ffd1244a000 	C:\Program Files\Java\jdk-17\bin\jimage.dll
0x00007ffd1bca0000 - 0x00007ffd1bea1000 	C:\WINDOWS\SYSTEM32\DBGHELP.DLL
0x00007ffd11c00000 - 0x00007ffd11c34000 	C:\WINDOWS\SYSTEM32\dbgcore.DLL
0x00007ffd1e610000 - 0x00007ffd1e692000 	C:\WINDOWS\System32\bcryptPrimitives.dll
0x00007ffcf4b90000 - 0x00007ffcf4bb5000 	C:\Program Files\Java\jdk-17\bin\java.dll
0x00007ffcdbd70000 - 0x00007ffcdbe47000 	C:\Program Files\Java\jdk-17\bin\jsvml.dll
0x00007ffd1f310000 - 0x00007ffd1fa80000 	C:\WINDOWS\System32\SHELL32.dll
0x00007ffd1c030000 - 0x00007ffd1c7d4000 	C:\WINDOWS\SYSTEM32\windows.storage.dll
0x00007ffd1ee70000 - 0x00007ffd1f1c3000 	C:\WINDOWS\System32\combase.dll
0x00007ffd1dc10000 - 0x00007ffd1dc3b000 	C:\WINDOWS\SYSTEM32\Wldp.dll
0x00007ffd20aa0000 - 0x00007ffd20b6d000 	C:\WINDOWS\System32\OLEAUT32.dll
0x00007ffd1fb20000 - 0x00007ffd1fbcd000 	C:\WINDOWS\System32\SHCORE.dll
0x00007ffd1feb0000 - 0x00007ffd1ff0b000 	C:\WINDOWS\System32\shlwapi.dll
0x00007ffd1e180000 - 0x00007ffd1e1a4000 	C:\WINDOWS\SYSTEM32\profapi.dll
0x00007ffcf4aa0000 - 0x00007ffcf4ab9000 	C:\Program Files\Java\jdk-17\bin\net.dll
0x00007ffd11c40000 - 0x00007ffd11d4a000 	C:\WINDOWS\SYSTEM32\WINHTTP.dll
0x00007ffd1d910000 - 0x00007ffd1d97a000 	C:\WINDOWS\system32\mswsock.dll
0x00007ffcf49e0000 - 0x00007ffcf49f6000 	C:\Program Files\Java\jdk-17\bin\nio.dll
0x00007ffcf39e0000 - 0x00007ffcf39f8000 	C:\Program Files\Java\jdk-17\bin\zip.dll
0x00007ffd152c0000 - 0x00007ffd152d0000 	C:\Program Files\Java\jdk-17\bin\verify.dll
0x00007ffd156d0000 - 0x00007ffd156da000 	C:\Program Files\Java\jdk-17\bin\management.dll
0x00007ffd15350000 - 0x00007ffd1535b000 	C:\Program Files\Java\jdk-17\bin\management_ext.dll
0x00007ffd189c0000 - 0x00007ffd189e7000 	E:\GradleCache\native\1def1411415f61bf3af743bc5b6707747c0891f09f0c88961ee8f79bc544acac\windows-amd64\native-platform.dll
0x00007ffd151a0000 - 0x00007ffd151aa000 	E:\GradleCache\native\jansi\1.18\windows64\jansi.dll
0x00007ffd1d5f0000 - 0x00007ffd1d62b000 	C:\WINDOWS\SYSTEM32\IPHLPAPI.DLL
0x00007ffd200b0000 - 0x00007ffd200b8000 	C:\WINDOWS\System32\NSI.dll
0x00007ffd139b0000 - 0x00007ffd139c7000 	C:\WINDOWS\SYSTEM32\dhcpcsvc6.DLL
0x00007ffd13950000 - 0x00007ffd1396d000 	C:\WINDOWS\SYSTEM32\dhcpcsvc.DLL
0x00007ffd1d630000 - 0x00007ffd1d6fa000 	C:\WINDOWS\SYSTEM32\DNSAPI.dll
0x00007ffd1db60000 - 0x00007ffd1db78000 	C:\WINDOWS\SYSTEM32\CRYPTSP.dll
0x00007ffd1d230000 - 0x00007ffd1d268000 	C:\WINDOWS\system32\rsaenh.dll
0x00007ffd1e140000 - 0x00007ffd1e16e000 	C:\WINDOWS\SYSTEM32\USERENV.dll
0x00007ffd1db80000 - 0x00007ffd1db8c000 	C:\WINDOWS\SYSTEM32\CRYPTBASE.dll
0x00007ffd12430000 - 0x00007ffd1243e000 	C:\Program Files\Java\jdk-17\bin\sunmscapi.dll
0x00007ffd1e780000 - 0x00007ffd1e8dd000 	C:\WINDOWS\System32\CRYPT32.dll
0x00007ffd1dc80000 - 0x00007ffd1dca7000 	C:\WINDOWS\SYSTEM32\ncrypt.dll
0x00007ffd1dc40000 - 0x00007ffd1dc7b000 	C:\WINDOWS\SYSTEM32\NTASN1.dll
0x00007ffd0d2a0000 - 0x00007ffd0d2a7000 	C:\WINDOWS\system32\wshunix.dll

dbghelp: loaded successfully - version: 4.0.5 - missing functions: none
symbol engine: initialized successfully - sym options: 0x614 - pdb path: .;C:\Program Files\Java\jdk-17\bin;C:\WINDOWS\SYSTEM32;C:\WINDOWS\WinSxS\amd64_microsoft.windows.common-controls_6595b64144ccf1df_6.0.19041.6280_none_60bc30a171f2f3f3;C:\Program Files\Java\jdk-17\bin\server;E:\GradleCache\native\1def1411415f61bf3af743bc5b6707747c0891f09f0c88961ee8f79bc544acac\windows-amd64;E:\GradleCache\native\jansi\1.18\windows64

VM Arguments:
jvm_args: -Xmx64m -Xms64m -Dorg.gradle.appname=gradlew 
java_command: E:\Connect\app\android\\gradle\wrapper\gradle-wrapper.jar app:installDebug -PreactNativeDevServerPort=8081
java_class_path (initial): E:\Connect\app\android\\gradle\wrapper\gradle-wrapper.jar
Launcher Type: SUN_STANDARD

[Global flags]
     intx CICompilerCount                          = 4                                         {product} {ergonomic}
     uint ConcGCThreads                            = 2                                         {product} {ergonomic}
     uint G1ConcRefinementThreads                  = 8                                         {product} {ergonomic}
   size_t G1HeapRegionSize                         = 1048576                                   {product} {ergonomic}
    uintx GCDrainStackTargetSize                   = 64                                        {product} {ergonomic}
   size_t InitialHeapSize                          = 67108864                                  {product} {command line}
   size_t MarkStackSize                            = 4194304                                   {product} {ergonomic}
   size_t MaxHeapSize                              = 67108864                                  {product} {command line}
   size_t MaxNewSize                               = 39845888                                  {product} {ergonomic}
   size_t MinHeapDeltaBytes                        = 1048576                                   {product} {ergonomic}
   size_t MinHeapSize                              = 67108864                                  {product} {command line}
    uintx NonNMethodCodeHeapSize                   = 5839372                                {pd product} {ergonomic}
    uintx NonProfiledCodeHeapSize                  = 122909434                              {pd product} {ergonomic}
    uintx ProfiledCodeHeapSize                     = 122909434                              {pd product} {ergonomic}
    uintx ReservedCodeCacheSize                    = 251658240                              {pd product} {ergonomic}
     bool SegmentedCodeCache                       = true                                      {product} {ergonomic}
   size_t SoftMaxHeapSize                          = 67108864                               {manageable} {ergonomic}
     bool UseCompressedClassPointers               = true                           {product lp64_product} {ergonomic}
     bool UseCompressedOops                        = true                           {product lp64_product} {ergonomic}
     bool UseG1GC                                  = true                                      {product} {ergonomic}
     bool UseLargePagesIndividualAllocation        = false                                  {pd product} {ergonomic}

Logging:
Log output configuration:
 #0: stdout all=warning uptime,level,tags
 #1: stderr all=off uptime,level,tags

Environment Variables:
JAVA_HOME=C:\Program Files\Java\jdk-17
PATH=E:\Connect\app\node_modules\.bin;E:\Connect\app\node_modules\.bin;E:\Connect\node_modules\.bin;E:\node_modules\.bin;C:\Program Files\nodejs\node_modules\npm\node_modules\@npmcli\run-script\lib\node-gyp-bin;;C:\Program Files\Common Files\Oracle\Java\javapath;C:\Python313\Scripts\;C:\Python313\;C:\WINDOWS\system32;C:\WINDOWS;C:\WINDOWS\System32\Wbem;C:\WINDOWS\System32\WindowsPowerShell\v1.0\;C:\WINDOWS\System32\OpenSSH\;C:\Program Files\nodejs\;C:\ProgramData\chocolatey\bin;C:\Program Files\Git\cmd;C:\Users\Ikramul islam\AppData\Local\Android\Sdk\platform-tools;C:\Users\Ikramul islam\AppData\Local\Android\Sdk\emulator;C:\Users\Ikramul islam\AppData\Local\Android\Sdk\tools;C:\Users\Ikramul islam\AppData\Local\Android\Sdk\tools\bin;C:\Program Files\Java\jdk-17\bin;C:\poppler\bin;C:\Program Files\GraphicsMagick-1.3.42-Q8;C:\Program Files\gs\gs10.05.1\bin;C:\Program Files\PuTTY\;c:\Users\Ikramul islam\AppData\Local\Programs\cursor\resources\app\bin;C:\Users\Ikramul islam\AppData\Local\Programs\Python\Python310\Scripts\;C:\Users\Ikramul islam\AppData\Local\Programs\Python\Python310\;C:\Users\Ikramul islam\AppData\Local\Microsoft\WindowsApps;C:\Users\Ikramul islam\AppData\Roaming\npm;C:\Users\Ikramul islam\AppData\Local\Programs\Microsoft VS Code\bin;C:\Users\Ikramul islam\AppData\Local\Programs\cursor-editor\resources\app\bin
USERNAME=Ikramulislam
OS=Windows_NT
PROCESSOR_IDENTIFIER=Intel64 Family 6 Model 142 Stepping 10, GenuineIntel



---------------  S Y S T E M  ---------------

OS:
 Windows 10 , 64 bit Build 19041 (10.0.19041.5915)
OS uptime: 0 days 4:22 hours

CPU: total 8 (initial active 8) (4 cores per cpu, 2 threads per core) family 6 model 142 stepping 10 microcode 0xf6, cx8, cmov, fxsr, ht, mmx, 3dnowpref, sse, sse2, sse3, ssse3, sse4.1, sse4.2, popcnt, lzcnt, tsc, tscinvbit, avx, avx2, aes, erms, clmul, bmi1, bmi2, rtm, adx, fma, vzeroupper, clflush, clflushopt

Memory: 4k page, system-wide physical 16227M (902M free)
TotalPageFile size 34484M (AvailPageFile size 354M)
current process WorkingSet (physical memory assigned to process): 12M, peak: 105M
current process commit charge ("private bytes"): 165M, peak: 178M

vm_info: Java HotSpot(TM) 64-Bit Server VM (17.0.12+8-LTS-286) for windows-amd64 JRE (17.0.12+8-LTS-286), built on Jun  5 2024 06:46:59 by "mach5one" with MS VC++ 17.6 (VS2022)

END.
