#
# There is insufficient memory for the Java Runtime Environment to continue.
# Native memory allocation (mmap) failed to map 283115520 bytes for G1 virtual space
# Possible reasons:
#   The system is out of physical RAM or swap space
#   The process is running with CompressedOops enabled, and the Java Heap may be blocking the growth of the native heap
# Possible solutions:
#   Reduce memory load on the system
#   Increase physical memory or swap space
#   Check if swap backing store is full
#   Decrease Java heap size (-Xmx/-Xms)
#   Decrease number of Java threads
#   Decrease Java thread stack sizes (-Xss)
#   Set larger code cache with -XX:ReservedCodeCacheSize=
#   JVM is running with Zero Based Compressed Oops mode in which the Java heap is
#     placed in the first 32GB address space. The Java Heap base address is the
#     maximum limit for the native heap growth. Please use -XX:HeapBaseMinAddress
#     to set the Java Heap base and to place the Java Heap above 32GB virtual address.
# This output file may be truncated or incomplete.
#
#  Out of Memory Error (os_windows.cpp:3548), pid=104204, tid=96672
#
# JRE version: Java(TM) SE Runtime Environment (17.0.12+8) (build 17.0.12+8-LTS-286)
# Java VM: Java HotSpot(TM) 64-Bit Server VM (17.0.12+8-LTS-286, mixed mode, sharing, tiered, compressed oops, compressed class ptrs, g1 gc, windows-amd64)
# No core dump will be written. Minidumps are not enabled by default on client versions of Windows
#

---------------  S U M M A R Y ------------

Command Line: --add-opens=java.base/java.lang=ALL-UNNAMED --add-opens=java.base/java.lang.invoke=ALL-UNNAMED --add-opens=java.base/java.util=ALL-UNNAMED --add-opens=java.prefs/java.util.prefs=ALL-UNNAMED --add-exports=jdk.compiler/com.sun.tools.javac.api=ALL-UNNAMED --add-exports=jdk.compiler/com.sun.tools.javac.util=ALL-UNNAMED --add-opens=java.base/java.util=ALL-UNNAMED --add-opens=java.prefs/java.util.prefs=ALL-UNNAMED --add-opens=java.base/java.nio.charset=ALL-UNNAMED --add-opens=java.base/java.net=ALL-UNNAMED --add-opens=java.base/java.util.concurrent.atomic=ALL-UNNAMED --add-opens=java.xml/javax.xml.namespace=ALL-UNNAMED -XX:MaxMetaspaceSize=1024m -XX:+HeapDumpOnOutOfMemoryError -XX:+UseG1GC -XX:MaxGCPauseMillis=200 -Xmx4096m -Dfile.encoding=UTF-8 -Duser.country=US -Duser.language=en -Duser.variant -javaagent:E:\GradleCache\wrapper\dists\gradle-8.14.1-bin\baw1sv0jfoi8rxs14qo3h49cs\gradle-8.14.1\lib\agents\gradle-instrumentation-agent-8.14.1.jar org.gradle.launcher.daemon.bootstrap.GradleDaemon 8.14.1

Host: Intel(R) Core(TM) i7-8650U CPU @ 1.90GHz, 8 cores, 15G,  Windows 10 , 64 bit Build 19041 (10.0.19041.5915)
Time: Sun Nov 16 03:02:35 2025 Bangladesh Standard Time elapsed time: 237.656304 seconds (0d 0h 3m 57s)

---------------  T H R E A D  ---------------

Current thread (0x0000024169957d40):  VMThread "VM Thread" [stack: 0x000000bc61900000,0x000000bc61a00000] [id=96672]

Stack: [0x000000bc61900000,0x000000bc61a00000]
Native frames: (J=compiled Java code, j=interpreted, Vv=VM code, C=native code)
V  [jvm.dll+0x67a04a]
V  [jvm.dll+0x7da4ed]
V  [jvm.dll+0x7dbe33]
V  [jvm.dll+0x7dc4a3]
V  [jvm.dll+0x24508f]
V  [jvm.dll+0x677089]
V  [jvm.dll+0x66bd32]
V  [jvm.dll+0x301fa6]
V  [jvm.dll+0x309546]
V  [jvm.dll+0x359d2e]
V  [jvm.dll+0x359f5f]
V  [jvm.dll+0x2d9078]
V  [jvm.dll+0x2dc0e6]
V  [jvm.dll+0x2e67eb]
V  [jvm.dll+0x31a870]
V  [jvm.dll+0x7e0d9b]
V  [jvm.dll+0x7e1ad4]
V  [jvm.dll+0x7e1fed]
V  [jvm.dll+0x7e23c4]
V  [jvm.dll+0x7e2490]
V  [jvm.dll+0x78abea]
V  [jvm.dll+0x678f35]
C  [ucrtbase.dll+0x21bb2]
C  [KERNEL32.DLL+0x17374]
C  [ntdll.dll+0x4cc91]

VM_Operation (0x000000bc615ff5f0): G1Concurrent, mode: safepoint, requested by thread 0x0000024146b959f0


---------------  P R O C E S S  ---------------

Threads class SMR info:
_java_thread_list=0x000002417a3a7ac0, length=158, elements={
0x0000024146b18d60, 0x000002416995c110, 0x000002416995cea0, 0x000002416996f9b0,
0x00000241699715f0, 0x0000024169973ed0, 0x00000241699747a0, 0x0000024169975450,
0x0000024169979230, 0x0000024169ad0000, 0x0000024169b7be40, 0x0000024169b7d790,
0x0000024169b7d280, 0x0000024169b7dca0, 0x0000024169b7c350, 0x0000024169b7e1b0,
0x0000024169b7c860, 0x000002416f579670, 0x000002416f578740, 0x000002416f5763d0,
0x000002416f578c50, 0x000002416f577810, 0x000002416f574060, 0x000002416f577d20,
0x000002417264bb50, 0x0000024172651160, 0x000002417264ca80, 0x0000024172651b80,
0x000002417264a710, 0x000002417264f300, 0x00000241739263c0, 0x00000241739268d0,
0x0000024173928c40, 0x000002417392b4c0, 0x000002417392d830, 0x0000024172456e90,
0x00000241724573a0, 0x000002417d774e30, 0x000002417d779510, 0x000002417d77ae60,
0x000002417d775340, 0x000002417d775d60, 0x000002417d779f30, 0x000002417d77a440,
0x000002417d776780, 0x000002417d776c90, 0x000002417d779000, 0x000002417d77a950,
0x000002417d77b370, 0x000002417d7771a0, 0x000002417d776270, 0x000002417264e3d0,
0x000002417264fd20, 0x000002417264cf90, 0x000002417264c570, 0x000002417264d4a0,
0x000002417264b640, 0x0000024172650230, 0x000002417264b130, 0x000002417264d9b0,
0x000002417264dec0, 0x0000024172650740, 0x0000024172651670, 0x000002416f579160,
0x000002416f5759b0, 0x000002416f57aab0, 0x000002416f574570, 0x000002416f57afc0,
0x000002416f574a80, 0x000002416f576df0, 0x000002416f574f90, 0x000002416f577300,
0x000002416f579b80, 0x000002416f57b4d0, 0x000002416f57b9e0, 0x000002416f57a090,
0x0000024173929150, 0x0000024173926de0, 0x0000024173929660, 0x000002417392b9d0,
0x000002417392a080, 0x000002417392aaa0, 0x000002417392bee0, 0x000002417392c3f0,
0x000002417392c900, 0x00000241724578b0, 0x00000241724527b0, 0x0000024172457dc0,
0x0000024172455a50, 0x0000024172455f60, 0x0000024172456980, 0x0000024169b7ebd0,
0x0000024169b7e6c0, 0x0000024169b7f0e0, 0x0000024169b7f5f0, 0x0000024169b7cd70,
0x000002417d778af0, 0x000002417d777bc0, 0x000002417d7780d0, 0x000002417d774410,
0x000002417d779a20, 0x00000241724587e0, 0x0000024172459710, 0x00000241724531d0,
0x0000024172454610, 0x00000241726da0e0, 0x00000241726d7d70, 0x00000241726d6930,
0x00000241726d9bd0, 0x00000241726d6e40, 0x00000241726d8280, 0x00000241726d8790,
0x00000241726d91b0, 0x00000241726d96c0, 0x00000241726d7350, 0x00000241726d7860,
0x00000241726d8ca0, 0x000002417be906a0, 0x000002417be8de20, 0x000002417be8cef0,
0x000002417be910c0, 0x000002417be8ed50, 0x000002417be915d0, 0x000002417be8d910,
0x000002417be92500, 0x000002417be8b5a0, 0x000002417be90bb0, 0x000002417be8bab0,
0x000002417be8e330, 0x000002417be8e840, 0x000002417be91ff0, 0x000002417be8fc80,
0x000002417be91ae0, 0x000002417be8b090, 0x000002417be92a10, 0x000002417be90190,
0x000002417be8bfc0, 0x000002417be8f260, 0x000002417be8f770, 0x000002417be8c4d0,
0x000002417be8c9e0, 0x000002417be8d400, 0x000002417eb37a70, 0x000002417eb37560,
0x000002417eb3d590, 0x000002417eb37050, 0x000002417eb3e4c0, 0x000002417eb38490,
0x000002417eb3ad10, 0x000002417eb389a0, 0x000002417eb3dfb0, 0x000002417eb38eb0,
0x000002417eb3b730, 0x000002417eb37f80, 0x000002417eb3d080, 0x000002417eb39de0,
0x000002417eb393c0, 0x000002417eb398d0
}

Java Threads: ( => current thread )
  0x0000024146b18d60 JavaThread "main" [_thread_blocked, id=100484, stack(0x000000bc61300000,0x000000bc61400000)]
  0x000002416995c110 JavaThread "Reference Handler" daemon [_thread_blocked, id=102060, stack(0x000000bc61a00000,0x000000bc61b00000)]
  0x000002416995cea0 JavaThread "Finalizer" daemon [_thread_blocked, id=101892, stack(0x000000bc61b00000,0x000000bc61c00000)]
  0x000002416996f9b0 JavaThread "Signal Dispatcher" daemon [_thread_blocked, id=101916, stack(0x000000bc61c00000,0x000000bc61d00000)]
  0x00000241699715f0 JavaThread "Attach Listener" daemon [_thread_blocked, id=49720, stack(0x000000bc61d00000,0x000000bc61e00000)]
  0x0000024169973ed0 JavaThread "Service Thread" daemon [_thread_blocked, id=97332, stack(0x000000bc61e00000,0x000000bc61f00000)]
  0x00000241699747a0 JavaThread "Monitor Deflation Thread" daemon [_thread_blocked, id=99648, stack(0x000000bc61f00000,0x000000bc62000000)]
  0x0000024169975450 JavaThread "C2 CompilerThread0" daemon [_thread_blocked, id=78840, stack(0x000000bc62000000,0x000000bc62100000)]
  0x0000024169979230 JavaThread "C1 CompilerThread0" daemon [_thread_blocked, id=101748, stack(0x000000bc62100000,0x000000bc62200000)]
  0x0000024169ad0000 JavaThread "Sweeper thread" daemon [_thread_blocked, id=99440, stack(0x000000bc62200000,0x000000bc62300000)]
  0x0000024169b7be40 JavaThread "Common-Cleaner" daemon [_thread_blocked, id=98332, stack(0x000000bc62300000,0x000000bc62400000)]
  0x0000024169b7d790 JavaThread "Notification Thread" daemon [_thread_blocked, id=96628, stack(0x000000bc62400000,0x000000bc62500000)]
  0x0000024169b7d280 JavaThread "Daemon health stats" [_thread_blocked, id=100532, stack(0x000000bc62600000,0x000000bc62700000)]
  0x0000024169b7dca0 JavaThread "Incoming local TCP Connector on port 54041" [_thread_in_native, id=100892, stack(0x000000bc62c00000,0x000000bc62d00000)]
  0x0000024169b7c350 JavaThread "Daemon periodic checks" [_thread_blocked, id=85808, stack(0x000000bc62d00000,0x000000bc62e00000)]
  0x0000024169b7e1b0 JavaThread "Daemon" [_thread_blocked, id=103816, stack(0x000000bc62e00000,0x000000bc62f00000)]
  0x0000024169b7c860 JavaThread "Daemon worker" [_thread_blocked, id=8376, stack(0x000000bc63100000,0x000000bc63200000)]
  0x000002416f579670 JavaThread "Cache worker for journal cache (E:\GradleCache\caches\journal-1)" [_thread_blocked, id=99792, stack(0x000000bc63500000,0x000000bc63600000)]
  0x000002416f578740 JavaThread "File lock request listener" [_thread_in_native, id=26124, stack(0x000000bc63600000,0x000000bc63700000)]
  0x000002416f5763d0 JavaThread "Cache worker for file hash cache (E:\GradleCache\caches\8.14.1\fileHashes)" [_thread_blocked, id=43128, stack(0x000000bc63700000,0x000000bc63800000)]
  0x000002416f578c50 JavaThread "File watcher server" daemon [_thread_in_native, id=102752, stack(0x000000bc63e00000,0x000000bc63f00000)]
  0x000002416f577810 JavaThread "File watcher consumer" daemon [_thread_blocked, id=100820, stack(0x000000bc63f00000,0x000000bc64000000)]
  0x000002416f574060 JavaThread "jar transforms" [_thread_blocked, id=101428, stack(0x000000bc64100000,0x000000bc64200000)]
  0x000002416f577d20 JavaThread "Cache worker for file content cache (E:\GradleCache\caches\8.14.1\fileContent)" [_thread_blocked, id=100504, stack(0x000000bc64300000,0x000000bc64400000)]
  0x000002417264bb50 JavaThread "Memory manager" [_thread_blocked, id=102772, stack(0x000000bc66200000,0x000000bc66300000)]
  0x0000024172651160 JavaThread "ForkJoinPool.commonPool-worker-2" daemon [_thread_blocked, id=44332, stack(0x000000bc66400000,0x000000bc66500000)]
  0x000002417264ca80 JavaThread "ForkJoinPool.commonPool-worker-3" daemon [_thread_blocked, id=69488, stack(0x000000bc66500000,0x000000bc66600000)]
  0x0000024172651b80 JavaThread "ForkJoinPool.commonPool-worker-4" daemon [_thread_blocked, id=99564, stack(0x000000bc66600000,0x000000bc66700000)]
  0x000002417264a710 JavaThread "ForkJoinPool.commonPool-worker-5" daemon [_thread_blocked, id=90520, stack(0x000000bc66700000,0x000000bc66800000)]
  0x000002417264f300 JavaThread "ForkJoinPool.commonPool-worker-7" daemon [_thread_blocked, id=102740, stack(0x000000bc66900000,0x000000bc66a00000)]
  0x00000241739263c0 JavaThread "jar transforms Thread 2" [_thread_blocked, id=104028, stack(0x000000bc6a600000,0x000000bc6a700000)]
  0x00000241739268d0 JavaThread "jar transforms Thread 3" [_thread_blocked, id=101488, stack(0x000000bc6a700000,0x000000bc6a800000)]
  0x0000024173928c40 JavaThread "jar transforms Thread 4" [_thread_blocked, id=40156, stack(0x000000bc6ab00000,0x000000bc6ac00000)]
  0x000002417392b4c0 JavaThread "jar transforms Thread 5" [_thread_blocked, id=85912, stack(0x000000bc6ac00000,0x000000bc6ad00000)]
  0x000002417392d830 JavaThread "jar transforms Thread 6" [_thread_blocked, id=96412, stack(0x000000bc6ad00000,0x000000bc6ae00000)]
  0x0000024172456e90 JavaThread "jar transforms Thread 7" [_thread_blocked, id=101852, stack(0x000000bc6b000000,0x000000bc6b100000)]
  0x00000241724573a0 JavaThread "jar transforms Thread 8" [_thread_blocked, id=77996, stack(0x000000bc6b100000,0x000000bc6b200000)]
  0x000002417d774e30 JavaThread "Exec process Thread 4" [_thread_blocked, id=62072, stack(0x000000bc61200000,0x000000bc61300000)]
  0x000002417d779510 JavaThread "Exec process Thread 5" [_thread_blocked, id=97040, stack(0x000000bc66300000,0x000000bc66400000)]
  0x000002417d77ae60 JavaThread "Exec process Thread 6" [_thread_blocked, id=100472, stack(0x000000bc66a00000,0x000000bc66b00000)]
  0x000002417d775340 JavaThread "pool-3-thread-1" [_thread_blocked, id=105264, stack(0x000000bc66800000,0x000000bc66900000)]
  0x000002417d775d60 JavaThread "included builds Thread 2" [_thread_blocked, id=82968, stack(0x000000bc61100000,0x000000bc61200000)]
  0x000002417d779f30 JavaThread "Exec process Thread 7" [_thread_blocked, id=105360, stack(0x000000bc6b400000,0x000000bc6b500000)]
  0x000002417d77a440 JavaThread "Exec process Thread 8" [_thread_blocked, id=105356, stack(0x000000bc6b500000,0x000000bc6b600000)]
  0x000002417d776780 JavaThread "Exec process Thread 9" [_thread_blocked, id=105400, stack(0x000000bc6b600000,0x000000bc6b700000)]
  0x000002417d776c90 JavaThread "Exec process Thread 10" [_thread_blocked, id=105404, stack(0x000000bc6b700000,0x000000bc6b800000)]
  0x000002417d779000 JavaThread "Exec process Thread 11" [_thread_blocked, id=105448, stack(0x000000bc6b800000,0x000000bc6b900000)]
  0x000002417d77a950 JavaThread "Exec process Thread 12" [_thread_blocked, id=105440, stack(0x000000bc6b900000,0x000000bc6ba00000)]
  0x000002417d77b370 JavaThread "Exec process Thread 13" [_thread_blocked, id=105416, stack(0x000000bc6ba00000,0x000000bc6bb00000)]
  0x000002417d7771a0 JavaThread "Exec process Thread 14" [_thread_blocked, id=74144, stack(0x000000bc6bb00000,0x000000bc6bc00000)]
  0x000002417d776270 JavaThread "Exec process Thread 15" [_thread_blocked, id=102548, stack(0x000000bc6bc00000,0x000000bc6bd00000)]
  0x000002417264e3d0 JavaThread "VFS cleanup" [_thread_blocked, id=101908, stack(0x000000bc61000000,0x000000bc61100000)]
  0x000002417264fd20 JavaThread "Handler for socket connection from /127.0.0.1:54041 to /127.0.0.1:54505" [_thread_in_native, id=102776, stack(0x000000bc62f00000,0x000000bc63000000)]
  0x000002417264cf90 JavaThread "Cancel handler" [_thread_blocked, id=104612, stack(0x000000bc63000000,0x000000bc63100000)]
  0x000002417264c570 JavaThread "Asynchronous log dispatcher for DefaultDaemonConnection: socket connection from /127.0.0.1:54041 to /127.0.0.1:54505" [_thread_blocked, id=97580, stack(0x000000bc63200000,0x000000bc63300000)]
  0x000002417264d4a0 JavaThread "Stdin handler" [_thread_blocked, id=8332, stack(0x000000bc63300000,0x000000bc63400000)]
  0x000002417264b640 JavaThread "Daemon client event forwarder" [_thread_blocked, id=98212, stack(0x000000bc63400000,0x000000bc63500000)]
  0x0000024172650230 JavaThread "Cache worker for file hash cache (E:\Connect\app\android\.gradle\8.14.1\fileHashes)" [_thread_blocked, id=70208, stack(0x000000bc63800000,0x000000bc63900000)]
  0x000002417264b130 JavaThread "Cache worker for Build Output Cleanup Cache (E:\Connect\app\android\.gradle\buildOutputCleanup)" [_thread_blocked, id=49184, stack(0x000000bc63900000,0x000000bc63a00000)]
  0x000002417264d9b0 JavaThread "Cache worker for checksums cache (E:\Connect\app\android\.gradle\8.14.1\checksums)" [_thread_blocked, id=98920, stack(0x000000bc63a00000,0x000000bc63b00000)]
  0x000002417264dec0 JavaThread "Cache worker for cache directory md-supplier (E:\GradleCache\caches\8.14.1\md-supplier)" [_thread_blocked, id=104580, stack(0x000000bc64200000,0x000000bc64300000)]
  0x0000024172650740 JavaThread "Cache worker for cache directory md-rule (E:\GradleCache\caches\8.14.1\md-rule)" [_thread_blocked, id=96340, stack(0x000000bc64400000,0x000000bc64500000)]
  0x0000024172651670 JavaThread "Cache worker for Build Output Cleanup Cache (E:\Connect\app\node_modules\@react-native\gradle-plugin\.gradle\buildOutputCleanup)" [_thread_blocked, id=104456, stack(0x000000bc64500000,0x000000bc64600000)]
  0x000002416f579160 JavaThread "Unconstrained build operations" [_thread_blocked, id=1776, stack(0x000000bc64600000,0x000000bc64700000)]
  0x000002416f5759b0 JavaThread "Unconstrained build operations Thread 2" [_thread_blocked, id=104472, stack(0x000000bc64700000,0x000000bc64800000)]
  0x000002416f57aab0 JavaThread "Unconstrained build operations Thread 3" [_thread_blocked, id=104476, stack(0x000000bc64800000,0x000000bc64900000)]
  0x000002416f574570 JavaThread "Unconstrained build operations Thread 4" [_thread_blocked, id=104516, stack(0x000000bc64900000,0x000000bc64a00000)]
  0x000002416f57afc0 JavaThread "Unconstrained build operations Thread 5" [_thread_blocked, id=104520, stack(0x000000bc64a00000,0x000000bc64b00000)]
  0x000002416f574a80 JavaThread "Unconstrained build operations Thread 6" [_thread_blocked, id=104508, stack(0x000000bc64b00000,0x000000bc64c00000)]
  0x000002416f576df0 JavaThread "Unconstrained build operations Thread 7" [_thread_blocked, id=104452, stack(0x000000bc64c00000,0x000000bc64d00000)]
  0x000002416f574f90 JavaThread "Unconstrained build operations Thread 8" [_thread_blocked, id=104740, stack(0x000000bc64d00000,0x000000bc64e00000)]
  0x000002416f577300 JavaThread "Unconstrained build operations Thread 9" [_thread_blocked, id=103844, stack(0x000000bc64e00000,0x000000bc64f00000)]
  0x000002416f579b80 JavaThread "Unconstrained build operations Thread 10" [_thread_blocked, id=103364, stack(0x000000bc64f00000,0x000000bc65000000)]
  0x000002416f57b4d0 JavaThread "Unconstrained build operations Thread 11" [_thread_blocked, id=93404, stack(0x000000bc65000000,0x000000bc65100000)]
  0x000002416f57b9e0 JavaThread "Unconstrained build operations Thread 12" [_thread_blocked, id=100800, stack(0x000000bc65100000,0x000000bc65200000)]
  0x000002416f57a090 JavaThread "Unconstrained build operations Thread 13" [_thread_blocked, id=104728, stack(0x000000bc65200000,0x000000bc65300000)]
  0x0000024173929150 JavaThread "Unconstrained build operations Thread 14" [_thread_blocked, id=105144, stack(0x000000bc65300000,0x000000bc65400000)]
  0x0000024173926de0 JavaThread "Unconstrained build operations Thread 15" [_thread_blocked, id=55232, stack(0x000000bc65400000,0x000000bc65500000)]
  0x0000024173929660 JavaThread "Unconstrained build operations Thread 16" [_thread_blocked, id=104496, stack(0x000000bc65500000,0x000000bc65600000)]
  0x000002417392b9d0 JavaThread "Unconstrained build operations Thread 17" [_thread_blocked, id=93376, stack(0x000000bc65600000,0x000000bc65700000)]
  0x000002417392a080 JavaThread "Unconstrained build operations Thread 18" [_thread_blocked, id=103680, stack(0x000000bc65700000,0x000000bc65800000)]
  0x000002417392aaa0 JavaThread "build event listener" [_thread_blocked, id=105376, stack(0x000000bc65800000,0x000000bc65900000)]
  0x000002417392bee0 JavaThread "ForkJoinPool.commonPool-worker-8" daemon [_thread_blocked, id=100700, stack(0x000000bc65900000,0x000000bc65a00000)]
  0x000002417392c3f0 JavaThread "ForkJoinPool.commonPool-worker-9" daemon [_thread_blocked, id=104908, stack(0x000000bc65a00000,0x000000bc65b00000)]
  0x000002417392c900 JavaThread "included builds" [_thread_blocked, id=101628, stack(0x000000bc65b00000,0x000000bc65c00000)]
  0x00000241724578b0 JavaThread "included builds Thread 2" [_thread_blocked, id=36496, stack(0x000000bc65c00000,0x000000bc65d00000)]
  0x00000241724527b0 JavaThread "Execution worker" [_thread_blocked, id=105284, stack(0x000000bc65d00000,0x000000bc65e00000)]
  0x0000024172457dc0 JavaThread "Execution worker Thread 2" [_thread_blocked, id=104836, stack(0x000000bc65e00000,0x000000bc65f00000)]
  0x0000024172455a50 JavaThread "Execution worker Thread 3" [_thread_blocked, id=75220, stack(0x000000bc65f00000,0x000000bc66000000)]
  0x0000024172455f60 JavaThread "Execution worker Thread 4" [_thread_blocked, id=104876, stack(0x000000bc66000000,0x000000bc66100000)]
  0x0000024172456980 JavaThread "Execution worker Thread 5" [_thread_blocked, id=104548, stack(0x000000bc66100000,0x000000bc66200000)]
  0x0000024169b7ebd0 JavaThread "Execution worker Thread 6" [_thread_blocked, id=100996, stack(0x000000bc66b00000,0x000000bc66c00000)]
  0x0000024169b7e6c0 JavaThread "Execution worker Thread 7" [_thread_blocked, id=104852, stack(0x000000bc66c00000,0x000000bc66d00000)]
  0x0000024169b7f0e0 JavaThread "Cache worker for execution history cache (E:\Connect\app\node_modules\@react-native\gradle-plugin\.gradle\8.14.1\executionHistory)" [_thread_blocked, id=104716, stack(0x000000bc66d00000,0x000000bc66e00000)]
  0x0000024169b7f5f0 JavaThread "Unconstrained build operations Thread 19" [_thread_blocked, id=59132, stack(0x000000bc66e00000,0x000000bc66f00000)]
  0x0000024169b7cd70 JavaThread "Unconstrained build operations Thread 20" [_thread_blocked, id=104724, stack(0x000000bc66f00000,0x000000bc67000000)]
  0x000002417d778af0 JavaThread "Unconstrained build operations Thread 21" [_thread_blocked, id=104664, stack(0x000000bc67000000,0x000000bc67100000)]
  0x000002417d777bc0 JavaThread "Unconstrained build operations Thread 22" [_thread_blocked, id=10684, stack(0x000000bc67100000,0x000000bc67200000)]
  0x000002417d7780d0 JavaThread "Unconstrained build operations Thread 23" [_thread_blocked, id=104872, stack(0x000000bc67200000,0x000000bc67300000)]
  0x000002417d774410 JavaThread "Unconstrained build operations Thread 24" [_thread_blocked, id=104880, stack(0x000000bc67300000,0x000000bc67400000)]
  0x000002417d779a20 JavaThread "Unconstrained build operations Thread 25" [_thread_blocked, id=95892, stack(0x000000bc67400000,0x000000bc67500000)]
  0x00000241724587e0 JavaThread "Unconstrained build operations Thread 26" [_thread_blocked, id=105256, stack(0x000000bc67500000,0x000000bc67600000)]
  0x0000024172459710 JavaThread "Unconstrained build operations Thread 27" [_thread_blocked, id=105464, stack(0x000000bc67600000,0x000000bc67700000)]
  0x00000241724531d0 JavaThread "Unconstrained build operations Thread 28" [_thread_blocked, id=104932, stack(0x000000bc67700000,0x000000bc67800000)]
  0x0000024172454610 JavaThread "Unconstrained build operations Thread 29" [_thread_blocked, id=104944, stack(0x000000bc67800000,0x000000bc67900000)]
  0x00000241726da0e0 JavaThread "Unconstrained build operations Thread 30" [_thread_blocked, id=103092, stack(0x000000bc67900000,0x000000bc67a00000)]
  0x00000241726d7d70 JavaThread "Unconstrained build operations Thread 31" [_thread_blocked, id=104732, stack(0x000000bc67a00000,0x000000bc67b00000)]
  0x00000241726d6930 JavaThread "Unconstrained build operations Thread 32" [_thread_blocked, id=104856, stack(0x000000bc67b00000,0x000000bc67c00000)]
  0x00000241726d9bd0 JavaThread "Unconstrained build operations Thread 33" [_thread_blocked, id=104976, stack(0x000000bc67c00000,0x000000bc67d00000)]
  0x00000241726d6e40 JavaThread "Unconstrained build operations Thread 34" [_thread_blocked, id=85708, stack(0x000000bc67d00000,0x000000bc67e00000)]
  0x00000241726d8280 JavaThread "Unconstrained build operations Thread 35" [_thread_blocked, id=104896, stack(0x000000bc67e00000,0x000000bc67f00000)]
  0x00000241726d8790 JavaThread "Unconstrained build operations Thread 36" [_thread_blocked, id=99552, stack(0x000000bc67f00000,0x000000bc68000000)]
  0x00000241726d91b0 JavaThread "Unconstrained build operations Thread 37" [_thread_blocked, id=103568, stack(0x000000bc68000000,0x000000bc68100000)]
  0x00000241726d96c0 JavaThread "Unconstrained build operations Thread 38" [_thread_blocked, id=105168, stack(0x000000bc68100000,0x000000bc68200000)]
  0x00000241726d7350 JavaThread "Unconstrained build operations Thread 39" [_thread_blocked, id=100656, stack(0x000000bc68200000,0x000000bc68300000)]
  0x00000241726d7860 JavaThread "Unconstrained build operations Thread 40" [_thread_blocked, id=104576, stack(0x000000bc68300000,0x000000bc68400000)]
  0x00000241726d8ca0 JavaThread "Unconstrained build operations Thread 41" [_thread_blocked, id=105208, stack(0x000000bc68400000,0x000000bc68500000)]
  0x000002417be906a0 JavaThread "Unconstrained build operations Thread 42" [_thread_blocked, id=104104, stack(0x000000bc68500000,0x000000bc68600000)]
  0x000002417be8de20 JavaThread "Unconstrained build operations Thread 43" [_thread_blocked, id=104564, stack(0x000000bc68600000,0x000000bc68700000)]
  0x000002417be8cef0 JavaThread "Unconstrained build operations Thread 44" [_thread_blocked, id=102164, stack(0x000000bc68700000,0x000000bc68800000)]
  0x000002417be910c0 JavaThread "Unconstrained build operations Thread 45" [_thread_blocked, id=103900, stack(0x000000bc68800000,0x000000bc68900000)]
  0x000002417be8ed50 JavaThread "Unconstrained build operations Thread 46" [_thread_blocked, id=104764, stack(0x000000bc68900000,0x000000bc68a00000)]
  0x000002417be915d0 JavaThread "Unconstrained build operations Thread 47" [_thread_blocked, id=100716, stack(0x000000bc68a00000,0x000000bc68b00000)]
  0x000002417be8d910 JavaThread "Unconstrained build operations Thread 48" [_thread_blocked, id=95916, stack(0x000000bc68b00000,0x000000bc68c00000)]
  0x000002417be92500 JavaThread "Unconstrained build operations Thread 49" [_thread_blocked, id=97632, stack(0x000000bc68c00000,0x000000bc68d00000)]
  0x000002417be8b5a0 JavaThread "Unconstrained build operations Thread 50" [_thread_blocked, id=97848, stack(0x000000bc68d00000,0x000000bc68e00000)]
  0x000002417be90bb0 JavaThread "Unconstrained build operations Thread 51" [_thread_blocked, id=96408, stack(0x000000bc68e00000,0x000000bc68f00000)]
  0x000002417be8bab0 JavaThread "Unconstrained build operations Thread 52" [_thread_blocked, id=84720, stack(0x000000bc68f00000,0x000000bc69000000)]
  0x000002417be8e330 JavaThread "Unconstrained build operations Thread 53" [_thread_blocked, id=104248, stack(0x000000bc69000000,0x000000bc69100000)]
  0x000002417be8e840 JavaThread "Unconstrained build operations Thread 54" [_thread_blocked, id=42152, stack(0x000000bc69100000,0x000000bc69200000)]
  0x000002417be91ff0 JavaThread "Unconstrained build operations Thread 55" [_thread_blocked, id=103916, stack(0x000000bc69200000,0x000000bc69300000)]
  0x000002417be8fc80 JavaThread "Unconstrained build operations Thread 56" [_thread_blocked, id=104144, stack(0x000000bc69300000,0x000000bc69400000)]
  0x000002417be91ae0 JavaThread "Unconstrained build operations Thread 57" [_thread_blocked, id=104084, stack(0x000000bc69400000,0x000000bc69500000)]
  0x000002417be8b090 JavaThread "Unconstrained build operations Thread 58" [_thread_blocked, id=103672, stack(0x000000bc69500000,0x000000bc69600000)]
  0x000002417be92a10 JavaThread "Unconstrained build operations Thread 59" [_thread_blocked, id=99708, stack(0x000000bc69600000,0x000000bc69700000)]
  0x000002417be90190 JavaThread "Unconstrained build operations Thread 60" [_thread_blocked, id=102588, stack(0x000000bc69700000,0x000000bc69800000)]
  0x000002417be8bfc0 JavaThread "Unconstrained build operations Thread 61" [_thread_blocked, id=104736, stack(0x000000bc69800000,0x000000bc69900000)]
  0x000002417be8f260 JavaThread "Unconstrained build operations Thread 62" [_thread_blocked, id=104912, stack(0x000000bc69900000,0x000000bc69a00000)]
  0x000002417be8f770 JavaThread "Unconstrained build operations Thread 63" [_thread_blocked, id=105112, stack(0x000000bc69a00000,0x000000bc69b00000)]
  0x000002417be8c4d0 JavaThread "Unconstrained build operations Thread 64" [_thread_blocked, id=105104, stack(0x000000bc69b00000,0x000000bc69c00000)]
  0x000002417be8c9e0 JavaThread "Unconstrained build operations Thread 65" [_thread_blocked, id=105096, stack(0x000000bc69c00000,0x000000bc69d00000)]
  0x000002417be8d400 JavaThread "Unconstrained build operations Thread 66" [_thread_blocked, id=105000, stack(0x000000bc69d00000,0x000000bc69e00000)]
  0x000002417eb37a70 JavaThread "Unconstrained build operations Thread 67" [_thread_blocked, id=104940, stack(0x000000bc69e00000,0x000000bc69f00000)]
  0x000002417eb37560 JavaThread "Unconstrained build operations Thread 68" [_thread_blocked, id=103316, stack(0x000000bc69f00000,0x000000bc6a000000)]
  0x000002417eb3d590 JavaThread "build event listener" [_thread_blocked, id=105032, stack(0x000000bc6a000000,0x000000bc6a100000)]
  0x000002417eb37050 JavaThread "Problems report writer" [_thread_blocked, id=105460, stack(0x000000bc6a100000,0x000000bc6a200000)]
  0x000002417eb3e4c0 JavaThread "Unconstrained build operations Thread 69" [_thread_blocked, id=104436, stack(0x000000bc6a200000,0x000000bc6a300000)]
  0x000002417eb38490 JavaThread "Unconstrained build operations Thread 70" [_thread_blocked, id=103820, stack(0x000000bc6a300000,0x000000bc6a400000)]
  0x000002417eb3ad10 JavaThread "Unconstrained build operations Thread 71" [_thread_blocked, id=100572, stack(0x000000bc6a400000,0x000000bc6a500000)]
  0x000002417eb389a0 JavaThread "Unconstrained build operations Thread 72" [_thread_blocked, id=99812, stack(0x000000bc6a500000,0x000000bc6a600000)]
  0x000002417eb3dfb0 JavaThread "Unconstrained build operations Thread 73" [_thread_blocked, id=95300, stack(0x000000bc6a800000,0x000000bc6a900000)]
  0x000002417eb38eb0 JavaThread "Unconstrained build operations Thread 74" [_thread_blocked, id=103684, stack(0x000000bc6a900000,0x000000bc6aa00000)]
  0x000002417eb3b730 JavaThread "Unconstrained build operations Thread 75" [_thread_blocked, id=85816, stack(0x000000bc6aa00000,0x000000bc6ab00000)]
  0x000002417eb37f80 JavaThread "Unconstrained build operations Thread 76" [_thread_blocked, id=99656, stack(0x000000bc6ae00000,0x000000bc6af00000)]
  0x000002417eb3d080 JavaThread "Unconstrained build operations Thread 77" [_thread_blocked, id=105348, stack(0x000000bc6af00000,0x000000bc6b000000)]
  0x000002417eb39de0 JavaThread "Unconstrained build operations Thread 78" [_thread_blocked, id=101112, stack(0x000000bc6b200000,0x000000bc6b300000)]
  0x000002417eb393c0 JavaThread "Unconstrained build operations Thread 79" [_thread_blocked, id=104840, stack(0x000000bc6b300000,0x000000bc6b400000)]
  0x000002417eb398d0 JavaThread "Unconstrained build operations Thread 80" [_thread_blocked, id=86276, stack(0x000000bc6bd00000,0x000000bc6be00000)]

Other Threads:
=>0x0000024169957d40 VMThread "VM Thread" [stack: 0x000000bc61900000,0x000000bc61a00000] [id=96672]
  0x0000024169c01280 WatcherThread [stack: 0x000000bc62500000,0x000000bc62600000] [id=100400]
  0x0000024146b84b90 GCTaskThread "GC Thread#0" [stack: 0x000000bc61400000,0x000000bc61500000] [id=84172]
  0x000002416e219200 GCTaskThread "GC Thread#1" [stack: 0x000000bc62700000,0x000000bc62800000] [id=101432]
  0x000002416e2534d0 GCTaskThread "GC Thread#2" [stack: 0x000000bc62800000,0x000000bc62900000] [id=101184]
  0x0000024169cd5680 GCTaskThread "GC Thread#3" [stack: 0x000000bc62900000,0x000000bc62a00000] [id=101292]
  0x0000024169cd5940 GCTaskThread "GC Thread#4" [stack: 0x000000bc62a00000,0x000000bc62b00000] [id=102848]
  0x0000024169cd5c00 GCTaskThread "GC Thread#5" [stack: 0x000000bc62b00000,0x000000bc62c00000] [id=102160]
  0x0000024170ef7880 GCTaskThread "GC Thread#6" [stack: 0x000000bc63b00000,0x000000bc63c00000] [id=101952]
  0x0000024170dc9bb0 GCTaskThread "GC Thread#7" [stack: 0x000000bc63c00000,0x000000bc63d00000] [id=103152]
  0x0000024146b959f0 ConcurrentGCThread "G1 Main Marker" [stack: 0x000000bc61500000,0x000000bc61600000] [id=103356]
  0x0000024146b96310 ConcurrentGCThread "G1 Conc#0" [stack: 0x000000bc61600000,0x000000bc61700000] [id=103160]
  0x0000024171a4ab50 ConcurrentGCThread "G1 Conc#1" [stack: 0x000000bc63d00000,0x000000bc63e00000] [id=103780]
  0x0000024146bee880 ConcurrentGCThread "G1 Refine#0" [stack: 0x000000bc61700000,0x000000bc61800000] [id=102200]
  0x000002416ff86510 ConcurrentGCThread "G1 Refine#1" [stack: 0x000000bc64000000,0x000000bc64100000] [id=102712]
  0x0000024169813740 ConcurrentGCThread "G1 Service" [stack: 0x000000bc61800000,0x000000bc61900000] [id=103052]

Threads with active compile tasks:
C2 CompilerThread0   237751 22122       4       org.gradle.api.internal.DefaultNamedDomainObjectCollection::doAddLater (48 bytes)

VM state: at safepoint (normal execution)

VM Mutex/Monitor currently owned by a thread:  ([mutex/lock_event])
[0x0000024146b14dc0] Threads_lock - owner thread: 0x0000024169957d40
[0x0000024146b15630] Heap_lock - owner thread: 0x0000024146b959f0

Heap address: 0x0000000700000000, size: 4096 MB, Compressed Oops mode: Zero based, Oop shift amount: 3

CDS archive(s) mapped at: [0x0000024100000000-0x0000024100bd0000-0x0000024100bd0000), size 12386304, SharedBaseAddress: 0x0000024100000000, ArchiveRelocationMode: 1.
Compressed class space mapped at: 0x0000024101000000-0x0000024135000000, reserved size: 872415232
Narrow klass base: 0x0000024100000000, Narrow klass shift: 0, Narrow klass range: 0x100000000

GC Precious Log:
 CPUs: 8 total, 8 available
 Memory: 16227M
 Large Page Support: Disabled
 NUMA Support: Disabled
 Compressed Oops: Enabled (Zero based)
 Heap Region Size: 2M
 Heap Min Capacity: 8M
 Heap Initial Capacity: 254M
 Heap Max Capacity: 4G
 Pre-touch: Disabled
 Parallel Workers: 8
 Concurrent Workers: 2
 Concurrent Refinement Workers: 8
 Periodic GC: Disabled

Heap:
 garbage-first heap   total 489472K, used 454939K [0x0000000700000000, 0x0000000800000000)
  region size 2048K, 10 young (20480K), 2 survivors (4096K)
 Metaspace       used 131705K, committed 134080K, reserved 983040K
  class space    used 17882K, committed 18944K, reserved 851968K

Heap Regions: E=young(eden), S=young(survivor), O=old, HS=humongous(starts), HC=humongous(continues), CS=collection set, F=free, OA=open archive, CA=closed archive, TAMS=top-at-mark-start (previous, next)
|   0|0x0000000700000000, 0x0000000700200000, 0x0000000700200000|100%|HS|  |TAMS 0x0000000700200000, 0x0000000700000000| Complete 
|   1|0x0000000700200000, 0x0000000700400000, 0x0000000700400000|100%|HC|  |TAMS 0x0000000700400000, 0x0000000700200000| Complete 
|   2|0x0000000700400000, 0x0000000700600000, 0x0000000700600000|100%| O|  |TAMS 0x0000000700600000, 0x0000000700400000| Untracked 
|   3|0x0000000700600000, 0x0000000700800000, 0x0000000700800000|100%| O|  |TAMS 0x0000000700800000, 0x0000000700600000| Untracked 
|   4|0x0000000700800000, 0x0000000700a00000, 0x0000000700a00000|100%| O|  |TAMS 0x0000000700a00000, 0x0000000700800000| Untracked 
|   5|0x0000000700a00000, 0x0000000700c00000, 0x0000000700c00000|100%| O|  |TAMS 0x0000000700c00000, 0x0000000700a00000| Untracked 
|   6|0x0000000700c00000, 0x0000000700e00000, 0x0000000700e00000|100%| O|  |TAMS 0x0000000700e00000, 0x0000000700c00000| Untracked 
|   7|0x0000000700e00000, 0x0000000701000000, 0x0000000701000000|100%| O|  |TAMS 0x0000000701000000, 0x0000000700e00000| Untracked 
|   8|0x0000000701000000, 0x0000000701200000, 0x0000000701200000|100%| O|  |TAMS 0x0000000701200000, 0x0000000701000000| Untracked 
|   9|0x0000000701200000, 0x0000000701400000, 0x0000000701400000|100%| O|  |TAMS 0x0000000701400000, 0x0000000701200000| Untracked 
|  10|0x0000000701400000, 0x0000000701600000, 0x0000000701600000|100%| O|  |TAMS 0x0000000701600000, 0x0000000701400000| Untracked 
|  11|0x0000000701600000, 0x0000000701800000, 0x0000000701800000|100%| O|  |TAMS 0x0000000701800000, 0x0000000701600000| Untracked 
|  12|0x0000000701800000, 0x0000000701a00000, 0x0000000701a00000|100%| O|  |TAMS 0x0000000701a00000, 0x0000000701800000| Untracked 
|  13|0x0000000701a00000, 0x0000000701c00000, 0x0000000701c00000|100%| O|  |TAMS 0x0000000701c00000, 0x0000000701a00000| Untracked 
|  14|0x0000000701c00000, 0x0000000701e00000, 0x0000000701e00000|100%| O|  |TAMS 0x0000000701e00000, 0x0000000701c00000| Updating 
|  15|0x0000000701e00000, 0x0000000702000000, 0x0000000702000000|100%| O|  |TAMS 0x0000000702000000, 0x0000000701e00000| Untracked 
|  16|0x0000000702000000, 0x0000000702200000, 0x0000000702200000|100%| O|  |TAMS 0x0000000702200000, 0x0000000702000000| Updating 
|  17|0x0000000702200000, 0x0000000702400000, 0x0000000702400000|100%| O|  |TAMS 0x0000000702400000, 0x0000000702200000| Updating 
|  18|0x0000000702400000, 0x0000000702600000, 0x0000000702600000|100%| O|  |TAMS 0x0000000702600000, 0x0000000702400000| Updating 
|  19|0x0000000702600000, 0x0000000702800000, 0x0000000702800000|100%| O|  |TAMS 0x0000000702800000, 0x0000000702600000| Untracked 
|  20|0x0000000702800000, 0x0000000702a00000, 0x0000000702a00000|100%| O|  |TAMS 0x0000000702a00000, 0x0000000702800000| Updating 
|  21|0x0000000702a00000, 0x0000000702c00000, 0x0000000702c00000|100%|HS|  |TAMS 0x0000000702c00000, 0x0000000702a00000| Complete 
|  22|0x0000000702c00000, 0x0000000702e00000, 0x0000000702e00000|100%|HC|  |TAMS 0x0000000702e00000, 0x0000000702c00000| Complete 
|  23|0x0000000702e00000, 0x0000000703000000, 0x0000000703000000|100%| O|  |TAMS 0x0000000703000000, 0x0000000702e00000| Untracked 
|  24|0x0000000703000000, 0x0000000703200000, 0x0000000703200000|100%| O|  |TAMS 0x0000000703200000, 0x0000000703000000| Updating 
|  25|0x0000000703200000, 0x0000000703400000, 0x0000000703400000|100%|HS|  |TAMS 0x0000000703400000, 0x0000000703200000| Complete 
|  26|0x0000000703400000, 0x0000000703600000, 0x0000000703600000|100%|HC|  |TAMS 0x0000000703600000, 0x0000000703400000| Complete 
|  27|0x0000000703600000, 0x0000000703800000, 0x0000000703800000|100%| O|  |TAMS 0x0000000703800000, 0x0000000703600000| Updating 
|  28|0x0000000703800000, 0x0000000703a00000, 0x0000000703a00000|100%| O|  |TAMS 0x0000000703a00000, 0x0000000703800000| Updating 
|  29|0x0000000703a00000, 0x0000000703c00000, 0x0000000703c00000|100%| O|  |TAMS 0x0000000703c00000, 0x0000000703a00000| Untracked 
|  30|0x0000000703c00000, 0x0000000703e00000, 0x0000000703e00000|100%| O|  |TAMS 0x0000000703e00000, 0x0000000703c00000| Updating 
|  31|0x0000000703e00000, 0x0000000704000000, 0x0000000704000000|100%| O|  |TAMS 0x0000000704000000, 0x0000000703e00000| Untracked 
|  32|0x0000000704000000, 0x0000000704200000, 0x0000000704200000|100%| O|  |TAMS 0x0000000704200000, 0x0000000704000000| Untracked 
|  33|0x0000000704200000, 0x0000000704400000, 0x0000000704400000|100%| O|  |TAMS 0x0000000704400000, 0x0000000704200000| Updating 
|  34|0x0000000704400000, 0x0000000704600000, 0x0000000704600000|100%| O|  |TAMS 0x0000000704600000, 0x0000000704400000| Updating 
|  35|0x0000000704600000, 0x0000000704800000, 0x0000000704800000|100%| O|  |TAMS 0x0000000704800000, 0x0000000704600000| Updating 
|  36|0x0000000704800000, 0x0000000704a00000, 0x0000000704a00000|100%| O|  |TAMS 0x0000000704a00000, 0x0000000704800000| Updating 
|  37|0x0000000704a00000, 0x0000000704c00000, 0x0000000704c00000|100%| O|  |TAMS 0x0000000704c00000, 0x0000000704a00000| Untracked 
|  38|0x0000000704c00000, 0x0000000704e00000, 0x0000000704e00000|100%| O|  |TAMS 0x0000000704e00000, 0x0000000704c00000| Updating 
|  39|0x0000000704e00000, 0x0000000705000000, 0x0000000705000000|100%| O|  |TAMS 0x0000000705000000, 0x0000000704e00000| Updating 
|  40|0x0000000705000000, 0x0000000705200000, 0x0000000705200000|100%| O|  |TAMS 0x0000000705200000, 0x0000000705000000| Updating 
|  41|0x0000000705200000, 0x0000000705400000, 0x0000000705400000|100%| O|  |TAMS 0x0000000705400000, 0x0000000705200000| Updating 
|  42|0x0000000705400000, 0x0000000705600000, 0x0000000705600000|100%| O|  |TAMS 0x0000000705600000, 0x0000000705400000| Updating 
|  43|0x0000000705600000, 0x0000000705800000, 0x0000000705800000|100%| O|  |TAMS 0x0000000705800000, 0x0000000705600000| Updating 
|  44|0x0000000705800000, 0x0000000705a00000, 0x0000000705a00000|100%| O|  |TAMS 0x0000000705a00000, 0x0000000705800000| Untracked 
|  45|0x0000000705a00000, 0x0000000705c00000, 0x0000000705c00000|100%| O|  |TAMS 0x0000000705c00000, 0x0000000705a00000| Updating 
|  46|0x0000000705c00000, 0x0000000705e00000, 0x0000000705e00000|100%| O|  |TAMS 0x0000000705e00000, 0x0000000705c00000| Updating 
|  47|0x0000000705e00000, 0x0000000706000000, 0x0000000706000000|100%| O|  |TAMS 0x0000000706000000, 0x0000000705e00000| Untracked 
|  48|0x0000000706000000, 0x0000000706200000, 0x0000000706200000|100%| O|  |TAMS 0x0000000706200000, 0x0000000706000000| Untracked 
|  49|0x0000000706200000, 0x0000000706400000, 0x0000000706400000|100%| O|  |TAMS 0x0000000706400000, 0x0000000706200000| Untracked 
|  50|0x0000000706400000, 0x0000000706600000, 0x0000000706600000|100%| O|  |TAMS 0x0000000706600000, 0x0000000706400000| Untracked 
|  51|0x0000000706600000, 0x0000000706800000, 0x0000000706800000|100%| O|  |TAMS 0x0000000706800000, 0x0000000706600000| Untracked 
|  52|0x0000000706800000, 0x0000000706a00000, 0x0000000706a00000|100%| O|  |TAMS 0x0000000706a00000, 0x0000000706800000| Untracked 
|  53|0x0000000706a00000, 0x0000000706c00000, 0x0000000706c00000|100%| O|  |TAMS 0x0000000706c00000, 0x0000000706a00000| Untracked 
|  54|0x0000000706c00000, 0x0000000706e00000, 0x0000000706e00000|100%|HS|  |TAMS 0x0000000706e00000, 0x0000000706c00000| Complete 
|  55|0x0000000706e00000, 0x0000000707000000, 0x0000000707000000|100%|HC|  |TAMS 0x0000000707000000, 0x0000000706e00000| Complete 
|  56|0x0000000707000000, 0x0000000707200000, 0x0000000707200000|100%| O|  |TAMS 0x0000000707200000, 0x0000000707000000| Untracked 
|  57|0x0000000707200000, 0x0000000707400000, 0x0000000707400000|100%| O|  |TAMS 0x0000000707400000, 0x0000000707200000| Untracked 
|  58|0x0000000707400000, 0x0000000707600000, 0x0000000707600000|100%| O|  |TAMS 0x0000000707600000, 0x0000000707400000| Updating 
|  59|0x0000000707600000, 0x0000000707800000, 0x0000000707800000|100%| O|  |TAMS 0x0000000707800000, 0x0000000707600000| Updating 
|  60|0x0000000707800000, 0x0000000707a00000, 0x0000000707a00000|100%| O|  |TAMS 0x0000000707a00000, 0x0000000707800000| Untracked 
|  61|0x0000000707a00000, 0x0000000707c00000, 0x0000000707c00000|100%| O|  |TAMS 0x0000000707c00000, 0x0000000707a00000| Untracked 
|  62|0x0000000707c00000, 0x0000000707e00000, 0x0000000707e00000|100%| O|  |TAMS 0x0000000707e00000, 0x0000000707c00000| Untracked 
|  63|0x0000000707e00000, 0x0000000708000000, 0x0000000708000000|100%| O|  |TAMS 0x0000000708000000, 0x0000000707e00000| Untracked 
|  64|0x0000000708000000, 0x0000000708200000, 0x0000000708200000|100%| O|  |TAMS 0x0000000708200000, 0x0000000708000000| Updating 
|  65|0x0000000708200000, 0x0000000708400000, 0x0000000708400000|100%| O|  |TAMS 0x0000000708400000, 0x0000000708200000| Updating 
|  66|0x0000000708400000, 0x0000000708600000, 0x0000000708600000|100%| O|  |TAMS 0x0000000708600000, 0x0000000708400000| Untracked 
|  67|0x0000000708600000, 0x0000000708800000, 0x0000000708800000|100%| O|  |TAMS 0x0000000708800000, 0x0000000708600000| Updating 
|  68|0x0000000708800000, 0x0000000708a00000, 0x0000000708a00000|100%| O|  |TAMS 0x0000000708a00000, 0x0000000708800000| Updating 
|  69|0x0000000708a00000, 0x0000000708c00000, 0x0000000708c00000|100%| O|  |TAMS 0x0000000708c00000, 0x0000000708a00000| Untracked 
|  70|0x0000000708c00000, 0x0000000708e00000, 0x0000000708e00000|100%| O|  |TAMS 0x0000000708e00000, 0x0000000708c00000| Untracked 
|  71|0x0000000708e00000, 0x0000000709000000, 0x0000000709000000|100%| O|  |TAMS 0x0000000709000000, 0x0000000708e00000| Updating 
|  72|0x0000000709000000, 0x0000000709200000, 0x0000000709200000|100%|HS|  |TAMS 0x0000000709200000, 0x0000000709000000| Complete 
|  73|0x0000000709200000, 0x0000000709400000, 0x0000000709400000|100%| O|  |TAMS 0x0000000709400000, 0x0000000709200000| Untracked 
|  74|0x0000000709400000, 0x0000000709600000, 0x0000000709600000|100%| O|  |TAMS 0x0000000709600000, 0x0000000709400000| Untracked 
|  75|0x0000000709600000, 0x0000000709800000, 0x0000000709800000|100%| O|  |TAMS 0x0000000709800000, 0x0000000709600000| Untracked 
|  76|0x0000000709800000, 0x0000000709a00000, 0x0000000709a00000|100%| O|  |TAMS 0x0000000709a00000, 0x0000000709800000| Untracked 
|  77|0x0000000709a00000, 0x0000000709c00000, 0x0000000709c00000|100%| O|  |TAMS 0x0000000709c00000, 0x0000000709a00000| Updating 
|  78|0x0000000709c00000, 0x0000000709e00000, 0x0000000709e00000|100%| O|  |TAMS 0x0000000709e00000, 0x0000000709c00000| Updating 
|  79|0x0000000709e00000, 0x000000070a000000, 0x000000070a000000|100%| O|  |TAMS 0x000000070a000000, 0x0000000709e00000| Updating 
|  80|0x000000070a000000, 0x000000070a200000, 0x000000070a200000|100%| O|  |TAMS 0x000000070a200000, 0x000000070a000000| Untracked 
|  81|0x000000070a200000, 0x000000070a400000, 0x000000070a400000|100%| O|  |TAMS 0x000000070a400000, 0x000000070a200000| Updating 
|  82|0x000000070a400000, 0x000000070a600000, 0x000000070a600000|100%| O|  |TAMS 0x000000070a600000, 0x000000070a400000| Updating 
|  83|0x000000070a600000, 0x000000070a800000, 0x000000070a800000|100%| O|  |TAMS 0x000000070a800000, 0x000000070a600000| Untracked 
|  84|0x000000070a800000, 0x000000070aa00000, 0x000000070aa00000|100%| O|  |TAMS 0x000000070aa00000, 0x000000070a800000| Updating 
|  85|0x000000070aa00000, 0x000000070ac00000, 0x000000070ac00000|100%| O|  |TAMS 0x000000070ac00000, 0x000000070aa00000| Untracked 
|  86|0x000000070ac00000, 0x000000070ae00000, 0x000000070ae00000|100%| O|  |TAMS 0x000000070ae00000, 0x000000070ac00000| Untracked 
|  87|0x000000070ae00000, 0x000000070b000000, 0x000000070b000000|100%| O|  |TAMS 0x000000070b000000, 0x000000070ae00000| Updating 
|  88|0x000000070b000000, 0x000000070b200000, 0x000000070b200000|100%| O|  |TAMS 0x000000070b200000, 0x000000070b000000| Untracked 
|  89|0x000000070b200000, 0x000000070b400000, 0x000000070b400000|100%| O|  |TAMS 0x000000070b400000, 0x000000070b200000| Untracked 
|  90|0x000000070b400000, 0x000000070b600000, 0x000000070b600000|100%| O|  |TAMS 0x000000070b600000, 0x000000070b400000| Updating 
|  91|0x000000070b600000, 0x000000070b800000, 0x000000070b800000|100%| O|  |TAMS 0x000000070b800000, 0x000000070b600000| Updating 
|  92|0x000000070b800000, 0x000000070ba00000, 0x000000070ba00000|100%| O|  |TAMS 0x000000070ba00000, 0x000000070b800000| Updating 
|  93|0x000000070ba00000, 0x000000070bc00000, 0x000000070bc00000|100%| O|  |TAMS 0x000000070bc00000, 0x000000070ba00000| Updating 
|  94|0x000000070bc00000, 0x000000070be00000, 0x000000070be00000|100%| O|  |TAMS 0x000000070be00000, 0x000000070bc00000| Untracked 
|  95|0x000000070be00000, 0x000000070c000000, 0x000000070c000000|100%| O|  |TAMS 0x000000070c000000, 0x000000070be00000| Updating 
|  96|0x000000070c000000, 0x000000070c200000, 0x000000070c200000|100%| O|  |TAMS 0x000000070c200000, 0x000000070c000000| Untracked 
|  97|0x000000070c200000, 0x000000070c400000, 0x000000070c400000|100%| O|  |TAMS 0x000000070c400000, 0x000000070c200000| Untracked 
|  98|0x000000070c400000, 0x000000070c600000, 0x000000070c600000|100%| O|  |TAMS 0x000000070c600000, 0x000000070c400000| Updating 
|  99|0x000000070c600000, 0x000000070c800000, 0x000000070c800000|100%| O|  |TAMS 0x000000070c800000, 0x000000070c600000| Untracked 
| 100|0x000000070c800000, 0x000000070ca00000, 0x000000070ca00000|100%| O|  |TAMS 0x000000070ca00000, 0x000000070c800000| Untracked 
| 101|0x000000070ca00000, 0x000000070cc00000, 0x000000070cc00000|100%| O|  |TAMS 0x000000070cc00000, 0x000000070ca00000| Untracked 
| 102|0x000000070cc00000, 0x000000070ce00000, 0x000000070ce00000|100%| O|  |TAMS 0x000000070ce00000, 0x000000070cc00000| Updating 
| 103|0x000000070ce00000, 0x000000070d000000, 0x000000070d000000|100%| O|  |TAMS 0x000000070d000000, 0x000000070ce00000| Untracked 
| 104|0x000000070d000000, 0x000000070d200000, 0x000000070d200000|100%| O|  |TAMS 0x000000070d200000, 0x000000070d000000| Untracked 
| 105|0x000000070d200000, 0x000000070d400000, 0x000000070d400000|100%| O|  |TAMS 0x000000070d400000, 0x000000070d200000| Updating 
| 106|0x000000070d400000, 0x000000070d600000, 0x000000070d600000|100%| O|  |TAMS 0x000000070d600000, 0x000000070d400000| Updating 
| 107|0x000000070d600000, 0x000000070d800000, 0x000000070d800000|100%| O|  |TAMS 0x000000070d800000, 0x000000070d600000| Untracked 
| 108|0x000000070d800000, 0x000000070da00000, 0x000000070da00000|100%| O|  |TAMS 0x000000070da00000, 0x000000070d800000| Updating 
| 109|0x000000070da00000, 0x000000070dc00000, 0x000000070dc00000|100%| O|  |TAMS 0x000000070dc00000, 0x000000070da00000| Updating 
| 110|0x000000070dc00000, 0x000000070de00000, 0x000000070de00000|100%| O|  |TAMS 0x000000070de00000, 0x000000070dc00000| Updating 
| 111|0x000000070de00000, 0x000000070e000000, 0x000000070e000000|100%| O|  |TAMS 0x000000070e000000, 0x000000070de00000| Updating 
| 112|0x000000070e000000, 0x000000070e200000, 0x000000070e200000|100%| O|  |TAMS 0x000000070e200000, 0x000000070e000000| Untracked 
| 113|0x000000070e200000, 0x000000070e400000, 0x000000070e400000|100%| O|  |TAMS 0x000000070e400000, 0x000000070e200000| Updating 
| 114|0x000000070e400000, 0x000000070e600000, 0x000000070e600000|100%| O|  |TAMS 0x000000070e600000, 0x000000070e400000| Updating 
| 115|0x000000070e600000, 0x000000070e800000, 0x000000070e800000|100%| O|  |TAMS 0x000000070e800000, 0x000000070e600000| Untracked 
| 116|0x000000070e800000, 0x000000070ea00000, 0x000000070ea00000|100%| O|  |TAMS 0x000000070ea00000, 0x000000070e800000| Untracked 
| 117|0x000000070ea00000, 0x000000070ec00000, 0x000000070ec00000|100%| O|  |TAMS 0x000000070ec00000, 0x000000070ea00000| Untracked 
| 118|0x000000070ec00000, 0x000000070ee00000, 0x000000070ee00000|100%| O|  |TAMS 0x000000070ee00000, 0x000000070ec00000| Untracked 
| 119|0x000000070ee00000, 0x000000070f000000, 0x000000070f000000|100%| O|  |TAMS 0x000000070f000000, 0x000000070ee00000| Untracked 
| 120|0x000000070f000000, 0x000000070f200000, 0x000000070f200000|100%| O|  |TAMS 0x000000070f200000, 0x000000070f000000| Untracked 
| 121|0x000000070f200000, 0x000000070f400000, 0x000000070f400000|100%| O|  |TAMS 0x000000070f400000, 0x000000070f200000| Updating 
| 122|0x000000070f400000, 0x000000070f600000, 0x000000070f600000|100%| O|  |TAMS 0x000000070f600000, 0x000000070f400000| Untracked 
| 123|0x000000070f600000, 0x000000070f800000, 0x000000070f800000|100%| O|  |TAMS 0x000000070f800000, 0x000000070f600000| Updating 
| 124|0x000000070f800000, 0x000000070fa00000, 0x000000070fa00000|100%| O|  |TAMS 0x000000070fa00000, 0x000000070f800000| Untracked 
| 125|0x000000070fa00000, 0x000000070fc00000, 0x000000070fc00000|100%| O|  |TAMS 0x000000070fc00000, 0x000000070fa00000| Untracked 
| 126|0x000000070fc00000, 0x000000070fe00000, 0x000000070fe00000|100%| O|  |TAMS 0x000000070fe00000, 0x000000070fc00000| Untracked 
| 127|0x000000070fe00000, 0x0000000710000000, 0x0000000710000000|100%| O|  |TAMS 0x0000000710000000, 0x000000070fe00000| Untracked 
| 128|0x0000000710000000, 0x0000000710200000, 0x0000000710200000|100%| O|  |TAMS 0x0000000710200000, 0x0000000710000000| Updating 
| 129|0x0000000710200000, 0x0000000710400000, 0x0000000710400000|100%| O|  |TAMS 0x0000000710400000, 0x0000000710200000| Untracked 
| 130|0x0000000710400000, 0x0000000710600000, 0x0000000710600000|100%| O|  |TAMS 0x0000000710600000, 0x0000000710400000| Updating 
| 131|0x0000000710600000, 0x0000000710800000, 0x0000000710800000|100%| O|  |TAMS 0x0000000710800000, 0x0000000710600000| Untracked 
| 132|0x0000000710800000, 0x0000000710a00000, 0x0000000710a00000|100%| O|  |TAMS 0x0000000710a00000, 0x0000000710800000| Untracked 
| 133|0x0000000710a00000, 0x0000000710c00000, 0x0000000710c00000|100%| O|  |TAMS 0x0000000710c00000, 0x0000000710a00000| Untracked 
| 134|0x0000000710c00000, 0x0000000710e00000, 0x0000000710e00000|100%| O|  |TAMS 0x0000000710e00000, 0x0000000710c00000| Untracked 
| 135|0x0000000710e00000, 0x0000000711000000, 0x0000000711000000|100%| O|  |TAMS 0x0000000711000000, 0x0000000710e00000| Untracked 
| 136|0x0000000711000000, 0x0000000711200000, 0x0000000711200000|100%| O|  |TAMS 0x0000000711200000, 0x0000000711000000| Untracked 
| 137|0x0000000711200000, 0x0000000711400000, 0x0000000711400000|100%| O|  |TAMS 0x0000000711400000, 0x0000000711200000| Updating 
| 138|0x0000000711400000, 0x0000000711600000, 0x0000000711600000|100%|HS|  |TAMS 0x0000000711600000, 0x0000000711400000| Complete 
| 139|0x0000000711600000, 0x0000000711800000, 0x0000000711800000|100%| O|  |TAMS 0x0000000711800000, 0x0000000711600000| Updating 
| 140|0x0000000711800000, 0x0000000711a00000, 0x0000000711a00000|100%| O|  |TAMS 0x0000000711a00000, 0x0000000711800000| Updating 
| 141|0x0000000711a00000, 0x0000000711c00000, 0x0000000711c00000|100%| O|  |TAMS 0x0000000711c00000, 0x0000000711a00000| Updating 
| 142|0x0000000711c00000, 0x0000000711e00000, 0x0000000711e00000|100%| O|  |TAMS 0x0000000711e00000, 0x0000000711c00000| Untracked 
| 143|0x0000000711e00000, 0x0000000712000000, 0x0000000712000000|100%| O|  |TAMS 0x0000000712000000, 0x0000000711e00000| Updating 
| 144|0x0000000712000000, 0x0000000712200000, 0x0000000712200000|100%| O|  |TAMS 0x0000000712200000, 0x0000000712000000| Untracked 
| 145|0x0000000712200000, 0x0000000712400000, 0x0000000712400000|100%| O|  |TAMS 0x0000000712400000, 0x0000000712200000| Updating 
| 146|0x0000000712400000, 0x0000000712600000, 0x0000000712600000|100%| O|  |TAMS 0x0000000712600000, 0x0000000712400000| Updating 
| 147|0x0000000712600000, 0x0000000712800000, 0x0000000712800000|100%| O|  |TAMS 0x0000000712800000, 0x0000000712600000| Updating 
| 148|0x0000000712800000, 0x0000000712a00000, 0x0000000712a00000|100%| O|  |TAMS 0x0000000712a00000, 0x0000000712800000| Updating 
| 149|0x0000000712a00000, 0x0000000712c00000, 0x0000000712c00000|100%| O|  |TAMS 0x0000000712c00000, 0x0000000712a00000| Updating 
| 150|0x0000000712c00000, 0x0000000712e00000, 0x0000000712e00000|100%| O|  |TAMS 0x0000000712e00000, 0x0000000712c00000| Untracked 
| 151|0x0000000712e00000, 0x0000000713000000, 0x0000000713000000|100%| O|  |TAMS 0x0000000713000000, 0x0000000712e00000| Updating 
| 152|0x0000000713000000, 0x0000000713200000, 0x0000000713200000|100%| O|  |TAMS 0x0000000713200000, 0x0000000713000000| Untracked 
| 153|0x0000000713200000, 0x0000000713400000, 0x0000000713400000|100%| O|  |TAMS 0x0000000713400000, 0x0000000713200000| Untracked 
| 154|0x0000000713400000, 0x0000000713600000, 0x0000000713600000|100%| O|  |TAMS 0x0000000713600000, 0x0000000713400000| Untracked 
| 155|0x0000000713600000, 0x0000000713800000, 0x0000000713800000|100%| O|  |TAMS 0x0000000713800000, 0x0000000713600000| Untracked 
| 156|0x0000000713800000, 0x0000000713a00000, 0x0000000713a00000|100%| O|  |TAMS 0x0000000713a00000, 0x0000000713800000| Untracked 
| 157|0x0000000713a00000, 0x0000000713c00000, 0x0000000713c00000|100%| O|  |TAMS 0x0000000713c00000, 0x0000000713a00000| Untracked 
| 158|0x0000000713c00000, 0x0000000713e00000, 0x0000000713e00000|100%| O|  |TAMS 0x0000000713e00000, 0x0000000713c00000| Untracked 
| 159|0x0000000713e00000, 0x0000000714000000, 0x0000000714000000|100%| O|  |TAMS 0x0000000714000000, 0x0000000713e00000| Untracked 
| 160|0x0000000714000000, 0x0000000714200000, 0x0000000714200000|100%| O|  |TAMS 0x0000000714200000, 0x0000000714000000| Untracked 
| 161|0x0000000714200000, 0x0000000714400000, 0x0000000714400000|100%| O|  |TAMS 0x0000000714400000, 0x0000000714200000| Updating 
| 162|0x0000000714400000, 0x0000000714600000, 0x0000000714600000|100%| O|  |TAMS 0x0000000714600000, 0x0000000714400000| Untracked 
| 163|0x0000000714600000, 0x0000000714800000, 0x0000000714800000|100%| O|  |TAMS 0x0000000714800000, 0x0000000714600000| Updating 
| 164|0x0000000714800000, 0x0000000714a00000, 0x0000000714a00000|100%| O|  |TAMS 0x0000000714a00000, 0x0000000714800000| Updating 
| 165|0x0000000714a00000, 0x0000000714c00000, 0x0000000714c00000|100%| O|  |TAMS 0x0000000714c00000, 0x0000000714a00000| Updating 
| 166|0x0000000714c00000, 0x0000000714e00000, 0x0000000714e00000|100%| O|  |TAMS 0x0000000714e00000, 0x0000000714c00000| Updating 
| 167|0x0000000714e00000, 0x0000000715000000, 0x0000000715000000|100%| O|  |TAMS 0x0000000715000000, 0x0000000714e00000| Updating 
| 168|0x0000000715000000, 0x0000000715200000, 0x0000000715200000|100%| O|  |TAMS 0x0000000715200000, 0x0000000715000000| Updating 
| 169|0x0000000715200000, 0x0000000715400000, 0x0000000715400000|100%| O|  |TAMS 0x0000000715400000, 0x0000000715200000| Untracked 
| 170|0x0000000715400000, 0x0000000715600000, 0x0000000715600000|100%| O|  |TAMS 0x0000000715600000, 0x0000000715400000| Untracked 
| 171|0x0000000715600000, 0x0000000715800000, 0x0000000715800000|100%| O|  |TAMS 0x0000000715800000, 0x0000000715600000| Untracked 
| 172|0x0000000715800000, 0x0000000715a00000, 0x0000000715a00000|100%| O|  |TAMS 0x0000000715a00000, 0x0000000715800000| Updating 
| 173|0x0000000715a00000, 0x0000000715c00000, 0x0000000715c00000|100%| O|  |TAMS 0x0000000715c00000, 0x0000000715a00000| Updating 
| 174|0x0000000715c00000, 0x0000000715e00000, 0x0000000715e00000|100%| O|  |TAMS 0x0000000715e00000, 0x0000000715c00000| Untracked 
| 175|0x0000000715e00000, 0x0000000716000000, 0x0000000716000000|100%| O|  |TAMS 0x0000000716000000, 0x0000000715e00000| Untracked 
| 176|0x0000000716000000, 0x0000000716200000, 0x0000000716200000|100%| O|  |TAMS 0x0000000716200000, 0x0000000716000000| Untracked 
| 177|0x0000000716200000, 0x0000000716400000, 0x0000000716400000|100%| O|  |TAMS 0x0000000716400000, 0x0000000716200000| Updating 
| 178|0x0000000716400000, 0x0000000716600000, 0x0000000716600000|100%| O|  |TAMS 0x0000000716600000, 0x0000000716400000| Untracked 
| 179|0x0000000716600000, 0x0000000716800000, 0x0000000716800000|100%| O|  |TAMS 0x0000000716800000, 0x0000000716600000| Updating 
| 180|0x0000000716800000, 0x0000000716a00000, 0x0000000716a00000|100%| O|  |TAMS 0x0000000716a00000, 0x0000000716800000| Untracked 
| 181|0x0000000716a00000, 0x0000000716c00000, 0x0000000716c00000|100%| O|  |TAMS 0x0000000716c00000, 0x0000000716a00000| Updating 
| 182|0x0000000716c00000, 0x0000000716e00000, 0x0000000716e00000|100%| O|  |TAMS 0x0000000716e00000, 0x0000000716c00000| Untracked 
| 183|0x0000000716e00000, 0x0000000717000000, 0x0000000717000000|100%| O|  |TAMS 0x0000000717000000, 0x0000000716e00000| Untracked 
| 184|0x0000000717000000, 0x0000000717200000, 0x0000000717200000|100%| O|  |TAMS 0x0000000717200000, 0x0000000717000000| Untracked 
| 185|0x0000000717200000, 0x0000000717400000, 0x0000000717400000|100%| O|  |TAMS 0x0000000717400000, 0x0000000717200000| Updating 
| 186|0x0000000717400000, 0x0000000717600000, 0x0000000717600000|100%| O|  |TAMS 0x0000000717600000, 0x0000000717400000| Untracked 
| 187|0x0000000717600000, 0x0000000717800000, 0x0000000717800000|100%| O|  |TAMS 0x0000000717800000, 0x0000000717600000| Untracked 
| 188|0x0000000717800000, 0x0000000717a00000, 0x0000000717a00000|100%| O|  |TAMS 0x0000000717a00000, 0x0000000717800000| Updating 
| 189|0x0000000717a00000, 0x0000000717c00000, 0x0000000717c00000|100%| O|  |TAMS 0x0000000717c00000, 0x0000000717a00000| Untracked 
| 190|0x0000000717c00000, 0x0000000717e00000, 0x0000000717e00000|100%| O|  |TAMS 0x0000000717e00000, 0x0000000717c00000| Untracked 
| 191|0x0000000717e00000, 0x0000000718000000, 0x0000000718000000|100%| O|  |TAMS 0x0000000718000000, 0x0000000717e00000| Untracked 
| 192|0x0000000718000000, 0x0000000718200000, 0x0000000718200000|100%| O|  |TAMS 0x0000000718200000, 0x0000000718000000| Untracked 
| 193|0x0000000718200000, 0x0000000718400000, 0x0000000718400000|100%| O|  |TAMS 0x0000000718400000, 0x0000000718200000| Untracked 
| 194|0x0000000718400000, 0x0000000718600000, 0x0000000718600000|100%| O|  |TAMS 0x0000000718600000, 0x0000000718400000| Untracked 
| 195|0x0000000718600000, 0x0000000718800000, 0x0000000718800000|100%| O|  |TAMS 0x0000000718800000, 0x0000000718600000| Updating 
| 196|0x0000000718800000, 0x0000000718a00000, 0x0000000718a00000|100%| O|  |TAMS 0x0000000718a00000, 0x0000000718800000| Untracked 
| 197|0x0000000718a00000, 0x0000000718c00000, 0x0000000718c00000|100%| O|  |TAMS 0x0000000718c00000, 0x0000000718a00000| Updating 
| 198|0x0000000718c00000, 0x0000000718e00000, 0x0000000718e00000|100%| O|  |TAMS 0x0000000718e00000, 0x0000000718c00000| Untracked 
| 199|0x0000000718e00000, 0x0000000719000000, 0x0000000719000000|100%| O|  |TAMS 0x0000000719000000, 0x0000000718e00000| Updating 
| 200|0x0000000719000000, 0x0000000719200000, 0x0000000719200000|100%| O|  |TAMS 0x0000000719200000, 0x0000000719000000| Untracked 
| 201|0x0000000719200000, 0x0000000719400000, 0x0000000719400000|100%| O|  |TAMS 0x0000000719400000, 0x0000000719200000| Untracked 
| 202|0x0000000719400000, 0x0000000719600000, 0x0000000719600000|100%| O|  |TAMS 0x0000000719600000, 0x0000000719400000| Untracked 
| 203|0x0000000719600000, 0x0000000719800000, 0x0000000719800000|100%| O|  |TAMS 0x0000000719800000, 0x0000000719600000| Updating 
| 204|0x0000000719800000, 0x0000000719a00000, 0x0000000719a00000|100%| O|  |TAMS 0x0000000719a00000, 0x0000000719800000| Untracked 
| 205|0x0000000719a00000, 0x0000000719c00000, 0x0000000719c00000|100%| O|  |TAMS 0x0000000719c00000, 0x0000000719a00000| Untracked 
| 206|0x0000000719c00000, 0x0000000719e00000, 0x0000000719e00000|100%| O|  |TAMS 0x0000000719e00000, 0x0000000719c00000| Untracked 
| 207|0x0000000719e00000, 0x000000071a000000, 0x000000071a000000|100%| O|  |TAMS 0x000000071a000000, 0x0000000719e00000| Untracked 
| 208|0x000000071a000000, 0x000000071a200000, 0x000000071a200000|100%| O|  |TAMS 0x000000071a200000, 0x000000071a000000| Untracked 
| 209|0x000000071a200000, 0x000000071a400000, 0x000000071a400000|100%| O|  |TAMS 0x000000071a400000, 0x000000071a200000| Untracked 
| 210|0x000000071a400000, 0x000000071a600000, 0x000000071a600000|100%| O|  |TAMS 0x000000071a42d800, 0x000000071a400000| Untracked 
| 211|0x000000071a600000, 0x000000071a800000, 0x000000071a800000|100%| O|  |TAMS 0x000000071a600000, 0x000000071a600000| Untracked 
| 212|0x000000071a800000, 0x000000071aa00000, 0x000000071aa00000|100%| O|  |TAMS 0x000000071a800000, 0x000000071a800000| Untracked 
| 213|0x000000071aa00000, 0x000000071aa46c00, 0x000000071ac00000| 13%| O|  |TAMS 0x000000071aa00000, 0x000000071aa00000| Updating 
| 214|0x000000071ac00000, 0x000000071ac00000, 0x000000071ae00000|  0%| F|  |TAMS 0x000000071ac00000, 0x000000071ac00000| Untracked 
| 215|0x000000071ae00000, 0x000000071ae00000, 0x000000071b000000|  0%| F|  |TAMS 0x000000071ae00000, 0x000000071ae00000| Untracked 
| 216|0x000000071b000000, 0x000000071b000000, 0x000000071b200000|  0%| F|  |TAMS 0x000000071b000000, 0x000000071b000000| Untracked 
| 217|0x000000071b200000, 0x000000071b200000, 0x000000071b400000|  0%| F|  |TAMS 0x000000071b200000, 0x000000071b200000| Untracked 
| 218|0x000000071b400000, 0x000000071b400000, 0x000000071b600000|  0%| F|  |TAMS 0x000000071b400000, 0x000000071b400000| Untracked 
| 219|0x000000071b600000, 0x000000071b600000, 0x000000071b800000|  0%| F|  |TAMS 0x000000071b600000, 0x000000071b600000| Untracked 
| 220|0x000000071b800000, 0x000000071b800000, 0x000000071ba00000|  0%| F|  |TAMS 0x000000071b800000, 0x000000071b800000| Untracked 
| 221|0x000000071ba00000, 0x000000071ba00000, 0x000000071bc00000|  0%| F|  |TAMS 0x000000071ba00000, 0x000000071ba00000| Untracked 
| 222|0x000000071bc00000, 0x000000071bc00000, 0x000000071be00000|  0%| F|  |TAMS 0x000000071bc00000, 0x000000071bc00000| Untracked 
| 223|0x000000071be00000, 0x000000071be00000, 0x000000071c000000|  0%| F|  |TAMS 0x000000071be00000, 0x000000071be00000| Untracked 
| 224|0x000000071c000000, 0x000000071c000000, 0x000000071c200000|  0%| F|  |TAMS 0x000000071c000000, 0x000000071c000000| Untracked 
| 225|0x000000071c200000, 0x000000071c200000, 0x000000071c400000|  0%| F|  |TAMS 0x000000071c200000, 0x000000071c200000| Untracked 
| 226|0x000000071c400000, 0x000000071c600000, 0x000000071c600000|100%| S|CS|TAMS 0x000000071c400000, 0x000000071c400000| Complete 
| 227|0x000000071c600000, 0x000000071c800000, 0x000000071c800000|100%| S|CS|TAMS 0x000000071c600000, 0x000000071c600000| Complete 
| 228|0x000000071c800000, 0x000000071c800000, 0x000000071ca00000|  0%| F|  |TAMS 0x000000071c800000, 0x000000071c800000| Untracked 
| 229|0x000000071ca00000, 0x000000071ca00000, 0x000000071cc00000|  0%| F|  |TAMS 0x000000071ca00000, 0x000000071ca00000| Untracked 
| 230|0x000000071cc00000, 0x000000071cc00000, 0x000000071ce00000|  0%| F|  |TAMS 0x000000071cc00000, 0x000000071cc00000| Untracked 
| 231|0x000000071ce00000, 0x000000071cf37ef0, 0x000000071d000000| 60%| E|  |TAMS 0x000000071ce00000, 0x000000071ce00000| Complete 
| 232|0x000000071d000000, 0x000000071d200000, 0x000000071d200000|100%| E|CS|TAMS 0x000000071d000000, 0x000000071d000000| Complete 
| 233|0x000000071d200000, 0x000000071d400000, 0x000000071d400000|100%| E|CS|TAMS 0x000000071d200000, 0x000000071d200000| Complete 
| 234|0x000000071d400000, 0x000000071d600000, 0x000000071d600000|100%| E|CS|TAMS 0x000000071d400000, 0x000000071d400000| Complete 
| 235|0x000000071d600000, 0x000000071d800000, 0x000000071d800000|100%| E|CS|TAMS 0x000000071d600000, 0x000000071d600000| Complete 
| 236|0x000000071d800000, 0x000000071da00000, 0x000000071da00000|100%| E|CS|TAMS 0x000000071d800000, 0x000000071d800000| Complete 
| 237|0x000000071da00000, 0x000000071dc00000, 0x000000071dc00000|100%| E|CS|TAMS 0x000000071da00000, 0x000000071da00000| Complete 
| 238|0x000000071dc00000, 0x000000071de00000, 0x000000071de00000|100%| E|CS|TAMS 0x000000071dc00000, 0x000000071dc00000| Complete 

Card table byte_map: [0x000002415df10000,0x000002415e710000] _byte_map_base: 0x000002415a710000

Marking Bits (Prev, Next): (CMBitMap*) 0x0000024146b85100, (CMBitMap*) 0x0000024146b850c0
 Prev Bits: [0x0000024162f10000, 0x0000024166f10000)
 Next Bits: [0x000002415ef10000, 0x0000024162f10000)

Polling page: 0x00000241449e0000

Metaspace:

Usage:
  Non-class:    111.16 MB used.
      Class:     17.46 MB used.
       Both:    128.62 MB used.

Virtual space:
  Non-class space:      128.00 MB reserved,     112.44 MB ( 88%) committed,  2 nodes.
      Class space:      832.00 MB reserved,      18.50 MB (  2%) committed,  1 nodes.
             Both:      960.00 MB reserved,     130.94 MB ( 14%) committed. 

Chunk freelists:
   Non-Class:  14.89 MB
       Class:  13.38 MB
        Both:  28.27 MB

MaxMetaspaceSize: 1.00 GB
CompressedClassSpaceSize: 832.00 MB
Initial GC threshold: 21.00 MB
Current GC threshold: 185.31 MB
CDS: on
MetaspaceReclaimPolicy: balanced
 - commit_granule_bytes: 65536.
 - commit_granule_words: 8192.
 - virtual_space_node_default_size: 8388608.
 - enlarge_chunks_in_place: 1.
 - new_chunks_are_fully_committed: 0.
 - uncommit_free_chunks: 1.
 - use_allocation_guard: 0.
 - handle_deallocations: 1.


Internal statistics:

num_allocs_failed_limit: 6.
num_arena_births: 2726.
num_arena_deaths: 0.
num_vsnodes_births: 3.
num_vsnodes_deaths: 0.
num_space_committed: 2093.
num_space_uncommitted: 0.
num_chunks_returned_to_freelist: 6.
num_chunks_taken_from_freelist: 9337.
num_chunk_merges: 6.
num_chunk_splits: 5744.
num_chunks_enlarged: 3257.
num_inconsistent_stats: 0.

CodeHeap 'non-profiled nmethods': size=120000Kb used=16243Kb max_used=16243Kb free=103756Kb
 bounds [0x0000024155eb0000, 0x0000024156ea0000, 0x000002415d3e0000]
CodeHeap 'profiled nmethods': size=120000Kb used=34878Kb max_used=34878Kb free=85121Kb
 bounds [0x000002414e3e0000, 0x0000024150600000, 0x0000024155910000]
CodeHeap 'non-nmethods': size=5760Kb used=2463Kb max_used=2551Kb free=3296Kb
 bounds [0x0000024155910000, 0x0000024155b90000, 0x0000024155eb0000]
 total_blobs=18931 nmethods=17927 adapters=913
 compilation: enabled
              stopped_count=0, restarted_count=0
 full_count=0

Compilation events (20 events):
Event: 237.510 Thread 0x0000024169975450 nmethod 22162 0x0000024156dee710 code [0x0000024156dee8a0, 0x0000024156dee9c8]
Event: 237.510 Thread 0x0000024169975450 22122       4       org.gradle.api.internal.DefaultNamedDomainObjectCollection::doAddLater (48 bytes)
Event: 237.524 Thread 0x0000024169979230 22172       1       com.android.build.gradle.internal.dsl.DefaultConfig$AgpDecorated::getApplicationId (5 bytes)
Event: 237.525 Thread 0x0000024169979230 nmethod 22172 0x0000024156dee410 code [0x0000024156dee5a0, 0x0000024156dee678]
Event: 237.527 Thread 0x0000024169979230 22173       3       org.gradle.api.internal.project.DefaultProject::getResources (10 bytes)
Event: 237.527 Thread 0x0000024169979230 nmethod 22173 0x00000241505ecc10 code [0x00000241505ece20, 0x00000241505ed598]
Event: 237.533 Thread 0x0000024169979230 22174       3       java.util.stream.Collectors::uniqKeysMapAccumulator (8 bytes)
Event: 237.534 Thread 0x0000024169979230 nmethod 22174 0x00000241505ed890 code [0x00000241505eda80, 0x00000241505ee0e8]
Event: 237.534 Thread 0x0000024169979230 22175       3       java.util.stream.Collectors::uniqKeysMapMerger (6 bytes)
Event: 237.534 Thread 0x0000024169979230 nmethod 22175 0x00000241505ee310 code [0x00000241505ee4c0, 0x00000241505ee738]
Event: 237.535 Thread 0x0000024169979230 22176       3       java.util.stream.Collectors$$Lambda$420/0x0000024101447b48::get (8 bytes)
Event: 237.535 Thread 0x0000024169979230 nmethod 22176 0x00000241505ee810 code [0x00000241505ee9c0, 0x00000241505eec58]
Event: 237.535 Thread 0x0000024169979230 22177       3       com.android.build.gradle.internal.core.dsl.impl.VariantDslInfoImpl::getNamespace (77 bytes)
Event: 237.537 Thread 0x0000024169979230 nmethod 22177 0x00000241505eed90 code [0x00000241505ef040, 0x00000241505eff58]
Event: 237.569 Thread 0x0000024169979230 22180       3       kotlin.collections.CollectionsKt___CollectionsKt::filterNotNull (24 bytes)
Event: 237.570 Thread 0x0000024169979230 nmethod 22180 0x00000241505f0510 code [0x00000241505f0760, 0x00000241505f1088]
Event: 237.571 Thread 0x0000024169979230 22181       3       com.android.build.api.component.impl.DeviceTestImpl_Decorated::getAndroidResourcesCreationConfig (40 bytes)
Event: 237.572 Thread 0x0000024169979230 nmethod 22181 0x00000241505f1390 code [0x00000241505f15a0, 0x00000241505f1d98]
Event: 237.613 Thread 0x0000024169979230 22183       3       com.android.build.gradle.internal.component.ComponentCreationConfig::getBuiltInKotlincOutput (35 bytes)
Event: 237.614 Thread 0x0000024169979230 nmethod 22183 0x00000241505f2010 code [0x00000241505f2240, 0x00000241505f2908]

GC Heap History (20 events):
Event: 228.138 GC heap before
{Heap before GC invocations=172 (full 0):
 garbage-first heap   total 489472K, used 431277K [0x0000000700000000, 0x0000000800000000)
  region size 2048K, 12 young (24576K), 2 survivors (4096K)
 Metaspace       used 131019K, committed 133312K, reserved 983040K
  class space    used 17844K, committed 18880K, reserved 851968K
}
Event: 228.142 GC heap after
{Heap after GC invocations=173 (full 0):
 garbage-first heap   total 489472K, used 411148K [0x0000000700000000, 0x0000000800000000)
  region size 2048K, 2 young (4096K), 2 survivors (4096K)
 Metaspace       used 131019K, committed 133312K, reserved 983040K
  class space    used 17844K, committed 18880K, reserved 851968K
}
Event: 228.999 GC heap before
{Heap before GC invocations=173 (full 0):
 garbage-first heap   total 489472K, used 431628K [0x0000000700000000, 0x0000000800000000)
  region size 2048K, 12 young (24576K), 2 survivors (4096K)
 Metaspace       used 131167K, committed 133504K, reserved 983040K
  class space    used 17848K, committed 18880K, reserved 851968K
}
Event: 229.006 GC heap after
{Heap after GC invocations=174 (full 0):
 garbage-first heap   total 489472K, used 413624K [0x0000000700000000, 0x0000000800000000)
  region size 2048K, 2 young (4096K), 2 survivors (4096K)
 Metaspace       used 131167K, committed 133504K, reserved 983040K
  class space    used 17848K, committed 18880K, reserved 851968K
}
Event: 230.103 GC heap before
{Heap before GC invocations=174 (full 0):
 garbage-first heap   total 489472K, used 434104K [0x0000000700000000, 0x0000000800000000)
  region size 2048K, 12 young (24576K), 2 survivors (4096K)
 Metaspace       used 131303K, committed 133696K, reserved 983040K
  class space    used 17856K, committed 18944K, reserved 851968K
}
Event: 230.111 GC heap after
{Heap after GC invocations=175 (full 0):
 garbage-first heap   total 489472K, used 416856K [0x0000000700000000, 0x0000000800000000)
  region size 2048K, 2 young (4096K), 2 survivors (4096K)
 Metaspace       used 131303K, committed 133696K, reserved 983040K
  class space    used 17856K, committed 18944K, reserved 851968K
}
Event: 232.852 GC heap before
{Heap before GC invocations=175 (full 0):
 garbage-first heap   total 489472K, used 433240K [0x0000000700000000, 0x0000000800000000)
  region size 2048K, 11 young (22528K), 2 survivors (4096K)
 Metaspace       used 131387K, committed 133760K, reserved 983040K
  class space    used 17866K, committed 18944K, reserved 851968K
}
Event: 232.859 GC heap after
{Heap after GC invocations=176 (full 0):
 garbage-first heap   total 489472K, used 420070K [0x0000000700000000, 0x0000000800000000)
  region size 2048K, 2 young (4096K), 2 survivors (4096K)
 Metaspace       used 131387K, committed 133760K, reserved 983040K
  class space    used 17866K, committed 18944K, reserved 851968K
}
Event: 233.124 GC heap before
{Heap before GC invocations=176 (full 0):
 garbage-first heap   total 489472K, used 438502K [0x0000000700000000, 0x0000000800000000)
  region size 2048K, 11 young (22528K), 2 survivors (4096K)
 Metaspace       used 131402K, committed 133824K, reserved 983040K
  class space    used 17867K, committed 18944K, reserved 851968K
}
Event: 233.129 GC heap after
{Heap after GC invocations=177 (full 0):
 garbage-first heap   total 489472K, used 421635K [0x0000000700000000, 0x0000000800000000)
  region size 2048K, 1 young (2048K), 1 survivors (2048K)
 Metaspace       used 131402K, committed 133824K, reserved 983040K
  class space    used 17867K, committed 18944K, reserved 851968K
}
Event: 233.867 GC heap before
{Heap before GC invocations=177 (full 0):
 garbage-first heap   total 489472K, used 440067K [0x0000000700000000, 0x0000000800000000)
  region size 2048K, 11 young (22528K), 1 survivors (2048K)
 Metaspace       used 131480K, committed 133888K, reserved 983040K
  class space    used 17871K, committed 18944K, reserved 851968K
}
Event: 233.875 GC heap after
{Heap after GC invocations=178 (full 0):
 garbage-first heap   total 489472K, used 426471K [0x0000000700000000, 0x0000000800000000)
  region size 2048K, 2 young (4096K), 2 survivors (4096K)
 Metaspace       used 131480K, committed 133888K, reserved 983040K
  class space    used 17871K, committed 18944K, reserved 851968K
}
Event: 235.143 GC heap before
{Heap before GC invocations=178 (full 0):
 garbage-first heap   total 489472K, used 444903K [0x0000000700000000, 0x0000000800000000)
  region size 2048K, 11 young (22528K), 2 survivors (4096K)
 Metaspace       used 131503K, committed 133888K, reserved 983040K
  class space    used 17873K, committed 18944K, reserved 851968K
}
Event: 235.151 GC heap after
{Heap after GC invocations=179 (full 0):
 garbage-first heap   total 489472K, used 429960K [0x0000000700000000, 0x0000000800000000)
  region size 2048K, 2 young (4096K), 2 survivors (4096K)
 Metaspace       used 131503K, committed 133888K, reserved 983040K
  class space    used 17873K, committed 18944K, reserved 851968K
}
Event: 236.115 GC heap before
{Heap before GC invocations=179 (full 0):
 garbage-first heap   total 489472K, used 448392K [0x0000000700000000, 0x0000000800000000)
  region size 2048K, 11 young (22528K), 2 survivors (4096K)
 Metaspace       used 131593K, committed 133952K, reserved 983040K
  class space    used 17876K, committed 18944K, reserved 851968K
}
Event: 236.123 GC heap after
{Heap after GC invocations=180 (full 0):
 garbage-first heap   total 489472K, used 434358K [0x0000000700000000, 0x0000000800000000)
  region size 2048K, 2 young (4096K), 2 survivors (4096K)
 Metaspace       used 131593K, committed 133952K, reserved 983040K
  class space    used 17876K, committed 18944K, reserved 851968K
}
Event: 236.743 GC heap before
{Heap before GC invocations=180 (full 0):
 garbage-first heap   total 489472K, used 452790K [0x0000000700000000, 0x0000000800000000)
  region size 2048K, 11 young (22528K), 2 survivors (4096K)
 Metaspace       used 131614K, committed 134016K, reserved 983040K
  class space    used 17878K, committed 18944K, reserved 851968K
}
Event: 236.751 GC heap after
{Heap after GC invocations=181 (full 0):
 garbage-first heap   total 489472K, used 436742K [0x0000000700000000, 0x0000000800000000)
  region size 2048K, 2 young (4096K), 2 survivors (4096K)
 Metaspace       used 131614K, committed 134016K, reserved 983040K
  class space    used 17878K, committed 18944K, reserved 851968K
}
Event: 237.224 GC heap before
{Heap before GC invocations=181 (full 0):
 garbage-first heap   total 489472K, used 455174K [0x0000000700000000, 0x0000000800000000)
  region size 2048K, 11 young (22528K), 2 survivors (4096K)
 Metaspace       used 131657K, committed 134016K, reserved 983040K
  class space    used 17878K, committed 18944K, reserved 851968K
}
Event: 237.233 GC heap after
{Heap after GC invocations=182 (full 0):
 garbage-first heap   total 489472K, used 440603K [0x0000000700000000, 0x0000000800000000)
  region size 2048K, 2 young (4096K), 2 survivors (4096K)
 Metaspace       used 131657K, committed 134016K, reserved 983040K
  class space    used 17878K, committed 18944K, reserved 851968K
}

Deoptimization events (20 events):
Event: 235.307 Thread 0x0000024169b7c860 DEOPT PACKING pc=0x000002414e4cb839 sp=0x000000bc631f8d80
Event: 235.307 Thread 0x0000024169b7c860 DEOPT UNPACKING pc=0x0000024155962b43 sp=0x000000bc631f8228 mode 0
Event: 235.604 Thread 0x000002417eb37050 DEOPT PACKING pc=0x000002414fb309a3 sp=0x000000bc6a1fe710
Event: 235.604 Thread 0x000002417eb37050 DEOPT UNPACKING pc=0x0000024155962b43 sp=0x000000bc6a1fdba0 mode 0
Event: 236.623 Thread 0x000002417d779a20 Uncommon trap: trap_request=0xffffff45 fr.pc=0x0000024156d6c1bc relative=0x000000000000267c
Event: 236.623 Thread 0x000002417d779a20 Uncommon trap: reason=unstable_if action=reinterpret pc=0x0000024156d6c1bc method=java.util.concurrent.locks.AbstractQueuedSynchronizer$ConditionObject.await()V @ 88 c2
Event: 236.623 Thread 0x000002417d779a20 DEOPT PACKING pc=0x0000024156d6c1bc sp=0x000000bc674fdfc0
Event: 236.623 Thread 0x000002417d779a20 DEOPT UNPACKING pc=0x00000241559623a3 sp=0x000000bc674fddc8 mode 2
Event: 236.648 Thread 0x00000241726da0e0 Uncommon trap: trap_request=0xffffff45 fr.pc=0x0000024156e26a70 relative=0x0000000000001330
Event: 236.648 Thread 0x00000241726da0e0 Uncommon trap: reason=unstable_if action=reinterpret pc=0x0000024156e26a70 method=java.util.concurrent.ConcurrentHashMap.putVal(Ljava/lang/Object;Ljava/lang/Object;Z)Ljava/lang/Object; @ 197 c2
Event: 236.648 Thread 0x00000241726da0e0 DEOPT PACKING pc=0x0000024156e26a70 sp=0x000000bc679fe5e0
Event: 236.648 Thread 0x00000241726da0e0 DEOPT UNPACKING pc=0x00000241559623a3 sp=0x000000bc679fe560 mode 2
Event: 236.841 Thread 0x0000024169b7c860 DEOPT PACKING pc=0x000002415037222f sp=0x000000bc631f8ff0
Event: 236.841 Thread 0x0000024169b7c860 DEOPT UNPACKING pc=0x0000024155962b43 sp=0x000000bc631f8518 mode 0
Event: 236.887 Thread 0x0000024169b7c860 DEOPT PACKING pc=0x000002415037222f sp=0x000000bc631f8ff0
Event: 236.887 Thread 0x0000024169b7c860 DEOPT UNPACKING pc=0x0000024155962b43 sp=0x000000bc631f8518 mode 0
Event: 237.253 Thread 0x0000024169b7c860 Uncommon trap: trap_request=0xffffff45 fr.pc=0x000002415697938c relative=0x00000000000025cc
Event: 237.253 Thread 0x0000024169b7c860 Uncommon trap: reason=unstable_if action=reinterpret pc=0x000002415697938c method=org.gradle.internal.metaobject.BeanDynamicObject$MetaClassAdapter.lookupProperty(Lgroovy/lang/MetaClass;Ljava/lang/String;)Lgroovy/lang/MetaProperty; @ 34 c2
Event: 237.253 Thread 0x0000024169b7c860 DEOPT PACKING pc=0x000002415697938c sp=0x000000bc631f9390
Event: 237.253 Thread 0x0000024169b7c860 DEOPT UNPACKING pc=0x00000241559623a3 sp=0x000000bc631f93a8 mode 2

Classes unloaded (0 events):
No events

Classes redefined (0 events):
No events

Internal exceptions (20 events):
Event: 228.196 Thread 0x0000024169b7c860 Exception <a 'sun/nio/fs/WindowsException'{0x000000071d8008b0}> (0x000000071d8008b0) 
thrown [s\open\src\hotspot\share\prims\jni.cpp, line 516]
Event: 228.196 Thread 0x0000024169b7c860 Exception <a 'sun/nio/fs/WindowsException'{0x000000071d8038c0}> (0x000000071d8038c0) 
thrown [s\open\src\hotspot\share\prims\jni.cpp, line 516]
Event: 228.196 Thread 0x0000024169b7c860 Exception <a 'sun/nio/fs/WindowsException'{0x000000071d803aa0}> (0x000000071d803aa0) 
thrown [s\open\src\hotspot\share\prims\jni.cpp, line 516]
Event: 228.197 Thread 0x0000024169b7c860 Exception <a 'sun/nio/fs/WindowsException'{0x000000071d8076f0}> (0x000000071d8076f0) 
thrown [s\open\src\hotspot\share\prims\jni.cpp, line 516]
Event: 228.197 Thread 0x0000024169b7c860 Exception <a 'sun/nio/fs/WindowsException'{0x000000071d8078d0}> (0x000000071d8078d0) 
thrown [s\open\src\hotspot\share\prims\jni.cpp, line 516]
Event: 229.683 Thread 0x00000241724527b0 Exception <a 'sun/nio/fs/WindowsException'{0x000000071d354830}> (0x000000071d354830) 
thrown [s\open\src\hotspot\share\prims\jni.cpp, line 516]
Event: 229.683 Thread 0x00000241724527b0 Exception <a 'sun/nio/fs/WindowsException'{0x000000071d356818}> (0x000000071d356818) 
thrown [s\open\src\hotspot\share\prims\jni.cpp, line 516]
Event: 229.683 Thread 0x00000241724527b0 Exception <a 'sun/nio/fs/WindowsException'{0x000000071d358740}> (0x000000071d358740) 
thrown [s\open\src\hotspot\share\prims\jni.cpp, line 516]
Event: 229.684 Thread 0x00000241724527b0 Exception <a 'sun/nio/fs/WindowsException'{0x000000071d35a618}> (0x000000071d35a618) 
thrown [s\open\src\hotspot\share\prims\jni.cpp, line 516]
Event: 229.686 Thread 0x00000241724527b0 Exception <a 'sun/nio/fs/WindowsException'{0x000000071d363e98}> (0x000000071d363e98) 
thrown [s\open\src\hotspot\share\prims\jni.cpp, line 516]
Event: 229.771 Thread 0x00000241724527b0 Exception <a 'sun/nio/fs/WindowsException'{0x000000071d1caf38}> (0x000000071d1caf38) 
thrown [s\open\src\hotspot\share\prims\jni.cpp, line 516]
Event: 229.772 Thread 0x00000241724527b0 Exception <a 'sun/nio/fs/WindowsException'{0x000000071d1cd228}> (0x000000071d1cd228) 
thrown [s\open\src\hotspot\share\prims\jni.cpp, line 516]
Event: 229.772 Thread 0x00000241724527b0 Exception <a 'sun/nio/fs/WindowsException'{0x000000071d1cf210}> (0x000000071d1cf210) 
thrown [s\open\src\hotspot\share\prims\jni.cpp, line 516]
Event: 229.772 Thread 0x00000241724527b0 Exception <a 'sun/nio/fs/WindowsException'{0x000000071d1d0eb0}> (0x000000071d1d0eb0) 
thrown [s\open\src\hotspot\share\prims\jni.cpp, line 516]
Event: 232.824 Thread 0x000002417392c900 Exception <a 'sun/nio/fs/WindowsException'{0x000000071cd50f58}> (0x000000071cd50f58) 
thrown [s\open\src\hotspot\share\prims\jni.cpp, line 516]
Event: 232.825 Thread 0x000002417392c900 Exception <a 'sun/nio/fs/WindowsException'{0x000000071cd535a0}> (0x000000071cd535a0) 
thrown [s\open\src\hotspot\share\prims\jni.cpp, line 516]
Event: 232.825 Thread 0x000002417392c900 Exception <a 'sun/nio/fs/WindowsException'{0x000000071cd55b48}> (0x000000071cd55b48) 
thrown [s\open\src\hotspot\share\prims\jni.cpp, line 516]
Event: 232.826 Thread 0x000002417392c900 Exception <a 'sun/nio/fs/WindowsException'{0x000000071cd57d68}> (0x000000071cd57d68) 
thrown [s\open\src\hotspot\share\prims\jni.cpp, line 516]
Event: 233.042 Thread 0x0000024169b7c860 Exception <a 'sun/nio/fs/WindowsException'{0x000000071cec4458}> (0x000000071cec4458) 
thrown [s\open\src\hotspot\share\prims\jni.cpp, line 516]
Event: 236.814 Thread 0x0000024169b7c860 Exception <a 'sun/nio/fs/WindowsException'{0x000000071db04f88}> (0x000000071db04f88) 
thrown [s\open\src\hotspot\share\prims\jni.cpp, line 516]

VM Operations (20 events):
Event: 229.319 Executing VM operation: HandshakeAllThreads done
Event: 230.103 Executing VM operation: G1CollectForAllocation
Event: 230.112 Executing VM operation: G1CollectForAllocation done
Event: 232.111 Executing VM operation: Cleanup
Event: 232.111 Executing VM operation: Cleanup done
Event: 232.851 Executing VM operation: G1CollectForAllocation
Event: 232.860 Executing VM operation: G1CollectForAllocation done
Event: 233.123 Executing VM operation: G1CollectForAllocation
Event: 233.129 Executing VM operation: G1CollectForAllocation done
Event: 233.867 Executing VM operation: G1CollectForAllocation
Event: 233.876 Executing VM operation: G1CollectForAllocation done
Event: 235.143 Executing VM operation: G1CollectForAllocation
Event: 235.151 Executing VM operation: G1CollectForAllocation done
Event: 236.115 Executing VM operation: G1CollectForAllocation
Event: 236.123 Executing VM operation: G1CollectForAllocation done
Event: 236.743 Executing VM operation: G1CollectForAllocation
Event: 236.751 Executing VM operation: G1CollectForAllocation done
Event: 237.223 Executing VM operation: G1CollectForAllocation
Event: 237.234 Executing VM operation: G1CollectForAllocation done
Event: 237.637 Executing VM operation: G1Concurrent

Events (20 events):
Event: 232.904 Thread 0x000002417be8f770 Thread added: 0x000002417be8f770
Event: 232.904 Thread 0x000002417be8c4d0 Thread added: 0x000002417be8c4d0
Event: 232.905 Thread 0x000002417be8c9e0 Thread added: 0x000002417be8c9e0
Event: 232.905 Thread 0x000002417be8d400 Thread added: 0x000002417be8d400
Event: 232.906 Thread 0x000002417eb37a70 Thread added: 0x000002417eb37a70
Event: 232.906 Thread 0x000002417eb37560 Thread added: 0x000002417eb37560
Event: 233.072 Thread 0x000002417eb3d590 Thread added: 0x000002417eb3d590
Event: 233.153 Thread 0x000002417eb37050 Thread added: 0x000002417eb37050
Event: 233.716 Thread 0x000002417eb3e4c0 Thread added: 0x000002417eb3e4c0
Event: 233.719 Thread 0x000002417eb38490 Thread added: 0x000002417eb38490
Event: 235.055 Thread 0x000002417eb3ad10 Thread added: 0x000002417eb3ad10
Event: 235.056 Thread 0x000002417eb389a0 Thread added: 0x000002417eb389a0
Event: 235.056 Thread 0x000002417eb3dfb0 Thread added: 0x000002417eb3dfb0
Event: 235.056 Thread 0x000002417eb38eb0 Thread added: 0x000002417eb38eb0
Event: 235.056 Thread 0x000002417eb3b730 Thread added: 0x000002417eb3b730
Event: 235.057 Thread 0x000002417eb37f80 Thread added: 0x000002417eb37f80
Event: 235.058 Thread 0x000002417eb3d080 Thread added: 0x000002417eb3d080
Event: 235.075 Thread 0x000002417eb39de0 Thread added: 0x000002417eb39de0
Event: 235.076 Thread 0x000002417eb393c0 Thread added: 0x000002417eb393c0
Event: 235.076 Thread 0x000002417eb398d0 Thread added: 0x000002417eb398d0


Dynamic libraries:
0x00007ff785000000 - 0x00007ff785010000 	C:\Program Files\Java\jdk-17\bin\java.exe
0x00007ff8688b0000 - 0x00007ff868aa8000 	C:\WINDOWS\SYSTEM32\ntdll.dll
0x00007ff867c60000 - 0x00007ff867d22000 	C:\WINDOWS\System32\KERNEL32.DLL
0x00007ff866580000 - 0x00007ff866876000 	C:\WINDOWS\System32\KERNELBASE.dll
0x00007ff866070000 - 0x00007ff866170000 	C:\WINDOWS\System32\ucrtbase.dll
0x00007ff8493a0000 - 0x00007ff8493bb000 	C:\Program Files\Java\jdk-17\bin\VCRUNTIME140.dll
0x00007ff860300000 - 0x00007ff860319000 	C:\Program Files\Java\jdk-17\bin\jli.dll
0x00007ff866d40000 - 0x00007ff866df1000 	C:\WINDOWS\System32\ADVAPI32.dll
0x00007ff867b00000 - 0x00007ff867b9e000 	C:\WINDOWS\System32\msvcrt.dll
0x00007ff866fb0000 - 0x00007ff86704f000 	C:\WINDOWS\System32\sechost.dll
0x00007ff867db0000 - 0x00007ff867ed0000 	C:\WINDOWS\System32\RPCRT4.dll
0x00007ff866310000 - 0x00007ff866337000 	C:\WINDOWS\System32\bcrypt.dll
0x00007ff8672f0000 - 0x00007ff867491000 	C:\WINDOWS\System32\USER32.dll
0x00007ff866340000 - 0x00007ff866362000 	C:\WINDOWS\System32\win32u.dll
0x00007ff867fa0000 - 0x00007ff867fcb000 	C:\WINDOWS\System32\GDI32.dll
0x00007ff866170000 - 0x00007ff866289000 	C:\WINDOWS\System32\gdi32full.dll
0x00007ff865f40000 - 0x00007ff865fdd000 	C:\WINDOWS\System32\msvcp_win.dll
0x00007ff84f900000 - 0x00007ff84fb9b000 	C:\WINDOWS\WinSxS\amd64_microsoft.windows.common-controls_6595b64144ccf1df_6.0.19041.6456_none_60b8a6cb71f64256\COMCTL32.dll
0x00007ff859e40000 - 0x00007ff859e4a000 	C:\WINDOWS\SYSTEM32\VERSION.dll
0x00007ff867210000 - 0x00007ff86723f000 	C:\WINDOWS\System32\IMM32.DLL
0x00007ff860330000 - 0x00007ff86033c000 	C:\Program Files\Java\jdk-17\bin\vcruntime140_1.dll
0x00007ff834380000 - 0x00007ff83440e000 	C:\Program Files\Java\jdk-17\bin\msvcp140.dll
0x00007ff81c490000 - 0x00007ff81d070000 	C:\Program Files\Java\jdk-17\bin\server\jvm.dll
0x00007ff867c50000 - 0x00007ff867c58000 	C:\WINDOWS\System32\PSAPI.DLL
0x00007ff83ba30000 - 0x00007ff83ba39000 	C:\WINDOWS\SYSTEM32\WSOCK32.dll
0x00007ff867080000 - 0x00007ff8670eb000 	C:\WINDOWS\System32\WS2_32.dll
0x00007ff84f0d0000 - 0x00007ff84f0f7000 	C:\WINDOWS\SYSTEM32\WINMM.dll
0x00007ff8647a0000 - 0x00007ff8647b2000 	C:\WINDOWS\SYSTEM32\kernel.appcore.dll
0x00007ff851910000 - 0x00007ff85191a000 	C:\Program Files\Java\jdk-17\bin\jimage.dll
0x00007ff863980000 - 0x00007ff863b81000 	C:\WINDOWS\SYSTEM32\DBGHELP.DLL
0x00007ff84b860000 - 0x00007ff84b894000 	C:\WINDOWS\SYSTEM32\dbgcore.DLL
0x00007ff865fe0000 - 0x00007ff866062000 	C:\WINDOWS\System32\bcryptPrimitives.dll
0x00007ff851820000 - 0x00007ff85182e000 	C:\Program Files\Java\jdk-17\bin\instrument.dll
0x00007ff8483a0000 - 0x00007ff8483c5000 	C:\Program Files\Java\jdk-17\bin\java.dll
0x00007ff8329c0000 - 0x00007ff832a97000 	C:\Program Files\Java\jdk-17\bin\jsvml.dll
0x00007ff867fd0000 - 0x00007ff868740000 	C:\WINDOWS\System32\SHELL32.dll
0x00007ff863f80000 - 0x00007ff864725000 	C:\WINDOWS\SYSTEM32\windows.storage.dll
0x00007ff8677a0000 - 0x00007ff867af4000 	C:\WINDOWS\System32\combase.dll
0x00007ff865890000 - 0x00007ff8658bb000 	C:\WINDOWS\SYSTEM32\Wldp.dll
0x00007ff8687a0000 - 0x00007ff86886d000 	C:\WINDOWS\System32\OLEAUT32.dll
0x00007ff867ba0000 - 0x00007ff867c4d000 	C:\WINDOWS\System32\SHCORE.dll
0x00007ff8676b0000 - 0x00007ff86770b000 	C:\WINDOWS\System32\shlwapi.dll
0x00007ff865e70000 - 0x00007ff865e94000 	C:\WINDOWS\SYSTEM32\profapi.dll
0x00007ff844670000 - 0x00007ff844688000 	C:\Program Files\Java\jdk-17\bin\zip.dll
0x00007ff849380000 - 0x00007ff849399000 	C:\Program Files\Java\jdk-17\bin\net.dll
0x00007ff8594a0000 - 0x00007ff8595aa000 	C:\WINDOWS\SYSTEM32\WINHTTP.dll
0x00007ff8655f0000 - 0x00007ff86565a000 	C:\WINDOWS\system32\mswsock.dll
0x00007ff844820000 - 0x00007ff844836000 	C:\Program Files\Java\jdk-17\bin\nio.dll
0x00007ff8518e0000 - 0x00007ff8518f0000 	C:\Program Files\Java\jdk-17\bin\verify.dll
0x00007ff851630000 - 0x00007ff851657000 	E:\GradleCache\native\1def1411415f61bf3af743bc5b6707747c0891f09f0c88961ee8f79bc544acac\windows-amd64\native-platform.dll
0x00007ff83ece0000 - 0x00007ff83ed58000 	E:\GradleCache\native\0.2.7\x86_64-windows-gnu\gradle-fileevents.dll
0x00007ff851880000 - 0x00007ff85188a000 	C:\Program Files\Java\jdk-17\bin\management.dll
0x00007ff851830000 - 0x00007ff85183b000 	C:\Program Files\Java\jdk-17\bin\management_ext.dll
0x00007ff8652d0000 - 0x00007ff86530b000 	C:\WINDOWS\SYSTEM32\IPHLPAPI.DLL
0x00007ff867070000 - 0x00007ff867078000 	C:\WINDOWS\System32\NSI.dll
0x00007ff85a0f0000 - 0x00007ff85a107000 	C:\WINDOWS\SYSTEM32\dhcpcsvc6.DLL
0x00007ff85a5d0000 - 0x00007ff85a5ed000 	C:\WINDOWS\SYSTEM32\dhcpcsvc.DLL
0x00007ff865310000 - 0x00007ff8653da000 	C:\WINDOWS\SYSTEM32\DNSAPI.dll
0x00007ff8657e0000 - 0x00007ff8657f8000 	C:\WINDOWS\SYSTEM32\CRYPTSP.dll
0x00007ff864f10000 - 0x00007ff864f48000 	C:\WINDOWS\system32\rsaenh.dll
0x00007ff865df0000 - 0x00007ff865e1e000 	C:\WINDOWS\SYSTEM32\USERENV.dll
0x00007ff865800000 - 0x00007ff86580c000 	C:\WINDOWS\SYSTEM32\CRYPTBASE.dll
0x00007ff844630000 - 0x00007ff84463e000 	C:\Program Files\Java\jdk-17\bin\sunmscapi.dll
0x00007ff866420000 - 0x00007ff86657d000 	C:\WINDOWS\System32\CRYPT32.dll
0x00007ff865900000 - 0x00007ff865927000 	C:\WINDOWS\SYSTEM32\ncrypt.dll
0x00007ff8658c0000 - 0x00007ff8658fb000 	C:\WINDOWS\SYSTEM32\NTASN1.dll
0x00007ff8076e0000 - 0x00007ff8076e7000 	C:\WINDOWS\system32\wshunix.dll

dbghelp: loaded successfully - version: 4.0.5 - missing functions: none
symbol engine: initialized successfully - sym options: 0x614 - pdb path: .;C:\Program Files\Java\jdk-17\bin;C:\WINDOWS\SYSTEM32;C:\WINDOWS\WinSxS\amd64_microsoft.windows.common-controls_6595b64144ccf1df_6.0.19041.6456_none_60b8a6cb71f64256;C:\Program Files\Java\jdk-17\bin\server;E:\GradleCache\native\1def1411415f61bf3af743bc5b6707747c0891f09f0c88961ee8f79bc544acac\windows-amd64;E:\GradleCache\native\0.2.7\x86_64-windows-gnu

VM Arguments:
jvm_args: --add-opens=java.base/java.lang=ALL-UNNAMED --add-opens=java.base/java.lang.invoke=ALL-UNNAMED --add-opens=java.base/java.util=ALL-UNNAMED --add-opens=java.prefs/java.util.prefs=ALL-UNNAMED --add-exports=jdk.compiler/com.sun.tools.javac.api=ALL-UNNAMED --add-exports=jdk.compiler/com.sun.tools.javac.util=ALL-UNNAMED --add-opens=java.base/java.util=ALL-UNNAMED --add-opens=java.prefs/java.util.prefs=ALL-UNNAMED --add-opens=java.base/java.nio.charset=ALL-UNNAMED --add-opens=java.base/java.net=ALL-UNNAMED --add-opens=java.base/java.util.concurrent.atomic=ALL-UNNAMED --add-opens=java.xml/javax.xml.namespace=ALL-UNNAMED -XX:MaxMetaspaceSize=1024m -XX:+HeapDumpOnOutOfMemoryError -XX:+UseG1GC -XX:MaxGCPauseMillis=200 -Xmx4096m -Dfile.encoding=UTF-8 -Duser.country=US -Duser.language=en -Duser.variant -javaagent:E:\GradleCache\wrapper\dists\gradle-8.14.1-bin\baw1sv0jfoi8rxs14qo3h49cs\gradle-8.14.1\lib\agents\gradle-instrumentation-agent-8.14.1.jar 
java_command: org.gradle.launcher.daemon.bootstrap.GradleDaemon 8.14.1
java_class_path (initial): E:\GradleCache\wrapper\dists\gradle-8.14.1-bin\baw1sv0jfoi8rxs14qo3h49cs\gradle-8.14.1\lib\gradle-daemon-main-8.14.1.jar
Launcher Type: SUN_STANDARD

[Global flags]
     intx CICompilerCount                          = 4                                         {product} {ergonomic}
   size_t CompressedClassSpaceSize                 = 872415232                                 {product} {ergonomic}
     uint ConcGCThreads                            = 2                                         {product} {ergonomic}
     uint G1ConcRefinementThreads                  = 8                                         {product} {ergonomic}
   size_t G1HeapRegionSize                         = 2097152                                   {product} {ergonomic}
    uintx GCDrainStackTargetSize                   = 64                                        {product} {ergonomic}
     bool HeapDumpOnOutOfMemoryError               = true                                   {manageable} {command line}
   size_t InitialHeapSize                          = 266338304                                 {product} {ergonomic}
   size_t MarkStackSize                            = 4194304                                   {product} {ergonomic}
    uintx MaxGCPauseMillis                         = 200                                       {product} {command line}
   size_t MaxHeapSize                              = 4294967296                                {product} {command line}
   size_t MaxMetaspaceSize                         = 1073741824                                {product} {command line}
   size_t MaxNewSize                               = 2575302656                                {product} {ergonomic}
   size_t MinHeapDeltaBytes                        = 2097152                                   {product} {ergonomic}
   size_t MinHeapSize                              = 8388608                                   {product} {ergonomic}
    uintx NonNMethodCodeHeapSize                   = 5839372                                {pd product} {ergonomic}
    uintx NonProfiledCodeHeapSize                  = 122909434                              {pd product} {ergonomic}
    uintx ProfiledCodeHeapSize                     = 122909434                              {pd product} {ergonomic}
    uintx ReservedCodeCacheSize                    = 251658240                              {pd product} {ergonomic}
     bool SegmentedCodeCache                       = true                                      {product} {ergonomic}
   size_t SoftMaxHeapSize                          = 4294967296                             {manageable} {ergonomic}
     bool UseCompressedClassPointers               = true                           {product lp64_product} {ergonomic}
     bool UseCompressedOops                        = true                           {product lp64_product} {ergonomic}
     bool UseG1GC                                  = true                                      {product} {command line}
     bool UseLargePagesIndividualAllocation        = false                                  {pd product} {ergonomic}

Logging:
Log output configuration:
 #0: stdout all=warning uptime,level,tags
 #1: stderr all=off uptime,level,tags

Environment Variables:
JAVA_HOME=C:\Program Files\Java\jdk-17
PATH=C:\Program Files\Common Files\Oracle\Java\javapath;C:\Python313\Scripts\;C:\Python313\;C:\WINDOWS\system32;C:\WINDOWS;C:\WINDOWS\System32\Wbem;C:\WINDOWS\System32\WindowsPowerShell\v1.0\;C:\WINDOWS\System32\OpenSSH\;C:\Program Files\nodejs\;C:\ProgramData\chocolatey\bin;C:\Program Files\Git\cmd;C:\Users\Ikramul islam\AppData\Local\Android\Sdk\platform-tools;C:\Users\Ikramul islam\AppData\Local\Android\Sdk\emulator;C:\Users\Ikramul islam\AppData\Local\Android\Sdk\tools;C:\Users\Ikramul islam\AppData\Local\Android\Sdk\tools\bin;C:\Program Files\Java\jdk-17\bin;C:\poppler\bin;C:\Program Files\GraphicsMagick-1.3.42-Q8;C:\Program Files\gs\gs10.05.1\bin;C:\Program Files\PuTTY\;c:\Users\Ikramul islam\AppData\Local\Programs\cursor\resources\app\bin;C:\Program Files\cursor\resources\app\bin;C:\Users\Ikramul islam\AppData\Local\Programs\Python\Python310\Scripts\;C:\Users\Ikramul islam\AppData\Local\Programs\Python\Python310\;C:\Users\Ikramul islam\AppData\Local\Microsoft\WindowsApps;C:\Users\Ikramul islam\AppData\Roaming\npm;C:\Users\Ikramul islam\AppData\Local\Programs\Microsoft VS Code\bin;C:\Program Files\Java\jdk-17\bin;C:\Users\Ikramul islam\AppData\Local\Android\Sdk\platform-tools;C:\Users\Ikramul islam\AppData\Local\Android\Sdk\emulator;C:\Users\Ikramul islam\AppData\Local\Android\Sdk\tools;C:\Users\Ikramul islam\AppData\Local\Android\Sdk\tools\bin;C:\Program Files\GraphicsMagick-1.3.42-Q8;C:\Users\Ikramul islam\AppData\Local\Programs\cursor-editor\resources\app\bin;C:\Users\Ikramul islam\AppData\Local\Microsoft\WinGet\Packages\Gyan.FFmpeg_Microsoft.Winget.Source_8wekyb3d8bbwe\ffmpeg-8.0-full_build\bin;
USERNAME=Ikramulislam
OS=Windows_NT
PROCESSOR_IDENTIFIER=Intel64 Family 6 Model 142 Stepping 10, GenuineIntel



---------------  S Y S T E M  ---------------

OS:
 Windows 10 , 64 bit Build 19041 (10.0.19041.5915)
OS uptime: 1 days 2:26 hours

CPU: total 8 (initial active 8) (4 cores per cpu, 2 threads per core) family 6 model 142 stepping 10 microcode 0xf6, cx8, cmov, fxsr, ht, mmx, 3dnowpref, sse, sse2, sse3, ssse3, sse4.1, sse4.2, popcnt, lzcnt, tsc, tscinvbit, avx, avx2, aes, erms, clmul, bmi1, bmi2, rtm, adx, fma, vzeroupper, clflush, clflushopt

Memory: 4k page, system-wide physical 16227M (359M free)
TotalPageFile size 36171M (AvailPageFile size 217M)
current process WorkingSet (physical memory assigned to process): 842M, peak: 849M
current process commit charge ("private bytes"): 946M, peak: 1216M

vm_info: Java HotSpot(TM) 64-Bit Server VM (17.0.12+8-LTS-286) for windows-amd64 JRE (17.0.12+8-LTS-286), built on Jun  5 2024 06:46:59 by "mach5one" with MS VC++ 17.6 (VS2022)

END.
