#
# There is insufficient memory for the Java Runtime Environment to continue.
# Native memory allocation (malloc) failed to allocate 1877760 bytes for Chunk::new
# Possible reasons:
#   The system is out of physical RAM or swap space
#   The process is running with CompressedOops enabled, and the Java Heap may be blocking the growth of the native heap
# Possible solutions:
#   Reduce memory load on the system
#   Increase physical memory or swap space
#   Check if swap backing store is full
#   Decrease Java heap size (-Xmx/-Xms)
#   Decrease number of Java threads
#   Decrease Java thread stack sizes (-Xss)
#   Set larger code cache with -XX:ReservedCodeCacheSize=
#   JVM is running with Zero Based Compressed Oops mode in which the Java heap is
#     placed in the first 32GB address space. The Java Heap base address is the
#     maximum limit for the native heap growth. Please use -XX:HeapBaseMinAddress
#     to set the Java Heap base and to place the Java Heap above 32GB virtual address.
# This output file may be truncated or incomplete.
#
#  Out of Memory Error (arena.cpp:189), pid=420240, tid=415164
#
# JRE version: Java(TM) SE Runtime Environment (17.0.12+8) (build 17.0.12+8-LTS-286)
# Java VM: Java HotSpot(TM) 64-Bit Server VM (17.0.12+8-LTS-286, mixed mode, sharing, tiered, compressed oops, compressed class ptrs, g1 gc, windows-amd64)
# No core dump will be written. Minidumps are not enabled by default on client versions of Windows
#

---------------  S U M M A R Y ------------

Command Line: --add-opens=java.base/java.lang=ALL-UNNAMED --add-opens=java.base/java.lang.invoke=ALL-UNNAMED --add-opens=java.base/java.util=ALL-UNNAMED --add-opens=java.prefs/java.util.prefs=ALL-UNNAMED --add-exports=jdk.compiler/com.sun.tools.javac.api=ALL-UNNAMED --add-exports=jdk.compiler/com.sun.tools.javac.util=ALL-UNNAMED --add-opens=java.base/java.util=ALL-UNNAMED --add-opens=java.prefs/java.util.prefs=ALL-UNNAMED --add-opens=java.base/java.nio.charset=ALL-UNNAMED --add-opens=java.base/java.net=ALL-UNNAMED --add-opens=java.base/java.util.concurrent.atomic=ALL-UNNAMED --add-opens=java.xml/javax.xml.namespace=ALL-UNNAMED -XX:MaxMetaspaceSize=512m -XX:+HeapDumpOnOutOfMemoryError -XX:+UseG1GC -XX:MaxGCPauseMillis=200 -Xmx3072m -Dfile.encoding=UTF-8 -Duser.country=US -Duser.language=en -Duser.variant -javaagent:E:\GradleCache\wrapper\dists\gradle-8.14.1-bin\baw1sv0jfoi8rxs14qo3h49cs\gradle-8.14.1\lib\agents\gradle-instrumentation-agent-8.14.1.jar org.gradle.launcher.daemon.bootstrap.GradleDaemon 8.14.1

Host: Intel(R) Core(TM) i7-8650U CPU @ 1.90GHz, 8 cores, 15G,  Windows 10 , 64 bit Build 19041 (10.0.19041.5915)
Time: Sun Sep 14 17:47:45 2025 Bangladesh Standard Time elapsed time: 101.910878 seconds (0d 0h 1m 41s)

---------------  T H R E A D  ---------------

Current thread (0x000001777fe033c0):  JavaThread "C2 CompilerThread0" daemon [_thread_in_native, id=415164, stack(0x0000005556d00000,0x0000005556e00000)]


Current CompileTask:
C2: 101911 12071   !   4       java.lang.reflect.Executable::declaredAnnotations (85 bytes)

Stack: [0x0000005556d00000,0x0000005556e00000]
Native frames: (J=compiled Java code, j=interpreted, Vv=VM code, C=native code)
V  [jvm.dll+0x67a04a]
V  [jvm.dll+0x7da4ed]
V  [jvm.dll+0x7dbe33]
V  [jvm.dll+0x7dc4a3]
V  [jvm.dll+0x24508f]
V  [jvm.dll+0xab773]
V  [jvm.dll+0xabd3c]
V  [jvm.dll+0x361bee]
V  [jvm.dll+0x1ba45a]
V  [jvm.dll+0x216997]
V  [jvm.dll+0x215c6f]
V  [jvm.dll+0x1a2960]
V  [jvm.dll+0x22610b]
V  [jvm.dll+0x2242ab]
V  [jvm.dll+0x79075c]
V  [jvm.dll+0x78abea]
V  [jvm.dll+0x678f35]
C  [ucrtbase.dll+0x21bb2]
C  [KERNEL32.DLL+0x17374]
C  [ntdll.dll+0x4cc91]


---------------  P R O C E S S  ---------------

Threads class SMR info:
_java_thread_list=0x000001774264a400, length=71, elements={
0x000001777ddb4670, 0x000001777fde4cf0, 0x000001777fde6220, 0x000001777fdf7210,
0x000001777fdf9460, 0x000001777fdfd5f0, 0x000001777fdfe660, 0x000001777fe033c0,
0x000001777fe04520, 0x000001777fe09200, 0x000001771e9d6c20, 0x000001771eb218f0,
0x000001773ea87960, 0x000001773e40cb10, 0x000001773f3fa3b0, 0x000001771eca7b60,
0x000001771ecad0e0, 0x000001771e925400, 0x000001771e925910, 0x000001771e925e20,
0x000001771e926330, 0x000001771e926840, 0x000001771e926d50, 0x000001771e927260,
0x000001771e927c80, 0x000001771e927770, 0x000001771e924ef0, 0x000001773ff1d410,
0x000001773ff1d920, 0x000001773ff1b0a0, 0x000001773ff16ed0, 0x000001773ff18310,
0x000001773ff173e0, 0x000001773ff19c60, 0x000001773ff1a680, 0x000001773ff1a170,
0x000001773ff1e340, 0x000001773ff1bac0, 0x000001773ff1c4e0, 0x000001773ff1bfd0,
0x000001773ff17e00, 0x000001773ff18d30, 0x000001773ff19240, 0x000001773ff46a00,
0x000001773ff49790, 0x000001773ff464f0, 0x000001773ff46f10, 0x000001773ff47420,
0x000001773ff4b5f0, 0x000001773ff49ca0, 0x000001773ff49280, 0x000001773ff4b0e0,
0x000001773ff4c520, 0x000001773ff4bb00, 0x000001773ff48350, 0x000001773ff4de70,
0x000001773ff4ca30, 0x000001773ff47930, 0x000001773ff4a1b0, 0x000001773ff4c010,
0x000001773ff4a6c0, 0x000001773ff4abd0, 0x000001773ff47e40, 0x000001773ff4d960,
0x000001773f5b7310, 0x000001773f5b63e0, 0x000001773f5b54b0, 0x000001773f5b59c0,
0x000001773f5b7820, 0x000001773f5b4fa0, 0x000001773f5b68f0
}

Java Threads: ( => current thread )
  0x000001777ddb4670 JavaThread "main" [_thread_blocked, id=420596, stack(0x0000005556000000,0x0000005556100000)]
  0x000001777fde4cf0 JavaThread "Reference Handler" daemon [_thread_blocked, id=421056, stack(0x0000005556700000,0x0000005556800000)]
  0x000001777fde6220 JavaThread "Finalizer" daemon [_thread_blocked, id=421524, stack(0x0000005556800000,0x0000005556900000)]
  0x000001777fdf7210 JavaThread "Signal Dispatcher" daemon [_thread_blocked, id=412864, stack(0x0000005556900000,0x0000005556a00000)]
  0x000001777fdf9460 JavaThread "Attach Listener" daemon [_thread_blocked, id=416552, stack(0x0000005556a00000,0x0000005556b00000)]
  0x000001777fdfd5f0 JavaThread "Service Thread" daemon [_thread_blocked, id=421120, stack(0x0000005556b00000,0x0000005556c00000)]
  0x000001777fdfe660 JavaThread "Monitor Deflation Thread" daemon [_thread_blocked, id=421064, stack(0x0000005556c00000,0x0000005556d00000)]
=>0x000001777fe033c0 JavaThread "C2 CompilerThread0" daemon [_thread_in_native, id=415164, stack(0x0000005556d00000,0x0000005556e00000)]
  0x000001777fe04520 JavaThread "C1 CompilerThread0" daemon [_thread_blocked, id=408112, stack(0x0000005556e00000,0x0000005556f00000)]
  0x000001777fe09200 JavaThread "Sweeper thread" daemon [_thread_blocked, id=414864, stack(0x0000005556f00000,0x0000005557000000)]
  0x000001771e9d6c20 JavaThread "Common-Cleaner" daemon [_thread_blocked, id=420328, stack(0x0000005557000000,0x0000005557100000)]
  0x000001771eb218f0 JavaThread "Notification Thread" daemon [_thread_blocked, id=421412, stack(0x0000005557100000,0x0000005557200000)]
  0x000001773ea87960 JavaThread "Daemon health stats" [_thread_blocked, id=186216, stack(0x0000005557900000,0x0000005557a00000)]
  0x000001773e40cb10 JavaThread "Incoming local TCP Connector on port 64789" [_thread_in_native, id=406172, stack(0x0000005557a00000,0x0000005557b00000)]
  0x000001773f3fa3b0 JavaThread "Daemon periodic checks" [_thread_blocked, id=417320, stack(0x0000005557b00000,0x0000005557c00000)]
  0x000001771eca7b60 JavaThread "Daemon" [_thread_blocked, id=417548, stack(0x0000005557c00000,0x0000005557d00000)]
  0x000001771ecad0e0 JavaThread "Handler for socket connection from /127.0.0.1:64789 to /127.0.0.1:64790" [_thread_in_native, id=264120, stack(0x0000005557d00000,0x0000005557e00000)]
  0x000001771e925400 JavaThread "Cancel handler" [_thread_blocked, id=420196, stack(0x0000005557e00000,0x0000005557f00000)]
  0x000001771e925910 JavaThread "Daemon worker" [_thread_in_native, id=421068, stack(0x0000005557f00000,0x0000005558000000)]
  0x000001771e925e20 JavaThread "Asynchronous log dispatcher for DefaultDaemonConnection: socket connection from /127.0.0.1:64789 to /127.0.0.1:64790" [_thread_blocked, id=421496, stack(0x0000005558000000,0x0000005558100000)]
  0x000001771e926330 JavaThread "Stdin handler" [_thread_blocked, id=272212, stack(0x0000005558100000,0x0000005558200000)]
  0x000001771e926840 JavaThread "Daemon client event forwarder" [_thread_blocked, id=415968, stack(0x0000005558200000,0x0000005558300000)]
  0x000001771e926d50 JavaThread "Cache worker for journal cache (E:\GradleCache\caches\journal-1)" [_thread_blocked, id=420204, stack(0x0000005558300000,0x0000005558400000)]
  0x000001771e927260 JavaThread "File lock request listener" [_thread_in_native, id=419804, stack(0x0000005558400000,0x0000005558500000)]
  0x000001771e927c80 JavaThread "Cache worker for file hash cache (E:\GradleCache\caches\8.14.1\fileHashes)" [_thread_blocked, id=421460, stack(0x0000005558500000,0x0000005558600000)]
  0x000001771e927770 JavaThread "Cache worker for file hash cache (E:\Connect\app\android\.gradle\8.14.1\fileHashes)" [_thread_blocked, id=418736, stack(0x0000005558600000,0x0000005558700000)]
  0x000001771e924ef0 JavaThread "Cache worker for Build Output Cleanup Cache (E:\Connect\app\android\.gradle\buildOutputCleanup)" [_thread_blocked, id=403684, stack(0x0000005558700000,0x0000005558800000)]
  0x000001773ff1d410 JavaThread "File watcher server" daemon [_thread_in_native, id=419756, stack(0x0000005558a00000,0x0000005558b00000)]
  0x000001773ff1d920 JavaThread "File watcher consumer" daemon [_thread_blocked, id=411256, stack(0x0000005558b00000,0x0000005558c00000)]
  0x000001773ff1b0a0 JavaThread "jar transforms" [_thread_blocked, id=416216, stack(0x0000005558e00000,0x0000005558f00000)]
  0x000001773ff16ed0 JavaThread "Cache worker for checksums cache (E:\Connect\app\android\.gradle\8.14.1\checksums)" [_thread_blocked, id=415852, stack(0x0000005558f00000,0x0000005559000000)]
  0x000001773ff18310 JavaThread "Cache worker for file content cache (E:\GradleCache\caches\8.14.1\fileContent)" [_thread_blocked, id=418552, stack(0x0000005559000000,0x0000005559100000)]
  0x000001773ff173e0 JavaThread "Cache worker for cache directory md-supplier (E:\GradleCache\caches\8.14.1\md-supplier)" [_thread_blocked, id=418084, stack(0x0000005559100000,0x0000005559200000)]
  0x000001773ff19c60 JavaThread "Cache worker for cache directory md-rule (E:\GradleCache\caches\8.14.1\md-rule)" [_thread_blocked, id=384936, stack(0x0000005559200000,0x0000005559300000)]
  0x000001773ff1a680 JavaThread "Cache worker for Build Output Cleanup Cache (E:\Connect\app\node_modules\@react-native\gradle-plugin\.gradle\buildOutputCleanup)" [_thread_blocked, id=405716, stack(0x0000005559300000,0x0000005559400000)]
  0x000001773ff1a170 JavaThread "Unconstrained build operations" [_thread_blocked, id=294772, stack(0x0000005559500000,0x0000005559600000)]
  0x000001773ff1e340 JavaThread "Unconstrained build operations Thread 2" [_thread_blocked, id=417412, stack(0x0000005559600000,0x0000005559700000)]
  0x000001773ff1bac0 JavaThread "Unconstrained build operations Thread 3" [_thread_blocked, id=415532, stack(0x0000005559700000,0x0000005559800000)]
  0x000001773ff1c4e0 JavaThread "Unconstrained build operations Thread 4" [_thread_blocked, id=421828, stack(0x0000005559800000,0x0000005559900000)]
  0x000001773ff1bfd0 JavaThread "Unconstrained build operations Thread 5" [_thread_blocked, id=16704, stack(0x0000005559900000,0x0000005559a00000)]
  0x000001773ff17e00 JavaThread "Unconstrained build operations Thread 6" [_thread_blocked, id=419968, stack(0x0000005559a00000,0x0000005559b00000)]
  0x000001773ff18d30 JavaThread "build event listener" [_thread_blocked, id=421468, stack(0x0000005559d00000,0x0000005559e00000)]
  0x000001773ff19240 JavaThread "Memory manager" [_thread_blocked, id=407116, stack(0x0000005559f00000,0x000000555a000000)]
  0x000001773ff46a00 JavaThread "ForkJoinPool.commonPool-worker-1" daemon [_thread_blocked, id=421804, stack(0x0000005555d00000,0x0000005555e00000)]
  0x000001773ff49790 JavaThread "ForkJoinPool.commonPool-worker-2" daemon [_thread_blocked, id=370744, stack(0x0000005555e00000,0x0000005555f00000)]
  0x000001773ff464f0 JavaThread "ForkJoinPool.commonPool-worker-3" daemon [_thread_blocked, id=421832, stack(0x0000005555f00000,0x0000005556000000)]
  0x000001773ff46f10 JavaThread "ForkJoinPool.commonPool-worker-4" daemon [_thread_blocked, id=414388, stack(0x000000555a000000,0x000000555a100000)]
  0x000001773ff47420 JavaThread "ForkJoinPool.commonPool-worker-5" daemon [_thread_blocked, id=405792, stack(0x000000555a100000,0x000000555a200000)]
  0x000001773ff4b5f0 JavaThread "ForkJoinPool.commonPool-worker-6" daemon [_thread_blocked, id=420212, stack(0x000000555a200000,0x000000555a300000)]
  0x000001773ff49ca0 JavaThread "included builds" [_thread_blocked, id=421816, stack(0x000000555a300000,0x000000555a400000)]
  0x000001773ff49280 JavaThread "included builds Thread 2" [_thread_blocked, id=407460, stack(0x000000555a400000,0x000000555a500000)]
  0x000001773ff4b0e0 JavaThread "Execution worker" [_thread_blocked, id=414044, stack(0x000000555a500000,0x000000555a600000)]
  0x000001773ff4c520 JavaThread "Cache worker for execution history cache (E:\Connect\app\node_modules\@react-native\gradle-plugin\.gradle\8.14.1\executionHistory)" [_thread_blocked, id=163000, stack(0x000000555a600000,0x000000555a700000)]
  0x000001773ff4bb00 JavaThread "Unconstrained build operations Thread 7" [_thread_blocked, id=408920, stack(0x0000005559e00000,0x0000005559f00000)]
  0x000001773ff48350 JavaThread "Unconstrained build operations Thread 8" [_thread_blocked, id=421352, stack(0x000000555a700000,0x000000555a800000)]
  0x000001773ff4de70 JavaThread "Unconstrained build operations Thread 9" [_thread_blocked, id=415052, stack(0x000000555a800000,0x000000555a900000)]
  0x000001773ff4ca30 JavaThread "Unconstrained build operations Thread 10" [_thread_blocked, id=420060, stack(0x000000555a900000,0x000000555aa00000)]
  0x000001773ff47930 JavaThread "Unconstrained build operations Thread 11" [_thread_blocked, id=419100, stack(0x000000555aa00000,0x000000555ab00000)]
  0x000001773ff4a1b0 JavaThread "Unconstrained build operations Thread 12" [_thread_blocked, id=416536, stack(0x000000555ab00000,0x000000555ac00000)]
  0x000001773ff4c010 JavaThread "Unconstrained build operations Thread 13" [_thread_blocked, id=416696, stack(0x000000555ac00000,0x000000555ad00000)]
  0x000001773ff4a6c0 JavaThread "Unconstrained build operations Thread 14" [_thread_blocked, id=397500, stack(0x000000555ad00000,0x000000555ae00000)]
  0x000001773ff4abd0 JavaThread "jar transforms Thread 2" [_thread_blocked, id=421276, stack(0x000000555ae00000,0x000000555af00000)]
  0x000001773ff47e40 JavaThread "jar transforms Thread 3" [_thread_blocked, id=421844, stack(0x000000555af00000,0x000000555b000000)]
  0x000001773ff4d960 JavaThread "Unconstrained build operations Thread 15" [_thread_blocked, id=406076, stack(0x000000555b000000,0x000000555b100000)]
  0x000001773f5b7310 JavaThread "Unconstrained build operations Thread 16" [_thread_blocked, id=404012, stack(0x000000555b100000,0x000000555b200000)]
  0x000001773f5b63e0 JavaThread "Unconstrained build operations Thread 17" [_thread_blocked, id=421800, stack(0x000000555b200000,0x000000555b300000)]
  0x000001773f5b54b0 JavaThread "Unconstrained build operations Thread 18" [_thread_blocked, id=419472, stack(0x000000555b300000,0x000000555b400000)]
  0x000001773f5b59c0 JavaThread "Unconstrained build operations Thread 19" [_thread_blocked, id=414424, stack(0x000000555b400000,0x000000555b500000)]
  0x000001773f5b7820 JavaThread "jar transforms Thread 4" [_thread_blocked, id=417084, stack(0x000000555b500000,0x000000555b600000)]
  0x000001773f5b4fa0 JavaThread "jar transforms Thread 5" [_thread_blocked, id=421760, stack(0x000000555b600000,0x000000555b700000)]
  0x000001773f5b68f0 JavaThread "jar transforms Thread 6" [_thread_blocked, id=420272, stack(0x000000555b700000,0x000000555b800000)]

Other Threads:
  0x000001777fddf170 VMThread "VM Thread" [stack: 0x0000005556600000,0x0000005556700000] [id=416400]
  0x000001771eae0610 WatcherThread [stack: 0x0000005557200000,0x0000005557300000] [id=420020]
  0x000001777de0e9f0 GCTaskThread "GC Thread#0" [stack: 0x0000005556100000,0x0000005556200000] [id=399004]
  0x000001773e125cf0 GCTaskThread "GC Thread#1" [stack: 0x0000005557400000,0x0000005557500000] [id=421100]
  0x000001773e036b60 GCTaskThread "GC Thread#2" [stack: 0x0000005557500000,0x0000005557600000] [id=415672]
  0x000001773e281c80 GCTaskThread "GC Thread#3" [stack: 0x0000005557600000,0x0000005557700000] [id=303368]
  0x000001773e281f40 GCTaskThread "GC Thread#4" [stack: 0x0000005557700000,0x0000005557800000] [id=421376]
  0x000001773e282200 GCTaskThread "GC Thread#5" [stack: 0x0000005557800000,0x0000005557900000] [id=420796]
  0x000001773ea33cc0 GCTaskThread "GC Thread#6" [stack: 0x0000005557300000,0x0000005557400000] [id=420652]
  0x0000017740aa2ba0 GCTaskThread "GC Thread#7" [stack: 0x0000005558800000,0x0000005558900000] [id=419204]
  0x000001777bc4cfe0 ConcurrentGCThread "G1 Main Marker" [stack: 0x0000005556200000,0x0000005556300000] [id=421232]
  0x000001777bc4e0a0 ConcurrentGCThread "G1 Conc#0" [stack: 0x0000005556300000,0x0000005556400000] [id=419448]
  0x000001771e9f6e40 ConcurrentGCThread "G1 Conc#1" [stack: 0x0000005558900000,0x0000005558a00000] [id=180832]
  0x000001777de6ae30 ConcurrentGCThread "G1 Refine#0" [stack: 0x0000005556400000,0x0000005556500000] [id=418884]
  0x0000017740b967e0 ConcurrentGCThread "G1 Refine#1" [stack: 0x0000005558c00000,0x0000005558d00000] [id=163564]
  0x0000017740b95c20 ConcurrentGCThread "G1 Refine#2" [stack: 0x0000005558d00000,0x0000005558e00000] [id=413824]
  0x000001777de6b670 ConcurrentGCThread "G1 Service" [stack: 0x0000005556500000,0x0000005556600000] [id=388988]

Threads with active compile tasks:
C2 CompilerThread0   101981 12071   !   4       java.lang.reflect.Executable::declaredAnnotations (85 bytes)

VM state: not at safepoint (normal execution)

VM Mutex/Monitor currently owned by a thread: None

Heap address: 0x0000000740000000, size: 3072 MB, Compressed Oops mode: Zero based, Oop shift amount: 3

CDS archive(s) mapped at: [0x000001771f000000-0x000001771fbd0000-0x000001771fbd0000), size 12386304, SharedBaseAddress: 0x000001771f000000, ArchiveRelocationMode: 1.
Compressed class space mapped at: 0x0000017720000000-0x000001773a000000, reserved size: 436207616
Narrow klass base: 0x000001771f000000, Narrow klass shift: 0, Narrow klass range: 0x100000000

GC Precious Log:
 CPUs: 8 total, 8 available
 Memory: 16227M
 Large Page Support: Disabled
 NUMA Support: Disabled
 Compressed Oops: Enabled (Zero based)
 Heap Region Size: 2M
 Heap Min Capacity: 8M
 Heap Initial Capacity: 254M
 Heap Max Capacity: 3G
 Pre-touch: Disabled
 Parallel Workers: 8
 Concurrent Workers: 2
 Concurrent Refinement Workers: 8
 Periodic GC: Disabled

Heap:
 garbage-first heap   total 157696K, used 116455K [0x0000000740000000, 0x0000000800000000)
  region size 2048K, 6 young (12288K), 2 survivors (4096K)
 Metaspace       used 89644K, committed 90560K, reserved 557056K
  class space    used 12239K, committed 12672K, reserved 425984K

Heap Regions: E=young(eden), S=young(survivor), O=old, HS=humongous(starts), HC=humongous(continues), CS=collection set, F=free, OA=open archive, CA=closed archive, TAMS=top-at-mark-start (previous, next)
|   0|0x0000000740000000, 0x0000000740200000, 0x0000000740200000|100%|HS|  |TAMS 0x0000000740200000, 0x0000000740000000| Complete 
|   1|0x0000000740200000, 0x0000000740400000, 0x0000000740400000|100%|HC|  |TAMS 0x0000000740400000, 0x0000000740200000| Complete 
|   2|0x0000000740400000, 0x0000000740600000, 0x0000000740600000|100%| O|  |TAMS 0x0000000740600000, 0x0000000740400000| Untracked 
|   3|0x0000000740600000, 0x0000000740800000, 0x0000000740800000|100%| O|  |TAMS 0x0000000740800000, 0x0000000740600000| Untracked 
|   4|0x0000000740800000, 0x0000000740a00000, 0x0000000740a00000|100%| O|  |TAMS 0x0000000740a00000, 0x0000000740800000| Untracked 
|   5|0x0000000740a00000, 0x0000000740c00000, 0x0000000740c00000|100%| O|  |TAMS 0x0000000740c00000, 0x0000000740a00000| Untracked 
|   6|0x0000000740c00000, 0x0000000740e00000, 0x0000000740e00000|100%| O|  |TAMS 0x0000000740e00000, 0x0000000740c00000| Untracked 
|   7|0x0000000740e00000, 0x0000000741000000, 0x0000000741000000|100%| O|  |TAMS 0x0000000741000000, 0x0000000740e00000| Untracked 
|   8|0x0000000741000000, 0x0000000741200000, 0x0000000741200000|100%| O|  |TAMS 0x0000000741200000, 0x0000000741000000| Untracked 
|   9|0x0000000741200000, 0x0000000741400000, 0x0000000741400000|100%| O|  |TAMS 0x0000000741400000, 0x0000000741200000| Untracked 
|  10|0x0000000741400000, 0x0000000741600000, 0x0000000741600000|100%| O|  |TAMS 0x0000000741600000, 0x0000000741400000| Untracked 
|  11|0x0000000741600000, 0x0000000741800000, 0x0000000741800000|100%| O|  |TAMS 0x0000000741800000, 0x0000000741600000| Untracked 
|  12|0x0000000741800000, 0x0000000741a00000, 0x0000000741a00000|100%| O|  |TAMS 0x0000000741a00000, 0x0000000741800000| Untracked 
|  13|0x0000000741a00000, 0x0000000741c00000, 0x0000000741c00000|100%| O|  |TAMS 0x0000000741c00000, 0x0000000741a00000| Untracked 
|  14|0x0000000741c00000, 0x0000000741e00000, 0x0000000741e00000|100%| O|  |TAMS 0x0000000741e00000, 0x0000000741c00000| Untracked 
|  15|0x0000000741e00000, 0x0000000742000000, 0x0000000742000000|100%| O|  |TAMS 0x0000000742000000, 0x0000000741e00000| Untracked 
|  16|0x0000000742000000, 0x0000000742200000, 0x0000000742200000|100%| O|  |TAMS 0x0000000742200000, 0x0000000742000000| Untracked 
|  17|0x0000000742200000, 0x0000000742400000, 0x0000000742400000|100%| O|  |TAMS 0x0000000742200000, 0x0000000742200000| Untracked 
|  18|0x0000000742400000, 0x0000000742600000, 0x0000000742600000|100%| O|  |TAMS 0x0000000742600000, 0x0000000742400000| Untracked 
|  19|0x0000000742600000, 0x0000000742800000, 0x0000000742800000|100%| O|  |TAMS 0x0000000742800000, 0x0000000742600000| Untracked 
|  20|0x0000000742800000, 0x0000000742a00000, 0x0000000742a00000|100%|HS|  |TAMS 0x0000000742a00000, 0x0000000742800000| Complete 
|  21|0x0000000742a00000, 0x0000000742c00000, 0x0000000742c00000|100%|HC|  |TAMS 0x0000000742c00000, 0x0000000742a00000| Complete 
|  22|0x0000000742c00000, 0x0000000742e00000, 0x0000000742e00000|100%| O|  |TAMS 0x0000000742e00000, 0x0000000742c00000| Untracked 
|  23|0x0000000742e00000, 0x0000000743000000, 0x0000000743000000|100%| O|  |TAMS 0x0000000743000000, 0x0000000742e00000| Untracked 
|  24|0x0000000743000000, 0x0000000743200000, 0x0000000743200000|100%| O|  |TAMS 0x0000000743200000, 0x0000000743000000| Untracked 
|  25|0x0000000743200000, 0x0000000743400000, 0x0000000743400000|100%| O|  |TAMS 0x0000000743200000, 0x0000000743200000| Untracked 
|  26|0x0000000743400000, 0x0000000743600000, 0x0000000743600000|100%|HS|  |TAMS 0x0000000743600000, 0x0000000743400000| Complete 
|  27|0x0000000743600000, 0x0000000743800000, 0x0000000743800000|100%|HC|  |TAMS 0x0000000743800000, 0x0000000743600000| Complete 
|  28|0x0000000743800000, 0x0000000743a00000, 0x0000000743a00000|100%| O|  |TAMS 0x0000000743872e00, 0x0000000743800000| Untracked 
|  29|0x0000000743a00000, 0x0000000743c00000, 0x0000000743c00000|100%| O|  |TAMS 0x0000000743a00000, 0x0000000743a00000| Untracked 
|  30|0x0000000743c00000, 0x0000000743e00000, 0x0000000743e00000|100%| O|  |TAMS 0x0000000743c00000, 0x0000000743c00000| Untracked 
|  31|0x0000000743e00000, 0x0000000744000000, 0x0000000744000000|100%| O|  |TAMS 0x0000000743e00000, 0x0000000743e00000| Untracked 
|  32|0x0000000744000000, 0x0000000744200000, 0x0000000744200000|100%| O|  |TAMS 0x0000000744000000, 0x0000000744000000| Untracked 
|  33|0x0000000744200000, 0x0000000744400000, 0x0000000744400000|100%| O|  |TAMS 0x0000000744200000, 0x0000000744200000| Untracked 
|  34|0x0000000744400000, 0x0000000744600000, 0x0000000744600000|100%| O|  |TAMS 0x0000000744400000, 0x0000000744400000| Untracked 
|  35|0x0000000744600000, 0x0000000744800000, 0x0000000744800000|100%| O|  |TAMS 0x0000000744600000, 0x0000000744600000| Untracked 
|  36|0x0000000744800000, 0x0000000744a00000, 0x0000000744a00000|100%| O|  |TAMS 0x0000000744800000, 0x0000000744800000| Untracked 
|  37|0x0000000744a00000, 0x0000000744c00000, 0x0000000744c00000|100%| O|  |TAMS 0x0000000744a00000, 0x0000000744a00000| Untracked 
|  38|0x0000000744c00000, 0x0000000744e00000, 0x0000000744e00000|100%| O|  |TAMS 0x0000000744c00000, 0x0000000744c00000| Untracked 
|  39|0x0000000744e00000, 0x0000000745000000, 0x0000000745000000|100%| O|  |TAMS 0x0000000744e00000, 0x0000000744e00000| Untracked 
|  40|0x0000000745000000, 0x0000000745200000, 0x0000000745200000|100%| O|  |TAMS 0x0000000745000000, 0x0000000745000000| Untracked 
|  41|0x0000000745200000, 0x0000000745400000, 0x0000000745400000|100%| O|  |TAMS 0x0000000745200000, 0x0000000745200000| Untracked 
|  42|0x0000000745400000, 0x0000000745600000, 0x0000000745600000|100%| O|  |TAMS 0x0000000745400000, 0x0000000745400000| Untracked 
|  43|0x0000000745600000, 0x0000000745800000, 0x0000000745800000|100%| O|  |TAMS 0x0000000745600000, 0x0000000745600000| Untracked 
|  44|0x0000000745800000, 0x0000000745a00000, 0x0000000745a00000|100%| O|  |TAMS 0x0000000745800000, 0x0000000745800000| Untracked 
|  45|0x0000000745a00000, 0x0000000745c00000, 0x0000000745c00000|100%| O|  |TAMS 0x0000000745a00000, 0x0000000745a00000| Untracked 
|  46|0x0000000745c00000, 0x0000000745e00000, 0x0000000745e00000|100%| O|  |TAMS 0x0000000745c00000, 0x0000000745c00000| Untracked 
|  47|0x0000000745e00000, 0x0000000746000000, 0x0000000746000000|100%| O|  |TAMS 0x0000000745e00000, 0x0000000745e00000| Untracked 
|  48|0x0000000746000000, 0x0000000746200000, 0x0000000746200000|100%| O|  |TAMS 0x0000000746000000, 0x0000000746000000| Untracked 
|  49|0x0000000746200000, 0x0000000746400000, 0x0000000746400000|100%| O|  |TAMS 0x0000000746200000, 0x0000000746200000| Untracked 
|  50|0x0000000746400000, 0x0000000746600000, 0x0000000746600000|100%| O|  |TAMS 0x0000000746400000, 0x0000000746400000| Untracked 
|  51|0x0000000746600000, 0x0000000746800000, 0x0000000746800000|100%| O|  |TAMS 0x0000000746600000, 0x0000000746600000| Untracked 
|  52|0x0000000746800000, 0x00000007468f3e00, 0x0000000746a00000| 47%| O|  |TAMS 0x0000000746800000, 0x0000000746800000| Untracked 
|  53|0x0000000746a00000, 0x0000000746a00000, 0x0000000746c00000|  0%| F|  |TAMS 0x0000000746a00000, 0x0000000746a00000| Untracked 
|  54|0x0000000746c00000, 0x0000000746c00000, 0x0000000746e00000|  0%| F|  |TAMS 0x0000000746c00000, 0x0000000746c00000| Untracked 
|  55|0x0000000746e00000, 0x0000000746e00000, 0x0000000747000000|  0%| F|  |TAMS 0x0000000746e00000, 0x0000000746e00000| Untracked 
|  56|0x0000000747000000, 0x0000000747000000, 0x0000000747200000|  0%| F|  |TAMS 0x0000000747000000, 0x0000000747000000| Untracked 
|  57|0x0000000747200000, 0x0000000747200000, 0x0000000747400000|  0%| F|  |TAMS 0x0000000747200000, 0x0000000747200000| Untracked 
|  58|0x0000000747400000, 0x0000000747400000, 0x0000000747600000|  0%| F|  |TAMS 0x0000000747400000, 0x0000000747400000| Untracked 
|  59|0x0000000747600000, 0x0000000747600000, 0x0000000747800000|  0%| F|  |TAMS 0x0000000747600000, 0x0000000747600000| Untracked 
|  60|0x0000000747800000, 0x0000000747800000, 0x0000000747a00000|  0%| F|  |TAMS 0x0000000747800000, 0x0000000747800000| Untracked 
|  61|0x0000000747a00000, 0x0000000747a00000, 0x0000000747c00000|  0%| F|  |TAMS 0x0000000747a00000, 0x0000000747a00000| Untracked 
|  62|0x0000000747c00000, 0x0000000747c00000, 0x0000000747e00000|  0%| F|  |TAMS 0x0000000747c00000, 0x0000000747c00000| Untracked 
|  63|0x0000000747e00000, 0x0000000747e00000, 0x0000000748000000|  0%| F|  |TAMS 0x0000000747e00000, 0x0000000747e00000| Untracked 
|  64|0x0000000748000000, 0x0000000748000000, 0x0000000748200000|  0%| F|  |TAMS 0x0000000748000000, 0x0000000748000000| Untracked 
|  65|0x0000000748200000, 0x00000007482c5e98, 0x0000000748400000| 38%| S|CS|TAMS 0x0000000748200000, 0x0000000748200000| Complete 
|  66|0x0000000748400000, 0x0000000748600000, 0x0000000748600000|100%| S|CS|TAMS 0x0000000748400000, 0x0000000748400000| Complete 
|  67|0x0000000748600000, 0x0000000748600000, 0x0000000748800000|  0%| F|  |TAMS 0x0000000748600000, 0x0000000748600000| Untracked 
|  68|0x0000000748800000, 0x0000000748800000, 0x0000000748a00000|  0%| F|  |TAMS 0x0000000748800000, 0x0000000748800000| Untracked 
|  69|0x0000000748a00000, 0x0000000748a00000, 0x0000000748c00000|  0%| F|  |TAMS 0x0000000748a00000, 0x0000000748a00000| Untracked 
|  70|0x0000000748c00000, 0x0000000748c00000, 0x0000000748e00000|  0%| F|  |TAMS 0x0000000748c00000, 0x0000000748c00000| Untracked 
|  71|0x0000000748e00000, 0x0000000748e00000, 0x0000000749000000|  0%| F|  |TAMS 0x0000000748e00000, 0x0000000748e00000| Untracked 
|  72|0x0000000749000000, 0x0000000749000000, 0x0000000749200000|  0%| F|  |TAMS 0x0000000749000000, 0x0000000749000000| Untracked 
|  73|0x0000000749200000, 0x0000000749257318, 0x0000000749400000| 17%| E|  |TAMS 0x0000000749200000, 0x0000000749200000| Complete 
|  74|0x0000000749400000, 0x0000000749600000, 0x0000000749600000|100%| E|CS|TAMS 0x0000000749400000, 0x0000000749400000| Complete 
|  75|0x0000000749600000, 0x0000000749800000, 0x0000000749800000|100%| E|CS|TAMS 0x0000000749600000, 0x0000000749600000| Complete 
| 126|0x000000074fc00000, 0x000000074fe00000, 0x000000074fe00000|100%| E|CS|TAMS 0x000000074fc00000, 0x000000074fc00000| Complete 

Card table byte_map: [0x000001777e7b0000,0x000001777edb0000] _byte_map_base: 0x000001777adb0000

Marking Bits (Prev, Next): (CMBitMap*) 0x000001777de0ef60, (CMBitMap*) 0x000001777de0ef20
 Prev Bits: [0x00000177197f0000, 0x000001771c7f0000)
 Next Bits: [0x00000177167f0000, 0x00000177197f0000)

Polling page: 0x000001777bd30000

Metaspace:

Usage:
  Non-class:     75.59 MB used.
      Class:     11.95 MB used.
       Both:     87.54 MB used.

Virtual space:
  Non-class space:      128.00 MB reserved,      76.06 MB ( 59%) committed,  2 nodes.
      Class space:      416.00 MB reserved,      12.38 MB (  3%) committed,  1 nodes.
             Both:      544.00 MB reserved,      88.44 MB ( 16%) committed. 

Chunk freelists:
   Non-Class:  3.33 MB
       Class:  3.66 MB
        Both:  6.98 MB

MaxMetaspaceSize: 512.00 MB
CompressedClassSpaceSize: 416.00 MB
Initial GC threshold: 21.00 MB
Current GC threshold: 106.38 MB
CDS: on
MetaspaceReclaimPolicy: balanced
 - commit_granule_bytes: 65536.
 - commit_granule_words: 8192.
 - virtual_space_node_default_size: 8388608.
 - enlarge_chunks_in_place: 1.
 - new_chunks_are_fully_committed: 0.
 - uncommit_free_chunks: 1.
 - use_allocation_guard: 0.
 - handle_deallocations: 1.


Internal statistics:

num_allocs_failed_limit: 9.
num_arena_births: 1184.
num_arena_deaths: 0.
num_vsnodes_births: 3.
num_vsnodes_deaths: 0.
num_space_committed: 1415.
num_space_uncommitted: 0.
num_chunks_returned_to_freelist: 9.
num_chunks_taken_from_freelist: 5002.
num_chunk_merges: 9.
num_chunk_splits: 3189.
num_chunks_enlarged: 1998.
num_inconsistent_stats: 0.

CodeHeap 'non-profiled nmethods': size=120000Kb used=6380Kb max_used=6380Kb free=113619Kb
 bounds [0x000001770f2c0000, 0x000001770f900000, 0x00000177167f0000]
CodeHeap 'profiled nmethods': size=120000Kb used=20303Kb max_used=20929Kb free=99696Kb
 bounds [0x00000177077f0000, 0x0000017708c70000, 0x000001770ed20000]
CodeHeap 'non-nmethods': size=5760Kb used=2436Kb max_used=2528Kb free=3324Kb
 bounds [0x000001770ed20000, 0x000001770efa0000, 0x000001770f2c0000]
 total_blobs=11476 nmethods=10500 adapters=888
 compilation: enabled
              stopped_count=0, restarted_count=0
 full_count=0

Compilation events (20 events):
Event: 101.844 Thread 0x000001777fe04520 12219       3       org.objectweb.asm.MethodWriter::visitLabel (332 bytes)
Event: 101.846 Thread 0x000001777fe04520 nmethod 12219 0x0000017707dba290 code [0x0000017707dba500, 0x0000017707dbb348]
Event: 101.852 Thread 0x000001777fe04520 12220       3       org.objectweb.asm.MethodWriter::endCurrentBasicBlockWithNoSuccessor (98 bytes)
Event: 101.853 Thread 0x000001777fe04520 nmethod 12220 0x0000017707981f10 code [0x0000017707982100, 0x00000177079827c8]
Event: 101.854 Thread 0x000001777fe04520 12221       1       com.google.common.cache.LocalCache$2::poll (2 bytes)
Event: 101.855 Thread 0x000001777fe04520 nmethod 12221 0x000001770f8f9d10 code [0x000001770f8f9ea0, 0x000001770f8f9f78]
Event: 101.858 Thread 0x000001777fe04520 12222       3       com.android.build.gradle.internal.dsl.decorator.SupportedPropertyType$Var::getImplementationType (5 bytes)
Event: 101.858 Thread 0x000001777fe04520 nmethod 12222 0x0000017707d18b90 code [0x0000017707d18d20, 0x0000017707d18ed8]
Event: 101.859 Thread 0x000001777fe04520 12223       3       org.objectweb.asm.SymbolTable::hash (15 bytes)
Event: 101.859 Thread 0x000001777fe04520 nmethod 12223 0x0000017708056e10 code [0x0000017708056fc0, 0x0000017708057158]
Event: 101.885 Thread 0x000001777fe04520 12224       3       org.objectweb.asm.SymbolTable$Entry::<init> (18 bytes)
Event: 101.885 Thread 0x000001777fe04520 nmethod 12224 0x0000017707db9e90 code [0x0000017707dba040, 0x0000017707dba1c8]
Event: 101.890 Thread 0x000001777fe04520 12225       3       kotlin.collections.ArraysKt___ArraysKt::toList (52 bytes)
Event: 101.892 Thread 0x000001777fe04520 nmethod 12225 0x0000017707ad0610 code [0x0000017707ad0a20, 0x0000017707ad2438]
Event: 101.892 Thread 0x000001777fe04520 12226       3       org.objectweb.asm.SymbolTable::addConstantNameAndType (137 bytes)
Event: 101.893 Thread 0x000001777fe04520 nmethod 12226 0x0000017707db9090 code [0x0000017707db92e0, 0x0000017707db9a28]
Event: 101.893 Thread 0x000001777fe04520 12227       3       org.objectweb.asm.SymbolTable$Entry::<init> (20 bytes)
Event: 101.893 Thread 0x000001777fe04520 nmethod 12227 0x0000017708137910 code [0x0000017708137aa0, 0x0000017708137be8]
Event: 101.899 Thread 0x000001777fe04520 12228       1       com.google.common.cache.LocalCache$2::peek (2 bytes)
Event: 101.899 Thread 0x000001777fe04520 nmethod 12228 0x000001770f8fa010 code [0x000001770f8fa1a0, 0x000001770f8fa278]

GC Heap History (20 events):
Event: 71.973 GC heap before
{Heap before GC invocations=36 (full 0):
 garbage-first heap   total 157696K, used 124667K [0x0000000740000000, 0x0000000800000000)
  region size 2048K, 25 young (51200K), 4 survivors (8192K)
 Metaspace       used 80257K, committed 81152K, reserved 557056K
  class space    used 11160K, committed 11584K, reserved 425984K
}
Event: 71.982 GC heap after
{Heap after GC invocations=37 (full 0):
 garbage-first heap   total 157696K, used 83765K [0x0000000740000000, 0x0000000800000000)
  region size 2048K, 2 young (4096K), 2 survivors (4096K)
 Metaspace       used 80257K, committed 81152K, reserved 557056K
  class space    used 11160K, committed 11584K, reserved 425984K
}
Event: 74.547 GC heap before
{Heap before GC invocations=37 (full 0):
 garbage-first heap   total 157696K, used 126773K [0x0000000740000000, 0x0000000800000000)
  region size 2048K, 23 young (47104K), 2 survivors (4096K)
 Metaspace       used 80282K, committed 81152K, reserved 557056K
  class space    used 11160K, committed 11584K, reserved 425984K
}
Event: 74.552 GC heap after
{Heap after GC invocations=38 (full 0):
 garbage-first heap   total 157696K, used 84591K [0x0000000740000000, 0x0000000800000000)
  region size 2048K, 2 young (4096K), 2 survivors (4096K)
 Metaspace       used 80282K, committed 81152K, reserved 557056K
  class space    used 11160K, committed 11584K, reserved 425984K
}
Event: 77.235 GC heap before
{Heap before GC invocations=38 (full 0):
 garbage-first heap   total 157696K, used 127599K [0x0000000740000000, 0x0000000800000000)
  region size 2048K, 23 young (47104K), 2 survivors (4096K)
 Metaspace       used 80287K, committed 81152K, reserved 557056K
  class space    used 11160K, committed 11584K, reserved 425984K
}
Event: 77.239 GC heap after
{Heap after GC invocations=39 (full 0):
 garbage-first heap   total 157696K, used 85430K [0x0000000740000000, 0x0000000800000000)
  region size 2048K, 2 young (4096K), 2 survivors (4096K)
 Metaspace       used 80287K, committed 81152K, reserved 557056K
  class space    used 11160K, committed 11584K, reserved 425984K
}
Event: 89.725 GC heap before
{Heap before GC invocations=39 (full 0):
 garbage-first heap   total 157696K, used 126390K [0x0000000740000000, 0x0000000800000000)
  region size 2048K, 23 young (47104K), 2 survivors (4096K)
 Metaspace       used 80319K, committed 81216K, reserved 557056K
  class space    used 11163K, committed 11584K, reserved 425984K
}
Event: 89.732 GC heap after
{Heap after GC invocations=40 (full 0):
 garbage-first heap   total 157696K, used 94313K [0x0000000740000000, 0x0000000800000000)
  region size 2048K, 3 young (6144K), 3 survivors (6144K)
 Metaspace       used 80319K, committed 81216K, reserved 557056K
  class space    used 11163K, committed 11584K, reserved 425984K
}
Event: 97.075 GC heap before
{Heap before GC invocations=40 (full 0):
 garbage-first heap   total 157696K, used 120937K [0x0000000740000000, 0x0000000800000000)
  region size 2048K, 17 young (34816K), 3 survivors (6144K)
 Metaspace       used 81830K, committed 82688K, reserved 557056K
  class space    used 11353K, committed 11776K, reserved 425984K
}
Event: 97.082 GC heap after
{Heap after GC invocations=41 (full 0):
 garbage-first heap   total 157696K, used 99238K [0x0000000740000000, 0x0000000800000000)
  region size 2048K, 3 young (6144K), 3 survivors (6144K)
 Metaspace       used 81830K, committed 82688K, reserved 557056K
  class space    used 11353K, committed 11776K, reserved 425984K
}
Event: 97.672 GC heap before
{Heap before GC invocations=41 (full 0):
 garbage-first heap   total 157696K, used 121766K [0x0000000740000000, 0x0000000800000000)
  region size 2048K, 15 young (30720K), 3 survivors (6144K)
 Metaspace       used 83902K, committed 84864K, reserved 557056K
  class space    used 11562K, committed 12032K, reserved 425984K
}
Event: 97.675 GC heap after
{Heap after GC invocations=42 (full 0):
 garbage-first heap   total 157696K, used 99548K [0x0000000740000000, 0x0000000800000000)
  region size 2048K, 1 young (2048K), 1 survivors (2048K)
 Metaspace       used 83902K, committed 84864K, reserved 557056K
  class space    used 11562K, committed 12032K, reserved 425984K
}
Event: 98.314 GC heap before
{Heap before GC invocations=42 (full 0):
 garbage-first heap   total 157696K, used 124124K [0x0000000740000000, 0x0000000800000000)
  region size 2048K, 13 young (26624K), 1 survivors (2048K)
 Metaspace       used 86178K, committed 87104K, reserved 557056K
  class space    used 11773K, committed 12224K, reserved 425984K
}
Event: 98.317 GC heap after
{Heap after GC invocations=43 (full 0):
 garbage-first heap   total 157696K, used 100247K [0x0000000740000000, 0x0000000800000000)
  region size 2048K, 1 young (2048K), 1 survivors (2048K)
 Metaspace       used 86178K, committed 87104K, reserved 557056K
  class space    used 11773K, committed 12224K, reserved 425984K
}
Event: 99.601 GC heap before
{Heap before GC invocations=43 (full 0):
 garbage-first heap   total 157696K, used 124823K [0x0000000740000000, 0x0000000800000000)
  region size 2048K, 14 young (28672K), 1 survivors (2048K)
 Metaspace       used 87081K, committed 88064K, reserved 557056K
  class space    used 11894K, committed 12352K, reserved 425984K
}
Event: 99.608 GC heap after
{Heap after GC invocations=44 (full 0):
 garbage-first heap   total 157696K, used 108162K [0x0000000740000000, 0x0000000800000000)
  region size 2048K, 2 young (4096K), 2 survivors (4096K)
 Metaspace       used 87081K, committed 88064K, reserved 557056K
  class space    used 11894K, committed 12352K, reserved 425984K
}
Event: 100.551 GC heap before
{Heap before GC invocations=44 (full 0):
 garbage-first heap   total 157696K, used 126594K [0x0000000740000000, 0x0000000800000000)
  region size 2048K, 11 young (22528K), 2 survivors (4096K)
 Metaspace       used 88020K, committed 88960K, reserved 557056K
  class space    used 12024K, committed 12480K, reserved 425984K
}
Event: 100.556 GC heap after
{Heap after GC invocations=45 (full 0):
 garbage-first heap   total 157696K, used 109412K [0x0000000740000000, 0x0000000800000000)
  region size 2048K, 1 young (2048K), 1 survivors (2048K)
 Metaspace       used 88020K, committed 88960K, reserved 557056K
  class space    used 12024K, committed 12480K, reserved 425984K
}
Event: 101.792 GC heap before
{Heap before GC invocations=45 (full 0):
 garbage-first heap   total 157696K, used 127844K [0x0000000740000000, 0x0000000800000000)
  region size 2048K, 10 young (20480K), 1 survivors (2048K)
 Metaspace       used 89226K, committed 90112K, reserved 557056K
  class space    used 12188K, committed 12608K, reserved 425984K
}
Event: 101.796 GC heap after
{Heap after GC invocations=46 (full 0):
 garbage-first heap   total 157696K, used 110311K [0x0000000740000000, 0x0000000800000000)
  region size 2048K, 2 young (4096K), 2 survivors (4096K)
 Metaspace       used 89226K, committed 90112K, reserved 557056K
  class space    used 12188K, committed 12608K, reserved 425984K
}

Deoptimization events (20 events):
Event: 99.740 Thread 0x000001771e925910 DEOPT PACKING pc=0x000001770f668b9c sp=0x0000005557fef630
Event: 99.740 Thread 0x000001771e925910 DEOPT UNPACKING pc=0x000001770ed723a3 sp=0x0000005557fef588 mode 2
Event: 99.741 Thread 0x000001771e925910 Uncommon trap: trap_request=0xffffff45 fr.pc=0x000001770f4322f4 relative=0x0000000000000074
Event: 99.741 Thread 0x000001771e925910 Uncommon trap: reason=unstable_if action=reinterpret pc=0x000001770f4322f4 method=java.security.CodeSource.getCertificates()[Ljava/security/cert/Certificate; @ 22 c2
Event: 99.741 Thread 0x000001771e925910 DEOPT PACKING pc=0x000001770f4322f4 sp=0x0000005557fef4d0
Event: 99.741 Thread 0x000001771e925910 DEOPT UNPACKING pc=0x000001770ed723a3 sp=0x0000005557fef460 mode 2
Event: 100.343 Thread 0x000001771e925910 Uncommon trap: trap_request=0xffffff45 fr.pc=0x000001770f58aa18 relative=0x0000000000002ad8
Event: 100.343 Thread 0x000001771e925910 Uncommon trap: reason=unstable_if action=reinterpret pc=0x000001770f58aa18 method=java.util.regex.Pattern.has(I)Z @ 6 c2
Event: 100.343 Thread 0x000001771e925910 DEOPT PACKING pc=0x000001770f58aa18 sp=0x0000005557ff2680
Event: 100.343 Thread 0x000001771e925910 DEOPT UNPACKING pc=0x000001770ed723a3 sp=0x0000005557ff2600 mode 2
Event: 100.550 Thread 0x000001771e925910 Uncommon trap: trap_request=0xffffff45 fr.pc=0x000001770f72f1b8 relative=0x00000000000058d8
Event: 100.550 Thread 0x000001771e925910 Uncommon trap: reason=unstable_if action=reinterpret pc=0x000001770f72f1b8 method=java.lang.CharacterDataLatin1.isUpperCase(I)Z @ 7 c2
Event: 100.550 Thread 0x000001771e925910 DEOPT PACKING pc=0x000001770f72f1b8 sp=0x0000005557ff24e0
Event: 100.550 Thread 0x000001771e925910 DEOPT UNPACKING pc=0x000001770ed723a3 sp=0x0000005557ff2258 mode 2
Event: 100.550 Thread 0x000001771e925910 Uncommon trap: trap_request=0xffffff45 fr.pc=0x000001770f718400 relative=0x0000000000000080
Event: 100.550 Thread 0x000001771e925910 Uncommon trap: reason=unstable_if action=reinterpret pc=0x000001770f718400 method=java.lang.CharacterDataLatin1.isUpperCase(I)Z @ 7 c2
Event: 100.550 Thread 0x000001771e925910 DEOPT PACKING pc=0x000001770f718400 sp=0x0000005557ff2340
Event: 100.550 Thread 0x000001771e925910 DEOPT UNPACKING pc=0x000001770ed723a3 sp=0x0000005557ff22c0 mode 2
Event: 100.556 Thread 0x000001771e925910 DEOPT PACKING pc=0x000001770877a0be sp=0x0000005557ff2650
Event: 100.556 Thread 0x000001771e925910 DEOPT UNPACKING pc=0x000001770ed72b43 sp=0x0000005557ff1bf0 mode 0

Classes unloaded (0 events):
No events

Classes redefined (0 events):
No events

Internal exceptions (20 events):
Event: 67.499 Thread 0x000001771e925910 Exception <a 'java/lang/ClassNotFoundException'{0x00000007478c2be8}: org/gradle/api/internal/artifacts/DefaultArtifactRepositoryContainerCustomizer> (0x00000007478c2be8) 
thrown [s\open\src\hotspot\share\classfile\systemDictionary.cpp, line 256]
Event: 67.502 Thread 0x000001771e925910 Exception <a 'java/lang/ClassNotFoundException'{0x00000007478ecdf0}: org/gradle/api/internal/artifacts/dsl/DefaultRepositoryHandlerCustomizer> (0x00000007478ecdf0) 
thrown [s\open\src\hotspot\share\classfile\systemDictionary.cpp, line 256]
Event: 67.506 Thread 0x000001771e925910 Exception <a 'java/lang/ClassNotFoundException'{0x0000000747925518}: org/gradle/api/internal/artifacts/dsl/DefaultRepositoryHandler_DecoratedCustomizer> (0x0000000747925518) 
thrown [s\open\src\hotspot\share\classfile\systemDictionary.cpp, line 256]
Event: 67.547 Thread 0x000001771e925910 Exception <a 'java/lang/ClassNotFoundException'{0x00000007479d22b8}: org/gradle/api/internal/artifacts/dsl/dependencies/DefaultDependencyHandler_DecoratedBeanInfo> (0x00000007479d22b8) 
thrown [s\open\src\hotspot\share\classfile\systemDictionary.cpp, line 256]
Event: 67.550 Thread 0x000001771e925910 Exception <a 'java/lang/ClassNotFoundException'{0x00000007479ea280}: org/gradle/api/internal/artifacts/dsl/dependencies/DefaultDependencyHandlerBeanInfo> (0x00000007479ea280) 
thrown [s\open\src\hotspot\share\classfile\systemDictionary.cpp, line 256]
Event: 67.551 Thread 0x000001771e925910 Exception <a 'java/lang/ClassNotFoundException'{0x0000000747601cd8}: org/gradle/api/internal/artifacts/dsl/dependencies/DefaultDependencyHandlerCustomizer> (0x0000000747601cd8) 
thrown [s\open\src\hotspot\share\classfile\systemDictionary.cpp, line 256]
Event: 67.555 Thread 0x000001771e925910 Exception <a 'java/lang/ClassNotFoundException'{0x00000007476418b8}: org/gradle/api/internal/artifacts/dsl/dependencies/DefaultDependencyHandler_DecoratedCustomizer> (0x00000007476418b8) 
thrown [s\open\src\hotspot\share\classfile\systemDictionary.cpp, line 256]
Event: 70.285 Thread 0x000001773ff49ca0 Exception <a 'sun/nio/fs/WindowsException'{0x00000007495756c8}> (0x00000007495756c8) 
thrown [s\open\src\hotspot\share\prims\jni.cpp, line 516]
Event: 70.286 Thread 0x000001773ff49ca0 Exception <a 'sun/nio/fs/WindowsException'{0x0000000749577de8}> (0x0000000749577de8) 
thrown [s\open\src\hotspot\share\prims\jni.cpp, line 516]
Event: 70.288 Thread 0x000001773ff49ca0 Exception <a 'sun/nio/fs/WindowsException'{0x000000074957a2c8}> (0x000000074957a2c8) 
thrown [s\open\src\hotspot\share\prims\jni.cpp, line 516]
Event: 70.289 Thread 0x000001773ff49ca0 Exception <a 'sun/nio/fs/WindowsException'{0x000000074957c5f0}> (0x000000074957c5f0) 
thrown [s\open\src\hotspot\share\prims\jni.cpp, line 516]
Event: 70.676 Thread 0x000001773f5b54b0 Implicit null exception at 0x000001770f86a629 to 0x000001770f86ad58
Event: 79.995 Thread 0x000001771e925910 Exception <a 'java/lang/ClassNotFoundException'{0x00000007478539d0}: build_adw2sr94apy082xo53gwr3sjjBeanInfo> (0x00000007478539d0) 
thrown [s\open\src\hotspot\share\classfile\systemDictionary.cpp, line 256]
Event: 80.000 Thread 0x000001771e925910 Exception <a 'java/lang/ClassNotFoundException'{0x000000074785ae50}: build_adw2sr94apy082xo53gwr3sjjCustomizer> (0x000000074785ae50) 
thrown [s\open\src\hotspot\share\classfile\systemDictionary.cpp, line 256]
Event: 95.108 Thread 0x000001771e925910 Exception <a 'java/lang/ClassNotFoundException'{0x0000000749677800}: org/gradle/api/internal/plugins/DefaultObjectConfigurationActionBeanInfo> (0x0000000749677800) 
thrown [s\open\src\hotspot\share\classfile\systemDictionary.cpp, line 256]
Event: 95.110 Thread 0x000001771e925910 Exception <a 'java/lang/ClassNotFoundException'{0x00000007496903f0}: org/gradle/api/internal/plugins/DefaultObjectConfigurationActionCustomizer> (0x00000007496903f0) 
thrown [s\open\src\hotspot\share\classfile\systemDictionary.cpp, line 256]
Event: 95.810 Thread 0x000001771e925910 Exception <a 'java/lang/ClassNotFoundException'{0x0000000749472220}: build_3crrt2kpua68td3wvjkqv4lqqBeanInfo> (0x0000000749472220) 
thrown [s\open\src\hotspot\share\classfile\systemDictionary.cpp, line 256]
Event: 95.811 Thread 0x000001771e925910 Exception <a 'java/lang/ClassNotFoundException'{0x000000074947f4a8}: build_3crrt2kpua68td3wvjkqv4lqqCustomizer> (0x000000074947f4a8) 
thrown [s\open\src\hotspot\share\classfile\systemDictionary.cpp, line 256]
Event: 98.650 Thread 0x000001771e925910 Implicit null exception at 0x000001770f487a8c to 0x000001770f487bc6
Event: 99.793 Thread 0x000001771e925910 Exception <a 'sun/nio/fs/WindowsException'{0x00000007497c18d8}> (0x00000007497c18d8) 
thrown [s\open\src\hotspot\share\prims\jni.cpp, line 516]

VM Operations (20 events):
Event: 91.732 Executing VM operation: Cleanup
Event: 91.732 Executing VM operation: Cleanup done
Event: 95.734 Executing VM operation: Cleanup
Event: 95.734 Executing VM operation: Cleanup done
Event: 96.735 Executing VM operation: Cleanup
Event: 96.735 Executing VM operation: Cleanup done
Event: 97.075 Executing VM operation: G1CollectForAllocation
Event: 97.082 Executing VM operation: G1CollectForAllocation done
Event: 97.672 Executing VM operation: G1CollectForAllocation
Event: 97.675 Executing VM operation: G1CollectForAllocation done
Event: 98.314 Executing VM operation: G1CollectForAllocation
Event: 98.317 Executing VM operation: G1CollectForAllocation done
Event: 98.727 Executing VM operation: HandshakeAllThreads
Event: 98.727 Executing VM operation: HandshakeAllThreads done
Event: 99.601 Executing VM operation: G1CollectForAllocation
Event: 99.609 Executing VM operation: G1CollectForAllocation done
Event: 100.551 Executing VM operation: G1CollectForAllocation
Event: 100.556 Executing VM operation: G1CollectForAllocation done
Event: 101.792 Executing VM operation: G1CollectForAllocation
Event: 101.796 Executing VM operation: G1CollectForAllocation done

Events (20 events):
Event: 98.722 loading class java/security/interfaces/DSAPrivateKey
Event: 98.723 loading class java/security/interfaces/DSAPrivateKey done
Event: 98.723 loading class java/security/interfaces/DSAParams
Event: 98.723 loading class java/security/interfaces/DSAParams done
Event: 98.723 loading class java/security/spec/DSAParameterSpec
Event: 98.723 loading class java/security/spec/DSAParameterSpec done
Event: 98.724 loading class java/math/SignedMutableBigInteger
Event: 98.725 loading class java/math/SignedMutableBigInteger done
Event: 99.407 loading class sun/security/util/JarConstraintsParameters
Event: 99.408 loading class sun/security/util/JarConstraintsParameters done
Event: 99.410 loading class java/util/Base64
Event: 99.411 loading class java/util/Base64 done
Event: 99.411 loading class java/util/Base64$Decoder
Event: 99.411 loading class java/util/Base64$Decoder done
Event: 99.411 loading class java/util/Base64$Encoder
Event: 99.412 loading class java/util/Base64$Encoder done
Event: 99.415 loading class java/util/jar/JarVerifier$VerifierStream
Event: 99.416 loading class java/util/jar/JarVerifier$VerifierStream done
Event: 99.416 loading class sun/security/util/ManifestEntryVerifier$SunProviderHolder
Event: 99.417 loading class sun/security/util/ManifestEntryVerifier$SunProviderHolder done


Dynamic libraries:
0x00007ff7b3130000 - 0x00007ff7b3140000 	C:\Program Files\Java\jdk-17\bin\java.exe
0x00007ffd635b0000 - 0x00007ffd637a8000 	C:\WINDOWS\SYSTEM32\ntdll.dll
0x00007ffd61ec0000 - 0x00007ffd61f82000 	C:\WINDOWS\System32\KERNEL32.DLL
0x00007ffd60dc0000 - 0x00007ffd610b6000 	C:\WINDOWS\System32\KERNELBASE.dll
0x00007ffd61230000 - 0x00007ffd61330000 	C:\WINDOWS\System32\ucrtbase.dll
0x00007ffd43f30000 - 0x00007ffd43f49000 	C:\Program Files\Java\jdk-17\bin\jli.dll
0x00007ffd62170000 - 0x00007ffd62221000 	C:\WINDOWS\System32\ADVAPI32.dll
0x00007ffd62530000 - 0x00007ffd625ce000 	C:\WINDOWS\System32\msvcrt.dll
0x00007ffd46dc0000 - 0x00007ffd46ddb000 	C:\Program Files\Java\jdk-17\bin\VCRUNTIME140.dll
0x00007ffd625d0000 - 0x00007ffd6266f000 	C:\WINDOWS\System32\sechost.dll
0x00007ffd623a0000 - 0x00007ffd624c0000 	C:\WINDOWS\System32\RPCRT4.dll
0x00007ffd61330000 - 0x00007ffd61357000 	C:\WINDOWS\System32\bcrypt.dll
0x00007ffd615e0000 - 0x00007ffd6177d000 	C:\WINDOWS\System32\USER32.dll
0x00007ffd60d00000 - 0x00007ffd60d22000 	C:\WINDOWS\System32\win32u.dll
0x00007ffd62310000 - 0x00007ffd6233b000 	C:\WINDOWS\System32\GDI32.dll
0x00007ffd614c0000 - 0x00007ffd615d9000 	C:\WINDOWS\System32\gdi32full.dll
0x00007ffd61190000 - 0x00007ffd6122d000 	C:\WINDOWS\System32\msvcp_win.dll
0x00007ffd48c40000 - 0x00007ffd48edb000 	C:\WINDOWS\WinSxS\amd64_microsoft.windows.common-controls_6595b64144ccf1df_6.0.19041.6280_none_60bc30a171f2f3f3\COMCTL32.dll
0x00007ffd54430000 - 0x00007ffd5443a000 	C:\WINDOWS\SYSTEM32\VERSION.dll
0x00007ffd63540000 - 0x00007ffd6356f000 	C:\WINDOWS\System32\IMM32.DLL
0x00007ffd46db0000 - 0x00007ffd46dbc000 	C:\Program Files\Java\jdk-17\bin\vcruntime140_1.dll
0x00007ffd3bb10000 - 0x00007ffd3bb9e000 	C:\Program Files\Java\jdk-17\bin\msvcp140.dll
0x00007ffca7690000 - 0x00007ffca8270000 	C:\Program Files\Java\jdk-17\bin\server\jvm.dll
0x00007ffd627a0000 - 0x00007ffd627a8000 	C:\WINDOWS\System32\PSAPI.DLL
0x00007ffd1ee50000 - 0x00007ffd1ee59000 	C:\WINDOWS\SYSTEM32\WSOCK32.dll
0x00007ffd63410000 - 0x00007ffd6347b000 	C:\WINDOWS\System32\WS2_32.dll
0x00007ffd4a580000 - 0x00007ffd4a5a7000 	C:\WINDOWS\SYSTEM32\WINMM.dll
0x00007ffd5f4a0000 - 0x00007ffd5f4b2000 	C:\WINDOWS\SYSTEM32\kernel.appcore.dll
0x00007ffd46d90000 - 0x00007ffd46d9a000 	C:\Program Files\Java\jdk-17\bin\jimage.dll
0x00007ffd5e7f0000 - 0x00007ffd5e9f1000 	C:\WINDOWS\SYSTEM32\DBGHELP.DLL
0x00007ffd544d0000 - 0x00007ffd54504000 	C:\WINDOWS\SYSTEM32\dbgcore.DLL
0x00007ffd60d30000 - 0x00007ffd60db2000 	C:\WINDOWS\System32\bcryptPrimitives.dll
0x00007ffd40c80000 - 0x00007ffd40c8e000 	C:\Program Files\Java\jdk-17\bin\instrument.dll
0x00007ffd3cd10000 - 0x00007ffd3cd35000 	C:\Program Files\Java\jdk-17\bin\java.dll
0x00007ffd222e0000 - 0x00007ffd223b7000 	C:\Program Files\Java\jdk-17\bin\jsvml.dll
0x00007ffd627b0000 - 0x00007ffd62f20000 	C:\WINDOWS\System32\SHELL32.dll
0x00007ffd5ea00000 - 0x00007ffd5f1a5000 	C:\WINDOWS\SYSTEM32\windows.storage.dll
0x00007ffd62f20000 - 0x00007ffd63273000 	C:\WINDOWS\System32\combase.dll
0x00007ffd60610000 - 0x00007ffd6063b000 	C:\WINDOWS\SYSTEM32\Wldp.dll
0x00007ffd62040000 - 0x00007ffd6210d000 	C:\WINDOWS\System32\OLEAUT32.dll
0x00007ffd626f0000 - 0x00007ffd6279d000 	C:\WINDOWS\System32\SHCORE.dll
0x00007ffd63280000 - 0x00007ffd632db000 	C:\WINDOWS\System32\shlwapi.dll
0x00007ffd60b80000 - 0x00007ffd60ba4000 	C:\WINDOWS\SYSTEM32\profapi.dll
0x00007ffd43410000 - 0x00007ffd43428000 	C:\Program Files\Java\jdk-17\bin\zip.dll
0x00007ffd43f10000 - 0x00007ffd43f29000 	C:\Program Files\Java\jdk-17\bin\net.dll
0x00007ffd549a0000 - 0x00007ffd54aaa000 	C:\WINDOWS\SYSTEM32\WINHTTP.dll
0x00007ffd60370000 - 0x00007ffd603da000 	C:\WINDOWS\system32\mswsock.dll
0x00007ffd43880000 - 0x00007ffd43896000 	C:\Program Files\Java\jdk-17\bin\nio.dll
0x00007ffd43a30000 - 0x00007ffd43a40000 	C:\Program Files\Java\jdk-17\bin\verify.dll
0x00007ffd46de0000 - 0x00007ffd46e07000 	E:\GradleCache\native\1def1411415f61bf3af743bc5b6707747c0891f09f0c88961ee8f79bc544acac\windows-amd64\native-platform.dll
0x00007ffd365c0000 - 0x00007ffd36638000 	E:\GradleCache\native\0.2.7\x86_64-windows-gnu\gradle-fileevents.dll
0x00007ffd569a0000 - 0x00007ffd569aa000 	C:\Program Files\Java\jdk-17\bin\management.dll
0x00007ffd56990000 - 0x00007ffd5699b000 	C:\Program Files\Java\jdk-17\bin\management_ext.dll
0x00007ffd60050000 - 0x00007ffd6008b000 	C:\WINDOWS\SYSTEM32\IPHLPAPI.DLL
0x00007ffd634a0000 - 0x00007ffd634a8000 	C:\WINDOWS\System32\NSI.dll
0x00007ffd55850000 - 0x00007ffd55867000 	C:\WINDOWS\SYSTEM32\dhcpcsvc6.DLL
0x00007ffd556a0000 - 0x00007ffd556bd000 	C:\WINDOWS\SYSTEM32\dhcpcsvc.DLL
0x00007ffd60090000 - 0x00007ffd6015a000 	C:\WINDOWS\SYSTEM32\DNSAPI.dll
0x00007ffd60560000 - 0x00007ffd60578000 	C:\WINDOWS\SYSTEM32\CRYPTSP.dll
0x00007ffd5fc30000 - 0x00007ffd5fc68000 	C:\WINDOWS\system32\rsaenh.dll
0x00007ffd60b00000 - 0x00007ffd60b2e000 	C:\WINDOWS\SYSTEM32\USERENV.dll
0x00007ffd60580000 - 0x00007ffd6058c000 	C:\WINDOWS\SYSTEM32\CRYPTBASE.dll
0x00007ffd42a00000 - 0x00007ffd42a0e000 	C:\Program Files\Java\jdk-17\bin\sunmscapi.dll
0x00007ffd61360000 - 0x00007ffd614bd000 	C:\WINDOWS\System32\CRYPT32.dll
0x00007ffd606f0000 - 0x00007ffd60717000 	C:\WINDOWS\SYSTEM32\ncrypt.dll
0x00007ffd60660000 - 0x00007ffd6069b000 	C:\WINDOWS\SYSTEM32\NTASN1.dll
0x00007ffd53090000 - 0x00007ffd53097000 	C:\WINDOWS\system32\wshunix.dll
0x00000000643f0000 - 0x0000000064416000 	C:\Program Files\Bonjour\mdnsNSP.dll
0x00007ffd55070000 - 0x00007ffd5507a000 	C:\Windows\System32\rasadhlp.dll
0x00007ffd51d70000 - 0x00007ffd51df0000 	C:\WINDOWS\System32\fwpuclnt.dll

dbghelp: loaded successfully - version: 4.0.5 - missing functions: none
symbol engine: initialized successfully - sym options: 0x614 - pdb path: .;C:\Program Files\Java\jdk-17\bin;C:\WINDOWS\SYSTEM32;C:\WINDOWS\WinSxS\amd64_microsoft.windows.common-controls_6595b64144ccf1df_6.0.19041.6280_none_60bc30a171f2f3f3;C:\Program Files\Java\jdk-17\bin\server;E:\GradleCache\native\1def1411415f61bf3af743bc5b6707747c0891f09f0c88961ee8f79bc544acac\windows-amd64;E:\GradleCache\native\0.2.7\x86_64-windows-gnu;C:\Program Files\Bonjour

VM Arguments:
jvm_args: --add-opens=java.base/java.lang=ALL-UNNAMED --add-opens=java.base/java.lang.invoke=ALL-UNNAMED --add-opens=java.base/java.util=ALL-UNNAMED --add-opens=java.prefs/java.util.prefs=ALL-UNNAMED --add-exports=jdk.compiler/com.sun.tools.javac.api=ALL-UNNAMED --add-exports=jdk.compiler/com.sun.tools.javac.util=ALL-UNNAMED --add-opens=java.base/java.util=ALL-UNNAMED --add-opens=java.prefs/java.util.prefs=ALL-UNNAMED --add-opens=java.base/java.nio.charset=ALL-UNNAMED --add-opens=java.base/java.net=ALL-UNNAMED --add-opens=java.base/java.util.concurrent.atomic=ALL-UNNAMED --add-opens=java.xml/javax.xml.namespace=ALL-UNNAMED -XX:MaxMetaspaceSize=512m -XX:+HeapDumpOnOutOfMemoryError -XX:+UseG1GC -XX:MaxGCPauseMillis=200 -Xmx3072m -Dfile.encoding=UTF-8 -Duser.country=US -Duser.language=en -Duser.variant -javaagent:E:\GradleCache\wrapper\dists\gradle-8.14.1-bin\baw1sv0jfoi8rxs14qo3h49cs\gradle-8.14.1\lib\agents\gradle-instrumentation-agent-8.14.1.jar 
java_command: org.gradle.launcher.daemon.bootstrap.GradleDaemon 8.14.1
java_class_path (initial): E:\GradleCache\wrapper\dists\gradle-8.14.1-bin\baw1sv0jfoi8rxs14qo3h49cs\gradle-8.14.1\lib\gradle-daemon-main-8.14.1.jar
Launcher Type: SUN_STANDARD

[Global flags]
     intx CICompilerCount                          = 4                                         {product} {ergonomic}
   size_t CompressedClassSpaceSize                 = 436207616                                 {product} {ergonomic}
     uint ConcGCThreads                            = 2                                         {product} {ergonomic}
     uint G1ConcRefinementThreads                  = 8                                         {product} {ergonomic}
   size_t G1HeapRegionSize                         = 2097152                                   {product} {ergonomic}
    uintx GCDrainStackTargetSize                   = 64                                        {product} {ergonomic}
     bool HeapDumpOnOutOfMemoryError               = true                                   {manageable} {command line}
   size_t InitialHeapSize                          = 266338304                                 {product} {ergonomic}
   size_t MarkStackSize                            = 4194304                                   {product} {ergonomic}
    uintx MaxGCPauseMillis                         = 200                                       {product} {command line}
   size_t MaxHeapSize                              = 3221225472                                {product} {command line}
   size_t MaxMetaspaceSize                         = 536870912                                 {product} {command line}
   size_t MaxNewSize                               = 1931476992                                {product} {ergonomic}
   size_t MinHeapDeltaBytes                        = 2097152                                   {product} {ergonomic}
   size_t MinHeapSize                              = 8388608                                   {product} {ergonomic}
    uintx NonNMethodCodeHeapSize                   = 5839372                                {pd product} {ergonomic}
    uintx NonProfiledCodeHeapSize                  = 122909434                              {pd product} {ergonomic}
    uintx ProfiledCodeHeapSize                     = 122909434                              {pd product} {ergonomic}
    uintx ReservedCodeCacheSize                    = 251658240                              {pd product} {ergonomic}
     bool SegmentedCodeCache                       = true                                      {product} {ergonomic}
   size_t SoftMaxHeapSize                          = 3221225472                             {manageable} {ergonomic}
     bool UseCompressedClassPointers               = true                           {product lp64_product} {ergonomic}
     bool UseCompressedOops                        = true                           {product lp64_product} {ergonomic}
     bool UseG1GC                                  = true                                      {product} {command line}
     bool UseLargePagesIndividualAllocation        = false                                  {pd product} {ergonomic}

Logging:
Log output configuration:
 #0: stdout all=warning uptime,level,tags
 #1: stderr all=off uptime,level,tags

Environment Variables:
JAVA_HOME=C:\Program Files\Java\jdk-17
PATH=E:\Connect\app\node_modules\.bin;E:\Connect\app\node_modules\.bin;E:\Connect\node_modules\.bin;E:\node_modules\.bin;C:\Program Files\nodejs\node_modules\npm\node_modules\@npmcli\run-script\lib\node-gyp-bin;E:\Connect\app\node_modules\.bin;E:\Connect\node_modules\.bin;E:\node_modules\.bin;C:\Program Files\nodejs\node_modules\npm\node_modules\@npmcli\run-script\lib\node-gyp-bin;;C:\Program Files\Common Files\Oracle\Java\javapath;C:\Python313\Scripts\;C:\Python313\;C:\WINDOWS\system32;C:\WINDOWS;C:\WINDOWS\System32\Wbem;C:\WINDOWS\System32\WindowsPowerShell\v1.0\;C:\WINDOWS\System32\OpenSSH\;C:\Program Files\nodejs\;C:\ProgramData\chocolatey\bin;C:\Program Files\Git\cmd;C:\Users\Ikramul islam\AppData\Local\Android\Sdk\platform-tools;C:\Users\Ikramul islam\AppData\Local\Android\Sdk\emulator;C:\Users\Ikramul islam\AppData\Local\Android\Sdk\tools;C:\Users\Ikramul islam\AppData\Local\Android\Sdk\tools\bin;C:\Program Files\Java\jdk-17\bin;C:\poppler\bin;C:\Program Files\GraphicsMagick-1.3.42-Q8;C:\Program Files\gs\gs10.05.1\bin;C:\Program Files\PuTTY\;c:\Users\Ikramul islam\AppData\Local\Programs\cursor\resources\app\bin;C:\Users\Ikramul islam\AppData\Local\Programs\Python\Python310\Scripts\;C:\Users\Ikramul islam\AppData\Local\Programs\Python\Python310\;C:\Users\Ikramul islam\AppData\Local\Microsoft\WindowsApps;C:\Users\Ikramul islam\AppData\Roaming\npm;C:\Users\Ikramul islam\AppData\Local\Programs\Microsoft VS Code\bin;C:\Program Files\Java\jdk-17\bin;C:\Users\Ikramul islam\AppData\Local\Android\Sdk\platform-tools;C:\Users\Ikramul islam\AppData\Local\Android\Sdk\emulator;C:\Users\Ikramul islam\AppData\Local\Android\Sdk\tools;C:\Users\Ikramul islam\AppData\Local\Android\Sdk\tools\bin;C:\Program Files\GraphicsMagick-1.3.42-Q8;C:\Users\Ikramul islam\AppData\Local\Programs\cursor-editor\resources\app\bin
USERNAME=Ikramulislam
OS=Windows_NT
PROCESSOR_IDENTIFIER=Intel64 Family 6 Model 142 Stepping 10, GenuineIntel



---------------  S Y S T E M  ---------------

OS:
 Windows 10 , 64 bit Build 19041 (10.0.19041.5915)
OS uptime: 3 days 17:36 hours

CPU: total 8 (initial active 8) (4 cores per cpu, 2 threads per core) family 6 model 142 stepping 10 microcode 0xf6, cx8, cmov, fxsr, ht, mmx, 3dnowpref, sse, sse2, sse3, ssse3, sse4.1, sse4.2, popcnt, lzcnt, tsc, tscinvbit, avx, avx2, aes, erms, clmul, bmi1, bmi2, rtm, adx, fma, vzeroupper, clflush, clflushopt

Memory: 4k page, system-wide physical 16227M (300M free)
TotalPageFile size 34484M (AvailPageFile size 1M)
current process WorkingSet (physical memory assigned to process): 398M, peak: 405M
current process commit charge ("private bytes"): 447M, peak: 451M

vm_info: Java HotSpot(TM) 64-Bit Server VM (17.0.12+8-LTS-286) for windows-amd64 JRE (17.0.12+8-LTS-286), built on Jun  5 2024 06:46:59 by "mach5one" with MS VC++ 17.6 (VS2022)

END.
