#
# There is insufficient memory for the Java Runtime Environment to continue.
# Native memory allocation (malloc) failed to allocate 32744 bytes for ChunkPool::allocate
# Possible reasons:
#   The system is out of physical RAM or swap space
#   The process is running with CompressedOops enabled, and the Java Heap may be blocking the growth of the native heap
# Possible solutions:
#   Reduce memory load on the system
#   Increase physical memory or swap space
#   Check if swap backing store is full
#   Decrease Java heap size (-Xmx/-Xms)
#   Decrease number of Java threads
#   Decrease Java thread stack sizes (-Xss)
#   Set larger code cache with -XX:ReservedCodeCacheSize=
#   JVM is running with Unscaled Compressed Oops mode in which the Java heap is
#     placed in the first 4GB address space. The Java Heap base address is the
#     maximum limit for the native heap growth. Please use -XX:HeapBaseMinAddress
#     to set the Java Heap base and to place the Java Heap above 4GB virtual address.
# This output file may be truncated or incomplete.
#
#  Out of Memory Error (arena.cpp:78), pid=190960, tid=186820
#
# JRE version: Java(TM) SE Runtime Environment (17.0.12+8) (build 17.0.12+8-LTS-286)
# Java VM: Java HotSpot(TM) 64-Bit Server VM (17.0.12+8-LTS-286, mixed mode, sharing, tiered, compressed oops, compressed class ptrs, g1 gc, windows-amd64)
# No core dump will be written. Minidumps are not enabled by default on client versions of Windows
#

---------------  S U M M A R Y ------------

Command Line: -Xmx64m -Xms64m -Dorg.gradle.appname=gradlew E:\Connect\app\android\\gradle\wrapper\gradle-wrapper.jar assembleDebug

Host: Intel(R) Core(TM) i7-8650U CPU @ 1.90GHz, 8 cores, 15G,  Windows 10 , 64 bit Build 19041 (10.0.19041.5915)
Time: Thu Jan 15 21:53:46 2026 Bangladesh Standard Time elapsed time: 655.265475 seconds (0d 0h 10m 55s)

---------------  T H R E A D  ---------------

Current thread (0x0000026e5fb5c000):  JavaThread "C2 CompilerThread0" daemon [_thread_in_native, id=186820, stack(0x000000b618000000,0x000000b618100000)]


Current CompileTask:
C2: 655265 2004       4       org.gradle.internal.logging.console.WorkInProgressRenderer::renderNow (351 bytes)

Stack: [0x000000b618000000,0x000000b618100000]
Native frames: (J=compiled Java code, j=interpreted, Vv=VM code, C=native code)
V  [jvm.dll+0x67a04a]
V  [jvm.dll+0x7da4ed]
V  [jvm.dll+0x7dbe33]
V  [jvm.dll+0x7dc4a3]
V  [jvm.dll+0x24508f]
V  [jvm.dll+0xab9a4]
V  [jvm.dll+0xabd3c]
V  [jvm.dll+0x58384a]
V  [jvm.dll+0x581b95]
V  [jvm.dll+0x21f422]
V  [jvm.dll+0x21811b]
V  [jvm.dll+0x215b65]
V  [jvm.dll+0x1a2960]
V  [jvm.dll+0x22610b]
V  [jvm.dll+0x2242ab]
V  [jvm.dll+0x79075c]
V  [jvm.dll+0x78abea]
V  [jvm.dll+0x678f35]
C  [ucrtbase.dll+0x21bb2]
C  [KERNEL32.DLL+0x17374]
C  [ntdll.dll+0x4cc91]


---------------  P R O C E S S  ---------------

Threads class SMR info:
_java_thread_list=0x0000026e6435e3e0, length=13, elements={
0x0000026e46385a30, 0x0000026e5fb43940, 0x0000026e5fb466e0, 0x0000026e5fb56560,
0x0000026e5fb5a260, 0x0000026e5fb5ab30, 0x0000026e5fb5b400, 0x0000026e5fb5c000,
0x0000026e5fb5c910, 0x0000026e5fbb19a0, 0x0000026e640751e0, 0x0000026e64077b10,
0x0000026e65299fb0
}

Java Threads: ( => current thread )
  0x0000026e46385a30 JavaThread "main" [_thread_in_native, id=190076, stack(0x000000b617300000,0x000000b617400000)]
  0x0000026e5fb43940 JavaThread "Reference Handler" daemon [_thread_blocked, id=191048, stack(0x000000b617a00000,0x000000b617b00000)]
  0x0000026e5fb466e0 JavaThread "Finalizer" daemon [_thread_blocked, id=189540, stack(0x000000b617b00000,0x000000b617c00000)]
  0x0000026e5fb56560 JavaThread "Signal Dispatcher" daemon [_thread_blocked, id=182140, stack(0x000000b617c00000,0x000000b617d00000)]
  0x0000026e5fb5a260 JavaThread "Attach Listener" daemon [_thread_blocked, id=191312, stack(0x000000b617d00000,0x000000b617e00000)]
  0x0000026e5fb5ab30 JavaThread "Service Thread" daemon [_thread_blocked, id=183916, stack(0x000000b617e00000,0x000000b617f00000)]
  0x0000026e5fb5b400 JavaThread "Monitor Deflation Thread" daemon [_thread_blocked, id=188472, stack(0x000000b617f00000,0x000000b618000000)]
=>0x0000026e5fb5c000 JavaThread "C2 CompilerThread0" daemon [_thread_in_native, id=186820, stack(0x000000b618000000,0x000000b618100000)]
  0x0000026e5fb5c910 JavaThread "C1 CompilerThread0" daemon [_thread_blocked, id=191256, stack(0x000000b618100000,0x000000b618200000)]
  0x0000026e5fbb19a0 JavaThread "Sweeper thread" daemon [_thread_blocked, id=19000, stack(0x000000b618200000,0x000000b618300000)]
  0x0000026e640751e0 JavaThread "Notification Thread" daemon [_thread_blocked, id=192864, stack(0x000000b618300000,0x000000b618400000)]
  0x0000026e64077b10 JavaThread "Common-Cleaner" daemon [_thread_blocked, id=113620, stack(0x000000b618500000,0x000000b618600000)]
  0x0000026e65299fb0 JavaThread "pool-1-thread-1" [_thread_in_native, id=18656, stack(0x000000b618700000,0x000000b618800000)]

Other Threads:
  0x0000026e5fb3df10 VMThread "VM Thread" [stack: 0x000000b617900000,0x000000b617a00000] [id=192136]
  0x0000026e640776d0 WatcherThread [stack: 0x000000b618400000,0x000000b618500000] [id=21060]
  0x0000026e463a6680 GCTaskThread "GC Thread#0" [stack: 0x000000b617400000,0x000000b617500000] [id=176240]
  0x0000026e643fecc0 GCTaskThread "GC Thread#1" [stack: 0x000000b618900000,0x000000b618a00000] [id=191988]
  0x0000026e6453eae0 GCTaskThread "GC Thread#2" [stack: 0x000000b618a00000,0x000000b618b00000] [id=179320]
  0x0000026e645fb560 GCTaskThread "GC Thread#3" [stack: 0x000000b618b00000,0x000000b618c00000] [id=190336]
  0x0000026e6551cc90 GCTaskThread "GC Thread#4" [stack: 0x000000b618800000,0x000000b618900000] [id=191352]
  0x0000026e64cdac00 GCTaskThread "GC Thread#5" [stack: 0x000000b618c00000,0x000000b618d00000] [id=189376]
  0x0000026e64ca7760 GCTaskThread "GC Thread#6" [stack: 0x000000b618d00000,0x000000b618e00000] [id=183608]
  0x0000026e463a8cf0 ConcurrentGCThread "G1 Main Marker" [stack: 0x000000b617500000,0x000000b617600000] [id=20112]
  0x0000026e463aa630 ConcurrentGCThread "G1 Conc#0" [stack: 0x000000b617600000,0x000000b617700000] [id=169084]
  0x0000026e4643c8d0 ConcurrentGCThread "G1 Refine#0" [stack: 0x000000b617700000,0x000000b617800000] [id=191368]
  0x0000026e4643d210 ConcurrentGCThread "G1 Service" [stack: 0x000000b617800000,0x000000b617900000] [id=192224]

Threads with active compile tasks:
C2 CompilerThread0   655344 2004       4       org.gradle.internal.logging.console.WorkInProgressRenderer::renderNow (351 bytes)

VM state: not at safepoint (normal execution)

VM Mutex/Monitor currently owned by a thread: None

Heap address: 0x00000000fc000000, size: 64 MB, Compressed Oops mode: 32-bit

CDS archive(s) mapped at: [0x0000026e00000000-0x0000026e00bd0000-0x0000026e00bd0000), size 12386304, SharedBaseAddress: 0x0000026e00000000, ArchiveRelocationMode: 1.
Compressed class space mapped at: 0x0000026e01000000-0x0000026e41000000, reserved size: 1073741824
Narrow klass base: 0x0000026e00000000, Narrow klass shift: 0, Narrow klass range: 0x100000000

GC Precious Log:
 CPUs: 8 total, 8 available
 Memory: 16227M
 Large Page Support: Disabled
 NUMA Support: Disabled
 Compressed Oops: Enabled (32-bit)
 Heap Region Size: 1M
 Heap Min Capacity: 64M
 Heap Initial Capacity: 64M
 Heap Max Capacity: 64M
 Pre-touch: Disabled
 Parallel Workers: 8
 Concurrent Workers: 2
 Concurrent Refinement Workers: 8
 Periodic GC: Disabled

Heap:
 garbage-first heap   total 65536K, used 22329K [0x00000000fc000000, 0x0000000100000000)
  region size 1024K, 16 young (16384K), 4 survivors (4096K)
 Metaspace       used 9582K, committed 9792K, reserved 1114112K
  class space    used 1254K, committed 1344K, reserved 1048576K

Heap Regions: E=young(eden), S=young(survivor), O=old, HS=humongous(starts), HC=humongous(continues), CS=collection set, F=free, OA=open archive, CA=closed archive, TAMS=top-at-mark-start (previous, next)
|   0|0x00000000fc000000, 0x00000000fc100000, 0x00000000fc100000|100%|HS|  |TAMS 0x00000000fc000000, 0x00000000fc000000| Complete 
|   1|0x00000000fc100000, 0x00000000fc200000, 0x00000000fc200000|100%|HC|  |TAMS 0x00000000fc100000, 0x00000000fc100000| Complete 
|   2|0x00000000fc200000, 0x00000000fc300000, 0x00000000fc300000|100%|HC|  |TAMS 0x00000000fc200000, 0x00000000fc200000| Complete 
|   3|0x00000000fc300000, 0x00000000fc400000, 0x00000000fc400000|100%| O|  |TAMS 0x00000000fc300000, 0x00000000fc300000| Untracked 
|   4|0x00000000fc400000, 0x00000000fc500000, 0x00000000fc500000|100%| O|  |TAMS 0x00000000fc400000, 0x00000000fc400000| Untracked 
|   5|0x00000000fc500000, 0x00000000fc600000, 0x00000000fc600000|100%| O|  |TAMS 0x00000000fc500000, 0x00000000fc500000| Untracked 
|   6|0x00000000fc600000, 0x00000000fc6ce600, 0x00000000fc700000| 80%| O|  |TAMS 0x00000000fc600000, 0x00000000fc600000| Untracked 
|   7|0x00000000fc700000, 0x00000000fc700000, 0x00000000fc800000|  0%| F|  |TAMS 0x00000000fc700000, 0x00000000fc700000| Untracked 
|   8|0x00000000fc800000, 0x00000000fc800000, 0x00000000fc900000|  0%| F|  |TAMS 0x00000000fc800000, 0x00000000fc800000| Untracked 
|   9|0x00000000fc900000, 0x00000000fc900000, 0x00000000fca00000|  0%| F|  |TAMS 0x00000000fc900000, 0x00000000fc900000| Untracked 
|  10|0x00000000fca00000, 0x00000000fca00000, 0x00000000fcb00000|  0%| F|  |TAMS 0x00000000fca00000, 0x00000000fca00000| Untracked 
|  11|0x00000000fcb00000, 0x00000000fcb00000, 0x00000000fcc00000|  0%| F|  |TAMS 0x00000000fcb00000, 0x00000000fcb00000| Untracked 
|  12|0x00000000fcc00000, 0x00000000fcc00000, 0x00000000fcd00000|  0%| F|  |TAMS 0x00000000fcc00000, 0x00000000fcc00000| Untracked 
|  13|0x00000000fcd00000, 0x00000000fcd00000, 0x00000000fce00000|  0%| F|  |TAMS 0x00000000fcd00000, 0x00000000fcd00000| Untracked 
|  14|0x00000000fce00000, 0x00000000fce00000, 0x00000000fcf00000|  0%| F|  |TAMS 0x00000000fce00000, 0x00000000fce00000| Untracked 
|  15|0x00000000fcf00000, 0x00000000fcf00000, 0x00000000fd000000|  0%| F|  |TAMS 0x00000000fcf00000, 0x00000000fcf00000| Untracked 
|  16|0x00000000fd000000, 0x00000000fd000000, 0x00000000fd100000|  0%| F|  |TAMS 0x00000000fd000000, 0x00000000fd000000| Untracked 
|  17|0x00000000fd100000, 0x00000000fd100000, 0x00000000fd200000|  0%| F|  |TAMS 0x00000000fd100000, 0x00000000fd100000| Untracked 
|  18|0x00000000fd200000, 0x00000000fd200000, 0x00000000fd300000|  0%| F|  |TAMS 0x00000000fd200000, 0x00000000fd200000| Untracked 
|  19|0x00000000fd300000, 0x00000000fd300000, 0x00000000fd400000|  0%| F|  |TAMS 0x00000000fd300000, 0x00000000fd300000| Untracked 
|  20|0x00000000fd400000, 0x00000000fd400000, 0x00000000fd500000|  0%| F|  |TAMS 0x00000000fd400000, 0x00000000fd400000| Untracked 
|  21|0x00000000fd500000, 0x00000000fd500000, 0x00000000fd600000|  0%| F|  |TAMS 0x00000000fd500000, 0x00000000fd500000| Untracked 
|  22|0x00000000fd600000, 0x00000000fd600000, 0x00000000fd700000|  0%| F|  |TAMS 0x00000000fd600000, 0x00000000fd600000| Untracked 
|  23|0x00000000fd700000, 0x00000000fd700000, 0x00000000fd800000|  0%| F|  |TAMS 0x00000000fd700000, 0x00000000fd700000| Untracked 
|  24|0x00000000fd800000, 0x00000000fd800000, 0x00000000fd900000|  0%| F|  |TAMS 0x00000000fd800000, 0x00000000fd800000| Untracked 
|  25|0x00000000fd900000, 0x00000000fd900000, 0x00000000fda00000|  0%| F|  |TAMS 0x00000000fd900000, 0x00000000fd900000| Untracked 
|  26|0x00000000fda00000, 0x00000000fda00000, 0x00000000fdb00000|  0%| F|  |TAMS 0x00000000fda00000, 0x00000000fda00000| Untracked 
|  27|0x00000000fdb00000, 0x00000000fdb00000, 0x00000000fdc00000|  0%| F|  |TAMS 0x00000000fdb00000, 0x00000000fdb00000| Untracked 
|  28|0x00000000fdc00000, 0x00000000fdd00000, 0x00000000fdd00000|100%| S|CS|TAMS 0x00000000fdc00000, 0x00000000fdc00000| Complete 
|  29|0x00000000fdd00000, 0x00000000fde00000, 0x00000000fde00000|100%| S|CS|TAMS 0x00000000fdd00000, 0x00000000fdd00000| Complete 
|  30|0x00000000fde00000, 0x00000000fdf00000, 0x00000000fdf00000|100%| S|CS|TAMS 0x00000000fde00000, 0x00000000fde00000| Complete 
|  31|0x00000000fdf00000, 0x00000000fe000000, 0x00000000fe000000|100%| S|CS|TAMS 0x00000000fdf00000, 0x00000000fdf00000| Complete 
|  32|0x00000000fe000000, 0x00000000fe000000, 0x00000000fe100000|  0%| F|  |TAMS 0x00000000fe000000, 0x00000000fe000000| Untracked 
|  33|0x00000000fe100000, 0x00000000fe100000, 0x00000000fe200000|  0%| F|  |TAMS 0x00000000fe100000, 0x00000000fe100000| Untracked 
|  34|0x00000000fe200000, 0x00000000fe200000, 0x00000000fe300000|  0%| F|  |TAMS 0x00000000fe200000, 0x00000000fe200000| Untracked 
|  35|0x00000000fe300000, 0x00000000fe300000, 0x00000000fe400000|  0%| F|  |TAMS 0x00000000fe300000, 0x00000000fe300000| Untracked 
|  36|0x00000000fe400000, 0x00000000fe400000, 0x00000000fe500000|  0%| F|  |TAMS 0x00000000fe400000, 0x00000000fe400000| Untracked 
|  37|0x00000000fe500000, 0x00000000fe500000, 0x00000000fe600000|  0%| F|  |TAMS 0x00000000fe500000, 0x00000000fe500000| Untracked 
|  38|0x00000000fe600000, 0x00000000fe600000, 0x00000000fe700000|  0%| F|  |TAMS 0x00000000fe600000, 0x00000000fe600000| Untracked 
|  39|0x00000000fe700000, 0x00000000fe700000, 0x00000000fe800000|  0%| F|  |TAMS 0x00000000fe700000, 0x00000000fe700000| Untracked 
|  40|0x00000000fe800000, 0x00000000fe800000, 0x00000000fe900000|  0%| F|  |TAMS 0x00000000fe800000, 0x00000000fe800000| Untracked 
|  41|0x00000000fe900000, 0x00000000fe900000, 0x00000000fea00000|  0%| F|  |TAMS 0x00000000fe900000, 0x00000000fe900000| Untracked 
|  42|0x00000000fea00000, 0x00000000fea00000, 0x00000000feb00000|  0%| F|  |TAMS 0x00000000fea00000, 0x00000000fea00000| Untracked 
|  43|0x00000000feb00000, 0x00000000feb00000, 0x00000000fec00000|  0%| F|  |TAMS 0x00000000feb00000, 0x00000000feb00000| Untracked 
|  44|0x00000000fec00000, 0x00000000fec00000, 0x00000000fed00000|  0%| F|  |TAMS 0x00000000fec00000, 0x00000000fec00000| Untracked 
|  45|0x00000000fed00000, 0x00000000fed00000, 0x00000000fee00000|  0%| F|  |TAMS 0x00000000fed00000, 0x00000000fed00000| Untracked 
|  46|0x00000000fee00000, 0x00000000fee00000, 0x00000000fef00000|  0%| F|  |TAMS 0x00000000fee00000, 0x00000000fee00000| Untracked 
|  47|0x00000000fef00000, 0x00000000fef00000, 0x00000000ff000000|  0%| F|  |TAMS 0x00000000fef00000, 0x00000000fef00000| Untracked 
|  48|0x00000000ff000000, 0x00000000ff000000, 0x00000000ff100000|  0%| F|  |TAMS 0x00000000ff000000, 0x00000000ff000000| Untracked 
|  49|0x00000000ff100000, 0x00000000ff100000, 0x00000000ff200000|  0%| F|  |TAMS 0x00000000ff100000, 0x00000000ff100000| Untracked 
|  50|0x00000000ff200000, 0x00000000ff200000, 0x00000000ff300000|  0%| F|  |TAMS 0x00000000ff200000, 0x00000000ff200000| Untracked 
|  51|0x00000000ff300000, 0x00000000ff300000, 0x00000000ff400000|  0%| F|  |TAMS 0x00000000ff300000, 0x00000000ff300000| Untracked 
|  52|0x00000000ff400000, 0x00000000ff4908d0, 0x00000000ff500000| 56%| E|  |TAMS 0x00000000ff400000, 0x00000000ff400000| Complete 
|  53|0x00000000ff500000, 0x00000000ff600000, 0x00000000ff600000|100%| E|CS|TAMS 0x00000000ff500000, 0x00000000ff500000| Complete 
|  54|0x00000000ff600000, 0x00000000ff700000, 0x00000000ff700000|100%| E|CS|TAMS 0x00000000ff600000, 0x00000000ff600000| Complete 
|  55|0x00000000ff700000, 0x00000000ff800000, 0x00000000ff800000|100%| E|CS|TAMS 0x00000000ff700000, 0x00000000ff700000| Complete 
|  56|0x00000000ff800000, 0x00000000ff900000, 0x00000000ff900000|100%| E|CS|TAMS 0x00000000ff800000, 0x00000000ff800000| Complete 
|  57|0x00000000ff900000, 0x00000000ffa00000, 0x00000000ffa00000|100%| E|CS|TAMS 0x00000000ff900000, 0x00000000ff900000| Complete 
|  58|0x00000000ffa00000, 0x00000000ffb00000, 0x00000000ffb00000|100%| E|CS|TAMS 0x00000000ffa00000, 0x00000000ffa00000| Complete 
|  59|0x00000000ffb00000, 0x00000000ffc00000, 0x00000000ffc00000|100%| E|CS|TAMS 0x00000000ffb00000, 0x00000000ffb00000| Complete 
|  60|0x00000000ffc00000, 0x00000000ffd00000, 0x00000000ffd00000|100%| E|CS|TAMS 0x00000000ffc00000, 0x00000000ffc00000| Complete 
|  61|0x00000000ffd00000, 0x00000000ffe00000, 0x00000000ffe00000|100%| E|CS|TAMS 0x00000000ffd00000, 0x00000000ffd00000| Complete 
|  62|0x00000000ffe00000, 0x00000000fff00000, 0x00000000fff00000|100%| E|CS|TAMS 0x00000000ffe00000, 0x00000000ffe00000| Complete 
|  63|0x00000000fff00000, 0x0000000100000000, 0x0000000100000000|100%| E|CS|TAMS 0x00000000fff00000, 0x00000000fff00000| Complete 

Card table byte_map: [0x0000026e44350000,0x0000026e44370000] _byte_map_base: 0x0000026e43b70000

Marking Bits (Prev, Next): (CMBitMap*) 0x0000026e463a7bc0, (CMBitMap*) 0x0000026e463a7c00
 Prev Bits: [0x0000026e5cf80000, 0x0000026e5d080000)
 Next Bits: [0x0000026e5d080000, 0x0000026e5d180000)

Polling page: 0x0000026e44300000

Metaspace:

Usage:
  Non-class:      8.13 MB used.
      Class:      1.23 MB used.
       Both:      9.36 MB used.

Virtual space:
  Non-class space:       64.00 MB reserved,       8.25 MB ( 13%) committed,  1 nodes.
      Class space:        1.00 GB reserved,       1.31 MB ( <1%) committed,  1 nodes.
             Both:        1.06 GB reserved,       9.56 MB ( <1%) committed. 

Chunk freelists:
   Non-Class:  7.67 MB
       Class:  14.51 MB
        Both:  22.19 MB

MaxMetaspaceSize: unlimited
CompressedClassSpaceSize: 1.00 GB
Initial GC threshold: 21.00 MB
Current GC threshold: 21.00 MB
CDS: on
MetaspaceReclaimPolicy: balanced
 - commit_granule_bytes: 65536.
 - commit_granule_words: 8192.
 - virtual_space_node_default_size: 8388608.
 - enlarge_chunks_in_place: 1.
 - new_chunks_are_fully_committed: 0.
 - uncommit_free_chunks: 1.
 - use_allocation_guard: 0.
 - handle_deallocations: 1.


Internal statistics:

num_allocs_failed_limit: 0.
num_arena_births: 80.
num_arena_deaths: 0.
num_vsnodes_births: 2.
num_vsnodes_deaths: 0.
num_space_committed: 153.
num_space_uncommitted: 0.
num_chunks_returned_to_freelist: 0.
num_chunks_taken_from_freelist: 337.
num_chunk_merges: 0.
num_chunk_splits: 230.
num_chunks_enlarged: 186.
num_inconsistent_stats: 0.

CodeHeap 'non-profiled nmethods': size=120000Kb used=976Kb max_used=976Kb free=119023Kb
 bounds [0x0000026e55720000, 0x0000026e55990000, 0x0000026e5cc50000]
CodeHeap 'profiled nmethods': size=120000Kb used=3782Kb max_used=3782Kb free=116217Kb
 bounds [0x0000026e4dc50000, 0x0000026e4e010000, 0x0000026e55180000]
CodeHeap 'non-nmethods': size=5760Kb used=1173Kb max_used=1238Kb free=4586Kb
 bounds [0x0000026e55180000, 0x0000026e553f0000, 0x0000026e55720000]
 total_blobs=2471 nmethods=2002 adapters=381
 compilation: enabled
              stopped_count=0, restarted_count=0
 full_count=0

Compilation events (20 events):
Event: 653.530 Thread 0x0000026e5fb5c910 nmethod 1994 0x0000026e4dffa690 code [0x0000026e4dffa840, 0x0000026e4dffaa28]
Event: 653.603 Thread 0x0000026e5fb5c910 1995       3       org.gradle.internal.logging.console.BuildStatusRenderer::onOutput (350 bytes)
Event: 653.606 Thread 0x0000026e5fb5c910 nmethod 1995 0x0000026e4dffab10 code [0x0000026e4dffae60, 0x0000026e4dffc838]
Event: 653.628 Thread 0x0000026e5fb5c000 1996       4       com.google.common.collect.RegularImmutableList::size (6 bytes)
Event: 653.629 Thread 0x0000026e5fb5c000 nmethod 1996 0x0000026e55811f90 code [0x0000026e55812100, 0x0000026e55812198]
Event: 653.678 Thread 0x0000026e5fb5c910 1997       3       org.gradle.internal.logging.console.ProgressOperations::start (120 bytes)
Event: 653.683 Thread 0x0000026e5fb5c910 nmethod 1997 0x0000026e4dffcd10 code [0x0000026e4dffd0a0, 0x0000026e4dffe978]
Event: 654.470 Thread 0x0000026e5fb5c910 1998       3       org.gradle.internal.logging.console.ProgressOperations::complete (80 bytes)
Event: 654.471 Thread 0x0000026e5fb5c910 nmethod 1998 0x0000026e4dfff190 code [0x0000026e4dfff480, 0x0000026e4e000308]
Event: 654.471 Thread 0x0000026e5fb5c910 1999       3       org.gradle.internal.logging.console.WorkInProgressRenderer::detach (72 bytes)
Event: 654.473 Thread 0x0000026e5fb5c910 nmethod 1999 0x0000026e4e000810 code [0x0000026e4e000a80, 0x0000026e4e001528]
Event: 654.477 Thread 0x0000026e5fb5c000 2000       4       java.util.HashMap$ValueIterator::next (8 bytes)
Event: 654.491 Thread 0x0000026e5fb5c000 nmethod 2000 0x0000026e55812290 code [0x0000026e55812420, 0x0000026e55812858]
Event: 654.560 Thread 0x0000026e5fb5c000 2001       4       java.lang.Long::getChars (208 bytes)
Event: 654.562 Thread 0x0000026e5fb5c000 nmethod 2001 0x0000026e55812a10 code [0x0000026e55812ba0, 0x0000026e55812d38]
Event: 654.569 Thread 0x0000026e5fb5c000 2002       4       java.lang.AbstractStringBuilder::append (60 bytes)
Event: 654.589 Thread 0x0000026e5fb5c000 nmethod 2002 0x0000026e55812f10 code [0x0000026e558130a0, 0x0000026e558139d8]
Event: 654.589 Thread 0x0000026e5fb5c000 2003       4       java.lang.Long::stringSize (55 bytes)
Event: 654.594 Thread 0x0000026e5fb5c000 nmethod 2003 0x0000026e55813e10 code [0x0000026e55813f80, 0x0000026e55814198]
Event: 655.187 Thread 0x0000026e5fb5c000 2004       4       org.gradle.internal.logging.console.WorkInProgressRenderer::renderNow (351 bytes)

GC Heap History (4 events):
Event: 1.713 GC heap before
{Heap before GC invocations=0 (full 0):
 garbage-first heap   total 65536K, used 22528K [0x00000000fc000000, 0x0000000100000000)
  region size 1024K, 23 young (23552K), 0 survivors (0K)
 Metaspace       used 1796K, committed 1920K, reserved 1114112K
  class space    used 160K, committed 192K, reserved 1048576K
}
Event: 1.738 GC heap after
{Heap after GC invocations=1 (full 0):
 garbage-first heap   total 65536K, used 2048K [0x00000000fc000000, 0x0000000100000000)
  region size 1024K, 2 young (2048K), 2 survivors (2048K)
 Metaspace       used 1796K, committed 1920K, reserved 1114112K
  class space    used 160K, committed 192K, reserved 1048576K
}
Event: 5.588 GC heap before
{Heap before GC invocations=1 (full 0):
 garbage-first heap   total 65536K, used 34816K [0x00000000fc000000, 0x0000000100000000)
  region size 1024K, 32 young (32768K), 2 survivors (2048K)
 Metaspace       used 7880K, committed 8064K, reserved 1114112K
  class space    used 1083K, committed 1216K, reserved 1048576K
}
Event: 5.599 GC heap after
{Heap after GC invocations=2 (full 0):
 garbage-first heap   total 65536K, used 11065K [0x00000000fc000000, 0x0000000100000000)
  region size 1024K, 4 young (4096K), 4 survivors (4096K)
 Metaspace       used 7880K, committed 8064K, reserved 1114112K
  class space    used 1083K, committed 1216K, reserved 1048576K
}

Deoptimization events (20 events):
Event: 71.969 Thread 0x0000026e65299fb0 DEOPT PACKING pc=0x0000026e557d1630 sp=0x000000b6187fe5c0
Event: 71.969 Thread 0x0000026e65299fb0 DEOPT UNPACKING pc=0x0000026e551d23a3 sp=0x000000b6187fe448 mode 2
Event: 71.970 Thread 0x0000026e65299fb0 Uncommon trap: trap_request=0xffffff45 fr.pc=0x0000026e557d25a8 relative=0x00000000000005c8
Event: 71.970 Thread 0x0000026e65299fb0 Uncommon trap: reason=unstable_if action=reinterpret pc=0x0000026e557d25a8 method=org.gradle.internal.logging.text.AbstractLineChoppingStyledTextOutput$2.execute(Lorg/gradle/internal/logging/text/AbstractLineChoppingStyledTextOutput$StateContext;)V @ 34 c
Event: 71.970 Thread 0x0000026e65299fb0 DEOPT PACKING pc=0x0000026e557d25a8 sp=0x000000b6187fe1c0
Event: 71.970 Thread 0x0000026e65299fb0 DEOPT UNPACKING pc=0x0000026e551d23a3 sp=0x000000b6187fe0c0 mode 2
Event: 90.434 Thread 0x0000026e46385a30 DEOPT PACKING pc=0x0000026e4df342fe sp=0x000000b6173fcff0
Event: 90.434 Thread 0x0000026e46385a30 DEOPT UNPACKING pc=0x0000026e551d2b43 sp=0x000000b6173fc460 mode 0
Event: 125.047 Thread 0x0000026e46385a30 DEOPT PACKING pc=0x0000026e4df342fe sp=0x000000b6173fcff0
Event: 125.047 Thread 0x0000026e46385a30 DEOPT UNPACKING pc=0x0000026e551d2b43 sp=0x000000b6173fc460 mode 0
Event: 163.998 Thread 0x0000026e46385a30 DEOPT PACKING pc=0x0000026e4ded734d sp=0x000000b6173fd110
Event: 163.998 Thread 0x0000026e46385a30 DEOPT UNPACKING pc=0x0000026e551d2b43 sp=0x000000b6173fc5a8 mode 0
Event: 210.242 Thread 0x0000026e65299fb0 DEOPT PACKING pc=0x0000026e4df16383 sp=0x000000b6187fdd00
Event: 210.242 Thread 0x0000026e65299fb0 DEOPT UNPACKING pc=0x0000026e551d2b43 sp=0x000000b6187fd170 mode 0
Event: 645.559 Thread 0x0000026e65299fb0 DEOPT PACKING pc=0x0000026e4df267f4 sp=0x000000b6187fe790
Event: 645.559 Thread 0x0000026e65299fb0 DEOPT UNPACKING pc=0x0000026e551d2b43 sp=0x000000b6187fdc60 mode 0
Event: 649.289 Thread 0x0000026e65299fb0 Uncommon trap: trap_request=0xffffff45 fr.pc=0x0000026e557fc354 relative=0x0000000000003594
Event: 649.290 Thread 0x0000026e65299fb0 Uncommon trap: reason=unstable_if action=reinterpret pc=0x0000026e557fc354 method=org.gradle.internal.logging.sink.GroupingProgressLogEventGenerator$OperationGroup.canClaimForeground()Z @ 4 c2
Event: 649.290 Thread 0x0000026e65299fb0 DEOPT PACKING pc=0x0000026e557fc354 sp=0x000000b6187feb20
Event: 649.290 Thread 0x0000026e65299fb0 DEOPT UNPACKING pc=0x0000026e551d23a3 sp=0x000000b6187fe8b0 mode 2

Classes unloaded (0 events):
No events

Classes redefined (0 events):
No events

Internal exceptions (20 events):
Event: 0.570 Thread 0x0000026e46385a30 Exception <a 'java/lang/NoSuchMethodError'{0x00000000ffdfe428}: 'int java.lang.invoke.DirectMethodHandle$Holder.invokeStaticInit(java.lang.Object, java.lang.Object)'> (0x00000000ffdfe428) 
thrown [s\open\src\hotspot\share\interpreter\linkResolver.cpp, line 759]
Event: 3.116 Thread 0x0000026e46385a30 Exception <a 'java/lang/NoSuchMethodError'{0x00000000ff2c0320}: 'java.lang.Object java.lang.invoke.DirectMethodHandle$Holder.invokeStaticInit(java.lang.Object)'> (0x00000000ff2c0320) 
thrown [s\open\src\hotspot\share\interpreter\linkResolver.cpp, line 759]
Event: 3.166 Thread 0x0000026e46385a30 Exception <a 'java/lang/NoSuchMethodError'{0x00000000ff2dafe8}: 'int java.lang.invoke.DirectMethodHandle$Holder.invokeSpecial(java.lang.Object, java.lang.Object, java.lang.Object)'> (0x00000000ff2dafe8) 
thrown [s\open\src\hotspot\share\interpreter\linkResolver.cpp, line 759]
Event: 3.188 Thread 0x0000026e46385a30 Exception <a 'java/lang/NoSuchMethodError'{0x00000000ff117f98}: 'void java.lang.invoke.DirectMethodHandle$Holder.invokeStatic(java.lang.Object, java.lang.Object)'> (0x00000000ff117f98) 
thrown [s\open\src\hotspot\share\interpreter\linkResolver.cpp, line 759]
Event: 3.191 Thread 0x0000026e46385a30 Implicit null exception at 0x0000026e5577880f to 0x0000026e55778d6c
Event: 3.191 Thread 0x0000026e46385a30 Implicit null exception at 0x0000026e55764e8f to 0x0000026e557653ec
Event: 3.241 Thread 0x0000026e46385a30 Exception <a 'java/lang/NoClassDefFoundError'{0x00000000ff193f00}: org/slf4j/impl/StaticMarkerBinder> (0x00000000ff193f00) 
thrown [s\open\src\hotspot\share\classfile\systemDictionary.cpp, line 245]
Event: 3.365 Thread 0x0000026e46385a30 Exception <a 'java/lang/NoSuchMethodError'{0x00000000ff0b5598}: 'java.lang.Object java.lang.invoke.Invokers$Holder.invoker(java.lang.Object, java.lang.Object, java.lang.Object)'> (0x00000000ff0b5598) 
thrown [s\open\src\hotspot\share\interpreter\linkResolver.cpp, line 759]
Event: 3.368 Thread 0x0000026e46385a30 Exception <a 'java/lang/NoSuchMethodError'{0x00000000ff0be6f0}: 'java.lang.Object java.lang.invoke.DirectMethodHandle$Holder.invokeStatic(java.lang.Object, java.lang.Object, int)'> (0x00000000ff0be6f0) 
thrown [s\open\src\hotspot\share\interpreter\linkResolver.cpp, line 759]
Event: 3.373 Thread 0x0000026e46385a30 Exception <a 'java/lang/NoSuchMethodError'{0x00000000ff0ca3e0}: 'void java.lang.invoke.DelegatingMethodHandle$Holder.delegate(java.lang.Object, java.lang.Object, int, java.lang.Object)'> (0x00000000ff0ca3e0) 
thrown [s\open\src\hotspot\share\interpreter\linkResolver.cpp, line 759]
Event: 3.383 Thread 0x0000026e46385a30 Exception <a 'java/lang/NoSuchMethodError'{0x00000000ff0dda28}: 'java.lang.Object java.lang.invoke.Invokers$Holder.invokeExact_MT(java.lang.Object, java.lang.Object, java.lang.Object, java.lang.Object)'> (0x00000000ff0dda28) 
thrown [s\open\src\hotspot\share\interpreter\linkResolver.cpp, line 759]
Event: 3.393 Thread 0x0000026e46385a30 Exception <a 'java/lang/NoSuchMethodError'{0x00000000fef016f0}: 'java.lang.Object java.lang.invoke.DirectMethodHandle$Holder.invokeVirtual(java.lang.Object, java.lang.Object, java.lang.Object)'> (0x00000000fef016f0) 
thrown [s\open\src\hotspot\share\interpreter\linkResolver.cpp, line 759]
Event: 3.829 Thread 0x0000026e46385a30 Exception <a 'java/lang/NoSuchMethodError'{0x00000000feba3918}: 'java.lang.Object java.lang.invoke.DirectMethodHandle$Holder.newInvokeSpecial(java.lang.Object, java.lang.Object, java.lang.Object, java.lang.Object, java.lang.Object)'> (0x00000000feba3918) 
thrown [s\open\src\hotspot\share\interpreter\linkResolver.cpp, line 759]
Event: 3.938 Thread 0x0000026e46385a30 Exception <a 'java/lang/NoSuchMethodError'{0x00000000fead0930}: 'void java.lang.invoke.DirectMethodHandle$Holder.invokeSpecial(java.lang.Object, java.lang.Object, java.lang.Object)'> (0x00000000fead0930) 
thrown [s\open\src\hotspot\share\interpreter\linkResolver.cpp, line 759]
Event: 4.984 Thread 0x0000026e46385a30 Exception <a 'java/lang/NoSuchMethodError'{0x00000000fe6efb70}: 'void java.lang.invoke.DirectMethodHandle$Holder.invokeStatic(java.lang.Object, java.lang.Object, java.lang.Object)'> (0x00000000fe6efb70) 
thrown [s\open\src\hotspot\share\interpreter\linkResolver.cpp, line 759]
Event: 5.220 Thread 0x0000026e46385a30 Exception <a 'java/lang/NoSuchMethodError'{0x00000000fe387938}: 'java.lang.Object java.lang.invoke.DirectMethodHandle$Holder.newInvokeSpecial(java.lang.Object, java.lang.Object, java.lang.Object, java.lang.Object, java.lang.Object, java.lang.Object, java.lang.Object, java.lang.Object, java.lang.Object, java.lang.Object, java.lang.Object, java.lang.Object, java.lang.Object, java.lang.Object, java.lang.Object, java.lang.Object, java.lang.Object, java.lang.Object, java.lang.Object, java.lang.Object, java.lang
Event: 5.223 Thread 0x0000026e46385a30 Exception <a 'java/lang/NoSuchMethodError'{0x00000000fe393f40}: 'java.lang.Object java.lang.invoke.Invokers$Holder.linkToTargetMethod(java.lang.Object, java.lang.Object, java.lang.Object, java.lang.Object, java.lang.Object, java.lang.Object, java.lang.Object, java.lang.Object, java.lang.Object, java.lang.Object, java.lang.Object, java.lang.Object, java.lang.Object, java.lang.Object, java.lang.Object, java.lang.Object, java.lang.Object, java.lang.Object, java.lang.Object, java.lang.Object, java.lang.Object,
Event: 5.392 Thread 0x0000026e46385a30 Exception <a 'java/lang/NoSuchMethodError'{0x00000000fe1f20b8}: 'java.lang.Object java.lang.invoke.DirectMethodHandle$Holder.invokeStaticInit(java.lang.Object, int, int, int, int)'> (0x00000000fe1f20b8) 
thrown [s\open\src\hotspot\share\interpreter\linkResolver.cpp, line 759]
Event: 5.522 Thread 0x0000026e46385a30 Exception <a 'java/lang/NoSuchMethodError'{0x00000000fe016e38}: 'java.lang.Object java.lang.invoke.DirectMethodHandle$Holder.invokeStaticInit(java.lang.Object, java.lang.Object, int, int, int, int)'> (0x00000000fe016e38) 
thrown [s\open\src\hotspot\share\interpreter\linkResolver.cpp, line 759]
Event: 5.581 Thread 0x0000026e46385a30 Implicit null exception at 0x0000026e557664f2 to 0x0000026e55766b0c

VM Operations (20 events):
Event: 308.383 Executing VM operation: Cleanup
Event: 308.384 Executing VM operation: Cleanup done
Event: 327.517 Executing VM operation: Cleanup
Event: 327.517 Executing VM operation: Cleanup done
Event: 481.666 Executing VM operation: Cleanup
Event: 481.666 Executing VM operation: Cleanup done
Event: 549.115 Executing VM operation: Cleanup
Event: 549.115 Executing VM operation: Cleanup done
Event: 604.432 Executing VM operation: Cleanup
Event: 604.432 Executing VM operation: Cleanup done
Event: 647.719 Executing VM operation: Cleanup
Event: 647.719 Executing VM operation: Cleanup done
Event: 650.731 Executing VM operation: Cleanup
Event: 650.731 Executing VM operation: Cleanup done
Event: 651.745 Executing VM operation: Cleanup
Event: 651.746 Executing VM operation: Cleanup done
Event: 653.752 Executing VM operation: Cleanup
Event: 653.752 Executing VM operation: Cleanup done
Event: 654.753 Executing VM operation: Cleanup
Event: 654.756 Executing VM operation: Cleanup done

Events (20 events):
Event: 15.554 loading class jdk/internal/logger/LoggerFinderLoader$TemporaryLoggerFinder
Event: 15.557 loading class jdk/internal/logger/LoggerFinderLoader$TemporaryLoggerFinder done
Event: 15.559 loading class sun/util/logging/internal/LoggingProviderImpl$JULWrapper
Event: 15.559 loading class sun/util/logging/PlatformLogger$ConfigurableBridge$LoggerConfiguration
Event: 15.559 loading class sun/util/logging/PlatformLogger$ConfigurableBridge$LoggerConfiguration done
Event: 15.559 loading class sun/util/logging/internal/LoggingProviderImpl$JULWrapper done
Event: 15.561 loading class java/io/ObjectInputFilter
Event: 15.561 loading class java/io/ObjectInputFilter done
Event: 15.564 loading class java/io/ObjectInputFilter$Config$BuiltinFilterFactory
Event: 15.565 loading class java/io/ObjectInputFilter$Config$BuiltinFilterFactory done
Event: 15.565 loading class jdk/internal/access/JavaObjectInputFilterAccess
Event: 15.565 loading class jdk/internal/access/JavaObjectInputFilterAccess done
Event: 15.567 loading class java/lang/System$Logger$Level
Event: 15.567 loading class java/lang/System$Logger$Level done
Event: 15.567 loading class java/io/Bits
Event: 15.570 loading class java/io/Bits done
Event: 17.007 loading class sun/nio/cs/Surrogate$Parser
Event: 17.007 loading class sun/nio/cs/Surrogate$Parser done
Event: 17.007 loading class sun/nio/cs/Surrogate
Event: 17.007 loading class sun/nio/cs/Surrogate done


Dynamic libraries:
0x00007ff62d640000 - 0x00007ff62d650000 	C:\Program Files\Java\jdk-17\bin\java.exe
0x00007ffcd5f10000 - 0x00007ffcd6108000 	C:\WINDOWS\SYSTEM32\ntdll.dll
0x00007ffcd5350000 - 0x00007ffcd5412000 	C:\WINDOWS\System32\KERNEL32.DLL
0x00007ffcd3840000 - 0x00007ffcd3b36000 	C:\WINDOWS\System32\KERNELBASE.dll
0x00007ffcd3670000 - 0x00007ffcd3770000 	C:\WINDOWS\System32\ucrtbase.dll
0x00007ffcce9e0000 - 0x00007ffcce9f9000 	C:\Program Files\Java\jdk-17\bin\jli.dll
0x00007ffcd4e40000 - 0x00007ffcd4ef1000 	C:\WINDOWS\System32\ADVAPI32.dll
0x00007ffcd4f60000 - 0x00007ffcd4ffe000 	C:\WINDOWS\System32\msvcrt.dll
0x00007ffcd5c50000 - 0x00007ffcd5cef000 	C:\WINDOWS\System32\sechost.dll
0x00007ffcd5230000 - 0x00007ffcd5350000 	C:\WINDOWS\System32\RPCRT4.dll
0x00007ffcd3f00000 - 0x00007ffcd3f27000 	C:\WINDOWS\System32\bcrypt.dll
0x00007ffcd4b80000 - 0x00007ffcd4d21000 	C:\WINDOWS\System32\USER32.dll
0x00007ffcd3770000 - 0x00007ffcd3792000 	C:\WINDOWS\System32\win32u.dll
0x00007ffcd4e10000 - 0x00007ffcd4e3b000 	C:\WINDOWS\System32\GDI32.dll
0x00007ffcd3d50000 - 0x00007ffcd3e69000 	C:\WINDOWS\System32\gdi32full.dll
0x00007ffcd37a0000 - 0x00007ffcd383d000 	C:\WINDOWS\System32\msvcp_win.dll
0x00007ffcce9c0000 - 0x00007ffcce9db000 	C:\Program Files\Java\jdk-17\bin\VCRUNTIME140.dll
0x00007ffcd2940000 - 0x00007ffcd2bdb000 	C:\WINDOWS\WinSxS\amd64_microsoft.windows.common-controls_6595b64144ccf1df_6.0.19041.6456_none_60b8a6cb71f64256\COMCTL32.dll
0x00007ffccfa80000 - 0x00007ffccfa8a000 	C:\WINDOWS\SYSTEM32\VERSION.dll
0x00007ffcd50d0000 - 0x00007ffcd50ff000 	C:\WINDOWS\System32\IMM32.DLL
0x00007ffccf320000 - 0x00007ffccf32c000 	C:\Program Files\Java\jdk-17\bin\vcruntime140_1.dll
0x00007ffc99100000 - 0x00007ffc9918e000 	C:\Program Files\Java\jdk-17\bin\msvcp140.dll
0x00007ffc412b0000 - 0x00007ffc41e90000 	C:\Program Files\Java\jdk-17\bin\server\jvm.dll
0x00007ffcd4d30000 - 0x00007ffcd4d38000 	C:\WINDOWS\System32\PSAPI.DLL
0x00007ffcb1f50000 - 0x00007ffcb1f59000 	C:\WINDOWS\SYSTEM32\WSOCK32.dll
0x00007ffcd4d40000 - 0x00007ffcd4dab000 	C:\WINDOWS\System32\WS2_32.dll
0x00007ffcba6d0000 - 0x00007ffcba6f7000 	C:\WINDOWS\SYSTEM32\WINMM.dll
0x00007ffcd1710000 - 0x00007ffcd1722000 	C:\WINDOWS\SYSTEM32\kernel.appcore.dll
0x00007ffcc93d0000 - 0x00007ffcc93da000 	C:\Program Files\Java\jdk-17\bin\jimage.dll
0x00007ffcd2dd0000 - 0x00007ffcd2fd1000 	C:\WINDOWS\SYSTEM32\DBGHELP.DLL
0x00007ffcd2d10000 - 0x00007ffcd2d44000 	C:\WINDOWS\SYSTEM32\dbgcore.DLL
0x00007ffcd3e70000 - 0x00007ffcd3ef2000 	C:\WINDOWS\System32\bcryptPrimitives.dll
0x00007ffcbd520000 - 0x00007ffcbd545000 	C:\Program Files\Java\jdk-17\bin\java.dll
0x00007ffc98660000 - 0x00007ffc98737000 	C:\Program Files\Java\jdk-17\bin\jsvml.dll
0x00007ffcd5420000 - 0x00007ffcd5b90000 	C:\WINDOWS\System32\SHELL32.dll
0x00007ffcd07c0000 - 0x00007ffcd0f65000 	C:\WINDOWS\SYSTEM32\windows.storage.dll
0x00007ffcd4770000 - 0x00007ffcd4ac4000 	C:\WINDOWS\System32\combase.dll
0x00007ffcd28a0000 - 0x00007ffcd28cb000 	C:\WINDOWS\SYSTEM32\Wldp.dll
0x00007ffcd5000000 - 0x00007ffcd50cd000 	C:\WINDOWS\System32\OLEAUT32.dll
0x00007ffcd5ba0000 - 0x00007ffcd5c4d000 	C:\WINDOWS\System32\SHCORE.dll
0x00007ffcd3f90000 - 0x00007ffcd3feb000 	C:\WINDOWS\System32\shlwapi.dll
0x00007ffcd34d0000 - 0x00007ffcd34f4000 	C:\WINDOWS\SYSTEM32\profapi.dll
0x00007ffcc93b0000 - 0x00007ffcc93c9000 	C:\Program Files\Java\jdk-17\bin\net.dll
0x00007ffcc6010000 - 0x00007ffcc611a000 	C:\WINDOWS\SYSTEM32\WINHTTP.dll
0x00007ffcd2770000 - 0x00007ffcd27da000 	C:\WINDOWS\system32\mswsock.dll
0x00007ffcc76c0000 - 0x00007ffcc76d6000 	C:\Program Files\Java\jdk-17\bin\nio.dll
0x00007ffcab880000 - 0x00007ffcab898000 	C:\Program Files\Java\jdk-17\bin\zip.dll
0x00007ffcae930000 - 0x00007ffcae940000 	C:\Program Files\Java\jdk-17\bin\verify.dll
0x00007ffcac880000 - 0x00007ffcac88a000 	C:\Program Files\Java\jdk-17\bin\management.dll
0x00007ffcab530000 - 0x00007ffcab53b000 	C:\Program Files\Java\jdk-17\bin\management_ext.dll
0x00007ffca11a0000 - 0x00007ffca11c7000 	E:\GradleCache\native\1def1411415f61bf3af743bc5b6707747c0891f09f0c88961ee8f79bc544acac\windows-amd64\native-platform.dll
0x00007ffccf380000 - 0x00007ffccf38a000 	E:\GradleCache\native\jansi\1.18\windows64\jansi.dll
0x00007ffcd2270000 - 0x00007ffcd22ab000 	C:\WINDOWS\SYSTEM32\IPHLPAPI.DLL
0x00007ffcd5b90000 - 0x00007ffcd5b98000 	C:\WINDOWS\System32\NSI.dll
0x00007ffcc7a70000 - 0x00007ffcc7a87000 	C:\WINDOWS\SYSTEM32\dhcpcsvc6.DLL
0x00007ffcc7920000 - 0x00007ffcc793d000 	C:\WINDOWS\SYSTEM32\dhcpcsvc.DLL
0x00007ffcd22b0000 - 0x00007ffcd237a000 	C:\WINDOWS\SYSTEM32\DNSAPI.dll
0x00007ffcd3310000 - 0x00007ffcd3328000 	C:\WINDOWS\SYSTEM32\CRYPTSP.dll
0x00007ffcd1f10000 - 0x00007ffcd1f48000 	C:\WINDOWS\system32\rsaenh.dll
0x00007ffcd3450000 - 0x00007ffcd347e000 	C:\WINDOWS\SYSTEM32\USERENV.dll
0x00007ffcd2860000 - 0x00007ffcd286c000 	C:\WINDOWS\SYSTEM32\CRYPTBASE.dll
0x00007ffcab870000 - 0x00007ffcab87e000 	C:\Program Files\Java\jdk-17\bin\sunmscapi.dll
0x00007ffcd3b40000 - 0x00007ffcd3c9d000 	C:\WINDOWS\System32\CRYPT32.dll
0x00007ffcd2910000 - 0x00007ffcd2937000 	C:\WINDOWS\SYSTEM32\ncrypt.dll
0x00007ffcd28d0000 - 0x00007ffcd290b000 	C:\WINDOWS\SYSTEM32\NTASN1.dll
0x00007ffc872c0000 - 0x00007ffc872c7000 	C:\WINDOWS\system32\wshunix.dll

dbghelp: loaded successfully - version: 4.0.5 - missing functions: none
symbol engine: initialized successfully - sym options: 0x614 - pdb path: .;C:\Program Files\Java\jdk-17\bin;C:\WINDOWS\SYSTEM32;C:\WINDOWS\WinSxS\amd64_microsoft.windows.common-controls_6595b64144ccf1df_6.0.19041.6456_none_60b8a6cb71f64256;C:\Program Files\Java\jdk-17\bin\server;E:\GradleCache\native\1def1411415f61bf3af743bc5b6707747c0891f09f0c88961ee8f79bc544acac\windows-amd64;E:\GradleCache\native\jansi\1.18\windows64

VM Arguments:
jvm_args: -Xmx64m -Xms64m -Dorg.gradle.appname=gradlew 
java_command: E:\Connect\app\android\\gradle\wrapper\gradle-wrapper.jar assembleDebug
java_class_path (initial): E:\Connect\app\android\\gradle\wrapper\gradle-wrapper.jar
Launcher Type: SUN_STANDARD

[Global flags]
     intx CICompilerCount                          = 4                                         {product} {ergonomic}
     uint ConcGCThreads                            = 2                                         {product} {ergonomic}
     uint G1ConcRefinementThreads                  = 8                                         {product} {ergonomic}
   size_t G1HeapRegionSize                         = 1048576                                   {product} {ergonomic}
    uintx GCDrainStackTargetSize                   = 64                                        {product} {ergonomic}
   size_t InitialHeapSize                          = 67108864                                  {product} {command line}
   size_t MarkStackSize                            = 4194304                                   {product} {ergonomic}
   size_t MaxHeapSize                              = 67108864                                  {product} {command line}
   size_t MaxNewSize                               = 39845888                                  {product} {ergonomic}
   size_t MinHeapDeltaBytes                        = 1048576                                   {product} {ergonomic}
   size_t MinHeapSize                              = 67108864                                  {product} {command line}
    uintx NonNMethodCodeHeapSize                   = 5839372                                {pd product} {ergonomic}
    uintx NonProfiledCodeHeapSize                  = 122909434                              {pd product} {ergonomic}
    uintx ProfiledCodeHeapSize                     = 122909434                              {pd product} {ergonomic}
    uintx ReservedCodeCacheSize                    = 251658240                              {pd product} {ergonomic}
     bool SegmentedCodeCache                       = true                                      {product} {ergonomic}
   size_t SoftMaxHeapSize                          = 67108864                               {manageable} {ergonomic}
     bool UseCompressedClassPointers               = true                           {product lp64_product} {ergonomic}
     bool UseCompressedOops                        = true                           {product lp64_product} {ergonomic}
     bool UseG1GC                                  = true                                      {product} {ergonomic}
     bool UseLargePagesIndividualAllocation        = false                                  {pd product} {ergonomic}

Logging:
Log output configuration:
 #0: stdout all=warning uptime,level,tags
 #1: stderr all=off uptime,level,tags

Environment Variables:
JAVA_HOME=C:\Program Files\Java\jdk-17
PATH=C:\Program Files\Common Files\Oracle\Java\javapath;C:\Python313\Scripts\;C:\Python313\;C:\WINDOWS\system32;C:\WINDOWS;C:\WINDOWS\System32\Wbem;C:\WINDOWS\System32\WindowsPowerShell\v1.0\;C:\WINDOWS\System32\OpenSSH\;C:\Program Files\nodejs\;C:\ProgramData\chocolatey\bin;C:\Program Files\Git\cmd;C:\Users\Ikramul islam\AppData\Local\Android\Sdk\platform-tools;C:\Users\Ikramul islam\AppData\Local\Android\Sdk\emulator;C:\Users\Ikramul islam\AppData\Local\Android\Sdk\tools;C:\Users\Ikramul islam\AppData\Local\Android\Sdk\tools\bin;C:\Program Files\Java\jdk-17\bin;C:\poppler\bin;C:\Program Files\GraphicsMagick-1.3.42-Q8;C:\Program Files\PuTTY\;c:\Users\Ikramul islam\AppData\Local\Programs\cursor\resources\app\bin;C:\Program Files\cursor\resources\app\bin;E:\flutter;C:\cloudflared;C:\Users\Ikramul islam\AppData\Local\Programs\Python\Python314\Scripts\;C:\Users\Ikramul islam\AppData\Local\Programs\Python\Python314\;C:\Users\Ikramul islam\AppData\Local\Programs\Python\Python310\Scripts\;C:\Users\Ikramul islam\AppData\Local\Programs\Python\Python310\;C:\Users\Ikramul islam\AppData\Local\Microsoft\WindowsApps;C:\Users\Ikramul islam\AppData\Roaming\npm;C:\Users\Ikramul islam\AppData\Local\Programs\Microsoft VS Code\bin;C:\Program Files\Java\jdk-17\bin;C:\Users\Ikramul islam\AppData\Local\Android\Sdk\platform-tools;C:\Users\Ikramul islam\AppData\Local\Android\Sdk\emulator;C:\Users\Ikramul islam\AppData\Local\Android\Sdk\tools;C:\Users\Ikramul islam\AppData\Local\Android\Sdk\tools\bin;C:\Program Files\GraphicsMagick-1.3.42-Q8;C:\Users\Ikramul islam\AppData\Local\Programs\cursor-editor\resources\app\bin;C:\Users\Ikramul islam\AppData\Local\Microsoft\WinGet\Packages\Gyan.FFmpeg_Microsoft.Winget.Source_8wekyb3d8bbwe\ffmpeg-8.0-full_build\bin;E:\flutter\bin;C:\Program Files (x86)\Nmap;C:\cloudflared\cloudflared.exe;
USERNAME=Ikramulislam
OS=Windows_NT
PROCESSOR_IDENTIFIER=Intel64 Family 6 Model 142 Stepping 10, GenuineIntel



---------------  S Y S T E M  ---------------

OS:
 Windows 10 , 64 bit Build 19041 (10.0.19041.5915)
OS uptime: 1 days 1:25 hours

CPU: total 8 (initial active 8) (4 cores per cpu, 2 threads per core) family 6 model 142 stepping 10 microcode 0xf6, cx8, cmov, fxsr, ht, mmx, 3dnowpref, sse, sse2, sse3, ssse3, sse4.1, sse4.2, popcnt, lzcnt, tsc, tscinvbit, avx, avx2, aes, erms, clmul, bmi1, bmi2, rtm, adx, fma, vzeroupper, clflush, clflushopt

Memory: 4k page, system-wide physical 16227M (331M free)
TotalPageFile size 36171M (AvailPageFile size 3M)
current process WorkingSet (physical memory assigned to process): 49M, peak: 125M
current process commit charge ("private bytes"): 170M, peak: 190M

vm_info: Java HotSpot(TM) 64-Bit Server VM (17.0.12+8-LTS-286) for windows-amd64 JRE (17.0.12+8-LTS-286), built on Jun  5 2024 06:46:59 by "mach5one" with MS VC++ 17.6 (VS2022)

END.
